mode: set
github.com/luxfi/dex/pkg/mlx/mlx.go:63.47,69.22 3 1
github.com/luxfi/dex/pkg/mlx/mlx.go:70.16,71.32 1 1
github.com/luxfi/dex/pkg/mlx/mlx.go:71.32,74.4 2 1
github.com/luxfi/dex/pkg/mlx/mlx.go:74.9,76.4 1 0
github.com/luxfi/dex/pkg/mlx/mlx.go:77.15,79.26 1 0
github.com/luxfi/dex/pkg/mlx/mlx.go:80.10,81.26 1 0
github.com/luxfi/dex/pkg/mlx/mlx.go:85.2,85.35 1 1
github.com/luxfi/dex/pkg/mlx/mlx.go:85.35,87.3 1 1
github.com/luxfi/dex/pkg/mlx/mlx.go:90.2,90.30 1 1
github.com/luxfi/dex/pkg/mlx/mlx.go:90.30,96.3 1 1
github.com/luxfi/dex/pkg/mlx/mlx.go:98.2,102.8 1 1
github.com/luxfi/dex/pkg/mlx/mlx.go:105.42,107.2 1 1
github.com/luxfi/dex/pkg/mlx/mlx.go:109.40,111.2 1 1
github.com/luxfi/dex/pkg/mlx/mlx.go:113.46,115.2 1 1
github.com/luxfi/dex/pkg/mlx/mlx.go:118.63,119.38 1 1
github.com/luxfi/dex/pkg/mlx/mlx.go:119.38,121.3 1 1
github.com/luxfi/dex/pkg/mlx/mlx.go:125.2,128.47 3 1
github.com/luxfi/dex/pkg/mlx/mlx.go:128.47,129.47 1 1
github.com/luxfi/dex/pkg/mlx/mlx.go:129.47,131.32 2 1
github.com/luxfi/dex/pkg/mlx/mlx.go:131.32,133.5 1 1
github.com/luxfi/dex/pkg/mlx/mlx.go:135.4,146.30 4 1
github.com/luxfi/dex/pkg/mlx/mlx.go:146.30,148.5 1 1
github.com/luxfi/dex/pkg/mlx/mlx.go:149.4,149.30 1 1
github.com/luxfi/dex/pkg/mlx/mlx.go:149.30,151.5 1 1
github.com/luxfi/dex/pkg/mlx/mlx.go:152.9,153.9 1 1
github.com/luxfi/dex/pkg/mlx/mlx.go:160.2,160.15 1 1
github.com/luxfi/dex/pkg/mlx/mlx.go:164.57,171.22 4 1
github.com/luxfi/dex/pkg/mlx/mlx.go:171.22,178.3 1 1
github.com/luxfi/dex/pkg/mlx/mlx.go:180.2,180.22 1 1
github.com/luxfi/dex/pkg/mlx/mlx.go:180.22,187.3 1 1
github.com/luxfi/dex/pkg/mlx/mlx.go:190.2,193.47 3 1
github.com/luxfi/dex/pkg/mlx/mlx.go:196.33,198.2 0 1
github.com/luxfi/dex/pkg/mlx/mlx.go:208.42,210.2 1 1
github.com/luxfi/dex/pkg/mlx/mlx.go:212.40,214.2 1 1
github.com/luxfi/dex/pkg/mlx/mlx.go:216.46,218.2 1 1
github.com/luxfi/dex/pkg/mlx/mlx.go:220.63,229.47 6 1
github.com/luxfi/dex/pkg/mlx/mlx.go:229.47,233.29 3 1
github.com/luxfi/dex/pkg/mlx/mlx.go:233.29,235.23 2 1
github.com/luxfi/dex/pkg/mlx/mlx.go:235.23,237.5 1 1
github.com/luxfi/dex/pkg/mlx/mlx.go:239.4,251.21 5 1
github.com/luxfi/dex/pkg/mlx/mlx.go:251.21,253.5 1 1
github.com/luxfi/dex/pkg/mlx/mlx.go:254.4,254.21 1 1
github.com/luxfi/dex/pkg/mlx/mlx.go:254.21,256.5 1 1
github.com/luxfi/dex/pkg/mlx/mlx.go:257.9,258.9 1 1
github.com/luxfi/dex/pkg/mlx/mlx.go:262.2,262.15 1 1
github.com/luxfi/dex/pkg/mlx/mlx.go:265.57,271.22 4 1
github.com/luxfi/dex/pkg/mlx/mlx.go:271.22,278.3 1 1
github.com/luxfi/dex/pkg/mlx/mlx.go:280.2,280.22 1 1
github.com/luxfi/dex/pkg/mlx/mlx.go:280.22,287.3 1 1
github.com/luxfi/dex/pkg/mlx/mlx.go:289.2,292.47 3 1
github.com/luxfi/dex/pkg/mlx/mlx.go:295.33,297.2 0 1
github.com/luxfi/dex/pkg/lx/chainlink_source.go:49.54,60.2 1 0
github.com/luxfi/dex/pkg/lx/chainlink_source.go:63.45,75.2 1 0
github.com/luxfi/dex/pkg/lx/chainlink_source.go:78.47,80.16 2 0
github.com/luxfi/dex/pkg/lx/chainlink_source.go:80.16,83.3 2 0
github.com/luxfi/dex/pkg/lx/chainlink_source.go:84.2,93.12 5 0
github.com/luxfi/dex/pkg/lx/chainlink_source.go:97.44,101.6 3 0
github.com/luxfi/dex/pkg/lx/chainlink_source.go:101.6,102.10 1 0
github.com/luxfi/dex/pkg/lx/chainlink_source.go:103.18,104.10 1 0
github.com/luxfi/dex/pkg/lx/chainlink_source.go:105.19,106.21 1 0
github.com/luxfi/dex/pkg/lx/chainlink_source.go:112.48,117.48 4 0
github.com/luxfi/dex/pkg/lx/chainlink_source.go:117.48,119.29 2 0
github.com/luxfi/dex/pkg/lx/chainlink_source.go:119.29,122.4 2 0
github.com/luxfi/dex/pkg/lx/chainlink_source.go:125.2,129.16 4 0
github.com/luxfi/dex/pkg/lx/chainlink_source.go:133.87,151.2 7 0
github.com/luxfi/dex/pkg/lx/chainlink_source.go:154.79,167.13 3 0
github.com/luxfi/dex/pkg/lx/chainlink_source.go:167.13,169.3 1 0
github.com/luxfi/dex/pkg/lx/chainlink_source.go:172.2,173.25 2 0
github.com/luxfi/dex/pkg/lx/chainlink_source.go:177.77,182.13 4 0
github.com/luxfi/dex/pkg/lx/chainlink_source.go:182.13,184.3 1 0
github.com/luxfi/dex/pkg/lx/chainlink_source.go:187.2,187.56 1 0
github.com/luxfi/dex/pkg/lx/chainlink_source.go:187.56,189.3 1 0
github.com/luxfi/dex/pkg/lx/chainlink_source.go:192.2,193.24 2 0
github.com/luxfi/dex/pkg/lx/chainlink_source.go:197.92,200.33 2 0
github.com/luxfi/dex/pkg/lx/chainlink_source.go:200.33,202.17 2 0
github.com/luxfi/dex/pkg/lx/chainlink_source.go:202.17,204.4 1 0
github.com/luxfi/dex/pkg/lx/chainlink_source.go:207.2,207.22 1 0
github.com/luxfi/dex/pkg/lx/chainlink_source.go:207.22,209.3 1 0
github.com/luxfi/dex/pkg/lx/chainlink_source.go:211.2,211.20 1 0
github.com/luxfi/dex/pkg/lx/chainlink_source.go:215.64,218.2 1 0
github.com/luxfi/dex/pkg/lx/chainlink_source.go:221.66,223.2 1 0
github.com/luxfi/dex/pkg/lx/chainlink_source.go:226.50,230.17 3 0
github.com/luxfi/dex/pkg/lx/chainlink_source.go:230.17,232.3 1 0
github.com/luxfi/dex/pkg/lx/chainlink_source.go:235.2,235.46 1 0
github.com/luxfi/dex/pkg/lx/chainlink_source.go:235.46,237.3 1 0
github.com/luxfi/dex/pkg/lx/chainlink_source.go:240.2,240.39 1 0
github.com/luxfi/dex/pkg/lx/chainlink_source.go:240.39,242.3 1 0
github.com/luxfi/dex/pkg/lx/chainlink_source.go:244.2,244.13 1 0
github.com/luxfi/dex/pkg/lx/chainlink_source.go:248.50,250.2 1 0
github.com/luxfi/dex/pkg/lx/chainlink_source.go:253.53,255.2 1 0
github.com/luxfi/dex/pkg/lx/chainlink_source.go:258.47,266.2 5 0
github.com/luxfi/dex/pkg/lx/chainlink_source.go:269.101,280.2 1 0
github.com/luxfi/dex/pkg/lx/lending_pool.go:124.36,139.2 1 0
github.com/luxfi/dex/pkg/lx/lending_pool.go:142.74,146.42 3 0
github.com/luxfi/dex/pkg/lx/lending_pool.go:146.42,148.3 1 0
github.com/luxfi/dex/pkg/lx/lending_pool.go:150.2,176.12 7 0
github.com/luxfi/dex/pkg/lx/lending_pool.go:180.76,185.13 4 0
github.com/luxfi/dex/pkg/lx/lending_pool.go:185.13,187.3 1 0
github.com/luxfi/dex/pkg/lx/lending_pool.go:189.2,189.17 1 0
github.com/luxfi/dex/pkg/lx/lending_pool.go:189.17,191.3 1 0
github.com/luxfi/dex/pkg/lx/lending_pool.go:194.2,198.13 3 0
github.com/luxfi/dex/pkg/lx/lending_pool.go:198.13,209.3 2 0
github.com/luxfi/dex/pkg/lx/lending_pool.go:212.2,213.46 2 0
github.com/luxfi/dex/pkg/lx/lending_pool.go:213.46,215.3 1 0
github.com/luxfi/dex/pkg/lx/lending_pool.go:215.8,220.3 3 0
github.com/luxfi/dex/pkg/lx/lending_pool.go:223.2,224.13 2 0
github.com/luxfi/dex/pkg/lx/lending_pool.go:224.13,234.3 2 0
github.com/luxfi/dex/pkg/lx/lending_pool.go:237.2,254.12 11 0
github.com/luxfi/dex/pkg/lx/lending_pool.go:258.78,263.13 4 0
github.com/luxfi/dex/pkg/lx/lending_pool.go:263.13,265.3 1 0
github.com/luxfi/dex/pkg/lx/lending_pool.go:267.2,268.13 2 0
github.com/luxfi/dex/pkg/lx/lending_pool.go:268.13,270.3 1 0
github.com/luxfi/dex/pkg/lx/lending_pool.go:272.2,273.13 2 0
github.com/luxfi/dex/pkg/lx/lending_pool.go:273.13,275.3 1 0
github.com/luxfi/dex/pkg/lx/lending_pool.go:278.2,279.40 2 0
github.com/luxfi/dex/pkg/lx/lending_pool.go:279.40,281.3 1 0
github.com/luxfi/dex/pkg/lx/lending_pool.go:284.2,284.37 1 0
github.com/luxfi/dex/pkg/lx/lending_pool.go:284.37,286.3 1 0
github.com/luxfi/dex/pkg/lx/lending_pool.go:289.2,303.45 9 0
github.com/luxfi/dex/pkg/lx/lending_pool.go:303.45,306.3 2 0
github.com/luxfi/dex/pkg/lx/lending_pool.go:309.2,319.12 6 0
github.com/luxfi/dex/pkg/lx/lending_pool.go:323.68,326.13 2 0
github.com/luxfi/dex/pkg/lx/lending_pool.go:326.13,328.3 1 0
github.com/luxfi/dex/pkg/lx/lending_pool.go:330.2,335.31 4 0
github.com/luxfi/dex/pkg/lx/lending_pool.go:335.31,337.3 1 0
github.com/luxfi/dex/pkg/lx/lending_pool.go:340.2,347.12 5 0
github.com/luxfi/dex/pkg/lx/lending_pool.go:351.80,353.13 2 0
github.com/luxfi/dex/pkg/lx/lending_pool.go:353.13,355.3 1 0
github.com/luxfi/dex/pkg/lx/lending_pool.go:357.2,380.12 14 0
github.com/luxfi/dex/pkg/lx/lending_pool.go:384.60,389.13 4 0
github.com/luxfi/dex/pkg/lx/lending_pool.go:389.13,391.3 1 0
github.com/luxfi/dex/pkg/lx/lending_pool.go:393.2,393.61 1 0
github.com/luxfi/dex/pkg/lx/lending_pool.go:397.60,402.13 4 0
github.com/luxfi/dex/pkg/lx/lending_pool.go:402.13,404.3 1 0
github.com/luxfi/dex/pkg/lx/lending_pool.go:406.2,406.24 1 0
github.com/luxfi/dex/pkg/lx/lending_pool.go:410.60,415.13 4 0
github.com/luxfi/dex/pkg/lx/lending_pool.go:415.13,417.3 1 0
github.com/luxfi/dex/pkg/lx/lending_pool.go:419.2,419.24 1 0
github.com/luxfi/dex/pkg/lx/lending_pool.go:423.63,424.46 1 0
github.com/luxfi/dex/pkg/lx/lending_pool.go:424.46,427.3 2 0
github.com/luxfi/dex/pkg/lx/lending_pool.go:429.2,434.56 5 0
github.com/luxfi/dex/pkg/lx/lending_pool.go:438.61,452.2 7 0
github.com/luxfi/dex/pkg/lx/lending_pool.go:455.100,464.2 6 0
github.com/luxfi/dex/pkg/lx/lending_pool.go:467.65,469.42 2 0
github.com/luxfi/dex/pkg/lx/lending_pool.go:469.42,471.3 1 0
github.com/luxfi/dex/pkg/lx/lending_pool.go:472.2,472.20 1 0
github.com/luxfi/dex/pkg/lx/lending_pool.go:476.82,477.31 1 0
github.com/luxfi/dex/pkg/lx/lending_pool.go:477.31,480.3 1 0
github.com/luxfi/dex/pkg/lx/lending_pool.go:483.2,485.60 3 0
github.com/luxfi/dex/pkg/lx/lending_pool.go:489.51,497.2 1 0
github.com/luxfi/dex/pkg/lx/lending_pool.go:506.48,510.2 1 0
github.com/luxfi/dex/pkg/lx/lending_pool.go:512.49,521.2 1 0
github.com/luxfi/dex/pkg/lx/lending_pool.go:537.42,541.2 1 0
github.com/luxfi/dex/pkg/lx/liquidation_engine.go:300.48,317.2 1 0
github.com/luxfi/dex/pkg/lx/liquidation_engine.go:320.40,335.2 1 0
github.com/luxfi/dex/pkg/lx/liquidation_engine.go:338.121,343.68 3 0
github.com/luxfi/dex/pkg/lx/liquidation_engine.go:343.68,345.3 1 0
github.com/luxfi/dex/pkg/lx/liquidation_engine.go:348.2,371.39 5 0
github.com/luxfi/dex/pkg/lx/liquidation_engine.go:371.39,373.3 1 0
github.com/luxfi/dex/pkg/lx/liquidation_engine.go:376.2,379.12 3 0
github.com/luxfi/dex/pkg/lx/liquidation_engine.go:383.80,392.23 6 0
github.com/luxfi/dex/pkg/lx/liquidation_engine.go:392.23,395.3 1 0
github.com/luxfi/dex/pkg/lx/liquidation_engine.go:398.2,399.16 2 0
github.com/luxfi/dex/pkg/lx/liquidation_engine.go:399.16,402.3 2 0
github.com/luxfi/dex/pkg/lx/liquidation_engine.go:404.2,419.39 10 0
github.com/luxfi/dex/pkg/lx/liquidation_engine.go:419.39,420.46 1 0
github.com/luxfi/dex/pkg/lx/liquidation_engine.go:420.46,422.4 1 0
github.com/luxfi/dex/pkg/lx/liquidation_engine.go:426.2,445.12 13 0
github.com/luxfi/dex/pkg/lx/liquidation_engine.go:449.72,451.61 1 0
github.com/luxfi/dex/pkg/lx/liquidation_engine.go:451.61,453.3 1 0
github.com/luxfi/dex/pkg/lx/liquidation_engine.go:456.2,457.55 2 0
github.com/luxfi/dex/pkg/lx/liquidation_engine.go:457.55,459.3 1 0
github.com/luxfi/dex/pkg/lx/liquidation_engine.go:462.2,462.48 1 0
github.com/luxfi/dex/pkg/lx/liquidation_engine.go:466.72,468.2 1 0
github.com/luxfi/dex/pkg/lx/liquidation_engine.go:471.86,475.44 3 0
github.com/luxfi/dex/pkg/lx/liquidation_engine.go:475.44,478.50 2 0
github.com/luxfi/dex/pkg/lx/liquidation_engine.go:478.50,479.12 1 0
github.com/luxfi/dex/pkg/lx/liquidation_engine.go:483.3,484.24 2 0
github.com/luxfi/dex/pkg/lx/liquidation_engine.go:484.24,487.4 2 0
github.com/luxfi/dex/pkg/lx/liquidation_engine.go:490.2,490.23 1 0
github.com/luxfi/dex/pkg/lx/liquidation_engine.go:494.112,509.25 7 0
github.com/luxfi/dex/pkg/lx/liquidation_engine.go:509.25,511.3 1 0
github.com/luxfi/dex/pkg/lx/liquidation_engine.go:511.8,511.33 1 0
github.com/luxfi/dex/pkg/lx/liquidation_engine.go:511.33,513.3 1 0
github.com/luxfi/dex/pkg/lx/liquidation_engine.go:516.2,521.14 5 0
github.com/luxfi/dex/pkg/lx/liquidation_engine.go:525.94,531.26 4 0
github.com/luxfi/dex/pkg/lx/liquidation_engine.go:531.26,533.3 1 0
github.com/luxfi/dex/pkg/lx/liquidation_engine.go:533.8,535.3 1 0
github.com/luxfi/dex/pkg/lx/liquidation_engine.go:538.2,538.23 1 0
github.com/luxfi/dex/pkg/lx/liquidation_engine.go:538.23,540.3 1 0
github.com/luxfi/dex/pkg/lx/liquidation_engine.go:540.8,540.30 1 0
github.com/luxfi/dex/pkg/lx/liquidation_engine.go:540.30,542.3 1 0
github.com/luxfi/dex/pkg/lx/liquidation_engine.go:543.2,543.20 1 0
github.com/luxfi/dex/pkg/lx/liquidation_engine.go:547.79,549.54 1 0
github.com/luxfi/dex/pkg/lx/liquidation_engine.go:549.54,551.3 1 0
github.com/luxfi/dex/pkg/lx/liquidation_engine.go:553.2,555.13 3 0
github.com/luxfi/dex/pkg/lx/liquidation_engine.go:559.109,565.23 3 0
github.com/luxfi/dex/pkg/lx/liquidation_engine.go:565.23,568.3 1 0
github.com/luxfi/dex/pkg/lx/liquidation_engine.go:568.8,571.3 1 0
github.com/luxfi/dex/pkg/lx/liquidation_engine.go:573.2,573.28 1 0
github.com/luxfi/dex/pkg/lx/liquidation_engine.go:578.75,582.32 3 0
github.com/luxfi/dex/pkg/lx/liquidation_engine.go:582.32,584.3 1 0
github.com/luxfi/dex/pkg/lx/liquidation_engine.go:585.2,589.52 3 0
github.com/luxfi/dex/pkg/lx/liquidation_engine.go:589.52,591.3 1 0
github.com/luxfi/dex/pkg/lx/liquidation_engine.go:593.2,593.30 1 0
github.com/luxfi/dex/pkg/lx/liquidation_engine.go:596.75,601.20 4 0
github.com/luxfi/dex/pkg/lx/liquidation_engine.go:601.20,603.3 1 0
github.com/luxfi/dex/pkg/lx/liquidation_engine.go:605.2,605.31 1 0
github.com/luxfi/dex/pkg/lx/liquidation_engine.go:608.93,612.37 3 0
github.com/luxfi/dex/pkg/lx/liquidation_engine.go:612.37,614.3 1 0
github.com/luxfi/dex/pkg/lx/liquidation_engine.go:616.2,630.47 5 0
github.com/luxfi/dex/pkg/lx/liquidation_engine.go:630.47,635.3 4 0
github.com/luxfi/dex/pkg/lx/liquidation_engine.go:637.2,638.12 2 0
github.com/luxfi/dex/pkg/lx/liquidation_engine.go:641.55,645.45 3 0
github.com/luxfi/dex/pkg/lx/liquidation_engine.go:645.45,647.3 1 0
github.com/luxfi/dex/pkg/lx/liquidation_engine.go:649.2,652.15 4 0
github.com/luxfi/dex/pkg/lx/liquidation_engine.go:657.46,669.2 1 0
github.com/luxfi/dex/pkg/lx/liquidation_engine.go:671.61,675.24 3 0
github.com/luxfi/dex/pkg/lx/liquidation_engine.go:676.20,677.57 1 0
github.com/luxfi/dex/pkg/lx/liquidation_engine.go:678.22,679.61 1 0
github.com/luxfi/dex/pkg/lx/liquidation_engine.go:680.19,681.55 1 0
github.com/luxfi/dex/pkg/lx/liquidation_engine.go:687.58,695.2 1 0
github.com/luxfi/dex/pkg/lx/liquidation_engine.go:697.75,703.26 4 0
github.com/luxfi/dex/pkg/lx/liquidation_engine.go:703.26,705.3 1 0
github.com/luxfi/dex/pkg/lx/liquidation_engine.go:710.2,718.39 3 0
github.com/luxfi/dex/pkg/lx/liquidation_engine.go:718.39,719.25 1 0
github.com/luxfi/dex/pkg/lx/liquidation_engine.go:719.25,720.9 1 0
github.com/luxfi/dex/pkg/lx/liquidation_engine.go:724.3,738.33 5 0
github.com/luxfi/dex/pkg/lx/liquidation_engine.go:741.2,742.12 2 0
github.com/luxfi/dex/pkg/lx/liquidation_engine.go:747.54,756.2 1 0
github.com/luxfi/dex/pkg/lx/liquidation_engine.go:758.79,762.42 3 0
github.com/luxfi/dex/pkg/lx/liquidation_engine.go:762.42,764.3 1 0
github.com/luxfi/dex/pkg/lx/liquidation_engine.go:766.2,781.12 3 0
github.com/luxfi/dex/pkg/lx/liquidation_engine.go:786.42,793.2 1 0
github.com/luxfi/dex/pkg/lx/liquidation_engine.go:795.48,796.17 1 0
github.com/luxfi/dex/pkg/lx/liquidation_engine.go:796.17,798.3 1 0
github.com/luxfi/dex/pkg/lx/liquidation_engine.go:801.2,801.54 1 0
github.com/luxfi/dex/pkg/lx/liquidation_engine.go:801.54,803.3 1 0
github.com/luxfi/dex/pkg/lx/liquidation_engine.go:806.2,806.49 1 0
github.com/luxfi/dex/pkg/lx/liquidation_engine.go:806.49,807.45 1 0
github.com/luxfi/dex/pkg/lx/liquidation_engine.go:807.45,812.4 4 0
github.com/luxfi/dex/pkg/lx/liquidation_engine.go:815.2,815.14 1 0
github.com/luxfi/dex/pkg/lx/liquidation_engine.go:820.50,828.2 1 0
github.com/luxfi/dex/pkg/lx/liquidation_engine.go:830.59,835.23 1 0
github.com/luxfi/dex/pkg/lx/liquidation_engine.go:835.23,838.5 1 0
github.com/luxfi/dex/pkg/lx/liquidation_engine.go:839.25,842.5 1 0
github.com/luxfi/dex/pkg/lx/liquidation_engine.go:849.23,852.5 1 0
github.com/luxfi/dex/pkg/lx/liquidation_engine.go:853.25,856.5 1 0
github.com/luxfi/dex/pkg/lx/liquidation_engine.go:863.42,865.2 1 0
github.com/luxfi/dex/pkg/lx/liquidation_engine.go:867.31,869.2 1 0
github.com/luxfi/dex/pkg/lx/liquidation_engine.go:871.30,873.2 1 0
github.com/luxfi/dex/pkg/lx/liquidation_engine.go:875.50,883.2 1 0
github.com/luxfi/dex/pkg/lx/liquidation_engine.go:885.44,892.2 1 0
github.com/luxfi/dex/pkg/lx/margin_trading.go:117.81,132.2 1 0
github.com/luxfi/dex/pkg/lx/margin_trading.go:135.115,139.46 3 0
github.com/luxfi/dex/pkg/lx/margin_trading.go:139.46,141.3 1 0
github.com/luxfi/dex/pkg/lx/margin_trading.go:143.2,144.35 2 0
github.com/luxfi/dex/pkg/lx/margin_trading.go:144.35,146.3 1 0
github.com/luxfi/dex/pkg/lx/margin_trading.go:146.8,146.43 1 0
github.com/luxfi/dex/pkg/lx/margin_trading.go:146.43,148.3 1 0
github.com/luxfi/dex/pkg/lx/margin_trading.go:150.2,176.21 3 0
github.com/luxfi/dex/pkg/lx/margin_trading.go:180.66,185.2 3 0
github.com/luxfi/dex/pkg/lx/margin_trading.go:188.88,193.13 4 0
github.com/luxfi/dex/pkg/lx/margin_trading.go:193.13,195.3 1 0
github.com/luxfi/dex/pkg/lx/margin_trading.go:197.2,198.13 2 0
github.com/luxfi/dex/pkg/lx/margin_trading.go:198.13,209.3 2 0
github.com/luxfi/dex/pkg/lx/margin_trading.go:212.2,220.38 5 0
github.com/luxfi/dex/pkg/lx/margin_trading.go:220.38,222.3 1 0
github.com/luxfi/dex/pkg/lx/margin_trading.go:223.2,228.12 3 0
github.com/luxfi/dex/pkg/lx/margin_trading.go:232.110,237.13 4 0
github.com/luxfi/dex/pkg/lx/margin_trading.go:237.13,239.3 1 0
github.com/luxfi/dex/pkg/lx/margin_trading.go:242.2,243.28 2 0
github.com/luxfi/dex/pkg/lx/margin_trading.go:243.28,245.3 1 0
github.com/luxfi/dex/pkg/lx/margin_trading.go:248.2,252.48 3 0
github.com/luxfi/dex/pkg/lx/margin_trading.go:252.48,254.3 1 0
github.com/luxfi/dex/pkg/lx/margin_trading.go:257.2,286.41 7 0
github.com/luxfi/dex/pkg/lx/margin_trading.go:286.41,287.83 1 0
github.com/luxfi/dex/pkg/lx/margin_trading.go:287.83,289.4 1 0
github.com/luxfi/dex/pkg/lx/margin_trading.go:293.2,295.22 2 0
github.com/luxfi/dex/pkg/lx/margin_trading.go:299.86,304.13 4 0
github.com/luxfi/dex/pkg/lx/margin_trading.go:304.13,306.3 1 0
github.com/luxfi/dex/pkg/lx/margin_trading.go:308.2,309.13 2 0
github.com/luxfi/dex/pkg/lx/margin_trading.go:309.13,311.3 1 0
github.com/luxfi/dex/pkg/lx/margin_trading.go:314.2,320.26 5 0
github.com/luxfi/dex/pkg/lx/margin_trading.go:320.26,322.3 1 0
github.com/luxfi/dex/pkg/lx/margin_trading.go:322.8,324.3 1 0
github.com/luxfi/dex/pkg/lx/margin_trading.go:326.2,338.74 8 0
github.com/luxfi/dex/pkg/lx/margin_trading.go:338.74,342.3 3 0
github.com/luxfi/dex/pkg/lx/margin_trading.go:345.2,345.32 1 0
github.com/luxfi/dex/pkg/lx/margin_trading.go:345.32,347.3 1 0
github.com/luxfi/dex/pkg/lx/margin_trading.go:347.8,351.3 3 0
github.com/luxfi/dex/pkg/lx/margin_trading.go:354.2,359.12 3 0
github.com/luxfi/dex/pkg/lx/margin_trading.go:363.94,368.13 4 0
github.com/luxfi/dex/pkg/lx/margin_trading.go:368.13,370.3 1 0
github.com/luxfi/dex/pkg/lx/margin_trading.go:372.2,373.13 2 0
github.com/luxfi/dex/pkg/lx/margin_trading.go:373.13,375.3 1 0
github.com/luxfi/dex/pkg/lx/margin_trading.go:378.2,379.31 2 0
github.com/luxfi/dex/pkg/lx/margin_trading.go:379.31,381.3 1 0
github.com/luxfi/dex/pkg/lx/margin_trading.go:384.2,389.40 4 0
github.com/luxfi/dex/pkg/lx/margin_trading.go:389.40,390.46 1 0
github.com/luxfi/dex/pkg/lx/margin_trading.go:390.46,392.4 1 0
github.com/luxfi/dex/pkg/lx/margin_trading.go:393.3,394.58 2 0
github.com/luxfi/dex/pkg/lx/margin_trading.go:395.8,400.3 3 0
github.com/luxfi/dex/pkg/lx/margin_trading.go:403.2,411.12 6 0
github.com/luxfi/dex/pkg/lx/margin_trading.go:415.109,417.32 2 0
github.com/luxfi/dex/pkg/lx/margin_trading.go:417.32,419.3 1 0
github.com/luxfi/dex/pkg/lx/margin_trading.go:421.2,421.26 1 0
github.com/luxfi/dex/pkg/lx/margin_trading.go:421.26,424.3 1 0
github.com/luxfi/dex/pkg/lx/margin_trading.go:424.8,427.3 1 0
github.com/luxfi/dex/pkg/lx/margin_trading.go:431.70,437.54 4 0
github.com/luxfi/dex/pkg/lx/margin_trading.go:437.54,443.3 4 0
github.com/luxfi/dex/pkg/lx/margin_trading.go:446.2,447.45 2 0
github.com/luxfi/dex/pkg/lx/margin_trading.go:447.45,450.27 3 0
github.com/luxfi/dex/pkg/lx/margin_trading.go:450.27,452.4 1 0
github.com/luxfi/dex/pkg/lx/margin_trading.go:452.9,454.4 1 0
github.com/luxfi/dex/pkg/lx/margin_trading.go:455.3,456.69 2 0
github.com/luxfi/dex/pkg/lx/margin_trading.go:458.2,464.47 3 0
github.com/luxfi/dex/pkg/lx/margin_trading.go:464.47,470.3 5 0
github.com/luxfi/dex/pkg/lx/margin_trading.go:470.8,472.3 1 0
github.com/luxfi/dex/pkg/lx/margin_trading.go:475.2,476.45 2 0
github.com/luxfi/dex/pkg/lx/margin_trading.go:476.45,479.3 2 0
github.com/luxfi/dex/pkg/lx/margin_trading.go:481.2,481.43 1 0
github.com/luxfi/dex/pkg/lx/margin_trading.go:481.43,486.3 4 0
github.com/luxfi/dex/pkg/lx/margin_trading.go:488.2,488.33 1 0
github.com/luxfi/dex/pkg/lx/margin_trading.go:492.45,496.43 3 0
github.com/luxfi/dex/pkg/lx/margin_trading.go:496.43,501.81 2 0
github.com/luxfi/dex/pkg/lx/margin_trading.go:501.81,503.4 1 0
github.com/luxfi/dex/pkg/lx/margin_trading.go:506.3,506.44 1 0
github.com/luxfi/dex/pkg/lx/margin_trading.go:506.44,507.51 1 0
github.com/luxfi/dex/pkg/lx/margin_trading.go:507.51,509.59 2 0
github.com/luxfi/dex/pkg/lx/margin_trading.go:509.59,511.6 1 0
github.com/luxfi/dex/pkg/lx/margin_trading.go:518.102,519.26 1 0
github.com/luxfi/dex/pkg/lx/margin_trading.go:519.26,521.3 1 0
github.com/luxfi/dex/pkg/lx/margin_trading.go:522.2,522.50 1 0
github.com/luxfi/dex/pkg/lx/margin_trading.go:526.96,544.51 5 0
github.com/luxfi/dex/pkg/lx/margin_trading.go:544.51,546.36 2 0
github.com/luxfi/dex/pkg/lx/margin_trading.go:546.36,549.4 2 0
github.com/luxfi/dex/pkg/lx/margin_trading.go:554.81,555.49 1 0
github.com/luxfi/dex/pkg/lx/margin_trading.go:555.49,557.3 1 0
github.com/luxfi/dex/pkg/lx/margin_trading.go:560.2,562.22 3 0
github.com/luxfi/dex/pkg/lx/margin_trading.go:566.104,569.31 2 0
github.com/luxfi/dex/pkg/lx/margin_trading.go:569.31,571.3 1 0
github.com/luxfi/dex/pkg/lx/margin_trading.go:574.2,578.13 3 0
github.com/luxfi/dex/pkg/lx/margin_trading.go:578.13,588.3 2 0
github.com/luxfi/dex/pkg/lx/margin_trading.go:591.2,597.36 3 0
github.com/luxfi/dex/pkg/lx/margin_trading.go:597.36,599.3 1 0
github.com/luxfi/dex/pkg/lx/margin_trading.go:600.2,602.12 2 0
github.com/luxfi/dex/pkg/lx/margin_trading.go:606.100,608.13 2 0
github.com/luxfi/dex/pkg/lx/margin_trading.go:608.13,610.3 1 0
github.com/luxfi/dex/pkg/lx/margin_trading.go:613.2,618.45 4 0
github.com/luxfi/dex/pkg/lx/margin_trading.go:618.45,620.3 1 0
github.com/luxfi/dex/pkg/lx/margin_trading.go:620.8,622.3 1 0
github.com/luxfi/dex/pkg/lx/margin_trading.go:625.2,633.12 4 0
github.com/luxfi/dex/pkg/lx/margin_trading.go:637.84,648.2 7 0
github.com/luxfi/dex/pkg/lx/margin_trading.go:651.94,652.61 1 0
github.com/luxfi/dex/pkg/lx/margin_trading.go:652.61,653.37 1 0
github.com/luxfi/dex/pkg/lx/margin_trading.go:653.37,655.4 1 0
github.com/luxfi/dex/pkg/lx/margin_trading.go:656.3,656.18 1 0
github.com/luxfi/dex/pkg/lx/margin_trading.go:658.2,658.13 1 0
github.com/luxfi/dex/pkg/lx/margin_trading.go:661.63,670.48 2 0
github.com/luxfi/dex/pkg/lx/margin_trading.go:670.48,672.3 1 0
github.com/luxfi/dex/pkg/lx/margin_trading.go:673.2,673.13 1 0
github.com/luxfi/dex/pkg/lx/margin_trading.go:676.59,685.40 2 0
github.com/luxfi/dex/pkg/lx/margin_trading.go:685.40,687.3 1 0
github.com/luxfi/dex/pkg/lx/margin_trading.go:688.2,688.13 1 0
github.com/luxfi/dex/pkg/lx/margin_trading.go:691.48,702.2 1 0
github.com/luxfi/dex/pkg/lx/margin_trading.go:704.54,715.2 1 0
github.com/luxfi/dex/pkg/lx/margin_trading.go:717.50,728.2 1 0
github.com/luxfi/dex/pkg/lx/margin_trading.go:730.34,732.2 1 0
github.com/luxfi/dex/pkg/lx/margin_trading.go:734.35,735.17 1 0
github.com/luxfi/dex/pkg/lx/margin_trading.go:735.17,737.3 1 0
github.com/luxfi/dex/pkg/lx/margin_trading.go:738.2,738.12 1 0
github.com/luxfi/dex/pkg/lx/oracle.go:107.81,108.33 1 0
github.com/luxfi/dex/pkg/lx/oracle.go:108.33,110.3 1 0
github.com/luxfi/dex/pkg/lx/oracle.go:113.2,115.27 3 0
github.com/luxfi/dex/pkg/lx/oracle.go:115.27,118.3 2 0
github.com/luxfi/dex/pkg/lx/oracle.go:121.2,125.35 3 0
github.com/luxfi/dex/pkg/lx/oracle.go:125.35,127.3 1 0
github.com/luxfi/dex/pkg/lx/oracle.go:130.2,142.24 3 0
github.com/luxfi/dex/pkg/lx/oracle.go:145.72,146.22 1 0
github.com/luxfi/dex/pkg/lx/oracle.go:146.22,148.3 1 0
github.com/luxfi/dex/pkg/lx/oracle.go:151.2,152.27 2 0
github.com/luxfi/dex/pkg/lx/oracle.go:152.27,153.44 1 0
github.com/luxfi/dex/pkg/lx/oracle.go:153.44,155.4 1 0
github.com/luxfi/dex/pkg/lx/oracle.go:159.2,160.27 2 0
github.com/luxfi/dex/pkg/lx/oracle.go:160.27,162.34 2 0
github.com/luxfi/dex/pkg/lx/oracle.go:162.34,164.4 1 0
github.com/luxfi/dex/pkg/lx/oracle.go:167.2,167.12 1 0
github.com/luxfi/dex/pkg/lx/oracle.go:170.95,173.27 2 0
github.com/luxfi/dex/pkg/lx/oracle.go:173.27,175.35 2 0
github.com/luxfi/dex/pkg/lx/oracle.go:175.35,177.4 1 0
github.com/luxfi/dex/pkg/lx/oracle.go:180.2,180.17 1 0
github.com/luxfi/dex/pkg/lx/oracle.go:183.79,184.22 1 0
github.com/luxfi/dex/pkg/lx/oracle.go:184.22,186.3 1 0
github.com/luxfi/dex/pkg/lx/oracle.go:189.2,200.34 8 0
github.com/luxfi/dex/pkg/lx/oracle.go:203.84,204.22 1 0
github.com/luxfi/dex/pkg/lx/oracle.go:204.22,206.3 1 0
github.com/luxfi/dex/pkg/lx/oracle.go:208.2,211.27 3 0
github.com/luxfi/dex/pkg/lx/oracle.go:211.27,212.22 1 0
github.com/luxfi/dex/pkg/lx/oracle.go:212.22,214.4 1 0
github.com/luxfi/dex/pkg/lx/oracle.go:215.3,215.35 1 0
github.com/luxfi/dex/pkg/lx/oracle.go:215.35,217.4 1 0
github.com/luxfi/dex/pkg/lx/oracle.go:220.2,220.32 1 0
github.com/luxfi/dex/pkg/lx/oracle.go:220.32,222.3 1 0
github.com/luxfi/dex/pkg/lx/oracle.go:224.2,224.25 1 0
github.com/luxfi/dex/pkg/lx/oracle.go:233.83,234.22 1 0
github.com/luxfi/dex/pkg/lx/oracle.go:234.22,236.3 1 0
github.com/luxfi/dex/pkg/lx/oracle.go:238.2,242.27 4 0
github.com/luxfi/dex/pkg/lx/oracle.go:242.27,244.18 2 0
github.com/luxfi/dex/pkg/lx/oracle.go:244.18,246.4 1 0
github.com/luxfi/dex/pkg/lx/oracle.go:249.3,249.41 1 0
github.com/luxfi/dex/pkg/lx/oracle.go:249.41,251.4 1 0
github.com/luxfi/dex/pkg/lx/oracle.go:253.3,255.26 3 0
github.com/luxfi/dex/pkg/lx/oracle.go:258.2,258.22 1 0
github.com/luxfi/dex/pkg/lx/oracle.go:258.22,260.3 1 0
github.com/luxfi/dex/pkg/lx/oracle.go:262.2,271.24 2 0
github.com/luxfi/dex/pkg/lx/oracle.go:274.74,277.2 1 0
github.com/luxfi/dex/pkg/lx/oracle.go:279.81,282.2 1 0
github.com/luxfi/dex/pkg/lx/oracle.go:297.62,298.29 1 0
github.com/luxfi/dex/pkg/lx/oracle.go:298.29,302.3 3 0
github.com/luxfi/dex/pkg/lx/oracle.go:305.2,305.70 1 0
github.com/luxfi/dex/pkg/lx/oracle.go:305.70,307.3 1 0
github.com/luxfi/dex/pkg/lx/oracle.go:309.2,309.17 1 0
github.com/luxfi/dex/pkg/lx/oracle.go:309.17,311.3 1 0
github.com/luxfi/dex/pkg/lx/oracle.go:314.2,316.42 2 0
github.com/luxfi/dex/pkg/lx/oracle.go:316.42,319.3 2 0
github.com/luxfi/dex/pkg/lx/oracle.go:321.2,323.13 3 0
github.com/luxfi/dex/pkg/lx/oracle.go:326.40,330.2 3 0
github.com/luxfi/dex/pkg/lx/oracle.go:332.41,334.2 1 0
github.com/luxfi/dex/pkg/lx/oracle.go:379.36,409.2 3 0
github.com/luxfi/dex/pkg/lx/oracle.go:412.51,425.12 5 0
github.com/luxfi/dex/pkg/lx/oracle.go:425.12,426.46 1 0
github.com/luxfi/dex/pkg/lx/oracle.go:426.46,428.4 1 0
github.com/luxfi/dex/pkg/lx/oracle.go:431.2,431.12 1 0
github.com/luxfi/dex/pkg/lx/oracle.go:431.12,432.49 1 0
github.com/luxfi/dex/pkg/lx/oracle.go:432.49,434.4 1 0
github.com/luxfi/dex/pkg/lx/oracle.go:439.73,443.48 3 0
github.com/luxfi/dex/pkg/lx/oracle.go:443.48,445.3 1 0
github.com/luxfi/dex/pkg/lx/oracle.go:447.2,448.12 2 0
github.com/luxfi/dex/pkg/lx/oracle.go:452.38,454.16 2 0
github.com/luxfi/dex/pkg/lx/oracle.go:454.16,457.3 2 0
github.com/luxfi/dex/pkg/lx/oracle.go:458.2,470.12 6 0
github.com/luxfi/dex/pkg/lx/oracle.go:474.31,481.2 5 0
github.com/luxfi/dex/pkg/lx/oracle.go:484.56,488.55 3 0
github.com/luxfi/dex/pkg/lx/oracle.go:488.55,490.54 1 0
github.com/luxfi/dex/pkg/lx/oracle.go:490.54,492.60 1 0
github.com/luxfi/dex/pkg/lx/oracle.go:492.60,494.5 1 0
github.com/luxfi/dex/pkg/lx/oracle.go:496.3,496.21 1 0
github.com/luxfi/dex/pkg/lx/oracle.go:500.2,500.58 1 0
github.com/luxfi/dex/pkg/lx/oracle.go:500.58,502.3 1 0
github.com/luxfi/dex/pkg/lx/oracle.go:504.2,504.10 1 0
github.com/luxfi/dex/pkg/lx/oracle.go:508.72,512.55 3 0
github.com/luxfi/dex/pkg/lx/oracle.go:512.55,514.3 1 0
github.com/luxfi/dex/pkg/lx/oracle.go:516.2,516.56 1 0
github.com/luxfi/dex/pkg/lx/oracle.go:520.77,524.45 3 0
github.com/luxfi/dex/pkg/lx/oracle.go:524.45,525.28 1 0
github.com/luxfi/dex/pkg/lx/oracle.go:525.28,527.4 1 0
github.com/luxfi/dex/pkg/lx/oracle.go:531.2,531.41 1 0
github.com/luxfi/dex/pkg/lx/oracle.go:535.77,539.45 3 0
github.com/luxfi/dex/pkg/lx/oracle.go:539.45,540.28 1 0
github.com/luxfi/dex/pkg/lx/oracle.go:540.28,542.4 1 0
github.com/luxfi/dex/pkg/lx/oracle.go:546.2,546.41 1 0
github.com/luxfi/dex/pkg/lx/oracle.go:550.37,554.17 3 0
github.com/luxfi/dex/pkg/lx/oracle.go:554.17,555.10 1 0
github.com/luxfi/dex/pkg/lx/oracle.go:556.19,557.21 1 0
github.com/luxfi/dex/pkg/lx/oracle.go:563.39,566.33 2 0
github.com/luxfi/dex/pkg/lx/oracle.go:566.33,570.45 2 0
github.com/luxfi/dex/pkg/lx/oracle.go:570.45,571.27 1 0
github.com/luxfi/dex/pkg/lx/oracle.go:571.27,579.13 2 0
github.com/luxfi/dex/pkg/lx/oracle.go:582.4,583.18 2 0
github.com/luxfi/dex/pkg/lx/oracle.go:583.18,584.13 1 0
github.com/luxfi/dex/pkg/lx/oracle.go:588.4,588.56 1 0
github.com/luxfi/dex/pkg/lx/oracle.go:588.56,589.31 1 0
github.com/luxfi/dex/pkg/lx/oracle.go:589.31,598.14 2 0
github.com/luxfi/dex/pkg/lx/oracle.go:602.4,602.34 1 0
github.com/luxfi/dex/pkg/lx/oracle.go:606.3,606.38 1 0
github.com/luxfi/dex/pkg/lx/oracle.go:606.38,614.12 2 0
github.com/luxfi/dex/pkg/lx/oracle.go:618.3,619.17 2 0
github.com/luxfi/dex/pkg/lx/oracle.go:619.17,621.12 2 0
github.com/luxfi/dex/pkg/lx/oracle.go:625.3,628.28 2 0
github.com/luxfi/dex/pkg/lx/oracle.go:631.2,631.28 1 0
github.com/luxfi/dex/pkg/lx/oracle.go:635.76,643.36 5 0
github.com/luxfi/dex/pkg/lx/oracle.go:643.36,645.3 1 0
github.com/luxfi/dex/pkg/lx/oracle.go:646.2,650.47 3 0
github.com/luxfi/dex/pkg/lx/oracle.go:650.47,652.3 1 0
github.com/luxfi/dex/pkg/lx/oracle.go:655.2,655.21 1 0
github.com/luxfi/dex/pkg/lx/oracle.go:655.21,666.10 3 0
github.com/luxfi/dex/pkg/lx/oracle.go:667.34,667.34 0 0
github.com/luxfi/dex/pkg/lx/oracle.go:668.11,668.11 0 0
github.com/luxfi/dex/pkg/lx/oracle.go:675.41,679.17 3 0
github.com/luxfi/dex/pkg/lx/oracle.go:679.17,680.10 1 0
github.com/luxfi/dex/pkg/lx/oracle.go:681.19,682.26 1 0
github.com/luxfi/dex/pkg/lx/oracle.go:688.44,692.44 3 0
github.com/luxfi/dex/pkg/lx/oracle.go:692.44,696.15 3 0
github.com/luxfi/dex/pkg/lx/oracle.go:696.15,703.4 1 0
github.com/luxfi/dex/pkg/lx/oracle.go:708.44,712.17 3 0
github.com/luxfi/dex/pkg/lx/oracle.go:712.17,713.10 1 0
github.com/luxfi/dex/pkg/lx/oracle.go:714.19,715.23 1 0
github.com/luxfi/dex/pkg/lx/oracle.go:721.41,724.33 2 0
github.com/luxfi/dex/pkg/lx/oracle.go:724.33,748.3 8 0
github.com/luxfi/dex/pkg/lx/oracle.go:752.83,754.23 2 0
github.com/luxfi/dex/pkg/lx/oracle.go:754.23,756.3 1 0
github.com/luxfi/dex/pkg/lx/oracle.go:758.2,761.28 3 0
github.com/luxfi/dex/pkg/lx/oracle.go:761.28,762.32 1 0
github.com/luxfi/dex/pkg/lx/oracle.go:762.32,764.4 1 0
github.com/luxfi/dex/pkg/lx/oracle.go:767.2,767.30 1 0
github.com/luxfi/dex/pkg/lx/oracle.go:767.30,769.3 1 0
github.com/luxfi/dex/pkg/lx/oracle.go:771.2,771.38 1 0
github.com/luxfi/dex/pkg/lx/oracle.go:775.83,777.23 2 0
github.com/luxfi/dex/pkg/lx/oracle.go:777.23,779.3 1 0
github.com/luxfi/dex/pkg/lx/oracle.go:781.2,785.28 4 0
github.com/luxfi/dex/pkg/lx/oracle.go:785.28,786.32 1 0
github.com/luxfi/dex/pkg/lx/oracle.go:786.32,789.4 2 0
github.com/luxfi/dex/pkg/lx/oracle.go:792.2,792.22 1 0
github.com/luxfi/dex/pkg/lx/oracle.go:792.22,794.3 1 0
github.com/luxfi/dex/pkg/lx/oracle.go:796.2,796.33 1 0
github.com/luxfi/dex/pkg/lx/oracle.go:800.53,805.39 4 0
github.com/luxfi/dex/pkg/lx/oracle.go:805.39,807.3 1 0
github.com/luxfi/dex/pkg/lx/oracle.go:809.2,809.16 1 0
github.com/luxfi/dex/pkg/lx/oracle.go:813.53,816.9 2 0
github.com/luxfi/dex/pkg/lx/oracle.go:817.32,817.32 0 0
github.com/luxfi/dex/pkg/lx/oracle.go:818.10,818.10 0 0
github.com/luxfi/dex/pkg/lx/oracle.go:825.48,826.22 1 0
github.com/luxfi/dex/pkg/lx/oracle.go:826.22,828.3 1 0
github.com/luxfi/dex/pkg/lx/oracle.go:831.2,834.35 3 0
github.com/luxfi/dex/pkg/lx/oracle.go:834.35,835.40 1 0
github.com/luxfi/dex/pkg/lx/oracle.go:835.40,836.29 1 0
github.com/luxfi/dex/pkg/lx/oracle.go:836.29,838.5 1 0
github.com/luxfi/dex/pkg/lx/oracle.go:842.2,842.24 1 0
github.com/luxfi/dex/pkg/lx/oracle.go:842.24,844.3 1 0
github.com/luxfi/dex/pkg/lx/oracle.go:845.2,845.30 1 0
github.com/luxfi/dex/pkg/lx/oracle.go:848.46,849.22 1 0
github.com/luxfi/dex/pkg/lx/oracle.go:849.22,851.3 1 0
github.com/luxfi/dex/pkg/lx/oracle.go:853.2,854.27 2 0
github.com/luxfi/dex/pkg/lx/oracle.go:854.27,856.3 1 0
github.com/luxfi/dex/pkg/lx/oracle.go:857.2,857.35 1 0
github.com/luxfi/dex/pkg/lx/oracle.go:860.62,861.22 1 0
github.com/luxfi/dex/pkg/lx/oracle.go:861.22,863.3 1 0
github.com/luxfi/dex/pkg/lx/oracle.go:865.2,866.27 2 0
github.com/luxfi/dex/pkg/lx/oracle.go:866.27,869.3 2 0
github.com/luxfi/dex/pkg/lx/oracle.go:871.2,872.28 2 0
github.com/luxfi/dex/pkg/lx/oracle.go:875.54,877.30 2 0
github.com/luxfi/dex/pkg/lx/oracle.go:877.30,879.3 1 0
github.com/luxfi/dex/pkg/lx/oracle.go:880.2,880.15 1 0
github.com/luxfi/dex/pkg/lx/oracle.go:883.60,887.33 3 0
github.com/luxfi/dex/pkg/lx/oracle.go:887.33,894.3 1 0
github.com/luxfi/dex/pkg/lx/oracle.go:896.2,896.17 1 0
github.com/luxfi/dex/pkg/lx/oracle.go:899.40,904.2 1 0
github.com/luxfi/dex/pkg/lx/orderbook.go:45.27,47.4 1 0
github.com/luxfi/dex/pkg/lx/orderbook.go:50.27,52.4 1 0
github.com/luxfi/dex/pkg/lx/orderbook.go:56.13,59.2 1 1
github.com/luxfi/dex/pkg/lx/orderbook.go:61.34,63.45 1 1
github.com/luxfi/dex/pkg/lx/orderbook.go:63.45,65.3 1 0
github.com/luxfi/dex/pkg/lx/orderbook.go:68.2,68.59 1 1
github.com/luxfi/dex/pkg/lx/orderbook.go:68.59,69.82 1 1
github.com/luxfi/dex/pkg/lx/orderbook.go:69.82,71.4 1 1
github.com/luxfi/dex/pkg/lx/orderbook.go:75.2,75.37 1 0
github.com/luxfi/dex/pkg/lx/orderbook.go:75.37,77.3 1 0
github.com/luxfi/dex/pkg/lx/orderbook.go:80.2,80.18 1 0
github.com/luxfi/dex/pkg/lx/orderbook.go:204.45,240.2 10 1
github.com/luxfi/dex/pkg/lx/orderbook.go:243.41,251.17 2 1
github.com/luxfi/dex/pkg/lx/orderbook.go:251.17,254.3 2 1
github.com/luxfi/dex/pkg/lx/orderbook.go:254.8,257.3 2 1
github.com/luxfi/dex/pkg/lx/orderbook.go:258.2,260.13 2 1
github.com/luxfi/dex/pkg/lx/orderbook.go:264.52,266.19 1 1
github.com/luxfi/dex/pkg/lx/orderbook.go:266.19,269.3 2 1
github.com/luxfi/dex/pkg/lx/orderbook.go:272.2,272.24 1 1
github.com/luxfi/dex/pkg/lx/orderbook.go:272.24,274.3 1 1
github.com/luxfi/dex/pkg/lx/orderbook.go:277.2,277.30 1 1
github.com/luxfi/dex/pkg/lx/orderbook.go:277.30,279.3 1 1
github.com/luxfi/dex/pkg/lx/orderbook.go:282.2,282.48 1 1
github.com/luxfi/dex/pkg/lx/orderbook.go:282.48,285.3 2 1
github.com/luxfi/dex/pkg/lx/orderbook.go:288.2,291.26 2 1
github.com/luxfi/dex/pkg/lx/orderbook.go:291.26,293.3 1 1
github.com/luxfi/dex/pkg/lx/orderbook.go:296.2,301.26 4 1
github.com/luxfi/dex/pkg/lx/orderbook.go:301.26,303.3 1 1
github.com/luxfi/dex/pkg/lx/orderbook.go:304.2,304.54 1 1
github.com/luxfi/dex/pkg/lx/orderbook.go:304.54,307.3 2 1
github.com/luxfi/dex/pkg/lx/orderbook.go:310.2,310.58 1 1
github.com/luxfi/dex/pkg/lx/orderbook.go:310.58,311.35 1 0
github.com/luxfi/dex/pkg/lx/orderbook.go:311.35,314.4 2 0
github.com/luxfi/dex/pkg/lx/orderbook.go:318.2,325.79 3 1
github.com/luxfi/dex/pkg/lx/orderbook.go:325.79,328.65 2 1
github.com/luxfi/dex/pkg/lx/orderbook.go:328.65,331.4 2 0
github.com/luxfi/dex/pkg/lx/orderbook.go:333.3,333.72 1 1
github.com/luxfi/dex/pkg/lx/orderbook.go:333.72,336.4 1 1
github.com/luxfi/dex/pkg/lx/orderbook.go:340.2,340.77 1 1
github.com/luxfi/dex/pkg/lx/orderbook.go:340.77,341.31 1 1
github.com/luxfi/dex/pkg/lx/orderbook.go:341.31,343.4 1 1
github.com/luxfi/dex/pkg/lx/orderbook.go:346.3,347.24 2 1
github.com/luxfi/dex/pkg/lx/orderbook.go:347.24,349.4 1 1
github.com/luxfi/dex/pkg/lx/orderbook.go:349.9,351.4 1 1
github.com/luxfi/dex/pkg/lx/orderbook.go:354.3,360.39 4 1
github.com/luxfi/dex/pkg/lx/orderbook.go:360.39,362.4 1 1
github.com/luxfi/dex/pkg/lx/orderbook.go:363.3,366.33 2 1
github.com/luxfi/dex/pkg/lx/orderbook.go:366.33,368.4 1 1
github.com/luxfi/dex/pkg/lx/orderbook.go:371.3,381.5 1 1
github.com/luxfi/dex/pkg/lx/orderbook.go:386.2,386.17 1 1
github.com/luxfi/dex/pkg/lx/orderbook.go:390.47,393.2 2 1
github.com/luxfi/dex/pkg/lx/orderbook.go:396.75,402.13 4 1
github.com/luxfi/dex/pkg/lx/orderbook.go:402.13,418.23 5 1
github.com/luxfi/dex/pkg/lx/orderbook.go:418.23,420.57 2 1
github.com/luxfi/dex/pkg/lx/orderbook.go:420.57,422.5 1 1
github.com/luxfi/dex/pkg/lx/orderbook.go:423.9,425.57 2 1
github.com/luxfi/dex/pkg/lx/orderbook.go:425.57,427.5 1 1
github.com/luxfi/dex/pkg/lx/orderbook.go:432.2,437.33 4 1
github.com/luxfi/dex/pkg/lx/orderbook.go:437.33,440.3 2 1
github.com/luxfi/dex/pkg/lx/orderbook.go:440.8,444.3 3 1
github.com/luxfi/dex/pkg/lx/orderbook.go:445.2,448.29 3 1
github.com/luxfi/dex/pkg/lx/orderbook.go:448.29,450.3 1 1
github.com/luxfi/dex/pkg/lx/orderbook.go:451.2,461.37 7 1
github.com/luxfi/dex/pkg/lx/orderbook.go:465.91,467.2 1 1
github.com/luxfi/dex/pkg/lx/orderbook.go:470.50,476.13 5 1
github.com/luxfi/dex/pkg/lx/orderbook.go:476.13,478.3 1 0
github.com/luxfi/dex/pkg/lx/orderbook.go:480.2,483.28 2 1
github.com/luxfi/dex/pkg/lx/orderbook.go:483.28,485.13 2 1
github.com/luxfi/dex/pkg/lx/orderbook.go:485.13,486.24 1 1
github.com/luxfi/dex/pkg/lx/orderbook.go:486.24,488.5 1 1
github.com/luxfi/dex/pkg/lx/orderbook.go:488.10,490.5 1 1
github.com/luxfi/dex/pkg/lx/orderbook.go:492.4,492.24 1 1
github.com/luxfi/dex/pkg/lx/orderbook.go:492.24,494.5 1 1
github.com/luxfi/dex/pkg/lx/orderbook.go:494.10,496.5 1 1
github.com/luxfi/dex/pkg/lx/orderbook.go:498.4,498.43 1 1
github.com/luxfi/dex/pkg/lx/orderbook.go:503.2,503.33 1 1
github.com/luxfi/dex/pkg/lx/orderbook.go:503.33,504.23 1 1
github.com/luxfi/dex/pkg/lx/orderbook.go:504.23,506.9 2 1
github.com/luxfi/dex/pkg/lx/orderbook.go:510.2,511.29 2 1
github.com/luxfi/dex/pkg/lx/orderbook.go:511.29,513.3 1 1
github.com/luxfi/dex/pkg/lx/orderbook.go:514.2,518.27 3 1
github.com/luxfi/dex/pkg/lx/orderbook.go:518.27,523.67 3 1
github.com/luxfi/dex/pkg/lx/orderbook.go:523.67,524.47 1 1
github.com/luxfi/dex/pkg/lx/orderbook.go:524.47,526.5 1 1
github.com/luxfi/dex/pkg/lx/orderbook.go:526.10,528.5 1 1
github.com/luxfi/dex/pkg/lx/orderbook.go:529.9,529.75 1 1
github.com/luxfi/dex/pkg/lx/orderbook.go:529.75,530.47 1 1
github.com/luxfi/dex/pkg/lx/orderbook.go:530.47,532.5 1 1
github.com/luxfi/dex/pkg/lx/orderbook.go:532.10,534.5 1 1
github.com/luxfi/dex/pkg/lx/orderbook.go:538.2,544.31 4 1
github.com/luxfi/dex/pkg/lx/orderbook.go:548.46,551.23 2 1
github.com/luxfi/dex/pkg/lx/orderbook.go:551.23,554.3 1 1
github.com/luxfi/dex/pkg/lx/orderbook.go:556.2,560.70 4 1
github.com/luxfi/dex/pkg/lx/orderbook.go:560.70,563.3 1 1
github.com/luxfi/dex/pkg/lx/orderbook.go:566.2,569.33 3 1
github.com/luxfi/dex/pkg/lx/orderbook.go:569.33,571.3 1 1
github.com/luxfi/dex/pkg/lx/orderbook.go:574.2,574.27 1 0
github.com/luxfi/dex/pkg/lx/orderbook.go:574.27,576.3 1 0
github.com/luxfi/dex/pkg/lx/orderbook.go:578.2,578.12 1 0
github.com/luxfi/dex/pkg/lx/orderbook.go:582.53,583.31 1 1
github.com/luxfi/dex/pkg/lx/orderbook.go:583.31,588.14 4 1
github.com/luxfi/dex/pkg/lx/orderbook.go:588.14,590.12 2 1
github.com/luxfi/dex/pkg/lx/orderbook.go:593.3,594.28 2 1
github.com/luxfi/dex/pkg/lx/orderbook.go:594.28,597.63 3 1
github.com/luxfi/dex/pkg/lx/orderbook.go:597.63,599.5 1 1
github.com/luxfi/dex/pkg/lx/orderbook.go:600.9,602.4 1 0
github.com/luxfi/dex/pkg/lx/orderbook.go:604.3,604.27 1 1
github.com/luxfi/dex/pkg/lx/orderbook.go:606.2,606.12 1 1
github.com/luxfi/dex/pkg/lx/orderbook.go:610.67,613.48 2 1
github.com/luxfi/dex/pkg/lx/orderbook.go:613.48,615.3 1 0
github.com/luxfi/dex/pkg/lx/orderbook.go:617.2,618.23 2 1
github.com/luxfi/dex/pkg/lx/orderbook.go:618.23,620.3 1 1
github.com/luxfi/dex/pkg/lx/orderbook.go:620.8,622.3 1 1
github.com/luxfi/dex/pkg/lx/orderbook.go:624.2,624.30 1 1
github.com/luxfi/dex/pkg/lx/orderbook.go:624.30,626.23 2 1
github.com/luxfi/dex/pkg/lx/orderbook.go:626.23,627.9 1 1
github.com/luxfi/dex/pkg/lx/orderbook.go:631.3,631.26 1 1
github.com/luxfi/dex/pkg/lx/orderbook.go:631.26,632.58 1 1
github.com/luxfi/dex/pkg/lx/orderbook.go:632.58,633.10 1 1
github.com/luxfi/dex/pkg/lx/orderbook.go:635.4,635.59 1 1
github.com/luxfi/dex/pkg/lx/orderbook.go:635.59,636.10 1 1
github.com/luxfi/dex/pkg/lx/orderbook.go:641.3,641.55 1 1
github.com/luxfi/dex/pkg/lx/orderbook.go:641.55,645.12 4 0
github.com/luxfi/dex/pkg/lx/orderbook.go:649.3,651.34 3 1
github.com/luxfi/dex/pkg/lx/orderbook.go:651.34,653.4 1 1
github.com/luxfi/dex/pkg/lx/orderbook.go:654.3,669.34 6 1
github.com/luxfi/dex/pkg/lx/orderbook.go:669.34,671.4 1 1
github.com/luxfi/dex/pkg/lx/orderbook.go:672.3,675.31 2 1
github.com/luxfi/dex/pkg/lx/orderbook.go:675.31,677.4 1 1
github.com/luxfi/dex/pkg/lx/orderbook.go:677.9,679.4 1 1
github.com/luxfi/dex/pkg/lx/orderbook.go:681.3,681.113 1 1
github.com/luxfi/dex/pkg/lx/orderbook.go:681.113,686.4 4 1
github.com/luxfi/dex/pkg/lx/orderbook.go:686.9,688.4 1 1
github.com/luxfi/dex/pkg/lx/orderbook.go:691.3,692.29 2 1
github.com/luxfi/dex/pkg/lx/orderbook.go:692.29,694.4 1 1
github.com/luxfi/dex/pkg/lx/orderbook.go:697.3,697.30 1 1
github.com/luxfi/dex/pkg/lx/orderbook.go:697.30,699.4 1 0
github.com/luxfi/dex/pkg/lx/orderbook.go:701.3,701.14 1 1
github.com/luxfi/dex/pkg/lx/orderbook.go:704.2,704.18 1 1
github.com/luxfi/dex/pkg/lx/orderbook.go:708.71,716.30 5 1
github.com/luxfi/dex/pkg/lx/orderbook.go:716.30,718.3 1 0
github.com/luxfi/dex/pkg/lx/orderbook.go:719.2,719.17 1 1
github.com/luxfi/dex/pkg/lx/orderbook.go:723.68,725.2 1 0
github.com/luxfi/dex/pkg/lx/orderbook.go:728.44,737.6 5 1
github.com/luxfi/dex/pkg/lx/orderbook.go:737.6,742.39 3 1
github.com/luxfi/dex/pkg/lx/orderbook.go:742.39,743.9 1 1
github.com/luxfi/dex/pkg/lx/orderbook.go:747.3,747.36 1 1
github.com/luxfi/dex/pkg/lx/orderbook.go:747.36,748.9 1 0
github.com/luxfi/dex/pkg/lx/orderbook.go:752.3,752.57 1 1
github.com/luxfi/dex/pkg/lx/orderbook.go:752.57,754.35 1 0
github.com/luxfi/dex/pkg/lx/orderbook.go:754.35,756.13 2 0
github.com/luxfi/dex/pkg/lx/orderbook.go:757.10,759.13 2 0
github.com/luxfi/dex/pkg/lx/orderbook.go:764.3,771.50 6 1
github.com/luxfi/dex/pkg/lx/orderbook.go:771.50,774.4 2 0
github.com/luxfi/dex/pkg/lx/orderbook.go:774.9,777.4 2 1
github.com/luxfi/dex/pkg/lx/orderbook.go:788.3,804.37 5 1
github.com/luxfi/dex/pkg/lx/orderbook.go:804.37,808.4 3 0
github.com/luxfi/dex/pkg/lx/orderbook.go:808.9,810.4 1 1
github.com/luxfi/dex/pkg/lx/orderbook.go:812.3,812.37 1 1
github.com/luxfi/dex/pkg/lx/orderbook.go:812.37,815.33 3 1
github.com/luxfi/dex/pkg/lx/orderbook.go:815.33,817.5 1 0
github.com/luxfi/dex/pkg/lx/orderbook.go:818.9,820.4 1 0
github.com/luxfi/dex/pkg/lx/orderbook.go:822.3,826.30 3 1
github.com/luxfi/dex/pkg/lx/orderbook.go:826.30,828.4 1 0
github.com/luxfi/dex/pkg/lx/orderbook.go:832.2,832.41 1 1
github.com/luxfi/dex/pkg/lx/orderbook.go:832.41,834.3 1 1
github.com/luxfi/dex/pkg/lx/orderbook.go:835.2,835.15 1 0
github.com/luxfi/dex/pkg/lx/orderbook.go:839.56,840.46 1 1
github.com/luxfi/dex/pkg/lx/orderbook.go:840.46,842.3 1 1
github.com/luxfi/dex/pkg/lx/orderbook.go:843.2,843.21 1 1
github.com/luxfi/dex/pkg/lx/orderbook.go:843.21,845.3 1 1
github.com/luxfi/dex/pkg/lx/orderbook.go:846.2,846.12 1 1
github.com/luxfi/dex/pkg/lx/orderbook.go:849.56,851.23 2 1
github.com/luxfi/dex/pkg/lx/orderbook.go:851.23,853.3 1 1
github.com/luxfi/dex/pkg/lx/orderbook.go:853.8,855.3 1 1
github.com/luxfi/dex/pkg/lx/orderbook.go:857.2,858.22 2 1
github.com/luxfi/dex/pkg/lx/orderbook.go:858.22,860.3 1 1
github.com/luxfi/dex/pkg/lx/orderbook.go:863.2,864.21 2 1
github.com/luxfi/dex/pkg/lx/orderbook.go:864.21,866.3 1 1
github.com/luxfi/dex/pkg/lx/orderbook.go:868.2,869.20 2 1
github.com/luxfi/dex/pkg/lx/orderbook.go:869.20,871.3 1 1
github.com/luxfi/dex/pkg/lx/orderbook.go:873.2,873.46 1 1
github.com/luxfi/dex/pkg/lx/orderbook.go:873.46,874.58 1 1
github.com/luxfi/dex/pkg/lx/orderbook.go:874.58,876.4 1 1
github.com/luxfi/dex/pkg/lx/orderbook.go:877.3,877.59 1 1
github.com/luxfi/dex/pkg/lx/orderbook.go:877.59,879.4 1 1
github.com/luxfi/dex/pkg/lx/orderbook.go:882.2,882.14 1 1
github.com/luxfi/dex/pkg/lx/orderbook.go:885.60,887.23 2 1
github.com/luxfi/dex/pkg/lx/orderbook.go:887.23,889.3 1 0
github.com/luxfi/dex/pkg/lx/orderbook.go:889.8,891.3 1 1
github.com/luxfi/dex/pkg/lx/orderbook.go:893.2,894.22 2 1
github.com/luxfi/dex/pkg/lx/orderbook.go:894.22,896.3 1 0
github.com/luxfi/dex/pkg/lx/orderbook.go:898.2,898.57 1 1
github.com/luxfi/dex/pkg/lx/orderbook.go:898.57,900.3 1 0
github.com/luxfi/dex/pkg/lx/orderbook.go:901.2,901.58 1 1
github.com/luxfi/dex/pkg/lx/orderbook.go:901.58,903.3 1 1
github.com/luxfi/dex/pkg/lx/orderbook.go:905.2,905.14 1 1
github.com/luxfi/dex/pkg/lx/orderbook.go:908.56,910.23 2 1
github.com/luxfi/dex/pkg/lx/orderbook.go:910.23,912.3 1 1
github.com/luxfi/dex/pkg/lx/orderbook.go:912.8,914.3 1 1
github.com/luxfi/dex/pkg/lx/orderbook.go:918.56,923.13 4 1
github.com/luxfi/dex/pkg/lx/orderbook.go:923.13,925.3 1 1
github.com/luxfi/dex/pkg/lx/orderbook.go:927.2,927.61 1 1
github.com/luxfi/dex/pkg/lx/orderbook.go:927.61,929.3 1 1
github.com/luxfi/dex/pkg/lx/orderbook.go:931.2,932.12 2 1
github.com/luxfi/dex/pkg/lx/orderbook.go:936.83,941.13 4 1
github.com/luxfi/dex/pkg/lx/orderbook.go:941.13,943.3 1 1
github.com/luxfi/dex/pkg/lx/orderbook.go:945.2,945.61 1 1
github.com/luxfi/dex/pkg/lx/orderbook.go:945.61,947.3 1 0
github.com/luxfi/dex/pkg/lx/orderbook.go:950.2,950.23 1 1
github.com/luxfi/dex/pkg/lx/orderbook.go:950.23,952.3 1 1
github.com/luxfi/dex/pkg/lx/orderbook.go:952.8,954.3 1 0
github.com/luxfi/dex/pkg/lx/orderbook.go:957.2,962.23 4 1
github.com/luxfi/dex/pkg/lx/orderbook.go:962.23,964.3 1 1
github.com/luxfi/dex/pkg/lx/orderbook.go:964.8,966.3 1 0
github.com/luxfi/dex/pkg/lx/orderbook.go:968.2,968.12 1 1
github.com/luxfi/dex/pkg/lx/orderbook.go:972.54,976.49 3 0
github.com/luxfi/dex/pkg/lx/orderbook.go:976.49,978.3 1 0
github.com/luxfi/dex/pkg/lx/orderbook.go:981.2,981.55 1 0
github.com/luxfi/dex/pkg/lx/orderbook.go:981.55,982.36 1 0
github.com/luxfi/dex/pkg/lx/orderbook.go:982.36,984.4 1 0
github.com/luxfi/dex/pkg/lx/orderbook.go:987.2,987.12 1 0
github.com/luxfi/dex/pkg/lx/orderbook.go:991.42,996.34 4 1
github.com/luxfi/dex/pkg/lx/orderbook.go:996.34,998.3 1 1
github.com/luxfi/dex/pkg/lx/orderbook.go:999.2,999.15 1 1
github.com/luxfi/dex/pkg/lx/orderbook.go:1003.55,1012.34 6 1
github.com/luxfi/dex/pkg/lx/orderbook.go:1012.34,1017.3 1 1
github.com/luxfi/dex/pkg/lx/orderbook.go:1019.2,1020.34 2 1
github.com/luxfi/dex/pkg/lx/orderbook.go:1020.34,1025.3 1 1
github.com/luxfi/dex/pkg/lx/orderbook.go:1027.2,1033.3 1 1
github.com/luxfi/dex/pkg/lx/orderbook.go:1037.59,1048.2 3 1
github.com/luxfi/dex/pkg/lx/orderbook.go:1050.58,1056.16 4 1
github.com/luxfi/dex/pkg/lx/orderbook.go:1056.16,1058.3 1 0
github.com/luxfi/dex/pkg/lx/orderbook.go:1060.2,1064.41 3 1
github.com/luxfi/dex/pkg/lx/orderbook.go:1064.41,1065.27 1 1
github.com/luxfi/dex/pkg/lx/orderbook.go:1065.27,1067.4 1 1
github.com/luxfi/dex/pkg/lx/orderbook.go:1071.2,1071.22 1 1
github.com/luxfi/dex/pkg/lx/orderbook.go:1071.22,1073.3 1 1
github.com/luxfi/dex/pkg/lx/orderbook.go:1073.8,1075.3 1 1
github.com/luxfi/dex/pkg/lx/orderbook.go:1078.2,1078.31 1 1
github.com/luxfi/dex/pkg/lx/orderbook.go:1078.31,1079.30 1 1
github.com/luxfi/dex/pkg/lx/orderbook.go:1079.30,1080.9 1 1
github.com/luxfi/dex/pkg/lx/orderbook.go:1082.3,1083.58 2 1
github.com/luxfi/dex/pkg/lx/orderbook.go:1083.58,1089.4 1 1
github.com/luxfi/dex/pkg/lx/orderbook.go:1092.2,1092.15 1 1
github.com/luxfi/dex/pkg/lx/orderbook.go:1096.63,1111.2 6 0
github.com/luxfi/dex/pkg/lx/orderbook.go:1113.54,1121.41 5 0
github.com/luxfi/dex/pkg/lx/orderbook.go:1121.41,1122.27 1 0
github.com/luxfi/dex/pkg/lx/orderbook.go:1122.27,1124.4 1 0
github.com/luxfi/dex/pkg/lx/orderbook.go:1127.2,1127.22 1 0
github.com/luxfi/dex/pkg/lx/orderbook.go:1127.22,1129.3 1 0
github.com/luxfi/dex/pkg/lx/orderbook.go:1129.8,1131.3 1 0
github.com/luxfi/dex/pkg/lx/orderbook.go:1134.2,1134.31 1 0
github.com/luxfi/dex/pkg/lx/orderbook.go:1134.31,1136.58 2 0
github.com/luxfi/dex/pkg/lx/orderbook.go:1136.58,1138.39 2 0
github.com/luxfi/dex/pkg/lx/orderbook.go:1138.39,1139.64 1 0
github.com/luxfi/dex/pkg/lx/orderbook.go:1139.64,1141.33 2 0
github.com/luxfi/dex/pkg/lx/orderbook.go:1141.33,1143.7 1 0
github.com/luxfi/dex/pkg/lx/orderbook.go:1144.6,1150.8 1 0
github.com/luxfi/dex/pkg/lx/orderbook.go:1153.4,1153.22 1 0
github.com/luxfi/dex/pkg/lx/orderbook.go:1157.2,1157.15 1 0
github.com/luxfi/dex/pkg/lx/orderbook.go:1161.43,1163.2 1 1
github.com/luxfi/dex/pkg/lx/orderbook.go:1166.43,1168.2 1 1
github.com/luxfi/dex/pkg/lx/orderbook.go:1171.43,1173.17 2 1
github.com/luxfi/dex/pkg/lx/orderbook.go:1173.17,1175.3 1 0
github.com/luxfi/dex/pkg/lx/orderbook.go:1176.2,1177.23 2 1
github.com/luxfi/dex/pkg/lx/orderbook.go:1177.23,1179.3 1 1
github.com/luxfi/dex/pkg/lx/orderbook.go:1180.2,1180.48 1 1
github.com/luxfi/dex/pkg/lx/orderbook.go:1184.43,1186.17 2 1
github.com/luxfi/dex/pkg/lx/orderbook.go:1186.17,1188.3 1 0
github.com/luxfi/dex/pkg/lx/orderbook.go:1189.2,1190.23 2 1
github.com/luxfi/dex/pkg/lx/orderbook.go:1190.23,1192.3 1 1
github.com/luxfi/dex/pkg/lx/orderbook.go:1193.2,1193.48 1 1
github.com/luxfi/dex/pkg/lx/orderbook.go:1197.56,1202.2 1 1
github.com/luxfi/dex/pkg/lx/orderbook.go:1204.42,1205.20 1 1
github.com/luxfi/dex/pkg/lx/orderbook.go:1205.20,1212.3 2 1
github.com/luxfi/dex/pkg/lx/orderbook.go:1215.2,1215.32 1 1
github.com/luxfi/dex/pkg/lx/orderbook.go:1218.42,1220.64 1 1
github.com/luxfi/dex/pkg/lx/orderbook.go:1220.64,1222.3 1 1
github.com/luxfi/dex/pkg/lx/orderbook.go:1225.36,1226.38 1 1
github.com/luxfi/dex/pkg/lx/orderbook.go:1226.38,1228.3 1 1
github.com/luxfi/dex/pkg/lx/orderbook.go:1230.2,1230.24 1 1
github.com/luxfi/dex/pkg/lx/orderbook.go:1233.36,1234.38 1 1
github.com/luxfi/dex/pkg/lx/orderbook.go:1234.38,1236.3 1 1
github.com/luxfi/dex/pkg/lx/orderbook.go:1238.2,1238.34 1 1
github.com/luxfi/dex/pkg/lx/orderbook.go:1241.69,1243.17 1 1
github.com/luxfi/dex/pkg/lx/orderbook.go:1243.17,1247.68 3 1
github.com/luxfi/dex/pkg/lx/orderbook.go:1247.68,1249.4 1 1
github.com/luxfi/dex/pkg/lx/orderbook.go:1254.50,1261.40 5 1
github.com/luxfi/dex/pkg/lx/orderbook.go:1261.40,1263.3 1 1
github.com/luxfi/dex/pkg/lx/orderbook.go:1263.8,1265.3 1 0
github.com/luxfi/dex/pkg/lx/orderbook.go:1268.62,1272.27 3 0
github.com/luxfi/dex/pkg/lx/orderbook.go:1272.27,1274.3 1 0
github.com/luxfi/dex/pkg/lx/orderbook.go:1276.2,1279.29 3 0
github.com/luxfi/dex/pkg/lx/orderbook.go:1279.29,1282.3 2 0
github.com/luxfi/dex/pkg/lx/orderbook.go:1284.2,1284.15 1 0
github.com/luxfi/dex/pkg/lx/orderbook.go:1295.43,1295.60 1 1
github.com/luxfi/dex/pkg/lx/orderbook.go:1296.43,1296.65 1 1
github.com/luxfi/dex/pkg/lx/orderbook.go:1297.43,1297.70 1 1
github.com/luxfi/dex/pkg/lx/orderbook.go:1298.38,1299.16 1 1
github.com/luxfi/dex/pkg/lx/orderbook.go:1299.16,1301.3 1 1
github.com/luxfi/dex/pkg/lx/orderbook.go:1302.2,1302.10 1 0
github.com/luxfi/dex/pkg/lx/orderbook.go:1305.44,1307.2 1 1
github.com/luxfi/dex/pkg/lx/orderbook.go:1309.42,1315.2 5 1
github.com/luxfi/dex/pkg/lx/orderbook.go:1319.43,1319.60 1 1
github.com/luxfi/dex/pkg/lx/orderbook.go:1320.43,1320.65 1 1
github.com/luxfi/dex/pkg/lx/orderbook.go:1321.43,1321.70 1 1
github.com/luxfi/dex/pkg/lx/orderbook.go:1322.38,1323.16 1 1
github.com/luxfi/dex/pkg/lx/orderbook.go:1323.16,1325.3 1 1
github.com/luxfi/dex/pkg/lx/orderbook.go:1326.2,1326.10 1 0
github.com/luxfi/dex/pkg/lx/orderbook.go:1329.44,1331.2 1 1
github.com/luxfi/dex/pkg/lx/orderbook.go:1333.42,1339.2 5 1
github.com/luxfi/dex/pkg/lx/orderbook.go:1342.58,1346.2 3 0
github.com/luxfi/dex/pkg/lx/orderbook.go:1349.60,1352.37 3 0
github.com/luxfi/dex/pkg/lx/orderbook.go:1352.37,1353.16 1 0
github.com/luxfi/dex/pkg/lx/orderbook.go:1353.16,1355.9 2 0
github.com/luxfi/dex/pkg/lx/orderbook.go:1361.61,1364.36 3 1
github.com/luxfi/dex/pkg/lx/orderbook.go:1364.36,1365.10 1 0
github.com/luxfi/dex/pkg/lx/orderbook.go:1366.21,1366.21 0 0
github.com/luxfi/dex/pkg/lx/orderbook.go:1367.11,1367.11 0 0
github.com/luxfi/dex/pkg/lx/orderbook.go:1374.30,1390.2 14 1
github.com/luxfi/dex/pkg/lx/orderbook_advanced.go:111.30,111.47 1 1
github.com/luxfi/dex/pkg/lx/orderbook_advanced.go:112.40,115.22 1 0
github.com/luxfi/dex/pkg/lx/orderbook_advanced.go:115.22,116.31 1 0
github.com/luxfi/dex/pkg/lx/orderbook_advanced.go:116.31,118.4 1 0
github.com/luxfi/dex/pkg/lx/orderbook_advanced.go:119.8,120.31 1 0
github.com/luxfi/dex/pkg/lx/orderbook_advanced.go:120.31,122.4 1 0
github.com/luxfi/dex/pkg/lx/orderbook_advanced.go:125.2,125.48 1 0
github.com/luxfi/dex/pkg/lx/orderbook_advanced.go:127.35,127.62 1 0
github.com/luxfi/dex/pkg/lx/orderbook_advanced.go:128.41,130.2 1 1
github.com/luxfi/dex/pkg/lx/orderbook_advanced.go:131.39,137.2 5 1
github.com/luxfi/dex/pkg/lx/orderbook_advanced.go:140.61,162.2 5 1
github.com/luxfi/dex/pkg/lx/orderbook_advanced.go:165.80,170.50 3 1
github.com/luxfi/dex/pkg/lx/orderbook_advanced.go:170.50,173.3 2 0
github.com/luxfi/dex/pkg/lx/orderbook_advanced.go:176.2,183.20 6 1
github.com/luxfi/dex/pkg/lx/orderbook_advanced.go:184.14,185.40 1 1
github.com/luxfi/dex/pkg/lx/orderbook_advanced.go:186.13,187.39 1 1
github.com/luxfi/dex/pkg/lx/orderbook_advanced.go:188.23,189.33 1 1
github.com/luxfi/dex/pkg/lx/orderbook_advanced.go:190.15,191.41 1 1
github.com/luxfi/dex/pkg/lx/orderbook_advanced.go:192.11,193.40 1 0
github.com/luxfi/dex/pkg/lx/orderbook_advanced.go:194.15,195.41 1 0
github.com/luxfi/dex/pkg/lx/orderbook_advanced.go:196.10,197.67 1 0
github.com/luxfi/dex/pkg/lx/orderbook_advanced.go:202.90,206.23 3 1
github.com/luxfi/dex/pkg/lx/orderbook_advanced.go:206.23,208.3 1 0
github.com/luxfi/dex/pkg/lx/orderbook_advanced.go:208.8,210.3 1 1
github.com/luxfi/dex/pkg/lx/orderbook_advanced.go:213.2,213.56 1 1
github.com/luxfi/dex/pkg/lx/orderbook_advanced.go:213.56,217.23 2 1
github.com/luxfi/dex/pkg/lx/orderbook_advanced.go:217.23,219.12 2 0
github.com/luxfi/dex/pkg/lx/orderbook_advanced.go:223.3,227.35 3 1
github.com/luxfi/dex/pkg/lx/orderbook_advanced.go:227.35,231.4 3 0
github.com/luxfi/dex/pkg/lx/orderbook_advanced.go:233.3,233.31 1 1
github.com/luxfi/dex/pkg/lx/orderbook_advanced.go:233.31,235.9 2 1
github.com/luxfi/dex/pkg/lx/orderbook_advanced.go:240.2,240.29 1 1
github.com/luxfi/dex/pkg/lx/orderbook_advanced.go:240.29,242.3 1 0
github.com/luxfi/dex/pkg/lx/orderbook_advanced.go:244.2,245.20 2 1
github.com/luxfi/dex/pkg/lx/orderbook_advanced.go:249.89,254.74 3 1
github.com/luxfi/dex/pkg/lx/orderbook_advanced.go:254.74,256.3 1 0
github.com/luxfi/dex/pkg/lx/orderbook_advanced.go:256.8,256.82 1 1
github.com/luxfi/dex/pkg/lx/orderbook_advanced.go:256.82,258.3 1 0
github.com/luxfi/dex/pkg/lx/orderbook_advanced.go:261.2,261.32 1 1
github.com/luxfi/dex/pkg/lx/orderbook_advanced.go:261.32,264.3 2 0
github.com/luxfi/dex/pkg/lx/orderbook_advanced.go:267.2,267.14 1 1
github.com/luxfi/dex/pkg/lx/orderbook_advanced.go:267.14,269.3 1 0
github.com/luxfi/dex/pkg/lx/orderbook_advanced.go:272.2,272.29 1 1
github.com/luxfi/dex/pkg/lx/orderbook_advanced.go:272.29,273.35 1 1
github.com/luxfi/dex/pkg/lx/orderbook_advanced.go:273.35,275.4 1 0
github.com/luxfi/dex/pkg/lx/orderbook_advanced.go:275.9,275.78 1 1
github.com/luxfi/dex/pkg/lx/orderbook_advanced.go:275.78,281.4 4 0
github.com/luxfi/dex/pkg/lx/orderbook_advanced.go:281.9,283.4 1 1
github.com/luxfi/dex/pkg/lx/orderbook_advanced.go:286.2,289.20 3 1
github.com/luxfi/dex/pkg/lx/orderbook_advanced.go:293.83,299.35 4 1
github.com/luxfi/dex/pkg/lx/orderbook_advanced.go:299.35,301.3 1 0
github.com/luxfi/dex/pkg/lx/orderbook_advanced.go:303.2,303.17 1 1
github.com/luxfi/dex/pkg/lx/orderbook_advanced.go:307.91,322.2 5 1
github.com/luxfi/dex/pkg/lx/orderbook_advanced.go:325.90,332.29 4 0
github.com/luxfi/dex/pkg/lx/orderbook_advanced.go:332.29,334.3 1 0
github.com/luxfi/dex/pkg/lx/orderbook_advanced.go:336.2,336.20 1 0
github.com/luxfi/dex/pkg/lx/orderbook_advanced.go:340.90,342.23 1 0
github.com/luxfi/dex/pkg/lx/orderbook_advanced.go:342.23,344.3 1 0
github.com/luxfi/dex/pkg/lx/orderbook_advanced.go:344.8,346.3 1 0
github.com/luxfi/dex/pkg/lx/orderbook_advanced.go:348.2,348.38 1 0
github.com/luxfi/dex/pkg/lx/orderbook_advanced.go:352.91,354.24 1 0
github.com/luxfi/dex/pkg/lx/orderbook_advanced.go:354.24,356.3 1 0
github.com/luxfi/dex/pkg/lx/orderbook_advanced.go:356.8,358.3 1 0
github.com/luxfi/dex/pkg/lx/orderbook_advanced.go:360.2,361.32 2 0
github.com/luxfi/dex/pkg/lx/orderbook_advanced.go:365.73,369.23 3 0
github.com/luxfi/dex/pkg/lx/orderbook_advanced.go:369.23,371.3 1 0
github.com/luxfi/dex/pkg/lx/orderbook_advanced.go:371.8,373.3 1 0
github.com/luxfi/dex/pkg/lx/orderbook_advanced.go:375.2,375.56 1 0
github.com/luxfi/dex/pkg/lx/orderbook_advanced.go:375.56,379.26 2 0
github.com/luxfi/dex/pkg/lx/orderbook_advanced.go:379.26,380.58 1 0
github.com/luxfi/dex/pkg/lx/orderbook_advanced.go:380.58,381.10 1 0
github.com/luxfi/dex/pkg/lx/orderbook_advanced.go:383.4,383.59 1 0
github.com/luxfi/dex/pkg/lx/orderbook_advanced.go:383.59,384.10 1 0
github.com/luxfi/dex/pkg/lx/orderbook_advanced.go:389.3,389.63 1 0
github.com/luxfi/dex/pkg/lx/orderbook_advanced.go:389.63,391.12 2 0
github.com/luxfi/dex/pkg/lx/orderbook_advanced.go:395.3,399.35 3 0
github.com/luxfi/dex/pkg/lx/orderbook_advanced.go:399.35,405.67 4 0
github.com/luxfi/dex/pkg/lx/orderbook_advanced.go:405.67,407.5 1 0
github.com/luxfi/dex/pkg/lx/orderbook_advanced.go:411.2,411.15 1 0
github.com/luxfi/dex/pkg/lx/orderbook_advanced.go:415.80,434.30 13 1
github.com/luxfi/dex/pkg/lx/orderbook_advanced.go:434.30,436.3 1 1
github.com/luxfi/dex/pkg/lx/orderbook_advanced.go:436.8,438.3 1 0
github.com/luxfi/dex/pkg/lx/orderbook_advanced.go:440.2,440.30 1 1
github.com/luxfi/dex/pkg/lx/orderbook_advanced.go:440.30,442.3 1 0
github.com/luxfi/dex/pkg/lx/orderbook_advanced.go:442.8,444.3 1 1
github.com/luxfi/dex/pkg/lx/orderbook_advanced.go:447.2,456.24 2 1
github.com/luxfi/dex/pkg/lx/orderbook_advanced.go:456.24,459.3 2 1
github.com/luxfi/dex/pkg/lx/orderbook_advanced.go:462.2,474.14 8 1
github.com/luxfi/dex/pkg/lx/orderbook_advanced.go:478.64,481.23 2 1
github.com/luxfi/dex/pkg/lx/orderbook_advanced.go:481.23,484.19 3 1
github.com/luxfi/dex/pkg/lx/orderbook_advanced.go:484.19,491.4 2 1
github.com/luxfi/dex/pkg/lx/orderbook_advanced.go:492.3,502.50 3 1
github.com/luxfi/dex/pkg/lx/orderbook_advanced.go:503.8,506.19 3 0
github.com/luxfi/dex/pkg/lx/orderbook_advanced.go:506.19,513.4 2 0
github.com/luxfi/dex/pkg/lx/orderbook_advanced.go:514.3,524.50 3 0
github.com/luxfi/dex/pkg/lx/orderbook_advanced.go:527.2,527.26 1 1
github.com/luxfi/dex/pkg/lx/orderbook_advanced.go:531.66,536.13 4 1
github.com/luxfi/dex/pkg/lx/orderbook_advanced.go:536.13,538.60 1 0
github.com/luxfi/dex/pkg/lx/orderbook_advanced.go:538.60,542.4 3 0
github.com/luxfi/dex/pkg/lx/orderbook_advanced.go:543.3,543.39 1 0
github.com/luxfi/dex/pkg/lx/orderbook_advanced.go:546.2,561.12 10 1
github.com/luxfi/dex/pkg/lx/orderbook_advanced.go:565.93,570.13 4 1
github.com/luxfi/dex/pkg/lx/orderbook_advanced.go:570.13,572.3 1 0
github.com/luxfi/dex/pkg/lx/orderbook_advanced.go:575.2,589.12 9 1
github.com/luxfi/dex/pkg/lx/orderbook_advanced.go:593.69,595.23 1 1
github.com/luxfi/dex/pkg/lx/orderbook_advanced.go:595.23,596.35 1 1
github.com/luxfi/dex/pkg/lx/orderbook_advanced.go:596.35,597.24 1 1
github.com/luxfi/dex/pkg/lx/orderbook_advanced.go:597.24,599.10 2 1
github.com/luxfi/dex/pkg/lx/orderbook_advanced.go:603.3,603.57 1 1
github.com/luxfi/dex/pkg/lx/orderbook_advanced.go:603.57,605.35 2 1
github.com/luxfi/dex/pkg/lx/orderbook_advanced.go:605.35,606.25 1 1
github.com/luxfi/dex/pkg/lx/orderbook_advanced.go:606.25,608.11 2 1
github.com/luxfi/dex/pkg/lx/orderbook_advanced.go:611.4,611.30 1 1
github.com/luxfi/dex/pkg/lx/orderbook_advanced.go:611.30,613.5 1 1
github.com/luxfi/dex/pkg/lx/orderbook_advanced.go:615.8,616.35 1 0
github.com/luxfi/dex/pkg/lx/orderbook_advanced.go:616.35,617.24 1 0
github.com/luxfi/dex/pkg/lx/orderbook_advanced.go:617.24,619.10 2 0
github.com/luxfi/dex/pkg/lx/orderbook_advanced.go:623.3,623.57 1 0
github.com/luxfi/dex/pkg/lx/orderbook_advanced.go:623.57,625.35 2 0
github.com/luxfi/dex/pkg/lx/orderbook_advanced.go:625.35,626.25 1 0
github.com/luxfi/dex/pkg/lx/orderbook_advanced.go:626.25,628.11 2 0
github.com/luxfi/dex/pkg/lx/orderbook_advanced.go:631.4,631.30 1 0
github.com/luxfi/dex/pkg/lx/orderbook_advanced.go:631.30,633.5 1 0
github.com/luxfi/dex/pkg/lx/orderbook_advanced.go:639.62,640.40 1 1
github.com/luxfi/dex/pkg/lx/orderbook_advanced.go:640.40,641.36 1 0
github.com/luxfi/dex/pkg/lx/orderbook_advanced.go:641.36,643.4 1 0
github.com/luxfi/dex/pkg/lx/orderbook_advanced.go:648.77,649.23 1 1
github.com/luxfi/dex/pkg/lx/orderbook_advanced.go:649.23,651.3 1 1
github.com/luxfi/dex/pkg/lx/orderbook_advanced.go:652.2,652.42 1 0
github.com/luxfi/dex/pkg/lx/orderbook_advanced.go:656.83,659.24 2 0
github.com/luxfi/dex/pkg/lx/orderbook_advanced.go:659.24,661.3 1 0
github.com/luxfi/dex/pkg/lx/orderbook_advanced.go:661.8,663.3 1 0
github.com/luxfi/dex/pkg/lx/orderbook_advanced.go:665.2,665.29 1 0
github.com/luxfi/dex/pkg/lx/orderbook_advanced.go:669.71,670.40 1 1
github.com/luxfi/dex/pkg/lx/orderbook_advanced.go:670.40,671.28 1 0
github.com/luxfi/dex/pkg/lx/orderbook_advanced.go:671.28,672.12 1 0
github.com/luxfi/dex/pkg/lx/orderbook_advanced.go:675.3,675.25 1 0
github.com/luxfi/dex/pkg/lx/orderbook_advanced.go:675.25,677.33 2 0
github.com/luxfi/dex/pkg/lx/orderbook_advanced.go:677.33,679.5 1 0
github.com/luxfi/dex/pkg/lx/orderbook_advanced.go:680.9,682.33 2 0
github.com/luxfi/dex/pkg/lx/orderbook_advanced.go:682.33,684.5 1 0
github.com/luxfi/dex/pkg/lx/orderbook_advanced.go:690.90,691.32 1 0
github.com/luxfi/dex/pkg/lx/orderbook_advanced.go:691.32,693.3 1 0
github.com/luxfi/dex/pkg/lx/orderbook_advanced.go:695.2,707.27 10 0
github.com/luxfi/dex/pkg/lx/orderbook_advanced.go:711.51,712.28 1 1
github.com/luxfi/dex/pkg/lx/orderbook_advanced.go:712.28,714.3 1 1
github.com/luxfi/dex/pkg/lx/orderbook_advanced.go:714.8,716.3 1 1
github.com/luxfi/dex/pkg/lx/orderbook_advanced.go:718.2,718.28 1 1
github.com/luxfi/dex/pkg/lx/orderbook_advanced.go:718.28,720.3 1 0
github.com/luxfi/dex/pkg/lx/orderbook_advanced.go:720.8,722.3 1 1
github.com/luxfi/dex/pkg/lx/orderbook_advanced.go:726.74,727.21 1 1
github.com/luxfi/dex/pkg/lx/orderbook_advanced.go:727.21,729.3 1 0
github.com/luxfi/dex/pkg/lx/orderbook_advanced.go:731.2,731.45 1 1
github.com/luxfi/dex/pkg/lx/orderbook_advanced.go:731.45,733.3 1 0
github.com/luxfi/dex/pkg/lx/orderbook_advanced.go:736.2,738.66 3 1
github.com/luxfi/dex/pkg/lx/orderbook_advanced.go:738.66,740.3 1 0
github.com/luxfi/dex/pkg/lx/orderbook_advanced.go:743.2,744.73 2 1
github.com/luxfi/dex/pkg/lx/orderbook_advanced.go:744.73,746.3 1 0
github.com/luxfi/dex/pkg/lx/orderbook_advanced.go:749.2,749.68 1 1
github.com/luxfi/dex/pkg/lx/orderbook_advanced.go:749.68,751.3 1 0
github.com/luxfi/dex/pkg/lx/orderbook_advanced.go:753.2,753.12 1 1
github.com/luxfi/dex/pkg/lx/orderbook_advanced.go:757.77,760.23 2 0
github.com/luxfi/dex/pkg/lx/orderbook_advanced.go:760.23,761.35 1 0
github.com/luxfi/dex/pkg/lx/orderbook_advanced.go:761.35,762.54 1 0
github.com/luxfi/dex/pkg/lx/orderbook_advanced.go:762.54,764.36 2 0
github.com/luxfi/dex/pkg/lx/orderbook_advanced.go:764.36,766.6 1 0
github.com/luxfi/dex/pkg/lx/orderbook_advanced.go:769.8,770.35 1 0
github.com/luxfi/dex/pkg/lx/orderbook_advanced.go:770.35,771.54 1 0
github.com/luxfi/dex/pkg/lx/orderbook_advanced.go:771.54,773.36 2 0
github.com/luxfi/dex/pkg/lx/orderbook_advanced.go:773.36,775.6 1 0
github.com/luxfi/dex/pkg/lx/orderbook_advanced.go:780.2,780.14 1 0
github.com/luxfi/dex/pkg/lx/orderbook_advanced.go:784.76,793.36 6 0
github.com/luxfi/dex/pkg/lx/orderbook_advanced.go:793.36,795.3 1 0
github.com/luxfi/dex/pkg/lx/orderbook_advanced.go:797.2,797.38 1 0
github.com/luxfi/dex/pkg/lx/orderbook_advanced.go:797.38,798.43 1 0
github.com/luxfi/dex/pkg/lx/orderbook_advanced.go:798.43,799.35 1 0
github.com/luxfi/dex/pkg/lx/orderbook_advanced.go:799.35,801.5 1 0
github.com/luxfi/dex/pkg/lx/orderbook_advanced.go:805.2,806.34 2 0
github.com/luxfi/dex/pkg/lx/orderbook_advanced.go:806.34,807.36 1 0
github.com/luxfi/dex/pkg/lx/orderbook_advanced.go:807.36,808.9 1 0
github.com/luxfi/dex/pkg/lx/orderbook_advanced.go:810.3,811.35 2 0
github.com/luxfi/dex/pkg/lx/orderbook_advanced.go:811.35,812.12 1 0
github.com/luxfi/dex/pkg/lx/orderbook_advanced.go:814.3,815.10 2 0
github.com/luxfi/dex/pkg/lx/orderbook_advanced.go:819.2,820.36 2 0
github.com/luxfi/dex/pkg/lx/orderbook_advanced.go:820.36,822.3 1 0
github.com/luxfi/dex/pkg/lx/orderbook_advanced.go:824.2,824.38 1 0
github.com/luxfi/dex/pkg/lx/orderbook_advanced.go:824.38,825.43 1 0
github.com/luxfi/dex/pkg/lx/orderbook_advanced.go:825.43,826.35 1 0
github.com/luxfi/dex/pkg/lx/orderbook_advanced.go:826.35,828.5 1 0
github.com/luxfi/dex/pkg/lx/orderbook_advanced.go:832.2,833.34 2 0
github.com/luxfi/dex/pkg/lx/orderbook_advanced.go:833.34,834.36 1 0
github.com/luxfi/dex/pkg/lx/orderbook_advanced.go:834.36,835.9 1 0
github.com/luxfi/dex/pkg/lx/orderbook_advanced.go:837.3,838.35 2 0
github.com/luxfi/dex/pkg/lx/orderbook_advanced.go:838.35,839.12 1 0
github.com/luxfi/dex/pkg/lx/orderbook_advanced.go:841.3,842.10 2 0
github.com/luxfi/dex/pkg/lx/orderbook_advanced.go:845.2,850.3 1 0
github.com/luxfi/dex/pkg/lx/orderbook_advanced.go:854.72,856.37 1 0
github.com/luxfi/dex/pkg/lx/orderbook_advanced.go:856.37,857.20 1 0
github.com/luxfi/dex/pkg/lx/orderbook_advanced.go:857.20,859.4 1 0
github.com/luxfi/dex/pkg/lx/orderbook_advanced.go:861.2,861.14 1 0
github.com/luxfi/dex/pkg/lx/orderbook_advanced.go:865.69,880.2 3 0
github.com/luxfi/dex/pkg/lx/orderbook_advanced.go:883.72,890.2 5 0
github.com/luxfi/dex/pkg/lx/orderbook_advanced.go:893.87,900.44 2 1
github.com/luxfi/dex/pkg/lx/orderbook_advanced.go:900.44,901.10 1 0
github.com/luxfi/dex/pkg/lx/orderbook_advanced.go:902.23,902.23 0 0
github.com/luxfi/dex/pkg/lx/orderbook_advanced.go:903.11,903.11 0 0
github.com/luxfi/dex/pkg/lx/orderbook_advanced.go:910.71,932.2 3 0
github.com/luxfi/dex/pkg/lx/orderbook_extended.go:56.61,64.2 1 0
github.com/luxfi/dex/pkg/lx/orderbook_extended.go:67.68,71.2 3 0
github.com/luxfi/dex/pkg/lx/orderbook_extended.go:74.70,78.46 3 0
github.com/luxfi/dex/pkg/lx/orderbook_extended.go:78.46,79.23 1 0
github.com/luxfi/dex/pkg/lx/orderbook_extended.go:79.23,81.9 2 0
github.com/luxfi/dex/pkg/lx/orderbook_extended.go:87.71,91.38 3 0
github.com/luxfi/dex/pkg/lx/orderbook_extended.go:91.38,92.10 1 0
github.com/luxfi/dex/pkg/lx/orderbook_extended.go:93.21,93.21 0 0
github.com/luxfi/dex/pkg/lx/orderbook_extended.go:94.11,94.11 0 0
github.com/luxfi/dex/pkg/lx/orderbook_extended.go:101.79,106.50 3 0
github.com/luxfi/dex/pkg/lx/orderbook_extended.go:106.50,108.3 1 0
github.com/luxfi/dex/pkg/lx/orderbook_extended.go:111.2,111.20 1 0
github.com/luxfi/dex/pkg/lx/orderbook_extended.go:112.23,113.34 1 0
github.com/luxfi/dex/pkg/lx/orderbook_extended.go:114.15,115.37 1 0
github.com/luxfi/dex/pkg/lx/orderbook_extended.go:116.14,117.36 1 0
github.com/luxfi/dex/pkg/lx/orderbook_extended.go:118.10,119.37 1 0
github.com/luxfi/dex/pkg/lx/orderbook_extended.go:124.66,125.18 1 0
github.com/luxfi/dex/pkg/lx/orderbook_extended.go:125.18,127.3 1 0
github.com/luxfi/dex/pkg/lx/orderbook_extended.go:129.2,129.21 1 0
github.com/luxfi/dex/pkg/lx/orderbook_extended.go:129.21,131.3 1 0
github.com/luxfi/dex/pkg/lx/orderbook_extended.go:133.2,133.45 1 0
github.com/luxfi/dex/pkg/lx/orderbook_extended.go:133.45,135.3 1 0
github.com/luxfi/dex/pkg/lx/orderbook_extended.go:138.2,138.58 1 0
github.com/luxfi/dex/pkg/lx/orderbook_extended.go:138.58,139.33 1 0
github.com/luxfi/dex/pkg/lx/orderbook_extended.go:139.33,141.4 1 0
github.com/luxfi/dex/pkg/lx/orderbook_extended.go:145.2,145.52 1 0
github.com/luxfi/dex/pkg/lx/orderbook_extended.go:145.52,147.3 1 0
github.com/luxfi/dex/pkg/lx/orderbook_extended.go:149.2,149.12 1 0
github.com/luxfi/dex/pkg/lx/orderbook_extended.go:153.66,156.37 2 0
github.com/luxfi/dex/pkg/lx/orderbook_extended.go:156.37,158.63 2 0
github.com/luxfi/dex/pkg/lx/orderbook_extended.go:158.63,160.28 1 0
github.com/luxfi/dex/pkg/lx/orderbook_extended.go:160.28,162.5 1 0
github.com/luxfi/dex/pkg/lx/orderbook_extended.go:163.4,163.63 1 0
github.com/luxfi/dex/pkg/lx/orderbook_extended.go:163.63,165.5 1 0
github.com/luxfi/dex/pkg/lx/orderbook_extended.go:166.4,166.64 1 0
github.com/luxfi/dex/pkg/lx/orderbook_extended.go:166.64,168.5 1 0
github.com/luxfi/dex/pkg/lx/orderbook_extended.go:172.2,172.14 1 0
github.com/luxfi/dex/pkg/lx/orderbook_extended.go:176.68,179.2 1 0
github.com/luxfi/dex/pkg/lx/orderbook_extended.go:182.75,183.23 1 0
github.com/luxfi/dex/pkg/lx/orderbook_extended.go:183.23,185.3 1 0
github.com/luxfi/dex/pkg/lx/orderbook_extended.go:185.8,187.3 1 0
github.com/luxfi/dex/pkg/lx/orderbook_extended.go:189.2,192.24 2 0
github.com/luxfi/dex/pkg/lx/orderbook_extended.go:192.24,194.3 1 0
github.com/luxfi/dex/pkg/lx/orderbook_extended.go:196.2,206.15 2 0
github.com/luxfi/dex/pkg/lx/orderbook_extended.go:210.78,227.2 5 0
github.com/luxfi/dex/pkg/lx/orderbook_extended.go:230.77,239.2 3 0
github.com/luxfi/dex/pkg/lx/orderbook_extended.go:242.78,244.27 1 0
github.com/luxfi/dex/pkg/lx/orderbook_extended.go:245.18,246.32 1 0
github.com/luxfi/dex/pkg/lx/orderbook_extended.go:246.32,248.4 1 0
github.com/luxfi/dex/pkg/lx/orderbook_extended.go:249.25,249.25 0 0
github.com/luxfi/dex/pkg/lx/orderbook_extended.go:254.2,257.44 2 0
github.com/luxfi/dex/pkg/lx/orderbook_extended.go:257.44,258.69 1 0
github.com/luxfi/dex/pkg/lx/orderbook_extended.go:258.69,260.4 1 0
github.com/luxfi/dex/pkg/lx/orderbook_extended.go:264.2,274.20 2 0
github.com/luxfi/dex/pkg/lx/orderbook_extended.go:278.64,281.2 1 0
github.com/luxfi/dex/pkg/lx/orderbook_extended.go:284.68,296.2 4 0
github.com/luxfi/dex/pkg/lx/orderbook_extended.go:299.109,302.2 1 0
github.com/luxfi/dex/pkg/lx/orderbook_extended.go:305.64,313.34 6 0
github.com/luxfi/dex/pkg/lx/orderbook_extended.go:313.34,318.3 1 0
github.com/luxfi/dex/pkg/lx/orderbook_extended.go:320.2,321.34 2 0
github.com/luxfi/dex/pkg/lx/orderbook_extended.go:321.34,326.3 1 0
github.com/luxfi/dex/pkg/lx/orderbook_extended.go:328.2,338.17 3 0
github.com/luxfi/dex/pkg/lx/orderbook_extended.go:342.40,369.2 16 0
github.com/luxfi/dex/pkg/lx/orderbook_extended.go:372.72,377.53 3 0
github.com/luxfi/dex/pkg/lx/orderbook_extended.go:377.53,378.40 1 0
github.com/luxfi/dex/pkg/lx/orderbook_extended.go:378.40,380.30 1 0
github.com/luxfi/dex/pkg/lx/orderbook_extended.go:380.30,382.5 1 0
github.com/luxfi/dex/pkg/lx/orderbook_extended.go:382.10,385.5 2 0
github.com/luxfi/dex/pkg/lx/orderbook_extended.go:388.4,391.39 2 0
github.com/luxfi/dex/pkg/lx/orderbook_extended.go:396.2,396.54 1 0
github.com/luxfi/dex/pkg/lx/orderbook_extended.go:396.54,397.40 1 0
github.com/luxfi/dex/pkg/lx/orderbook_extended.go:397.40,399.30 1 0
github.com/luxfi/dex/pkg/lx/orderbook_extended.go:399.30,401.5 1 0
github.com/luxfi/dex/pkg/lx/orderbook_extended.go:401.10,404.5 2 0
github.com/luxfi/dex/pkg/lx/orderbook_extended.go:407.4,410.40 2 0
github.com/luxfi/dex/pkg/lx/orderbook_extended.go:416.67,418.48 2 0
github.com/luxfi/dex/pkg/lx/orderbook_extended.go:418.48,420.3 1 0
github.com/luxfi/dex/pkg/lx/orderbook_extended.go:423.2,424.45 2 0
github.com/luxfi/dex/pkg/lx/orderbook_extended.go:424.45,426.3 1 0
github.com/luxfi/dex/pkg/lx/orderbook_extended.go:429.2,430.26 2 0
github.com/luxfi/dex/pkg/lx/orderbook_extended.go:430.26,432.3 1 0
github.com/luxfi/dex/pkg/lx/orderbook_extended.go:435.2,451.25 6 0
github.com/luxfi/dex/pkg/lx/orderbook_extended.go:455.71,484.2 18 0
github.com/luxfi/dex/pkg/lx/orderbook_extended.go:487.75,490.2 1 0
github.com/luxfi/dex/pkg/lx/orderbook_extended.go:493.52,495.32 2 0
github.com/luxfi/dex/pkg/lx/orderbook_extended.go:495.32,497.3 1 0
github.com/luxfi/dex/pkg/lx/orderbook_extended.go:498.2,498.10 1 0
github.com/luxfi/dex/pkg/lx/orderbook_extended.go:502.54,504.32 2 0
github.com/luxfi/dex/pkg/lx/orderbook_extended.go:504.32,506.3 1 0
github.com/luxfi/dex/pkg/lx/orderbook_extended.go:507.2,507.10 1 0
github.com/luxfi/dex/pkg/lx/orderbook_extended.go:511.82,514.2 1 0
github.com/luxfi/dex/pkg/lx/orderbook_extended.go:517.90,519.16 2 0
github.com/luxfi/dex/pkg/lx/orderbook_extended.go:519.16,521.3 1 0
github.com/luxfi/dex/pkg/lx/orderbook_extended.go:523.2,524.19 2 0
github.com/luxfi/dex/pkg/lx/orderbook_extended.go:524.19,526.3 1 0
github.com/luxfi/dex/pkg/lx/orderbook_extended.go:529.2,530.18 2 0
github.com/luxfi/dex/pkg/lx/orderbook_extended.go:530.18,532.3 1 0
github.com/luxfi/dex/pkg/lx/orderbook_extended.go:534.2,534.20 1 0
github.com/luxfi/dex/pkg/lx/orderbook_server.go:33.63,39.2 1 0
github.com/luxfi/dex/pkg/lx/orderbook_server.go:42.76,46.2 2 0
github.com/luxfi/dex/pkg/lx/orderbook_server.go:49.58,54.33 3 0
github.com/luxfi/dex/pkg/lx/orderbook_server.go:54.33,55.10 1 0
github.com/luxfi/dex/pkg/lx/orderbook_server.go:56.20,56.20 0 0
github.com/luxfi/dex/pkg/lx/orderbook_server.go:57.11,57.11 0 0
github.com/luxfi/dex/pkg/lx/orderbook_server.go:63.48,67.2 3 0
github.com/luxfi/dex/pkg/lx/orderbook_server.go:70.85,84.17 6 0
github.com/luxfi/dex/pkg/lx/orderbook_server.go:84.17,87.33 3 0
github.com/luxfi/dex/pkg/lx/orderbook_server.go:87.33,89.4 1 0
github.com/luxfi/dex/pkg/lx/orderbook_server.go:90.3,90.20 1 0
github.com/luxfi/dex/pkg/lx/orderbook_server.go:93.2,93.17 1 0
github.com/luxfi/dex/pkg/lx/orderbook_server.go:93.17,96.33 3 0
github.com/luxfi/dex/pkg/lx/orderbook_server.go:96.33,98.4 1 0
github.com/luxfi/dex/pkg/lx/orderbook_server.go:99.3,99.20 1 0
github.com/luxfi/dex/pkg/lx/orderbook_server.go:102.2,102.17 1 0
github.com/luxfi/dex/pkg/lx/orderbook_server.go:106.54,110.21 3 0
github.com/luxfi/dex/pkg/lx/orderbook_server.go:110.21,112.3 1 0
github.com/luxfi/dex/pkg/lx/orderbook_server.go:115.2,118.32 3 0
github.com/luxfi/dex/pkg/lx/orderbook_server.go:118.32,122.57 3 0
github.com/luxfi/dex/pkg/lx/orderbook_server.go:122.57,125.4 1 0
github.com/luxfi/dex/pkg/lx/orderbook_server.go:128.2,128.13 1 0
github.com/luxfi/dex/pkg/lx/orderbook_server.go:132.69,136.6 3 0
github.com/luxfi/dex/pkg/lx/orderbook_server.go:136.6,137.10 1 0
github.com/luxfi/dex/pkg/lx/orderbook_server.go:138.21,139.10 1 0
github.com/luxfi/dex/pkg/lx/orderbook_server.go:140.19,141.20 1 0
github.com/luxfi/dex/pkg/lx/orderbook_server.go:147.84,149.21 2 0
github.com/luxfi/dex/pkg/lx/orderbook_server.go:149.21,151.3 1 0
github.com/luxfi/dex/pkg/lx/orderbook_server.go:152.2,152.22 1 0
github.com/luxfi/dex/pkg/lx/perpetuals.go:20.67,27.2 1 0
github.com/luxfi/dex/pkg/lx/perpetuals.go:109.93,113.52 3 0
github.com/luxfi/dex/pkg/lx/perpetuals.go:113.52,115.3 1 0
github.com/luxfi/dex/pkg/lx/perpetuals.go:117.2,145.20 5 0
github.com/luxfi/dex/pkg/lx/perpetuals.go:169.153,174.13 4 0
github.com/luxfi/dex/pkg/lx/perpetuals.go:174.13,176.3 1 0
github.com/luxfi/dex/pkg/lx/perpetuals.go:179.2,179.35 1 0
github.com/luxfi/dex/pkg/lx/perpetuals.go:179.35,181.3 1 0
github.com/luxfi/dex/pkg/lx/perpetuals.go:184.2,184.35 1 0
github.com/luxfi/dex/pkg/lx/perpetuals.go:184.35,186.3 1 0
github.com/luxfi/dex/pkg/lx/perpetuals.go:188.2,190.20 3 0
github.com/luxfi/dex/pkg/lx/perpetuals.go:190.20,192.3 1 0
github.com/luxfi/dex/pkg/lx/perpetuals.go:193.2,202.18 6 0
github.com/luxfi/dex/pkg/lx/perpetuals.go:202.18,204.3 1 0
github.com/luxfi/dex/pkg/lx/perpetuals.go:207.2,207.31 1 0
github.com/luxfi/dex/pkg/lx/perpetuals.go:207.31,209.3 1 0
github.com/luxfi/dex/pkg/lx/perpetuals.go:212.2,213.17 2 0
github.com/luxfi/dex/pkg/lx/perpetuals.go:213.17,216.3 1 0
github.com/luxfi/dex/pkg/lx/perpetuals.go:219.2,250.22 8 0
github.com/luxfi/dex/pkg/lx/perpetuals.go:254.143,261.25 4 0
github.com/luxfi/dex/pkg/lx/perpetuals.go:261.25,267.19 2 0
github.com/luxfi/dex/pkg/lx/perpetuals.go:267.19,269.19 2 0
github.com/luxfi/dex/pkg/lx/perpetuals.go:269.19,271.5 1 0
github.com/luxfi/dex/pkg/lx/perpetuals.go:272.4,272.114 1 0
github.com/luxfi/dex/pkg/lx/perpetuals.go:274.3,274.18 1 0
github.com/luxfi/dex/pkg/lx/perpetuals.go:278.2,278.43 1 0
github.com/luxfi/dex/pkg/lx/perpetuals.go:278.43,282.3 2 0
github.com/luxfi/dex/pkg/lx/perpetuals.go:282.8,287.3 3 0
github.com/luxfi/dex/pkg/lx/perpetuals.go:290.2,315.22 17 0
github.com/luxfi/dex/pkg/lx/perpetuals.go:319.108,324.13 4 0
github.com/luxfi/dex/pkg/lx/perpetuals.go:324.13,326.3 1 0
github.com/luxfi/dex/pkg/lx/perpetuals.go:328.2,334.61 5 0
github.com/luxfi/dex/pkg/lx/perpetuals.go:338.127,339.36 1 0
github.com/luxfi/dex/pkg/lx/perpetuals.go:339.36,341.3 1 0
github.com/luxfi/dex/pkg/lx/perpetuals.go:344.2,348.23 3 0
github.com/luxfi/dex/pkg/lx/perpetuals.go:348.23,350.3 1 0
github.com/luxfi/dex/pkg/lx/perpetuals.go:350.8,352.3 1 0
github.com/luxfi/dex/pkg/lx/perpetuals.go:355.2,355.36 1 0
github.com/luxfi/dex/pkg/lx/perpetuals.go:355.36,367.3 7 0
github.com/luxfi/dex/pkg/lx/perpetuals.go:370.2,374.22 4 0
github.com/luxfi/dex/pkg/lx/perpetuals.go:378.107,381.22 2 0
github.com/luxfi/dex/pkg/lx/perpetuals.go:381.22,383.24 1 0
github.com/luxfi/dex/pkg/lx/perpetuals.go:383.24,386.4 1 0
github.com/luxfi/dex/pkg/lx/perpetuals.go:386.9,389.4 1 0
github.com/luxfi/dex/pkg/lx/perpetuals.go:390.8,392.24 1 0
github.com/luxfi/dex/pkg/lx/perpetuals.go:392.24,395.4 1 0
github.com/luxfi/dex/pkg/lx/perpetuals.go:395.9,398.4 1 0
github.com/luxfi/dex/pkg/lx/perpetuals.go:403.103,405.2 1 0
github.com/luxfi/dex/pkg/lx/perpetuals.go:408.112,418.22 6 0
github.com/luxfi/dex/pkg/lx/perpetuals.go:418.22,420.24 1 0
github.com/luxfi/dex/pkg/lx/perpetuals.go:420.24,423.4 1 0
github.com/luxfi/dex/pkg/lx/perpetuals.go:423.9,426.4 1 0
github.com/luxfi/dex/pkg/lx/perpetuals.go:427.8,429.24 1 0
github.com/luxfi/dex/pkg/lx/perpetuals.go:429.24,432.4 1 0
github.com/luxfi/dex/pkg/lx/perpetuals.go:432.9,435.4 1 0
github.com/luxfi/dex/pkg/lx/perpetuals.go:440.52,446.41 4 0
github.com/luxfi/dex/pkg/lx/perpetuals.go:446.41,450.41 2 0
github.com/luxfi/dex/pkg/lx/perpetuals.go:450.41,452.12 2 0
github.com/luxfi/dex/pkg/lx/perpetuals.go:456.3,460.45 3 0
github.com/luxfi/dex/pkg/lx/perpetuals.go:460.45,461.53 1 0
github.com/luxfi/dex/pkg/lx/perpetuals.go:461.53,467.28 4 0
github.com/luxfi/dex/pkg/lx/perpetuals.go:467.28,470.54 2 0
github.com/luxfi/dex/pkg/lx/perpetuals.go:470.54,473.7 1 0
github.com/luxfi/dex/pkg/lx/perpetuals.go:479.3,487.40 2 0
github.com/luxfi/dex/pkg/lx/perpetuals.go:487.40,489.4 1 0
github.com/luxfi/dex/pkg/lx/perpetuals.go:492.3,495.21 3 0
github.com/luxfi/dex/pkg/lx/perpetuals.go:498.2,498.12 1 0
github.com/luxfi/dex/pkg/lx/perpetuals.go:502.83,506.28 1 0
github.com/luxfi/dex/pkg/lx/perpetuals.go:506.28,508.3 1 0
github.com/luxfi/dex/pkg/lx/perpetuals.go:510.2,514.35 3 0
github.com/luxfi/dex/pkg/lx/perpetuals.go:514.35,516.3 1 0
github.com/luxfi/dex/pkg/lx/perpetuals.go:516.8,516.43 1 0
github.com/luxfi/dex/pkg/lx/perpetuals.go:516.43,518.3 1 0
github.com/luxfi/dex/pkg/lx/perpetuals.go:521.2,522.48 2 0
github.com/luxfi/dex/pkg/lx/perpetuals.go:526.131,533.2 2 0
github.com/luxfi/dex/pkg/lx/perpetuals.go:536.81,538.13 2 0
github.com/luxfi/dex/pkg/lx/perpetuals.go:538.13,540.3 1 0
github.com/luxfi/dex/pkg/lx/perpetuals.go:542.2,565.12 7 0
github.com/luxfi/dex/pkg/lx/perpetuals.go:569.81,574.13 4 0
github.com/luxfi/dex/pkg/lx/perpetuals.go:574.13,576.3 1 0
github.com/luxfi/dex/pkg/lx/perpetuals.go:578.2,586.51 5 0
github.com/luxfi/dex/pkg/lx/perpetuals.go:586.51,588.3 1 0
github.com/luxfi/dex/pkg/lx/perpetuals.go:589.2,589.49 1 0
github.com/luxfi/dex/pkg/lx/perpetuals.go:589.49,591.3 1 0
github.com/luxfi/dex/pkg/lx/perpetuals.go:594.2,600.18 2 0
github.com/luxfi/dex/pkg/lx/perpetuals.go:600.18,602.3 1 0
github.com/luxfi/dex/pkg/lx/perpetuals.go:604.2,604.12 1 0
github.com/luxfi/dex/pkg/lx/perpetuals.go:608.82,613.13 4 0
github.com/luxfi/dex/pkg/lx/perpetuals.go:613.13,615.3 1 0
github.com/luxfi/dex/pkg/lx/perpetuals.go:617.2,621.12 4 0
github.com/luxfi/dex/pkg/lx/perpetuals.go:625.81,630.19 4 0
github.com/luxfi/dex/pkg/lx/perpetuals.go:630.19,632.3 1 0
github.com/luxfi/dex/pkg/lx/perpetuals.go:635.2,635.44 1 0
github.com/luxfi/dex/pkg/lx/perpetuals.go:635.44,636.52 1 0
github.com/luxfi/dex/pkg/lx/perpetuals.go:636.52,643.25 4 0
[...]
github.com/luxfi/dex/pkg/lx/x_chain_types.go:769.48,774.2 1 0
github.com/luxfi/dex/pkg/lx/x_chain_types.go:776.44,781.2 1 0
github.com/luxfi/dex/pkg/api/jsonrpc.go:18.82,23.2 1 1
github.com/luxfi/dex/pkg/api/jsonrpc.go:26.75,27.33 1 1
github.com/luxfi/dex/pkg/api/jsonrpc.go:27.33,30.3 2 1
github.com/luxfi/dex/pkg/api/jsonrpc.go:32.2,39.61 2 1
github.com/luxfi/dex/pkg/api/jsonrpc.go:39.61,42.3 2 1
github.com/luxfi/dex/pkg/api/jsonrpc.go:44.2,44.26 1 1
github.com/luxfi/dex/pkg/api/jsonrpc.go:44.26,47.3 2 1
github.com/luxfi/dex/pkg/api/jsonrpc.go:49.2,49.20 1 1
github.com/luxfi/dex/pkg/api/jsonrpc.go:50.30,52.36 2 1
github.com/luxfi/dex/pkg/api/jsonrpc.go:54.30,56.36 2 1
github.com/luxfi/dex/pkg/api/jsonrpc.go:58.28,64.34 2 1
github.com/luxfi/dex/pkg/api/jsonrpc.go:66.10,67.54 1 1
github.com/luxfi/dex/pkg/api/jsonrpc.go:71.96,79.2 3 1
github.com/luxfi/dex/pkg/api/jsonrpc.go:81.101,92.2 3 1
github.com/luxfi/dex/pkg/api/websocket_server.go:102.63,115.44 2 0
github.com/luxfi/dex/pkg/api/websocket_server.go:115.44,118.5 1 0
github.com/luxfi/dex/pkg/api/websocket_server.go:146.85,148.16 2 0
github.com/luxfi/dex/pkg/api/websocket_server.go:148.16,150.3 1 0
github.com/luxfi/dex/pkg/api/websocket_server.go:152.2,178.29 11 0
github.com/luxfi/dex/pkg/api/websocket_server.go:183.48,184.15 1 0
github.com/luxfi/dex/pkg/api/websocket_server.go:184.15,187.3 2 0
github.com/luxfi/dex/pkg/api/websocket_server.go:189.2,190.43 2 0
github.com/luxfi/dex/pkg/api/websocket_server.go:190.43,193.3 2 0
github.com/luxfi/dex/pkg/api/websocket_server.go:195.2,195.6 1 0
github.com/luxfi/dex/pkg/api/websocket_server.go:195.6,198.17 3 0
github.com/luxfi/dex/pkg/api/websocket_server.go:198.17,199.103 1 0
github.com/luxfi/dex/pkg/api/websocket_server.go:199.104,201.5 0 0
github.com/luxfi/dex/pkg/api/websocket_server.go:202.4,202.9 1 0
github.com/luxfi/dex/pkg/api/websocket_server.go:206.3,206.29 1 0
github.com/luxfi/dex/pkg/api/websocket_server.go:206.29,208.12 2 0
github.com/luxfi/dex/pkg/api/websocket_server.go:212.3,216.28 3 0
github.com/luxfi/dex/pkg/api/websocket_server.go:220.30,222.15 2 0
github.com/luxfi/dex/pkg/api/websocket_server.go:222.15,225.3 2 0
github.com/luxfi/dex/pkg/api/websocket_server.go:227.2,227.6 1 0
github.com/luxfi/dex/pkg/api/websocket_server.go:227.6,228.10 1 0
github.com/luxfi/dex/pkg/api/websocket_server.go:229.32,231.11 2 0
github.com/luxfi/dex/pkg/api/websocket_server.go:231.11,234.5 2 0
github.com/luxfi/dex/pkg/api/websocket_server.go:236.4,236.55 1 0
github.com/luxfi/dex/pkg/api/websocket_server.go:238.19,240.74 2 0
github.com/luxfi/dex/pkg/api/websocket_server.go:240.74,242.5 1 0
github.com/luxfi/dex/pkg/api/websocket_server.go:249.87,251.9 2 0
github.com/luxfi/dex/pkg/api/websocket_server.go:251.9,254.3 2 0
github.com/luxfi/dex/pkg/api/websocket_server.go:257.2,258.47 2 0
github.com/luxfi/dex/pkg/api/websocket_server.go:258.47,260.3 1 0
github.com/luxfi/dex/pkg/api/websocket_server.go:262.2,262.17 1 0
github.com/luxfi/dex/pkg/api/websocket_server.go:263.14,264.40 1 0
github.com/luxfi/dex/pkg/api/websocket_server.go:265.14,266.35 1 0
github.com/luxfi/dex/pkg/api/websocket_server.go:267.19,268.45 1 0
github.com/luxfi/dex/pkg/api/websocket_server.go:269.21,270.47 1 0
github.com/luxfi/dex/pkg/api/websocket_server.go:271.21,272.46 1 0
github.com/luxfi/dex/pkg/api/websocket_server.go:273.22,274.47 1 0
github.com/luxfi/dex/pkg/api/websocket_server.go:275.22,276.47 1 0
github.com/luxfi/dex/pkg/api/websocket_server.go:277.23,278.48 1 0
github.com/luxfi/dex/pkg/api/websocket_server.go:279.24,280.49 1 0
github.com/luxfi/dex/pkg/api/websocket_server.go:281.25,282.50 1 0
github.com/luxfi/dex/pkg/api/websocket_server.go:283.23,284.48 1 0
github.com/luxfi/dex/pkg/api/websocket_server.go:285.24,286.49 1 0
github.com/luxfi/dex/pkg/api/websocket_server.go:287.24,288.49 1 0
github.com/luxfi/dex/pkg/api/websocket_server.go:289.24,290.49 1 0
github.com/luxfi/dex/pkg/api/websocket_server.go:291.23,292.48 1 0
github.com/luxfi/dex/pkg/api/websocket_server.go:293.22,294.42 1 0
github.com/luxfi/dex/pkg/api/websocket_server.go:295.23,296.43 1 0
github.com/luxfi/dex/pkg/api/websocket_server.go:297.20,298.40 1 0
github.com/luxfi/dex/pkg/api/websocket_server.go:299.10,300.80 1 0
github.com/luxfi/dex/pkg/api/websocket_server.go:305.101,309.37 3 0
github.com/luxfi/dex/pkg/api/websocket_server.go:309.37,313.3 3 0
github.com/luxfi/dex/pkg/api/websocket_server.go:315.2,316.16 2 0
github.com/luxfi/dex/pkg/api/websocket_server.go:316.16,320.3 3 0
github.com/luxfi/dex/pkg/api/websocket_server.go:322.2,336.28 7 0
github.com/luxfi/dex/pkg/api/websocket_server.go:342.34,343.11 1 0
github.com/luxfi/dex/pkg/api/websocket_server.go:344.20,345.16 1 0
github.com/luxfi/dex/pkg/api/websocket_server.go:346.22,347.17 1 0
github.com/luxfi/dex/pkg/api/websocket_server.go:348.10,349.16 1 0
github.com/luxfi/dex/pkg/api/websocket_server.go:354.44,355.11 1 0
github.com/luxfi/dex/pkg/api/websocket_server.go:356.26,357.19 1 0
github.com/luxfi/dex/pkg/api/websocket_server.go:358.24,359.18 1 0
github.com/luxfi/dex/pkg/api/websocket_server.go:360.22,361.17 1 0
github.com/luxfi/dex/pkg/api/websocket_server.go:362.34,363.22 1 0
github.com/luxfi/dex/pkg/api/websocket_server.go:364.10,365.18 1 0
github.com/luxfi/dex/pkg/api/websocket_server.go:370.41,371.20 1 0
github.com/luxfi/dex/pkg/api/websocket_server.go:371.20,373.3 1 0
github.com/luxfi/dex/pkg/api/websocket_server.go:374.2,374.15 1 0
github.com/luxfi/dex/pkg/api/websocket_server.go:377.107,378.27 1 0
github.com/luxfi/dex/pkg/api/websocket_server.go:378.27,381.3 2 0
github.com/luxfi/dex/pkg/api/websocket_server.go:384.2,385.9 2 0
github.com/luxfi/dex/pkg/api/websocket_server.go:385.9,388.3 2 0
github.com/luxfi/dex/pkg/api/websocket_server.go:390.2,391.9 2 0
github.com/luxfi/dex/pkg/api/websocket_server.go:391.9,394.3 2 0
github.com/luxfi/dex/pkg/api/websocket_server.go:397.2,398.9 2 0
github.com/luxfi/dex/pkg/api/websocket_server.go:398.9,401.3 2 0
github.com/luxfi/dex/pkg/api/websocket_server.go:403.2,404.9 2 0
github.com/luxfi/dex/pkg/api/websocket_server.go:404.9,407.3 2 0
github.com/luxfi/dex/pkg/api/websocket_server.go:409.2,410.9 2 0
github.com/luxfi/dex/pkg/api/websocket_server.go:410.9,413.3 2 0
github.com/luxfi/dex/pkg/api/websocket_server.go:415.2,416.9 2 0
github.com/luxfi/dex/pkg/api/websocket_server.go:416.9,419.3 2 0
github.com/luxfi/dex/pkg/api/websocket_server.go:421.2,422.9 2 0
github.com/luxfi/dex/pkg/api/websocket_server.go:422.9,425.3 2 0
github.com/luxfi/dex/pkg/api/websocket_server.go:427.2,439.17 3 0
github.com/luxfi/dex/pkg/api/websocket_server.go:439.17,442.3 2 0
github.com/luxfi/dex/pkg/api/websocket_server.go:444.2,445.18 2 0
github.com/luxfi/dex/pkg/api/websocket_server.go:445.18,448.3 2 0
github.com/luxfi/dex/pkg/api/websocket_server.go:449.2,465.30 4 0
github.com/luxfi/dex/pkg/api/websocket_server.go:468.108,469.27 1 0
github.com/luxfi/dex/pkg/api/websocket_server.go:469.27,472.3 2 0
github.com/luxfi/dex/pkg/api/websocket_server.go:475.2,476.9 2 0
github.com/luxfi/dex/pkg/api/websocket_server.go:476.9,479.3 2 0
github.com/luxfi/dex/pkg/api/websocket_server.go:481.2,482.9 2 0
github.com/luxfi/dex/pkg/api/websocket_server.go:482.9,485.3 2 0
github.com/luxfi/dex/pkg/api/websocket_server.go:487.2,492.44 4 0
github.com/luxfi/dex/pkg/api/websocket_server.go:492.44,493.39 1 0
github.com/luxfi/dex/pkg/api/websocket_server.go:493.39,495.9 2 0
github.com/luxfi/dex/pkg/api/websocket_server.go:499.2,499.17 1 0
github.com/luxfi/dex/pkg/api/websocket_server.go:499.17,501.3 1 0
github.com/luxfi/dex/pkg/api/websocket_server.go:502.2,502.16 1 0
github.com/luxfi/dex/pkg/api/websocket_server.go:502.16,505.3 2 0
github.com/luxfi/dex/pkg/api/websocket_server.go:507.2,516.30 2 0
github.com/luxfi/dex/pkg/api/websocket_server.go:521.109,522.27 1 0
github.com/luxfi/dex/pkg/api/websocket_server.go:522.27,525.3 2 0
github.com/luxfi/dex/pkg/api/websocket_server.go:528.2,529.9 2 0
github.com/luxfi/dex/pkg/api/websocket_server.go:529.9,532.3 2 0
github.com/luxfi/dex/pkg/api/websocket_server.go:534.2,535.9 2 0
github.com/luxfi/dex/pkg/api/websocket_server.go:535.9,538.3 2 0
github.com/luxfi/dex/pkg/api/websocket_server.go:539.2,542.9 3 0
github.com/luxfi/dex/pkg/api/websocket_server.go:542.9,545.3 2 0
github.com/luxfi/dex/pkg/api/websocket_server.go:547.2,548.9 2 0
github.com/luxfi/dex/pkg/api/websocket_server.go:548.9,551.3 2 0
github.com/luxfi/dex/pkg/api/websocket_server.go:554.2,564.16 3 0
github.com/luxfi/dex/pkg/api/websocket_server.go:564.16,567.3 2 0
github.com/luxfi/dex/pkg/api/websocket_server.go:569.2,580.30 3 0
github.com/luxfi/dex/pkg/api/websocket_server.go:583.110,584.27 1 0
github.com/luxfi/dex/pkg/api/websocket_server.go:584.27,587.3 2 0
github.com/luxfi/dex/pkg/api/websocket_server.go:590.2,591.9 2 0
github.com/luxfi/dex/pkg/api/websocket_server.go:591.9,594.3 2 0
github.com/luxfi/dex/pkg/api/websocket_server.go:596.2,597.9 2 0
github.com/luxfi/dex/pkg/api/websocket_server.go:597.9,600.3 2 0
github.com/luxfi/dex/pkg/api/websocket_server.go:602.2,603.16 2 0
github.com/luxfi/dex/pkg/api/websocket_server.go:603.16,606.3 2 0
github.com/luxfi/dex/pkg/api/websocket_server.go:608.2,618.30 2 0
github.com/luxfi/dex/pkg/api/websocket_server.go:623.109,624.27 1 0
github.com/luxfi/dex/pkg/api/websocket_server.go:624.27,627.3 2 0
github.com/luxfi/dex/pkg/api/websocket_server.go:630.2,631.9 2 0
github.com/luxfi/dex/pkg/api/websocket_server.go:631.9,634.3 2 0
github.com/luxfi/dex/pkg/api/websocket_server.go:636.2,637.9 2 0
github.com/luxfi/dex/pkg/api/websocket_server.go:637.9,640.3 2 0
github.com/luxfi/dex/pkg/api/websocket_server.go:642.2,643.14 2 0
github.com/luxfi/dex/pkg/api/websocket_server.go:643.14,646.3 2 0
github.com/luxfi/dex/pkg/api/websocket_server.go:648.2,649.16 2 0
github.com/luxfi/dex/pkg/api/websocket_server.go:649.16,652.3 2 0
github.com/luxfi/dex/pkg/api/websocket_server.go:654.2,655.16 2 0
github.com/luxfi/dex/pkg/api/websocket_server.go:655.16,658.3 2 0
github.com/luxfi/dex/pkg/api/websocket_server.go:661.2,682.30 3 0
github.com/luxfi/dex/pkg/api/websocket_server.go:687.110,688.27 1 0
github.com/luxfi/dex/pkg/api/websocket_server.go:688.27,691.3 2 0
github.com/luxfi/dex/pkg/api/websocket_server.go:694.2,695.9 2 0
github.com/luxfi/dex/pkg/api/websocket_server.go:695.9,698.3 2 0
github.com/luxfi/dex/pkg/api/websocket_server.go:700.2,701.9 2 0
github.com/luxfi/dex/pkg/api/websocket_server.go:701.9,704.3 2 0
github.com/luxfi/dex/pkg/api/websocket_server.go:706.2,707.14 2 0
github.com/luxfi/dex/pkg/api/websocket_server.go:707.14,710.3 2 0
github.com/luxfi/dex/pkg/api/websocket_server.go:712.2,713.16 2 0
github.com/luxfi/dex/pkg/api/websocket_server.go:713.16,716.3 2 0
github.com/luxfi/dex/pkg/api/websocket_server.go:718.2,728.30 2 0
github.com/luxfi/dex/pkg/api/websocket_server.go:733.106,736.9 2 0
github.com/luxfi/dex/pkg/api/websocket_server.go:736.9,739.3 2 0
github.com/luxfi/dex/pkg/api/websocket_server.go:741.2,742.9 2 0
github.com/luxfi/dex/pkg/api/websocket_server.go:742.9,745.3 2 0
github.com/luxfi/dex/pkg/api/websocket_server.go:747.2,748.9 2 0
github.com/luxfi/dex/pkg/api/websocket_server.go:748.9,751.3 2 0
github.com/luxfi/dex/pkg/api/websocket_server.go:753.2,754.33 2 0
github.com/luxfi/dex/pkg/api/websocket_server.go:754.33,757.3 2 0
github.com/luxfi/dex/pkg/api/websocket_server.go:758.2,761.40 3 0
github.com/luxfi/dex/pkg/api/websocket_server.go:761.40,763.3 1 0
github.com/luxfi/dex/pkg/api/websocket_server.go:764.2,764.33 1 0
github.com/luxfi/dex/pkg/api/websocket_server.go:764.33,766.3 1 0
github.com/luxfi/dex/pkg/api/websocket_server.go:767.2,779.30 4 0
github.com/luxfi/dex/pkg/api/websocket_server.go:782.108,785.9 2 0
github.com/luxfi/dex/pkg/api/websocket_server.go:785.9,788.3 2 0
github.com/luxfi/dex/pkg/api/websocket_server.go:790.2,791.9 2 0
github.com/luxfi/dex/pkg/api/websocket_server.go:791.9,794.3 2 0
github.com/luxfi/dex/pkg/api/websocket_server.go:796.2,797.9 2 0
github.com/luxfi/dex/pkg/api/websocket_server.go:797.9,800.3 2 0
github.com/luxfi/dex/pkg/api/websocket_server.go:802.2,803.33 2 0
github.com/luxfi/dex/pkg/api/websocket_server.go:803.33,806.3 2 0
github.com/luxfi/dex/pkg/api/websocket_server.go:807.2,810.33 3 0
github.com/luxfi/dex/pkg/api/websocket_server.go:810.33,812.3 1 0
github.com/luxfi/dex/pkg/api/websocket_server.go:813.2,825.30 4 0
github.com/luxfi/dex/pkg/api/websocket_server.go:830.80,831.27 1 0
github.com/luxfi/dex/pkg/api/websocket_server.go:831.27,834.3 2 0
github.com/luxfi/dex/pkg/api/websocket_server.go:837.2,838.20 2 0
github.com/luxfi/dex/pkg/api/websocket_server.go:838.20,841.3 2 0
github.com/luxfi/dex/pkg/api/websocket_server.go:843.2,844.58 2 0
github.com/luxfi/dex/pkg/api/websocket_server.go:844.58,846.3 1 0
github.com/luxfi/dex/pkg/api/websocket_server.go:848.2,856.30 2 0
github.com/luxfi/dex/pkg/api/websocket_server.go:859.81,860.27 1 0
github.com/luxfi/dex/pkg/api/websocket_server.go:860.27,863.3 2 0
github.com/luxfi/dex/pkg/api/websocket_server.go:865.2,866.20 2 0
github.com/luxfi/dex/pkg/api/websocket_server.go:866.20,869.3 2 0
github.com/luxfi/dex/pkg/api/websocket_server.go:871.2,879.30 2 0
github.com/luxfi/dex/pkg/api/websocket_server.go:882.78,883.27 1 0
github.com/luxfi/dex/pkg/api/websocket_server.go:883.27,886.3 2 0
github.com/luxfi/dex/pkg/api/websocket_server.go:889.2,899.30 3 0
github.com/luxfi/dex/pkg/api/websocket_server.go:904.94,915.2 2 0
github.com/luxfi/dex/pkg/api/websocket_server.go:917.60,928.2 2 0
github.com/luxfi/dex/pkg/api/websocket_server.go:930.73,941.2 2 0
github.com/luxfi/dex/pkg/api/websocket_server.go:943.80,949.36 4 0
github.com/luxfi/dex/pkg/api/websocket_server.go:949.36,951.36 2 0
github.com/luxfi/dex/pkg/api/websocket_server.go:951.36,952.11 1 0
github.com/luxfi/dex/pkg/api/websocket_server.go:953.29,954.30 1 0
github.com/luxfi/dex/pkg/api/websocket_server.go:955.12,955.12 0 0
github.com/luxfi/dex/pkg/api/websocket_server.go:959.3,959.22 1 0
github.com/luxfi/dex/pkg/api/websocket_server.go:965.73,972.2 2 0
github.com/luxfi/dex/pkg/api/websocket_server.go:974.60,983.2 3 0
github.com/luxfi/dex/pkg/api/websocket_server.go:985.57,993.2 6 0
github.com/luxfi/dex/pkg/api/websocket_server.go:995.43,997.9 2 0
github.com/luxfi/dex/pkg/api/websocket_server.go:998.22,998.22 0 0
github.com/luxfi/dex/pkg/api/websocket_server.go:999.10,999.10 0 0
github.com/luxfi/dex/pkg/api/websocket_server.go:1004.61,1012.2 2 0
github.com/luxfi/dex/pkg/api/websocket_server.go:1016.73,1022.2 1 0
github.com/luxfi/dex/pkg/api/websocket_server.go:1024.37,1029.39 4 0
github.com/luxfi/dex/pkg/api/websocket_server.go:1029.39,1032.3 2 0
github.com/luxfi/dex/pkg/api/websocket_server.go:1034.2,1034.35 1 0
github.com/luxfi/dex/pkg/api/websocket_server.go:1034.35,1036.3 1 0
github.com/luxfi/dex/pkg/api/websocket_server.go:1038.2,1039.13 2 0
github.com/luxfi/dex/pkg/api/websocket_server.go:1044.40,1046.2 1 0
github.com/luxfi/dex/pkg/api/websocket_server.go:1048.63,1064.2 3 0
github.com/luxfi/dex/pkg/api/websocket_server.go:1068.32,1070.2 1 0
github.com/luxfi/dex/pkg/api/websocket_server.go:1073.36,1082.2 3 0
github.com/luxfi/dex/pkg/api/websocket_server.go:1085.52,1089.6 3 0
github.com/luxfi/dex/pkg/api/websocket_server.go:1089.6,1090.10 1 0
github.com/luxfi/dex/pkg/api/websocket_server.go:1091.19,1094.35 2 0
github.com/luxfi/dex/pkg/api/websocket_server.go:1094.35,1096.18 2 0
github.com/luxfi/dex/pkg/api/websocket_server.go:1096.18,1099.6 2 0
github.com/luxfi/dex/pkg/api/websocket_server.go:1102.5,1103.18 2 0
github.com/luxfi/dex/pkg/api/websocket_server.go:1103.18,1105.6 1 0
github.com/luxfi/dex/pkg/api/websocket_server.go:1107.24,1108.10 1 0
github.com/luxfi/dex/pkg/api/websocket_server.go:1114.46,1118.6 3 0
github.com/luxfi/dex/pkg/api/websocket_server.go:1118.6,1119.10 1 0
github.com/luxfi/dex/pkg/api/websocket_server.go:1120.19,1121.26 1 0
github.com/luxfi/dex/pkg/api/websocket_server.go:1122.24,1123.10 1 0
github.com/luxfi/dex/pkg/api/websocket_server.go:1128.49,1156.2 0 0
github.com/luxfi/dex/pkg/api/websocket_server.go:1158.90,1162.36 3 0
github.com/luxfi/dex/pkg/api/websocket_server.go:1162.36,1163.30 1 0
github.com/luxfi/dex/pkg/api/websocket_server.go:1163.30,1165.9 2 0
github.com/luxfi/dex/pkg/api/websocket_server.go:1168.2,1170.25 2 0
github.com/luxfi/dex/pkg/api/websocket_server.go:1170.25,1181.3 2 0
github.com/luxfi/dex/pkg/api/websocket_server.go:1185.108,1188.44 2 0
github.com/luxfi/dex/pkg/api/websocket_server.go:1188.44,1190.3 1 0
github.com/luxfi/dex/pkg/api/websocket_server.go:1190.8,1190.52 1 0
github.com/luxfi/dex/pkg/api/websocket_server.go:1190.52,1192.3 1 0
github.com/luxfi/dex/pkg/api/websocket_server.go:1194.2,1195.48 2 0
github.com/luxfi/dex/pkg/api/websocket_server.go:1195.48,1197.3 1 0
github.com/luxfi/dex/pkg/api/websocket_server.go:1197.8,1197.52 1 0
github.com/luxfi/dex/pkg/api/websocket_server.go:1197.52,1199.3 1 0
github.com/luxfi/dex/pkg/api/websocket_server.go:1201.2,1201.46 1 0
github.com/luxfi/dex/pkg/api/websocket_server.go:1201.46,1203.3 1 0
github.com/luxfi/dex/pkg/api/websocket_server.go:1203.8,1203.50 1 0
github.com/luxfi/dex/pkg/api/websocket_server.go:1203.50,1205.3 1 0
github.com/luxfi/dex/pkg/api/websocket_server.go:1209.2,1213.4 1 0
github.com/luxfi/dex/pkg/api/websocket_server.go:1217.111,1222.9 3 0
github.com/luxfi/dex/pkg/api/websocket_server.go:1222.9,1225.3 2 0
github.com/luxfi/dex/pkg/api/websocket_server.go:1227.2,1228.9 2 0
github.com/luxfi/dex/pkg/api/websocket_server.go:1228.9,1231.3 2 0
github.com/luxfi/dex/pkg/api/websocket_server.go:1233.2,1234.16 2 0
github.com/luxfi/dex/pkg/api/websocket_server.go:1234.16,1237.3 2 0
github.com/luxfi/dex/pkg/api/websocket_server.go:1239.2,1243.4 1 0
github.com/luxfi/dex/pkg/api/websocket_server.go:1247.110,1250.9 2 0
github.com/luxfi/dex/pkg/api/websocket_server.go:1250.9,1253.3 2 0
github.com/luxfi/dex/pkg/api/websocket_server.go:1255.2,1256.9 2 0
github.com/luxfi/dex/pkg/api/websocket_server.go:1256.9,1259.3 2 0
github.com/luxfi/dex/pkg/api/websocket_server.go:1261.2,1262.61 2 0
github.com/luxfi/dex/pkg/api/websocket_server.go:1262.61,1265.3 2 0
github.com/luxfi/dex/pkg/api/websocket_server.go:1268.2,1272.4 1 0
github.com/luxfi/dex/pkg/api/websocket_server.go:1276.110,1279.9 2 0
github.com/luxfi/dex/pkg/api/websocket_server.go:1279.9,1282.3 2 0
github.com/luxfi/dex/pkg/api/websocket_server.go:1284.2,1285.9 2 0
github.com/luxfi/dex/pkg/api/websocket_server.go:1285.9,1288.3 2 0
github.com/luxfi/dex/pkg/api/websocket_server.go:1290.2,1291.61 2 0
github.com/luxfi/dex/pkg/api/websocket_server.go:1291.61,1294.3 2 0
github.com/luxfi/dex/pkg/api/websocket_server.go:1296.2,1297.16 2 0
github.com/luxfi/dex/pkg/api/websocket_server.go:1297.16,1300.3 2 0
github.com/luxfi/dex/pkg/api/websocket_server.go:1302.2,1306.4 1 0
github.com/luxfi/dex/pkg/api/websocket_server.go:1310.109,1313.9 2 0
github.com/luxfi/dex/pkg/api/websocket_server.go:1313.9,1316.3 2 0
github.com/luxfi/dex/pkg/api/websocket_server.go:1318.2,1319.9 2 0
github.com/luxfi/dex/pkg/api/websocket_server.go:1319.9,1322.3 2 0
github.com/luxfi/dex/pkg/api/websocket_server.go:1324.2,1325.9 2 0
github.com/luxfi/dex/pkg/api/websocket_server.go:1325.9,1328.3 2 0
github.com/luxfi/dex/pkg/api/websocket_server.go:1330.2,1331.61 2 0
github.com/luxfi/dex/pkg/api/websocket_server.go:1331.61,1334.3 2 0
github.com/luxfi/dex/pkg/api/websocket_server.go:1336.2,1337.65 2 0
github.com/luxfi/dex/pkg/api/websocket_server.go:1337.65,1340.3 2 0
github.com/luxfi/dex/pkg/api/websocket_server.go:1342.2,1348.4 2 0
github.com/luxfi/dex/pkg/api/websocket_server.go:1352.46,1356.6 3 0
github.com/luxfi/dex/pkg/api/websocket_server.go:1356.6,1357.10 1 0
github.com/luxfi/dex/pkg/api/websocket_server.go:1358.19,1361.15 2 0
github.com/luxfi/dex/pkg/api/websocket_server.go:1362.24,1363.10 1 0
github.com/luxfi/dex/pkg/api/websocket_server.go:1369.39,1373.36 3 0
github.com/luxfi/dex/pkg/api/websocket_server.go:1373.36,1375.3 1 0
github.com/luxfi/dex/pkg/api/websocket_server.go:1376.2,1378.21 2 0
