mode: set
github.com/luxfi/dex/pkg/log/log.go:28.36,33.2 1 1
github.com/luxfi/dex/pkg/log/log.go:36.72,46.29 4 1
github.com/luxfi/dex/pkg/log/log.go:46.29,48.3 1 1
github.com/luxfi/dex/pkg/log/log.go:49.2,51.18 2 1
github.com/luxfi/dex/pkg/log/log.go:55.62,57.2 1 1
github.com/luxfi/dex/pkg/log/log.go:60.63,62.2 1 1
github.com/luxfi/dex/pkg/log/log.go:65.62,67.2 1 1
github.com/luxfi/dex/pkg/log/log.go:70.63,72.2 1 1
github.com/luxfi/dex/pkg/log/log.go:75.63,78.2 2 0
github.com/luxfi/dex/pkg/log/log.go:81.82,89.29 5 1
github.com/luxfi/dex/pkg/log/log.go:89.29,91.3 1 1
github.com/luxfi/dex/pkg/log/log.go:94.2,95.36 2 1
github.com/luxfi/dex/pkg/log/log.go:95.36,96.22 1 1
github.com/luxfi/dex/pkg/log/log.go:96.22,98.4 1 1
github.com/luxfi/dex/pkg/log/log.go:101.2,101.85 1 1
github.com/luxfi/dex/pkg/lx/alpaca_source.go:236.62,246.2 1 1
github.com/luxfi/dex/pkg/lx/alpaca_source.go:249.71,251.44 1 1
github.com/luxfi/dex/pkg/lx/alpaca_source.go:251.44,252.40 1 1
github.com/luxfi/dex/pkg/lx/alpaca_source.go:252.40,254.4 1 1
github.com/luxfi/dex/pkg/lx/alpaca_source.go:258.2,263.16 4 0
github.com/luxfi/dex/pkg/lx/alpaca_source.go:263.16,265.3 1 0
github.com/luxfi/dex/pkg/lx/alpaca_source.go:267.2,271.16 4 0
github.com/luxfi/dex/pkg/lx/alpaca_source.go:271.16,273.3 1 0
github.com/luxfi/dex/pkg/lx/alpaca_source.go:274.2,282.67 3 0
github.com/luxfi/dex/pkg/lx/alpaca_source.go:282.67,284.3 1 0
github.com/luxfi/dex/pkg/lx/alpaca_source.go:287.2,289.32 2 0
github.com/luxfi/dex/pkg/lx/alpaca_source.go:293.83,299.12 2 1
github.com/luxfi/dex/pkg/lx/alpaca_source.go:299.12,303.22 3 1
github.com/luxfi/dex/pkg/lx/alpaca_source.go:303.22,304.35 1 1
github.com/luxfi/dex/pkg/lx/alpaca_source.go:304.35,307.12 2 1
github.com/luxfi/dex/pkg/lx/alpaca_source.go:313.7,313.7 0 1
github.com/luxfi/dex/pkg/lx/alpaca_source.go:314.13,314.13 0 1
github.com/luxfi/dex/pkg/lx/alpaca_source.go:321.2,321.21 1 1
github.com/luxfi/dex/pkg/lx/alpaca_source.go:325.80,344.2 1 1
github.com/luxfi/dex/pkg/lx/alpaca_source.go:347.112,355.16 5 1
github.com/luxfi/dex/pkg/lx/alpaca_source.go:355.16,357.3 1 0
github.com/luxfi/dex/pkg/lx/alpaca_source.go:359.2,363.16 4 1
github.com/luxfi/dex/pkg/lx/alpaca_source.go:363.16,365.3 1 1
github.com/luxfi/dex/pkg/lx/alpaca_source.go:366.2,372.67 3 0
github.com/luxfi/dex/pkg/lx/alpaca_source.go:372.67,374.3 1 0
github.com/luxfi/dex/pkg/lx/alpaca_source.go:376.2,376.25 1 0
github.com/luxfi/dex/pkg/lx/alpaca_source.go:435.54,441.2 1 1
github.com/luxfi/dex/pkg/lx/alpaca_source.go:444.96,452.2 3 1
github.com/luxfi/dex/pkg/lx/alpaca_source.go:455.77,464.38 2 1
github.com/luxfi/dex/pkg/lx/alpaca_source.go:464.38,466.41 2 1
github.com/luxfi/dex/pkg/lx/alpaca_source.go:466.41,476.31 6 1
github.com/luxfi/dex/pkg/lx/alpaca_source.go:476.31,481.5 4 1
github.com/luxfi/dex/pkg/lx/alpaca_source.go:485.2,487.22 2 1
github.com/luxfi/dex/pkg/lx/alpaca_source.go:487.22,489.3 1 0
github.com/luxfi/dex/pkg/lx/alpaca_source.go:492.2,493.31 2 1
github.com/luxfi/dex/pkg/lx/alpaca_source.go:493.31,496.3 2 1
github.com/luxfi/dex/pkg/lx/alpaca_source.go:498.2,498.39 1 1
github.com/luxfi/dex/pkg/lx/alpaca_source.go:502.84,507.13 4 1
github.com/luxfi/dex/pkg/lx/alpaca_source.go:507.13,509.3 1 0
github.com/luxfi/dex/pkg/lx/alpaca_source.go:511.2,515.33 4 1
github.com/luxfi/dex/pkg/lx/alpaca_source.go:515.33,517.3 1 0
github.com/luxfi/dex/pkg/lx/alpaca_source.go:520.2,520.34 1 1
github.com/luxfi/dex/pkg/lx/alpaca_source.go:520.34,522.3 1 1
github.com/luxfi/dex/pkg/lx/alpaca_source.go:523.2,523.34 1 1
github.com/luxfi/dex/pkg/lx/alpaca_source.go:523.34,525.3 1 1
github.com/luxfi/dex/pkg/lx/alpaca_source.go:528.2,529.36 2 1
github.com/luxfi/dex/pkg/lx/alpaca_source.go:529.36,531.3 1 1
github.com/luxfi/dex/pkg/lx/alpaca_source.go:532.2,533.33 2 1
github.com/luxfi/dex/pkg/lx/alpaca_source.go:537.74,543.41 4 1
github.com/luxfi/dex/pkg/lx/alpaca_source.go:543.41,554.3 3 1
github.com/luxfi/dex/pkg/lx/alpaca_source.go:556.2,556.14 1 1
github.com/luxfi/dex/pkg/lx/bridge.go:261.42,300.2 1 1
github.com/luxfi/dex/pkg/lx/bridge.go:311.28,316.23 3 1
github.com/luxfi/dex/pkg/lx/bridge.go:316.23,318.3 1 0
github.com/luxfi/dex/pkg/lx/bridge.go:320.2,321.13 2 1
github.com/luxfi/dex/pkg/lx/bridge.go:321.13,323.3 1 1
github.com/luxfi/dex/pkg/lx/bridge.go:325.2,325.24 1 1
github.com/luxfi/dex/pkg/lx/bridge.go:325.24,327.3 1 0
github.com/luxfi/dex/pkg/lx/bridge.go:330.2,330.45 1 1
github.com/luxfi/dex/pkg/lx/bridge.go:330.45,332.3 1 1
github.com/luxfi/dex/pkg/lx/bridge.go:334.2,334.45 1 1
github.com/luxfi/dex/pkg/lx/bridge.go:334.45,336.3 1 1
github.com/luxfi/dex/pkg/lx/bridge.go:339.2,339.63 1 1
github.com/luxfi/dex/pkg/lx/bridge.go:339.63,341.3 1 0
github.com/luxfi/dex/pkg/lx/bridge.go:344.2,345.42 2 1
github.com/luxfi/dex/pkg/lx/bridge.go:345.42,347.3 1 0
github.com/luxfi/dex/pkg/lx/bridge.go:349.2,350.40 2 1
github.com/luxfi/dex/pkg/lx/bridge.go:350.40,352.3 1 1
github.com/luxfi/dex/pkg/lx/bridge.go:355.2,356.68 2 1
github.com/luxfi/dex/pkg/lx/bridge.go:356.68,358.3 1 0
github.com/luxfi/dex/pkg/lx/bridge.go:361.2,396.22 10 1
github.com/luxfi/dex/pkg/lx/bridge.go:404.9,409.13 4 1
github.com/luxfi/dex/pkg/lx/bridge.go:409.13,411.3 1 1
github.com/luxfi/dex/pkg/lx/bridge.go:414.2,415.51 2 1
github.com/luxfi/dex/pkg/lx/bridge.go:415.51,417.3 1 0
github.com/luxfi/dex/pkg/lx/bridge.go:420.2,420.57 1 1
github.com/luxfi/dex/pkg/lx/bridge.go:420.57,422.3 1 1
github.com/luxfi/dex/pkg/lx/bridge.go:425.2,425.60 1 1
github.com/luxfi/dex/pkg/lx/bridge.go:425.60,427.3 1 0
github.com/luxfi/dex/pkg/lx/bridge.go:430.2,437.57 2 1
github.com/luxfi/dex/pkg/lx/bridge.go:437.57,440.3 2 0
github.com/luxfi/dex/pkg/lx/bridge.go:440.8,442.3 1 1
github.com/luxfi/dex/pkg/lx/bridge.go:444.2,444.12 1 1
github.com/luxfi/dex/pkg/lx/bridge.go:448.74,455.22 5 1
github.com/luxfi/dex/pkg/lx/bridge.go:455.22,457.3 1 0
github.com/luxfi/dex/pkg/lx/bridge.go:460.2,461.16 2 1
github.com/luxfi/dex/pkg/lx/bridge.go:461.16,463.3 1 0
github.com/luxfi/dex/pkg/lx/bridge.go:466.2,467.30 2 1
github.com/luxfi/dex/pkg/lx/bridge.go:467.30,469.3 1 0
github.com/luxfi/dex/pkg/lx/bridge.go:471.2,485.21 9 1
github.com/luxfi/dex/pkg/lx/bridge.go:485.21,490.3 2 0
github.com/luxfi/dex/pkg/lx/bridge.go:493.2,496.12 3 1
github.com/luxfi/dex/pkg/lx/bridge.go:500.86,513.21 8 1
github.com/luxfi/dex/pkg/lx/bridge.go:513.21,516.3 2 0
github.com/luxfi/dex/pkg/lx/bridge.go:519.2,519.27 1 1
github.com/luxfi/dex/pkg/lx/bridge.go:519.27,528.3 2 1
github.com/luxfi/dex/pkg/lx/bridge.go:530.2,530.12 1 1
github.com/luxfi/dex/pkg/lx/bridge.go:539.31,545.17 5 1
github.com/luxfi/dex/pkg/lx/bridge.go:545.17,557.3 2 1
github.com/luxfi/dex/pkg/lx/bridge.go:560.2,561.37 2 1
github.com/luxfi/dex/pkg/lx/bridge.go:561.37,563.3 1 1
github.com/luxfi/dex/pkg/lx/bridge.go:563.8,566.36 2 1
github.com/luxfi/dex/pkg/lx/bridge.go:566.36,568.4 1 1
github.com/luxfi/dex/pkg/lx/bridge.go:569.3,570.52 2 1
github.com/luxfi/dex/pkg/lx/bridge.go:574.2,575.15 2 1
github.com/luxfi/dex/pkg/lx/bridge.go:575.15,584.3 2 1
github.com/luxfi/dex/pkg/lx/bridge.go:586.2,596.16 6 1
github.com/luxfi/dex/pkg/lx/bridge.go:605.21,611.17 5 1
github.com/luxfi/dex/pkg/lx/bridge.go:611.17,613.3 1 0
github.com/luxfi/dex/pkg/lx/bridge.go:615.2,616.15 2 1
github.com/luxfi/dex/pkg/lx/bridge.go:616.15,618.3 1 0
github.com/luxfi/dex/pkg/lx/bridge.go:620.2,620.41 1 1
github.com/luxfi/dex/pkg/lx/bridge.go:620.41,622.3 1 1
github.com/luxfi/dex/pkg/lx/bridge.go:626.2,627.35 2 1
github.com/luxfi/dex/pkg/lx/bridge.go:627.35,629.3 1 1
github.com/luxfi/dex/pkg/lx/bridge.go:631.2,635.53 3 1
github.com/luxfi/dex/pkg/lx/bridge.go:635.53,637.3 1 0
github.com/luxfi/dex/pkg/lx/bridge.go:640.2,650.32 7 1
github.com/luxfi/dex/pkg/lx/bridge.go:650.32,652.3 1 0
github.com/luxfi/dex/pkg/lx/bridge.go:655.2,658.28 3 1
github.com/luxfi/dex/pkg/lx/bridge.go:667.9,673.21 4 1
github.com/luxfi/dex/pkg/lx/bridge.go:673.21,675.3 1 1
github.com/luxfi/dex/pkg/lx/bridge.go:678.2,688.12 3 1
github.com/luxfi/dex/pkg/lx/bridge.go:688.12,690.3 1 0
github.com/luxfi/dex/pkg/lx/bridge.go:692.2,699.45 4 1
github.com/luxfi/dex/pkg/lx/bridge.go:699.45,703.3 3 1
github.com/luxfi/dex/pkg/lx/bridge.go:706.2,712.12 3 1
github.com/luxfi/dex/pkg/lx/bridge.go:717.85,719.48 1 1
github.com/luxfi/dex/pkg/lx/bridge.go:719.48,722.3 2 0
github.com/luxfi/dex/pkg/lx/bridge.go:725.2,726.41 2 1
github.com/luxfi/dex/pkg/lx/bridge.go:726.41,728.3 1 0
github.com/luxfi/dex/pkg/lx/bridge.go:730.2,731.12 2 1
github.com/luxfi/dex/pkg/lx/bridge.go:734.54,739.2 3 1
github.com/luxfi/dex/pkg/lx/bridge.go:741.48,744.2 1 1
github.com/luxfi/dex/pkg/lx/bridge.go:747.73,751.2 3 0
github.com/luxfi/dex/pkg/lx/bridge.go:754.79,755.39 1 1
github.com/luxfi/dex/pkg/lx/bridge.go:755.39,756.27 1 1
github.com/luxfi/dex/pkg/lx/bridge.go:756.27,758.4 1 1
github.com/luxfi/dex/pkg/lx/bridge.go:760.2,760.12 1 0
github.com/luxfi/dex/pkg/lx/bridge.go:767.8,771.2 1 1
github.com/luxfi/dex/pkg/lx/bridge.go:773.69,778.39 3 1
github.com/luxfi/dex/pkg/lx/bridge.go:778.39,779.29 1 1
github.com/luxfi/dex/pkg/lx/bridge.go:779.29,781.4 1 1
github.com/luxfi/dex/pkg/lx/bridge.go:783.2,786.31 2 1
github.com/luxfi/dex/pkg/lx/bridge.go:786.31,788.3 1 1
github.com/luxfi/dex/pkg/lx/bridge.go:794.19,798.2 1 1
github.com/luxfi/dex/pkg/lx/bridge.go:803.17,808.30 2 1
github.com/luxfi/dex/pkg/lx/bridge.go:808.30,810.3 1 1
github.com/luxfi/dex/pkg/lx/bridge.go:811.2,812.18 2 1
github.com/luxfi/dex/pkg/lx/bridge.go:815.82,818.35 2 1
github.com/luxfi/dex/pkg/lx/bridge.go:818.35,820.3 1 0
github.com/luxfi/dex/pkg/lx/bridge.go:822.2,822.29 1 1
github.com/luxfi/dex/pkg/lx/bridge.go:822.29,824.3 1 1
github.com/luxfi/dex/pkg/lx/bridge.go:826.2,826.42 1 0
github.com/luxfi/dex/pkg/lx/bridge.go:826.42,831.3 3 0
github.com/luxfi/dex/pkg/lx/bridge.go:833.2,833.31 1 0
github.com/luxfi/dex/pkg/lx/bridge.go:836.66,840.2 3 0
github.com/luxfi/dex/pkg/lx/bridge.go:843.72,844.49 1 1
github.com/luxfi/dex/pkg/lx/bridge.go:844.49,846.3 1 1
github.com/luxfi/dex/pkg/lx/bridge.go:847.2,847.51 1 1
github.com/luxfi/dex/pkg/lx/bridge.go:847.51,849.3 1 0
github.com/luxfi/dex/pkg/lx/bridge.go:850.2,850.48 1 1
github.com/luxfi/dex/pkg/lx/bridge.go:850.48,852.3 1 0
github.com/luxfi/dex/pkg/lx/bridge.go:853.2,853.12 1 1
github.com/luxfi/dex/pkg/lx/bridge.go:859.20,863.2 1 1
github.com/luxfi/dex/pkg/lx/bridge.go:867.85,870.24 2 1
github.com/luxfi/dex/pkg/lx/bridge.go:870.24,872.3 1 1
github.com/luxfi/dex/pkg/lx/bridge.go:874.2,876.49 2 0
github.com/luxfi/dex/pkg/lx/bridge.go:876.49,878.23 2 0
github.com/luxfi/dex/pkg/lx/bridge.go:878.23,883.4 3 0
github.com/luxfi/dex/pkg/lx/bridge.go:887.66,890.41 2 1
github.com/luxfi/dex/pkg/lx/bridge.go:890.41,892.3 1 1
github.com/luxfi/dex/pkg/lx/bridge.go:893.2,893.81 1 1
github.com/luxfi/dex/pkg/lx/bridge.go:897.67,911.2 3 0
github.com/luxfi/dex/pkg/lx/chainlink_source.go:49.54,60.2 1 1
github.com/luxfi/dex/pkg/lx/chainlink_source.go:63.45,75.2 1 1
github.com/luxfi/dex/pkg/lx/chainlink_source.go:78.47,80.16 2 1
github.com/luxfi/dex/pkg/lx/chainlink_source.go:80.16,83.3 2 0
github.com/luxfi/dex/pkg/lx/chainlink_source.go:84.2,93.12 5 1
github.com/luxfi/dex/pkg/lx/chainlink_source.go:97.44,101.6 3 1
github.com/luxfi/dex/pkg/lx/chainlink_source.go:101.6,102.10 1 1
github.com/luxfi/dex/pkg/lx/chainlink_source.go:103.18,104.10 1 1
github.com/luxfi/dex/pkg/lx/chainlink_source.go:105.19,106.21 1 0
github.com/luxfi/dex/pkg/lx/chainlink_source.go:112.48,117.48 4 1
github.com/luxfi/dex/pkg/lx/chainlink_source.go:117.48,119.29 2 1
github.com/luxfi/dex/pkg/lx/chainlink_source.go:119.29,122.4 2 1
github.com/luxfi/dex/pkg/lx/chainlink_source.go:125.2,129.16 4 1
github.com/luxfi/dex/pkg/lx/chainlink_source.go:133.87,151.2 7 1
github.com/luxfi/dex/pkg/lx/chainlink_source.go:154.79,167.13 3 1
github.com/luxfi/dex/pkg/lx/chainlink_source.go:167.13,169.3 1 1
github.com/luxfi/dex/pkg/lx/chainlink_source.go:172.2,173.25 2 1
github.com/luxfi/dex/pkg/lx/chainlink_source.go:177.77,182.13 4 1
github.com/luxfi/dex/pkg/lx/chainlink_source.go:182.13,184.3 1 1
github.com/luxfi/dex/pkg/lx/chainlink_source.go:187.2,187.56 1 1
github.com/luxfi/dex/pkg/lx/chainlink_source.go:187.56,189.3 1 0
github.com/luxfi/dex/pkg/lx/chainlink_source.go:192.2,193.24 2 1
github.com/luxfi/dex/pkg/lx/chainlink_source.go:197.92,200.33 2 1
github.com/luxfi/dex/pkg/lx/chainlink_source.go:200.33,202.17 2 1
github.com/luxfi/dex/pkg/lx/chainlink_source.go:202.17,204.4 1 1
github.com/luxfi/dex/pkg/lx/chainlink_source.go:207.2,207.22 1 1
github.com/luxfi/dex/pkg/lx/chainlink_source.go:207.22,209.3 1 0
github.com/luxfi/dex/pkg/lx/chainlink_source.go:211.2,211.20 1 1
github.com/luxfi/dex/pkg/lx/chainlink_source.go:215.64,218.2 1 1
github.com/luxfi/dex/pkg/lx/chainlink_source.go:221.66,223.2 1 1
github.com/luxfi/dex/pkg/lx/chainlink_source.go:226.50,230.17 3 1
github.com/luxfi/dex/pkg/lx/chainlink_source.go:230.17,232.3 1 0
github.com/luxfi/dex/pkg/lx/chainlink_source.go:235.2,235.46 1 1
github.com/luxfi/dex/pkg/lx/chainlink_source.go:235.46,237.3 1 0
github.com/luxfi/dex/pkg/lx/chainlink_source.go:240.2,240.39 1 1
github.com/luxfi/dex/pkg/lx/chainlink_source.go:240.39,242.3 1 0
github.com/luxfi/dex/pkg/lx/chainlink_source.go:244.2,244.13 1 1
github.com/luxfi/dex/pkg/lx/chainlink_source.go:248.50,250.2 1 1
github.com/luxfi/dex/pkg/lx/chainlink_source.go:253.53,255.2 1 1
github.com/luxfi/dex/pkg/lx/chainlink_source.go:258.47,266.2 5 1
github.com/luxfi/dex/pkg/lx/chainlink_source.go:269.101,280.2 1 1
github.com/luxfi/dex/pkg/lx/clearinghouse.go:143.90,173.2 6 1
github.com/luxfi/dex/pkg/lx/clearinghouse.go:177.52,192.31 3 1
github.com/luxfi/dex/pkg/lx/clearinghouse.go:192.31,201.43 2 1
github.com/luxfi/dex/pkg/lx/clearinghouse.go:201.43,208.4 2 1
github.com/luxfi/dex/pkg/lx/clearinghouse.go:210.3,210.29 1 1
github.com/luxfi/dex/pkg/lx/clearinghouse.go:215.73,219.24 3 1
github.com/luxfi/dex/pkg/lx/clearinghouse.go:219.24,221.3 1 0
github.com/luxfi/dex/pkg/lx/clearinghouse.go:223.2,234.12 7 1
github.com/luxfi/dex/pkg/lx/clearinghouse.go:238.139,247.21 5 1
github.com/luxfi/dex/pkg/lx/clearinghouse.go:247.21,248.49 1 0
github.com/luxfi/dex/pkg/lx/clearinghouse.go:248.49,250.4 1 0
github.com/luxfi/dex/pkg/lx/clearinghouse.go:251.8,252.52 1 1
github.com/luxfi/dex/pkg/lx/clearinghouse.go:252.52,254.4 1 0
github.com/luxfi/dex/pkg/lx/clearinghouse.go:258.2,268.11 5 1
github.com/luxfi/dex/pkg/lx/clearinghouse.go:268.11,270.3 1 1
github.com/luxfi/dex/pkg/lx/clearinghouse.go:272.2,275.22 3 1
github.com/luxfi/dex/pkg/lx/clearinghouse.go:279.103,287.42 5 1
github.com/luxfi/dex/pkg/lx/clearinghouse.go:287.42,289.3 1 1
github.com/luxfi/dex/pkg/lx/clearinghouse.go:292.2,295.38 2 1
github.com/luxfi/dex/pkg/lx/clearinghouse.go:295.38,297.3 1 0
github.com/luxfi/dex/pkg/lx/clearinghouse.go:299.2,300.13 2 1
github.com/luxfi/dex/pkg/lx/clearinghouse.go:300.13,307.3 2 1
github.com/luxfi/dex/pkg/lx/clearinghouse.go:309.2,316.12 5 1
github.com/luxfi/dex/pkg/lx/clearinghouse.go:320.43,323.38 3 1
github.com/luxfi/dex/pkg/lx/clearinghouse.go:323.38,325.3 1 0
github.com/luxfi/dex/pkg/lx/clearinghouse.go:326.2,328.33 2 1
github.com/luxfi/dex/pkg/lx/clearinghouse.go:328.33,330.3 1 0
github.com/luxfi/dex/pkg/lx/clearinghouse.go:334.65,340.42 5 1
github.com/luxfi/dex/pkg/lx/clearinghouse.go:340.42,342.3 1 1
github.com/luxfi/dex/pkg/lx/clearinghouse.go:343.2,346.35 2 1
github.com/luxfi/dex/pkg/lx/clearinghouse.go:346.35,350.65 2 1
github.com/luxfi/dex/pkg/lx/clearinghouse.go:350.65,353.25 2 1
github.com/luxfi/dex/pkg/lx/clearinghouse.go:353.25,355.5 1 1
github.com/luxfi/dex/pkg/lx/clearinghouse.go:357.4,361.5 2 1
github.com/luxfi/dex/pkg/lx/clearinghouse.go:365.3,365.90 1 1
github.com/luxfi/dex/pkg/lx/clearinghouse.go:365.90,368.25 2 0
github.com/luxfi/dex/pkg/lx/clearinghouse.go:368.25,370.5 1 0
github.com/luxfi/dex/pkg/lx/clearinghouse.go:373.4,376.5 1 0
github.com/luxfi/dex/pkg/lx/clearinghouse.go:379.3,379.22 1 1
github.com/luxfi/dex/pkg/lx/clearinghouse.go:384.94,387.47 2 1
github.com/luxfi/dex/pkg/lx/clearinghouse.go:387.47,389.3 1 1
github.com/luxfi/dex/pkg/lx/clearinghouse.go:391.2,393.13 3 1
github.com/luxfi/dex/pkg/lx/clearinghouse.go:393.13,402.3 2 0
github.com/luxfi/dex/pkg/lx/clearinghouse.go:403.2,412.50 6 1
github.com/luxfi/dex/pkg/lx/clearinghouse.go:412.50,413.16 1 1
github.com/luxfi/dex/pkg/lx/clearinghouse.go:413.16,419.42 3 1
github.com/luxfi/dex/pkg/lx/clearinghouse.go:419.42,425.5 1 1
github.com/luxfi/dex/pkg/lx/clearinghouse.go:426.4,427.55 2 1
github.com/luxfi/dex/pkg/lx/clearinghouse.go:431.2,431.21 1 1
github.com/luxfi/dex/pkg/lx/clearinghouse.go:431.21,438.3 4 1
github.com/luxfi/dex/pkg/lx/clearinghouse.go:443.79,444.57 1 1
github.com/luxfi/dex/pkg/lx/clearinghouse.go:444.57,446.3 1 1
github.com/luxfi/dex/pkg/lx/clearinghouse.go:448.2,467.16 4 1
github.com/luxfi/dex/pkg/lx/clearinghouse.go:470.71,475.13 4 1
github.com/luxfi/dex/pkg/lx/clearinghouse.go:475.13,480.3 4 1
github.com/luxfi/dex/pkg/lx/clearinghouse.go:482.2,482.13 1 1
github.com/luxfi/dex/pkg/lx/clearinghouse.go:485.106,496.2 5 1
github.com/luxfi/dex/pkg/lx/clearinghouse.go:498.103,502.2 1 0
github.com/luxfi/dex/pkg/lx/clearinghouse.go:504.149,508.13 3 1
github.com/luxfi/dex/pkg/lx/clearinghouse.go:508.13,517.3 3 1
github.com/luxfi/dex/pkg/lx/clearinghouse.go:520.2,520.17 1 1
github.com/luxfi/dex/pkg/lx/clearinghouse.go:520.17,521.24 1 1
github.com/luxfi/dex/pkg/lx/clearinghouse.go:521.24,527.4 4 0
github.com/luxfi/dex/pkg/lx/clearinghouse.go:528.3,528.15 1 1
github.com/luxfi/dex/pkg/lx/clearinghouse.go:528.15,533.4 3 1
github.com/luxfi/dex/pkg/lx/clearinghouse.go:534.8,535.24 1 1
github.com/luxfi/dex/pkg/lx/clearinghouse.go:535.24,541.4 4 0
github.com/luxfi/dex/pkg/lx/clearinghouse.go:542.3,542.15 1 1
github.com/luxfi/dex/pkg/lx/clearinghouse.go:542.15,547.4 3 1
github.com/luxfi/dex/pkg/lx/clearinghouse.go:550.2,554.23 3 1
github.com/luxfi/dex/pkg/lx/clearinghouse.go:554.23,556.3 1 1
github.com/luxfi/dex/pkg/lx/clearinghouse.go:556.8,556.30 1 1
github.com/luxfi/dex/pkg/lx/clearinghouse.go:556.30,558.3 1 1
github.com/luxfi/dex/pkg/lx/clearinghouse.go:558.8,560.3 1 0
github.com/luxfi/dex/pkg/lx/clearinghouse.go:562.2,562.24 1 1
github.com/luxfi/dex/pkg/lx/clearinghouse.go:565.110,571.47 4 1
github.com/luxfi/dex/pkg/lx/clearinghouse.go:571.47,576.3 4 1
github.com/luxfi/dex/pkg/lx/clearinghouse.go:578.2,581.24 2 1
github.com/luxfi/dex/pkg/lx/clearinghouse.go:581.24,584.24 1 1
github.com/luxfi/dex/pkg/lx/clearinghouse.go:584.24,586.4 1 1
github.com/luxfi/dex/pkg/lx/clearinghouse.go:586.9,588.4 1 1
github.com/luxfi/dex/pkg/lx/clearinghouse.go:589.3,589.63 1 1
github.com/luxfi/dex/pkg/lx/clearinghouse.go:593.74,598.50 2 1
github.com/luxfi/dex/pkg/lx/clearinghouse.go:598.50,601.3 2 1
github.com/luxfi/dex/pkg/lx/clearinghouse.go:603.2,609.35 3 1
github.com/luxfi/dex/pkg/lx/clearinghouse.go:609.35,611.3 1 1
github.com/luxfi/dex/pkg/lx/clearinghouse.go:611.8,613.3 1 1
github.com/luxfi/dex/pkg/lx/clearinghouse.go:616.62,619.48 2 1
github.com/luxfi/dex/pkg/lx/clearinghouse.go:619.48,621.3 1 1
github.com/luxfi/dex/pkg/lx/clearinghouse.go:623.2,627.29 4 1
github.com/luxfi/dex/pkg/lx/clearinghouse.go:627.29,631.16 4 1
github.com/luxfi/dex/pkg/lx/clearinghouse.go:631.16,633.4 1 1
github.com/luxfi/dex/pkg/lx/clearinghouse.go:637.2,637.14 1 1
github.com/luxfi/dex/pkg/lx/clearinghouse.go:640.76,641.42 1 1
github.com/luxfi/dex/pkg/lx/clearinghouse.go:641.42,642.43 1 0
github.com/luxfi/dex/pkg/lx/clearinghouse.go:642.43,644.4 1 0
github.com/luxfi/dex/pkg/lx/clearinghouse.go:646.2,646.12 1 1
github.com/luxfi/dex/pkg/lx/clearinghouse.go:649.65,653.2 1 1
github.com/luxfi/dex/pkg/lx/clearinghouse.go:655.51,661.2 3 1
github.com/luxfi/dex/pkg/lx/clearinghouse.go:664.75,665.22 1 1
github.com/luxfi/dex/pkg/lx/clearinghouse.go:665.22,667.3 1 0
github.com/luxfi/dex/pkg/lx/clearinghouse.go:670.2,676.24 3 1
github.com/luxfi/dex/pkg/lx/clearinghouse.go:676.24,678.3 1 1
github.com/luxfi/dex/pkg/lx/clearinghouse.go:681.2,681.34 1 1
github.com/luxfi/dex/pkg/lx/clearinghouse.go:681.34,682.39 1 1
github.com/luxfi/dex/pkg/lx/clearinghouse.go:682.39,683.39 1 1
github.com/luxfi/dex/pkg/lx/clearinghouse.go:683.39,685.5 1 0
github.com/luxfi/dex/pkg/lx/clearinghouse.go:690.2,691.26 2 1
github.com/luxfi/dex/pkg/lx/clearinghouse.go:691.26,693.3 1 1
github.com/luxfi/dex/pkg/lx/clearinghouse.go:695.2,698.26 3 1
github.com/luxfi/dex/pkg/lx/clearinghouse.go:698.26,700.30 2 1
github.com/luxfi/dex/pkg/lx/clearinghouse.go:700.30,702.4 1 1
github.com/luxfi/dex/pkg/lx/clearinghouse.go:705.2,705.34 1 0
github.com/luxfi/dex/pkg/lx/clearinghouse.go:709.73,715.42 4 1
github.com/luxfi/dex/pkg/lx/clearinghouse.go:715.42,719.77 2 1
github.com/luxfi/dex/pkg/lx/clearinghouse.go:719.77,721.4 1 1
github.com/luxfi/dex/pkg/lx/clearinghouse.go:724.3,724.90 1 1
github.com/luxfi/dex/pkg/lx/clearinghouse.go:724.90,733.4 1 0
github.com/luxfi/dex/pkg/lx/clearinghouse.go:735.3,735.23 1 1
github.com/luxfi/dex/pkg/lx/clearinghouse.go:738.2,738.18 1 1
github.com/luxfi/dex/pkg/lx/clearinghouse.go:742.94,754.59 7 1
github.com/luxfi/dex/pkg/lx/clearinghouse.go:754.59,756.3 1 1
github.com/luxfi/dex/pkg/lx/clearinghouse.go:759.2,762.66 2 1
github.com/luxfi/dex/pkg/lx/clearinghouse.go:762.66,764.3 1 0
github.com/luxfi/dex/pkg/lx/clearinghouse.go:768.72,769.27 1 1
github.com/luxfi/dex/pkg/lx/clearinghouse.go:769.27,771.3 1 0
github.com/luxfi/dex/pkg/lx/clearinghouse.go:773.2,773.30 1 1
github.com/luxfi/dex/pkg/lx/clearinghouse.go:780.64,781.29 1 1
github.com/luxfi/dex/pkg/lx/clearinghouse.go:781.29,783.18 2 1
github.com/luxfi/dex/pkg/lx/clearinghouse.go:783.18,785.4 1 0
github.com/luxfi/dex/pkg/lx/clearinghouse.go:789.2,789.53 1 1
github.com/luxfi/dex/pkg/lx/clearinghouse.go:789.53,791.3 1 0
github.com/luxfi/dex/pkg/lx/clearinghouse.go:793.2,793.10 1 1
github.com/luxfi/dex/pkg/lx/clearinghouse.go:797.73,798.29 1 1
github.com/luxfi/dex/pkg/lx/clearinghouse.go:798.29,800.18 2 1
github.com/luxfi/dex/pkg/lx/clearinghouse.go:800.18,802.4 1 0
github.com/luxfi/dex/pkg/lx/clearinghouse.go:805.2,805.10 1 1
github.com/luxfi/dex/pkg/lx/clearinghouse.go:809.57,810.29 1 1
github.com/luxfi/dex/pkg/lx/clearinghouse.go:810.29,812.3 1 1
github.com/luxfi/dex/pkg/lx/clearinghouse.go:815.2,821.34 4 0
github.com/luxfi/dex/pkg/lx/clearinghouse.go:821.34,822.16 1 0
github.com/luxfi/dex/pkg/lx/clearinghouse.go:822.16,824.4 1 0
github.com/luxfi/dex/pkg/lx/clearinghouse.go:828.2,829.91 2 0
github.com/luxfi/dex/pkg/lx/clearinghouse.go:833.50,842.2 1 1
github.com/luxfi/dex/pkg/lx/clearinghouse.go:844.46,853.2 1 1
github.com/luxfi/dex/pkg/lx/clearinghouse.go:855.44,864.2 1 1
github.com/luxfi/dex/pkg/lx/fpga_accelerator.go:163.44,171.19 3 1
github.com/luxfi/dex/pkg/lx/fpga_accelerator.go:171.19,175.3 3 0
github.com/luxfi/dex/pkg/lx/fpga_accelerator.go:177.2,177.14 1 1
github.com/luxfi/dex/pkg/lx/fpga_accelerator.go:181.45,201.2 2 1
github.com/luxfi/dex/pkg/lx/fpga_accelerator.go:204.77,205.17 1 1
github.com/luxfi/dex/pkg/lx/fpga_accelerator.go:205.17,207.3 1 1
github.com/luxfi/dex/pkg/lx/fpga_accelerator.go:210.2,214.53 3 0
github.com/luxfi/dex/pkg/lx/fpga_accelerator.go:214.53,216.3 1 0
github.com/luxfi/dex/pkg/lx/fpga_accelerator.go:219.2,220.16 2 0
github.com/luxfi/dex/pkg/lx/fpga_accelerator.go:220.16,222.3 1 0
github.com/luxfi/dex/pkg/lx/fpga_accelerator.go:225.2,225.32 1 0
github.com/luxfi/dex/pkg/lx/fpga_accelerator.go:229.87,230.17 1 1
github.com/luxfi/dex/pkg/lx/fpga_accelerator.go:230.17,232.3 1 1
github.com/luxfi/dex/pkg/lx/fpga_accelerator.go:234.2,237.31 2 0
github.com/luxfi/dex/pkg/lx/fpga_accelerator.go:237.31,239.17 2 0
github.com/luxfi/dex/pkg/lx/fpga_accelerator.go:239.17,241.4 1 0
github.com/luxfi/dex/pkg/lx/fpga_accelerator.go:242.3,242.22 1 0
github.com/luxfi/dex/pkg/lx/fpga_accelerator.go:246.2,248.21 2 0
github.com/luxfi/dex/pkg/lx/fpga_accelerator.go:252.85,253.17 1 1
github.com/luxfi/dex/pkg/lx/fpga_accelerator.go:253.17,255.3 1 1
github.com/luxfi/dex/pkg/lx/fpga_accelerator.go:257.2,263.36 3 0
github.com/luxfi/dex/pkg/lx/fpga_accelerator.go:263.36,266.3 2 0
github.com/luxfi/dex/pkg/lx/fpga_accelerator.go:269.2,280.36 6 0
github.com/luxfi/dex/pkg/lx/fpga_accelerator.go:285.50,313.2 4 1
github.com/luxfi/dex/pkg/lx/fpga_accelerator.go:315.52,327.2 2 1
github.com/luxfi/dex/pkg/lx/fpga_accelerator.go:329.47,331.25 1 1
github.com/luxfi/dex/pkg/lx/fpga_accelerator.go:331.25,339.3 3 1
github.com/luxfi/dex/pkg/lx/fpga_accelerator.go:342.59,346.2 1 1
github.com/luxfi/dex/pkg/lx/fpga_accelerator.go:348.76,352.2 1 1
github.com/luxfi/dex/pkg/lx/fpga_accelerator.go:354.76,358.2 1 1
github.com/luxfi/dex/pkg/lx/fpga_accelerator.go:360.61,368.2 5 1
github.com/luxfi/dex/pkg/lx/fpga_accelerator.go:370.76,377.2 1 1
github.com/luxfi/dex/pkg/lx/fpga_accelerator.go:379.68,382.2 1 1
github.com/luxfi/dex/pkg/lx/fpga_accelerator.go:384.53,388.2 1 1
github.com/luxfi/dex/pkg/lx/fpga_accelerator.go:391.53,401.2 1 1
github.com/luxfi/dex/pkg/lx/fpga_accelerator.go:425.40,426.12 1 1
github.com/luxfi/dex/pkg/lx/fpga_accelerator.go:427.24,428.25 1 0
github.com/luxfi/dex/pkg/lx/fpga_accelerator.go:429.25,430.26 1 0
github.com/luxfi/dex/pkg/lx/fpga_accelerator.go:431.25,432.26 1 0
github.com/luxfi/dex/pkg/lx/fpga_accelerator.go:433.28,434.34 1 0
github.com/luxfi/dex/pkg/lx/fpga_accelerator.go:435.28,436.34 1 0
github.com/luxfi/dex/pkg/lx/fpga_accelerator.go:437.28,438.37 1 0
github.com/luxfi/dex/pkg/lx/fpga_accelerator.go:439.26,440.37 1 0
github.com/luxfi/dex/pkg/lx/fpga_accelerator.go:441.27,442.38 1 0
github.com/luxfi/dex/pkg/lx/fpga_accelerator.go:443.29,444.26 1 0
github.com/luxfi/dex/pkg/lx/fpga_accelerator.go:445.10,446.16 1 1
github.com/luxfi/dex/pkg/lx/fpga_accelerator.go:465.59,468.2 1 0
github.com/luxfi/dex/pkg/lx/fpga_accelerator.go:470.55,474.2 2 0
github.com/luxfi/dex/pkg/lx/fpga_accelerator.go:476.63,479.2 1 0
github.com/luxfi/dex/pkg/lx/fpga_accelerator.go:481.62,484.2 1 0
github.com/luxfi/dex/pkg/lx/funding.go:97.91,98.19 1 1
github.com/luxfi/dex/pkg/lx/funding.go:98.19,100.3 1 0
github.com/luxfi/dex/pkg/lx/funding.go:102.2,121.11 4 1
github.com/luxfi/dex/pkg/lx/funding.go:125.44,138.2 1 1
github.com/luxfi/dex/pkg/lx/funding.go:141.34,143.16 2 1
github.com/luxfi/dex/pkg/lx/funding.go:143.16,146.3 2 0
github.com/luxfi/dex/pkg/lx/funding.go:147.2,150.25 3 1
github.com/luxfi/dex/pkg/lx/funding.go:154.33,158.17 3 1
github.com/luxfi/dex/pkg/lx/funding.go:158.17,161.3 2 1
github.com/luxfi/dex/pkg/lx/funding.go:165.43,169.6 3 1
github.com/luxfi/dex/pkg/lx/funding.go:169.6,170.10 1 1
github.com/luxfi/dex/pkg/lx/funding.go:171.20,172.10 1 1
github.com/luxfi/dex/pkg/lx/funding.go:173.19,177.49 2 0
github.com/luxfi/dex/pkg/lx/funding.go:177.49,179.15 2 0
github.com/luxfi/dex/pkg/lx/funding.go:179.15,180.19 1 0
github.com/luxfi/dex/pkg/lx/funding.go:180.19,180.46 1 0
github.com/luxfi/dex/pkg/lx/funding.go:181.6,181.28 1 0
github.com/luxfi/dex/pkg/lx/funding.go:186.4,186.29 1 0
github.com/luxfi/dex/pkg/lx/funding.go:192.44,196.6 3 1
github.com/luxfi/dex/pkg/lx/funding.go:196.6,197.10 1 1
github.com/luxfi/dex/pkg/lx/funding.go:198.20,199.10 1 1
github.com/luxfi/dex/pkg/lx/funding.go:200.19,201.21 1 0
github.com/luxfi/dex/pkg/lx/funding.go:207.70,215.33 5 1
github.com/luxfi/dex/pkg/lx/funding.go:215.33,226.3 5 1
github.com/luxfi/dex/pkg/lx/funding.go:229.2,229.48 1 1
github.com/luxfi/dex/pkg/lx/funding.go:229.48,230.42 1 1
github.com/luxfi/dex/pkg/lx/funding.go:230.42,232.4 1 0
github.com/luxfi/dex/pkg/lx/funding.go:236.2,239.12 3 1
github.com/luxfi/dex/pkg/lx/funding.go:243.75,257.28 6 1
github.com/luxfi/dex/pkg/lx/funding.go:257.28,259.3 1 1
github.com/luxfi/dex/pkg/lx/funding.go:262.2,276.3 2 1
github.com/luxfi/dex/pkg/lx/funding.go:280.104,286.37 3 1
github.com/luxfi/dex/pkg/lx/funding.go:286.37,287.25 1 0
github.com/luxfi/dex/pkg/lx/funding.go:287.25,288.12 1 0
github.com/luxfi/dex/pkg/lx/funding.go:294.3,297.24 3 0
github.com/luxfi/dex/pkg/lx/funding.go:297.24,300.4 1 0
github.com/luxfi/dex/pkg/lx/funding.go:303.3,303.36 1 0
github.com/luxfi/dex/pkg/lx/funding.go:306.2,306.17 1 1
github.com/luxfi/dex/pkg/lx/funding.go:310.94,313.2 1 1
github.com/luxfi/dex/pkg/lx/funding.go:316.41,319.33 2 1
github.com/luxfi/dex/pkg/lx/funding.go:319.33,331.3 6 1
github.com/luxfi/dex/pkg/lx/funding.go:335.77,336.20 1 1
github.com/luxfi/dex/pkg/lx/funding.go:336.20,338.3 1 1
github.com/luxfi/dex/pkg/lx/funding.go:340.2,354.78 7 1
github.com/luxfi/dex/pkg/lx/funding.go:354.78,356.3 1 0
github.com/luxfi/dex/pkg/lx/funding.go:357.2,361.26 3 1
github.com/luxfi/dex/pkg/lx/funding.go:365.71,366.23 1 1
github.com/luxfi/dex/pkg/lx/funding.go:366.23,368.3 1 1
github.com/luxfi/dex/pkg/lx/funding.go:370.2,370.23 1 1
github.com/luxfi/dex/pkg/lx/funding.go:370.23,372.3 1 1
github.com/luxfi/dex/pkg/lx/funding.go:374.2,374.29 1 1
github.com/luxfi/dex/pkg/lx/funding.go:374.29,376.3 1 0
github.com/luxfi/dex/pkg/lx/funding.go:379.2,382.38 3 1
github.com/luxfi/dex/pkg/lx/funding.go:382.38,388.3 4 1
github.com/luxfi/dex/pkg/lx/funding.go:391.2,391.22 1 1
github.com/luxfi/dex/pkg/lx/funding.go:391.22,394.68 3 1
github.com/luxfi/dex/pkg/lx/funding.go:394.68,397.4 2 1
github.com/luxfi/dex/pkg/lx/funding.go:400.2,400.22 1 1
github.com/luxfi/dex/pkg/lx/funding.go:400.22,402.3 1 0
github.com/luxfi/dex/pkg/lx/funding.go:404.2,404.34 1 1
github.com/luxfi/dex/pkg/lx/funding.go:408.77,410.28 2 1
github.com/luxfi/dex/pkg/lx/funding.go:410.28,412.3 1 1
github.com/luxfi/dex/pkg/lx/funding.go:415.2,415.35 1 1
github.com/luxfi/dex/pkg/lx/funding.go:415.35,416.40 1 1
github.com/luxfi/dex/pkg/lx/funding.go:416.40,417.29 1 1
github.com/luxfi/dex/pkg/lx/funding.go:417.29,419.5 1 1
github.com/luxfi/dex/pkg/lx/funding.go:424.2,425.14 2 1
github.com/luxfi/dex/pkg/lx/funding.go:425.14,427.3 1 1
github.com/luxfi/dex/pkg/lx/funding.go:428.2,428.20 1 1
github.com/luxfi/dex/pkg/lx/funding.go:432.49,435.33 2 1
github.com/luxfi/dex/pkg/lx/funding.go:435.33,440.22 3 1
github.com/luxfi/dex/pkg/lx/funding.go:440.22,441.12 1 1
github.com/luxfi/dex/pkg/lx/funding.go:444.3,448.56 3 0
github.com/luxfi/dex/pkg/lx/funding.go:448.56,450.4 1 0
github.com/luxfi/dex/pkg/lx/funding.go:453.3,466.4 4 0
github.com/luxfi/dex/pkg/lx/funding.go:472.54,479.44 4 1
github.com/luxfi/dex/pkg/lx/funding.go:479.44,480.16 1 1
github.com/luxfi/dex/pkg/lx/funding.go:480.16,482.9 2 0
github.com/luxfi/dex/pkg/lx/funding.go:487.2,487.84 1 1
github.com/luxfi/dex/pkg/lx/funding.go:487.84,490.3 2 1
github.com/luxfi/dex/pkg/lx/funding.go:492.2,493.66 2 1
github.com/luxfi/dex/pkg/lx/funding.go:496.51,499.33 2 1
github.com/luxfi/dex/pkg/lx/funding.go:499.33,517.3 3 1
github.com/luxfi/dex/pkg/lx/funding.go:520.58,521.46 1 1
github.com/luxfi/dex/pkg/lx/funding.go:521.46,522.42 1 1
github.com/luxfi/dex/pkg/lx/funding.go:522.42,524.4 1 1
github.com/luxfi/dex/pkg/lx/funding.go:526.2,526.14 1 1
github.com/luxfi/dex/pkg/lx/funding.go:529.71,533.46 2 1
github.com/luxfi/dex/pkg/lx/funding.go:533.46,535.28 2 1
github.com/luxfi/dex/pkg/lx/funding.go:535.28,537.4 1 1
github.com/luxfi/dex/pkg/lx/funding.go:541.2,542.115 2 1
github.com/luxfi/dex/pkg/lx/funding.go:545.54,548.2 1 1
github.com/luxfi/dex/pkg/lx/funding.go:550.61,551.57 1 1
github.com/luxfi/dex/pkg/lx/funding.go:551.57,553.3 1 1
github.com/luxfi/dex/pkg/lx/funding.go:554.2,554.10 1 1
github.com/luxfi/dex/pkg/lx/funding.go:557.62,558.58 1 1
github.com/luxfi/dex/pkg/lx/funding.go:558.58,560.3 1 1
github.com/luxfi/dex/pkg/lx/funding.go:561.2,561.10 1 1
github.com/luxfi/dex/pkg/lx/funding.go:564.63,566.64 1 1
github.com/luxfi/dex/pkg/lx/funding.go:566.64,568.3 1 0
github.com/luxfi/dex/pkg/lx/funding.go:569.2,569.10 1 1
github.com/luxfi/dex/pkg/lx/funding.go:572.58,573.37 1 1
github.com/luxfi/dex/pkg/lx/funding.go:573.37,575.3 1 1
github.com/luxfi/dex/pkg/lx/funding.go:576.2,576.37 1 1
github.com/luxfi/dex/pkg/lx/funding.go:576.37,578.3 1 1
github.com/luxfi/dex/pkg/lx/funding.go:579.2,579.13 1 1
github.com/luxfi/dex/pkg/lx/funding.go:582.73,583.54 1 1
github.com/luxfi/dex/pkg/lx/funding.go:583.54,585.3 1 1
github.com/luxfi/dex/pkg/lx/funding.go:587.2,591.50 3 1
github.com/luxfi/dex/pkg/lx/funding.go:591.50,593.3 1 0
github.com/luxfi/dex/pkg/lx/funding.go:602.72,608.32 3 1
github.com/luxfi/dex/pkg/lx/funding.go:608.32,612.19 3 0
github.com/luxfi/dex/pkg/lx/funding.go:612.19,614.4 1 0
github.com/luxfi/dex/pkg/lx/funding.go:614.9,616.4 1 0
github.com/luxfi/dex/pkg/lx/funding.go:619.2,619.14 1 1
github.com/luxfi/dex/pkg/lx/funding.go:623.76,627.53 3 1
github.com/luxfi/dex/pkg/lx/funding.go:627.53,629.3 1 0
github.com/luxfi/dex/pkg/lx/funding.go:630.2,630.12 1 1
github.com/luxfi/dex/pkg/lx/funding.go:634.78,638.50 3 1
github.com/luxfi/dex/pkg/lx/funding.go:638.50,640.3 1 0
github.com/luxfi/dex/pkg/lx/funding.go:641.2,641.12 1 1
github.com/luxfi/dex/pkg/lx/funding.go:645.85,650.13 4 0
github.com/luxfi/dex/pkg/lx/funding.go:650.13,652.3 1 0
github.com/luxfi/dex/pkg/lx/funding.go:654.2,654.40 1 0
github.com/luxfi/dex/pkg/lx/funding.go:654.40,656.3 1 0
github.com/luxfi/dex/pkg/lx/funding.go:659.2,659.37 1 0
github.com/luxfi/dex/pkg/lx/funding.go:663.57,668.2 3 1
github.com/luxfi/dex/pkg/lx/funding.go:671.62,673.2 1 1
github.com/luxfi/dex/pkg/lx/lending_pool.go:124.36,139.2 1 1
github.com/luxfi/dex/pkg/lx/lending_pool.go:142.74,146.42 3 1
github.com/luxfi/dex/pkg/lx/lending_pool.go:146.42,148.3 1 0
github.com/luxfi/dex/pkg/lx/lending_pool.go:150.2,176.12 7 1
github.com/luxfi/dex/pkg/lx/lending_pool.go:180.76,185.13 4 1
github.com/luxfi/dex/pkg/lx/lending_pool.go:185.13,187.3 1 0
github.com/luxfi/dex/pkg/lx/lending_pool.go:189.2,189.17 1 1
github.com/luxfi/dex/pkg/lx/lending_pool.go:189.17,191.3 1 0
github.com/luxfi/dex/pkg/lx/lending_pool.go:194.2,198.13 3 1
github.com/luxfi/dex/pkg/lx/lending_pool.go:198.13,209.3 2 1
github.com/luxfi/dex/pkg/lx/lending_pool.go:212.2,213.46 2 1
github.com/luxfi/dex/pkg/lx/lending_pool.go:213.46,215.3 1 1
github.com/luxfi/dex/pkg/lx/lending_pool.go:215.8,220.3 3 0
github.com/luxfi/dex/pkg/lx/lending_pool.go:223.2,224.13 2 1
github.com/luxfi/dex/pkg/lx/lending_pool.go:224.13,234.3 2 1
github.com/luxfi/dex/pkg/lx/lending_pool.go:237.2,254.12 11 1
github.com/luxfi/dex/pkg/lx/lending_pool.go:258.78,263.13 4 0
github.com/luxfi/dex/pkg/lx/lending_pool.go:263.13,265.3 1 0
github.com/luxfi/dex/pkg/lx/lending_pool.go:267.2,268.13 2 0
github.com/luxfi/dex/pkg/lx/lending_pool.go:268.13,270.3 1 0
github.com/luxfi/dex/pkg/lx/lending_pool.go:272.2,273.13 2 0
github.com/luxfi/dex/pkg/lx/lending_pool.go:273.13,275.3 1 0
github.com/luxfi/dex/pkg/lx/lending_pool.go:278.2,279.40 2 0
github.com/luxfi/dex/pkg/lx/lending_pool.go:279.40,281.3 1 0
github.com/luxfi/dex/pkg/lx/lending_pool.go:284.2,284.37 1 0
github.com/luxfi/dex/pkg/lx/lending_pool.go:284.37,286.3 1 0
github.com/luxfi/dex/pkg/lx/lending_pool.go:289.2,303.45 9 0
github.com/luxfi/dex/pkg/lx/lending_pool.go:303.45,306.3 2 0
github.com/luxfi/dex/pkg/lx/lending_pool.go:309.2,319.12 6 0
github.com/luxfi/dex/pkg/lx/lending_pool.go:323.68,326.13 2 1
github.com/luxfi/dex/pkg/lx/lending_pool.go:326.13,328.3 1 0
github.com/luxfi/dex/pkg/lx/lending_pool.go:330.2,335.31 4 1
github.com/luxfi/dex/pkg/lx/lending_pool.go:335.31,337.3 1 1
github.com/luxfi/dex/pkg/lx/lending_pool.go:340.2,347.12 5 1
github.com/luxfi/dex/pkg/lx/lending_pool.go:351.80,353.13 2 1
github.com/luxfi/dex/pkg/lx/lending_pool.go:353.13,355.3 1 0
github.com/luxfi/dex/pkg/lx/lending_pool.go:357.2,380.12 14 1
github.com/luxfi/dex/pkg/lx/lending_pool.go:384.60,389.13 4 1
github.com/luxfi/dex/pkg/lx/lending_pool.go:389.13,391.3 1 1
github.com/luxfi/dex/pkg/lx/lending_pool.go:393.2,393.61 1 1
github.com/luxfi/dex/pkg/lx/lending_pool.go:397.60,402.13 4 1
github.com/luxfi/dex/pkg/lx/lending_pool.go:402.13,404.3 1 1
github.com/luxfi/dex/pkg/lx/lending_pool.go:406.2,406.24 1 1
github.com/luxfi/dex/pkg/lx/lending_pool.go:410.60,415.13 4 1
github.com/luxfi/dex/pkg/lx/lending_pool.go:415.13,417.3 1 0
github.com/luxfi/dex/pkg/lx/lending_pool.go:419.2,419.24 1 1
github.com/luxfi/dex/pkg/lx/lending_pool.go:423.63,424.46 1 1
github.com/luxfi/dex/pkg/lx/lending_pool.go:424.46,427.3 2 0
github.com/luxfi/dex/pkg/lx/lending_pool.go:429.2,434.56 5 1
github.com/luxfi/dex/pkg/lx/lending_pool.go:438.61,452.2 7 1
github.com/luxfi/dex/pkg/lx/lending_pool.go:455.100,464.2 6 0
github.com/luxfi/dex/pkg/lx/lending_pool.go:467.65,469.42 2 0
github.com/luxfi/dex/pkg/lx/lending_pool.go:469.42,471.3 1 0
github.com/luxfi/dex/pkg/lx/lending_pool.go:472.2,472.20 1 0
github.com/luxfi/dex/pkg/lx/lending_pool.go:476.82,477.31 1 1
github.com/luxfi/dex/pkg/lx/lending_pool.go:477.31,480.3 1 1
github.com/luxfi/dex/pkg/lx/lending_pool.go:483.2,485.60 3 0
github.com/luxfi/dex/pkg/lx/lending_pool.go:489.51,497.2 1 1
github.com/luxfi/dex/pkg/lx/lending_pool.go:506.48,510.2 1 1
github.com/luxfi/dex/pkg/lx/lending_pool.go:512.49,521.2 1 1
github.com/luxfi/dex/pkg/lx/lending_pool.go:537.42,541.2 1 1
github.com/luxfi/dex/pkg/lx/liquidation_engine.go:304.48,324.2 1 1
github.com/luxfi/dex/pkg/lx/liquidation_engine.go:327.40,342.2 1 1
github.com/luxfi/dex/pkg/lx/liquidation_engine.go:345.121,350.68 3 1
github.com/luxfi/dex/pkg/lx/liquidation_engine.go:350.68,352.3 1 1
github.com/luxfi/dex/pkg/lx/liquidation_engine.go:355.2,378.39 5 1
github.com/luxfi/dex/pkg/lx/liquidation_engine.go:378.39,380.3 1 1
github.com/luxfi/dex/pkg/lx/liquidation_engine.go:383.2,386.12 3 1
github.com/luxfi/dex/pkg/lx/liquidation_engine.go:390.80,399.23 6 1
github.com/luxfi/dex/pkg/lx/liquidation_engine.go:399.23,402.3 1 1
github.com/luxfi/dex/pkg/lx/liquidation_engine.go:405.2,406.16 2 1
github.com/luxfi/dex/pkg/lx/liquidation_engine.go:406.16,409.3 2 0
github.com/luxfi/dex/pkg/lx/liquidation_engine.go:411.2,426.39 10 1
github.com/luxfi/dex/pkg/lx/liquidation_engine.go:426.39,427.46 1 0
github.com/luxfi/dex/pkg/lx/liquidation_engine.go:427.46,429.4 1 0
github.com/luxfi/dex/pkg/lx/liquidation_engine.go:433.2,452.12 13 1
github.com/luxfi/dex/pkg/lx/liquidation_engine.go:456.72,458.61 1 1
github.com/luxfi/dex/pkg/lx/liquidation_engine.go:458.61,460.3 1 0
github.com/luxfi/dex/pkg/lx/liquidation_engine.go:463.2,464.55 2 1
github.com/luxfi/dex/pkg/lx/liquidation_engine.go:464.55,466.3 1 1
github.com/luxfi/dex/pkg/lx/liquidation_engine.go:469.2,469.48 1 0
github.com/luxfi/dex/pkg/lx/liquidation_engine.go:473.72,475.2 1 1
github.com/luxfi/dex/pkg/lx/liquidation_engine.go:478.86,482.44 3 1
github.com/luxfi/dex/pkg/lx/liquidation_engine.go:482.44,485.50 2 1
github.com/luxfi/dex/pkg/lx/liquidation_engine.go:485.50,486.12 1 1
github.com/luxfi/dex/pkg/lx/liquidation_engine.go:490.3,491.24 2 1
github.com/luxfi/dex/pkg/lx/liquidation_engine.go:491.24,494.4 2 1
github.com/luxfi/dex/pkg/lx/liquidation_engine.go:497.2,497.23 1 1
github.com/luxfi/dex/pkg/lx/liquidation_engine.go:501.112,516.25 7 1
github.com/luxfi/dex/pkg/lx/liquidation_engine.go:516.25,518.3 1 1
github.com/luxfi/dex/pkg/lx/liquidation_engine.go:518.8,518.33 1 1
github.com/luxfi/dex/pkg/lx/liquidation_engine.go:518.33,520.3 1 0
github.com/luxfi/dex/pkg/lx/liquidation_engine.go:523.2,528.14 5 1
github.com/luxfi/dex/pkg/lx/liquidation_engine.go:532.94,538.26 4 1
github.com/luxfi/dex/pkg/lx/liquidation_engine.go:538.26,540.3 1 1
github.com/luxfi/dex/pkg/lx/liquidation_engine.go:540.8,542.3 1 1
github.com/luxfi/dex/pkg/lx/liquidation_engine.go:545.2,545.23 1 1
github.com/luxfi/dex/pkg/lx/liquidation_engine.go:545.23,547.3 1 1
github.com/luxfi/dex/pkg/lx/liquidation_engine.go:547.8,547.30 1 1
github.com/luxfi/dex/pkg/lx/liquidation_engine.go:547.30,549.3 1 1
github.com/luxfi/dex/pkg/lx/liquidation_engine.go:550.2,550.20 1 1
github.com/luxfi/dex/pkg/lx/liquidation_engine.go:554.79,556.40 1 1
github.com/luxfi/dex/pkg/lx/liquidation_engine.go:556.40,558.3 1 1
github.com/luxfi/dex/pkg/lx/liquidation_engine.go:562.2,565.39 2 1
github.com/luxfi/dex/pkg/lx/liquidation_engine.go:565.39,567.3 1 1
github.com/luxfi/dex/pkg/lx/liquidation_engine.go:570.2,570.51 1 1
github.com/luxfi/dex/pkg/lx/liquidation_engine.go:574.109,580.23 3 1
github.com/luxfi/dex/pkg/lx/liquidation_engine.go:580.23,583.3 1 1
github.com/luxfi/dex/pkg/lx/liquidation_engine.go:583.8,586.3 1 1
github.com/luxfi/dex/pkg/lx/liquidation_engine.go:588.2,588.28 1 1
github.com/luxfi/dex/pkg/lx/liquidation_engine.go:593.75,597.32 3 1
github.com/luxfi/dex/pkg/lx/liquidation_engine.go:597.32,599.3 1 1
github.com/luxfi/dex/pkg/lx/liquidation_engine.go:600.2,604.52 3 1
github.com/luxfi/dex/pkg/lx/liquidation_engine.go:604.52,606.3 1 1
github.com/luxfi/dex/pkg/lx/liquidation_engine.go:608.2,608.30 1 1
github.com/luxfi/dex/pkg/lx/liquidation_engine.go:611.75,616.2 3 1
github.com/luxfi/dex/pkg/lx/liquidation_engine.go:618.83,620.20 2 1
github.com/luxfi/dex/pkg/lx/liquidation_engine.go:620.20,622.3 1 1
github.com/luxfi/dex/pkg/lx/liquidation_engine.go:624.2,624.31 1 1
github.com/luxfi/dex/pkg/lx/liquidation_engine.go:627.93,631.45 3 1
github.com/luxfi/dex/pkg/lx/liquidation_engine.go:631.45,633.3 1 1
github.com/luxfi/dex/pkg/lx/liquidation_engine.go:635.2,649.47 5 1
github.com/luxfi/dex/pkg/lx/liquidation_engine.go:649.47,654.3 4 1
github.com/luxfi/dex/pkg/lx/liquidation_engine.go:656.2,657.12 2 1
github.com/luxfi/dex/pkg/lx/liquidation_engine.go:660.55,664.45 3 1
github.com/luxfi/dex/pkg/lx/liquidation_engine.go:664.45,666.3 1 0
github.com/luxfi/dex/pkg/lx/liquidation_engine.go:668.2,671.15 4 1
github.com/luxfi/dex/pkg/lx/liquidation_engine.go:676.46,689.2 1 1
github.com/luxfi/dex/pkg/lx/liquidation_engine.go:691.61,695.24 3 1
github.com/luxfi/dex/pkg/lx/liquidation_engine.go:696.20,697.57 1 1
github.com/luxfi/dex/pkg/lx/liquidation_engine.go:698.22,699.61 1 1
github.com/luxfi/dex/pkg/lx/liquidation_engine.go:700.19,701.55 1 1
github.com/luxfi/dex/pkg/lx/liquidation_engine.go:707.58,715.2 1 1
github.com/luxfi/dex/pkg/lx/liquidation_engine.go:717.75,723.26 4 1
github.com/luxfi/dex/pkg/lx/liquidation_engine.go:723.26,725.3 1 1
github.com/luxfi/dex/pkg/lx/liquidation_engine.go:730.2,738.39 3 1
github.com/luxfi/dex/pkg/lx/liquidation_engine.go:738.39,739.25 1 1
github.com/luxfi/dex/pkg/lx/liquidation_engine.go:739.25,740.9 1 1
github.com/luxfi/dex/pkg/lx/liquidation_engine.go:744.3,758.33 5 1
github.com/luxfi/dex/pkg/lx/liquidation_engine.go:761.2,762.12 2 1
github.com/luxfi/dex/pkg/lx/liquidation_engine.go:767.54,776.2 1 1
github.com/luxfi/dex/pkg/lx/liquidation_engine.go:778.79,782.42 3 1
github.com/luxfi/dex/pkg/lx/liquidation_engine.go:782.42,784.3 1 1
github.com/luxfi/dex/pkg/lx/liquidation_engine.go:786.2,801.12 3 1
github.com/luxfi/dex/pkg/lx/liquidation_engine.go:806.42,813.2 1 1
github.com/luxfi/dex/pkg/lx/liquidation_engine.go:815.48,816.17 1 1
github.com/luxfi/dex/pkg/lx/liquidation_engine.go:816.17,818.3 1 1
github.com/luxfi/dex/pkg/lx/liquidation_engine.go:821.2,821.54 1 1
github.com/luxfi/dex/pkg/lx/liquidation_engine.go:821.54,823.3 1 1
github.com/luxfi/dex/pkg/lx/liquidation_engine.go:826.2,826.49 1 1
github.com/luxfi/dex/pkg/lx/liquidation_engine.go:826.49,827.45 1 1
github.com/luxfi/dex/pkg/lx/liquidation_engine.go:827.45,832.4 4 1
github.com/luxfi/dex/pkg/lx/liquidation_engine.go:835.2,835.14 1 1
github.com/luxfi/dex/pkg/lx/liquidation_engine.go:840.61,848.2 1 1
github.com/luxfi/dex/pkg/lx/liquidation_engine.go:850.59,855.23 1 1
github.com/luxfi/dex/pkg/lx/liquidation_engine.go:855.23,858.5 1 1
github.com/luxfi/dex/pkg/lx/liquidation_engine.go:859.25,862.5 1 0
github.com/luxfi/dex/pkg/lx/liquidation_engine.go:869.23,872.5 1 1
github.com/luxfi/dex/pkg/lx/liquidation_engine.go:873.25,876.5 1 0
github.com/luxfi/dex/pkg/lx/liquidation_engine.go:883.42,885.2 1 1
github.com/luxfi/dex/pkg/lx/liquidation_engine.go:887.31,889.2 1 1
github.com/luxfi/dex/pkg/lx/liquidation_engine.go:891.30,893.2 1 1
github.com/luxfi/dex/pkg/lx/liquidation_engine.go:895.50,903.2 1 1
github.com/luxfi/dex/pkg/lx/liquidation_engine.go:905.44,912.2 1 1
github.com/luxfi/dex/pkg/lx/margin_trading.go:118.81,133.2 1 1
github.com/luxfi/dex/pkg/lx/margin_trading.go:136.115,140.46 3 1
github.com/luxfi/dex/pkg/lx/margin_trading.go:140.46,142.3 1 1
github.com/luxfi/dex/pkg/lx/margin_trading.go:144.2,145.35 2 1
github.com/luxfi/dex/pkg/lx/margin_trading.go:145.35,147.3 1 1
github.com/luxfi/dex/pkg/lx/margin_trading.go:147.8,147.43 1 1
github.com/luxfi/dex/pkg/lx/margin_trading.go:147.43,149.3 1 1
github.com/luxfi/dex/pkg/lx/margin_trading.go:151.2,177.21 3 1
github.com/luxfi/dex/pkg/lx/margin_trading.go:181.66,186.2 3 1
github.com/luxfi/dex/pkg/lx/margin_trading.go:189.88,194.13 4 1
github.com/luxfi/dex/pkg/lx/margin_trading.go:194.13,196.3 1 1
github.com/luxfi/dex/pkg/lx/margin_trading.go:198.2,199.13 2 1
github.com/luxfi/dex/pkg/lx/margin_trading.go:199.13,210.3 2 1
github.com/luxfi/dex/pkg/lx/margin_trading.go:213.2,221.38 5 1
github.com/luxfi/dex/pkg/lx/margin_trading.go:221.38,223.3 1 1
github.com/luxfi/dex/pkg/lx/margin_trading.go:224.2,229.12 3 1
github.com/luxfi/dex/pkg/lx/margin_trading.go:233.110,238.13 4 1
github.com/luxfi/dex/pkg/lx/margin_trading.go:238.13,240.3 1 0
github.com/luxfi/dex/pkg/lx/margin_trading.go:243.2,244.28 2 1
github.com/luxfi/dex/pkg/lx/margin_trading.go:244.28,246.3 1 1
github.com/luxfi/dex/pkg/lx/margin_trading.go:249.2,253.48 3 1
github.com/luxfi/dex/pkg/lx/margin_trading.go:253.48,255.3 1 1
github.com/luxfi/dex/pkg/lx/margin_trading.go:258.2,287.41 7 1
github.com/luxfi/dex/pkg/lx/margin_trading.go:287.41,288.83 1 1
github.com/luxfi/dex/pkg/lx/margin_trading.go:288.83,290.4 1 1
github.com/luxfi/dex/pkg/lx/margin_trading.go:294.2,296.22 2 1
github.com/luxfi/dex/pkg/lx/margin_trading.go:300.86,305.13 4 1
github.com/luxfi/dex/pkg/lx/margin_trading.go:305.13,307.3 1 1
github.com/luxfi/dex/pkg/lx/margin_trading.go:309.2,310.13 2 1
github.com/luxfi/dex/pkg/lx/margin_trading.go:310.13,312.3 1 1
github.com/luxfi/dex/pkg/lx/margin_trading.go:315.2,321.26 5 1
github.com/luxfi/dex/pkg/lx/margin_trading.go:321.26,323.3 1 1
github.com/luxfi/dex/pkg/lx/margin_trading.go:323.8,325.3 1 0
github.com/luxfi/dex/pkg/lx/margin_trading.go:327.2,339.74 8 1
github.com/luxfi/dex/pkg/lx/margin_trading.go:339.74,343.3 3 0
github.com/luxfi/dex/pkg/lx/margin_trading.go:346.2,346.32 1 1
github.com/luxfi/dex/pkg/lx/margin_trading.go:346.32,348.3 1 1
github.com/luxfi/dex/pkg/lx/margin_trading.go:348.8,352.3 3 0
github.com/luxfi/dex/pkg/lx/margin_trading.go:355.2,360.12 3 1
github.com/luxfi/dex/pkg/lx/margin_trading.go:364.94,369.13 4 0
github.com/luxfi/dex/pkg/lx/margin_trading.go:369.13,371.3 1 0
github.com/luxfi/dex/pkg/lx/margin_trading.go:373.2,374.13 2 0
github.com/luxfi/dex/pkg/lx/margin_trading.go:374.13,376.3 1 0
github.com/luxfi/dex/pkg/lx/margin_trading.go:379.2,380.31 2 0
github.com/luxfi/dex/pkg/lx/margin_trading.go:380.31,382.3 1 0
github.com/luxfi/dex/pkg/lx/margin_trading.go:385.2,390.40 4 0
github.com/luxfi/dex/pkg/lx/margin_trading.go:390.40,391.46 1 0
github.com/luxfi/dex/pkg/lx/margin_trading.go:391.46,393.4 1 0
github.com/luxfi/dex/pkg/lx/margin_trading.go:394.3,395.58 2 0
github.com/luxfi/dex/pkg/lx/margin_trading.go:396.8,401.3 3 0
github.com/luxfi/dex/pkg/lx/margin_trading.go:404.2,412.12 6 0
github.com/luxfi/dex/pkg/lx/margin_trading.go:416.109,418.32 2 1
github.com/luxfi/dex/pkg/lx/margin_trading.go:418.32,420.3 1 0
github.com/luxfi/dex/pkg/lx/margin_trading.go:422.2,422.26 1 1
github.com/luxfi/dex/pkg/lx/margin_trading.go:422.26,425.3 1 1
github.com/luxfi/dex/pkg/lx/margin_trading.go:425.8,428.3 1 1
github.com/luxfi/dex/pkg/lx/margin_trading.go:432.70,438.54 4 1
github.com/luxfi/dex/pkg/lx/margin_trading.go:438.54,444.3 4 1
github.com/luxfi/dex/pkg/lx/margin_trading.go:447.2,448.45 2 1
github.com/luxfi/dex/pkg/lx/margin_trading.go:448.45,451.27 3 1
github.com/luxfi/dex/pkg/lx/margin_trading.go:451.27,453.4 1 1
github.com/luxfi/dex/pkg/lx/margin_trading.go:453.9,455.4 1 0
github.com/luxfi/dex/pkg/lx/margin_trading.go:456.3,457.69 2 1
github.com/luxfi/dex/pkg/lx/margin_trading.go:459.2,465.47 3 1
github.com/luxfi/dex/pkg/lx/margin_trading.go:465.47,471.3 5 1
github.com/luxfi/dex/pkg/lx/margin_trading.go:471.8,473.3 1 1
github.com/luxfi/dex/pkg/lx/margin_trading.go:476.2,477.45 2 1
github.com/luxfi/dex/pkg/lx/margin_trading.go:477.45,480.3 2 1
github.com/luxfi/dex/pkg/lx/margin_trading.go:482.2,482.43 1 1
github.com/luxfi/dex/pkg/lx/margin_trading.go:482.43,487.3 4 1
github.com/luxfi/dex/pkg/lx/margin_trading.go:489.2,489.33 1 1
github.com/luxfi/dex/pkg/lx/margin_trading.go:493.45,497.43 3 1
github.com/luxfi/dex/pkg/lx/margin_trading.go:497.43,502.81 2 1
github.com/luxfi/dex/pkg/lx/margin_trading.go:502.81,504.4 1 0
github.com/luxfi/dex/pkg/lx/margin_trading.go:507.3,507.44 1 1
github.com/luxfi/dex/pkg/lx/margin_trading.go:507.44,508.51 1 1
github.com/luxfi/dex/pkg/lx/margin_trading.go:508.51,510.59 2 1
github.com/luxfi/dex/pkg/lx/margin_trading.go:510.59,512.6 1 1
github.com/luxfi/dex/pkg/lx/margin_trading.go:519.102,520.26 1 1
github.com/luxfi/dex/pkg/lx/margin_trading.go:520.26,522.3 1 1
github.com/luxfi/dex/pkg/lx/margin_trading.go:523.2,523.50 1 1
github.com/luxfi/dex/pkg/lx/margin_trading.go:527.96,545.51 5 1
github.com/luxfi/dex/pkg/lx/margin_trading.go:545.51,547.36 2 1
github.com/luxfi/dex/pkg/lx/margin_trading.go:547.36,550.4 2 1
github.com/luxfi/dex/pkg/lx/margin_trading.go:555.81,556.49 1 1
github.com/luxfi/dex/pkg/lx/margin_trading.go:556.49,558.3 1 1
github.com/luxfi/dex/pkg/lx/margin_trading.go:561.2,563.22 3 1
github.com/luxfi/dex/pkg/lx/margin_trading.go:567.104,570.31 2 1
github.com/luxfi/dex/pkg/lx/margin_trading.go:570.31,572.3 1 1
github.com/luxfi/dex/pkg/lx/margin_trading.go:575.2,579.13 3 1
github.com/luxfi/dex/pkg/lx/margin_trading.go:579.13,589.3 2 1
github.com/luxfi/dex/pkg/lx/margin_trading.go:592.2,598.36 3 1
github.com/luxfi/dex/pkg/lx/margin_trading.go:598.36,600.3 1 1
github.com/luxfi/dex/pkg/lx/margin_trading.go:601.2,603.12 2 1
github.com/luxfi/dex/pkg/lx/margin_trading.go:607.100,609.13 2 1
github.com/luxfi/dex/pkg/lx/margin_trading.go:609.13,611.3 1 1
github.com/luxfi/dex/pkg/lx/margin_trading.go:614.2,619.45 4 1
github.com/luxfi/dex/pkg/lx/margin_trading.go:619.45,621.3 1 0
github.com/luxfi/dex/pkg/lx/margin_trading.go:621.8,623.3 1 1
github.com/luxfi/dex/pkg/lx/margin_trading.go:626.2,634.12 4 1
github.com/luxfi/dex/pkg/lx/margin_trading.go:638.84,649.2 7 1
github.com/luxfi/dex/pkg/lx/margin_trading.go:652.94,653.61 1 1
github.com/luxfi/dex/pkg/lx/margin_trading.go:653.61,654.37 1 1
github.com/luxfi/dex/pkg/lx/margin_trading.go:654.37,656.4 1 1
github.com/luxfi/dex/pkg/lx/margin_trading.go:657.3,657.18 1 1
github.com/luxfi/dex/pkg/lx/margin_trading.go:659.2,659.13 1 1
github.com/luxfi/dex/pkg/lx/margin_trading.go:662.63,671.48 2 1
github.com/luxfi/dex/pkg/lx/margin_trading.go:671.48,673.3 1 1
github.com/luxfi/dex/pkg/lx/margin_trading.go:674.2,674.13 1 1
github.com/luxfi/dex/pkg/lx/margin_trading.go:677.59,686.40 2 1
github.com/luxfi/dex/pkg/lx/margin_trading.go:686.40,688.3 1 1
github.com/luxfi/dex/pkg/lx/margin_trading.go:689.2,689.13 1 1
github.com/luxfi/dex/pkg/lx/margin_trading.go:692.48,703.2 1 1
github.com/luxfi/dex/pkg/lx/margin_trading.go:705.54,716.2 1 1
github.com/luxfi/dex/pkg/lx/margin_trading.go:718.50,729.2 1 1
github.com/luxfi/dex/pkg/lx/margin_trading.go:733.34,736.2 2 1
github.com/luxfi/dex/pkg/lx/margin_trading.go:738.35,739.17 1 1
github.com/luxfi/dex/pkg/lx/margin_trading.go:739.17,741.3 1 1
github.com/luxfi/dex/pkg/lx/margin_trading.go:742.2,742.12 1 1
github.com/luxfi/dex/pkg/lx/multisig.go:195.44,205.2 1 1
github.com/luxfi/dex/pkg/lx/multisig.go:212.28,217.22 3 1
github.com/luxfi/dex/pkg/lx/multisig.go:217.22,219.3 1 0
github.com/luxfi/dex/pkg/lx/multisig.go:221.2,221.41 1 1
github.com/luxfi/dex/pkg/lx/multisig.go:221.41,223.3 1 0
github.com/luxfi/dex/pkg/lx/multisig.go:225.2,225.60 1 1
github.com/luxfi/dex/pkg/lx/multisig.go:225.60,227.3 1 0
github.com/luxfi/dex/pkg/lx/multisig.go:230.2,231.31 2 1
github.com/luxfi/dex/pkg/lx/multisig.go:231.31,232.22 1 1
github.com/luxfi/dex/pkg/lx/multisig.go:232.22,234.4 1 0
github.com/luxfi/dex/pkg/lx/multisig.go:235.3,235.25 1 1
github.com/luxfi/dex/pkg/lx/multisig.go:238.2,270.35 9 1
github.com/luxfi/dex/pkg/lx/multisig.go:270.35,286.3 3 1
github.com/luxfi/dex/pkg/lx/multisig.go:288.2,291.20 3 1
github.com/luxfi/dex/pkg/lx/multisig.go:304.33,309.13 4 1
github.com/luxfi/dex/pkg/lx/multisig.go:309.13,311.3 1 0
github.com/luxfi/dex/pkg/lx/multisig.go:313.2,317.53 3 1
github.com/luxfi/dex/pkg/lx/multisig.go:317.53,319.3 1 0
github.com/luxfi/dex/pkg/lx/multisig.go:322.2,322.47 1 1
github.com/luxfi/dex/pkg/lx/multisig.go:322.47,324.3 1 0
github.com/luxfi/dex/pkg/lx/multisig.go:327.2,327.48 1 1
github.com/luxfi/dex/pkg/lx/multisig.go:327.48,329.3 1 0
github.com/luxfi/dex/pkg/lx/multisig.go:332.2,332.30 1 1
github.com/luxfi/dex/pkg/lx/multisig.go:332.30,333.62 1 1
github.com/luxfi/dex/pkg/lx/multisig.go:333.62,335.4 1 0
github.com/luxfi/dex/pkg/lx/multisig.go:336.3,336.34 1 1
github.com/luxfi/dex/pkg/lx/multisig.go:336.34,338.4 1 0
github.com/luxfi/dex/pkg/lx/multisig.go:341.3,341.70 1 1
github.com/luxfi/dex/pkg/lx/multisig.go:341.70,343.4 1 0
github.com/luxfi/dex/pkg/lx/multisig.go:347.2,348.23 2 1
github.com/luxfi/dex/pkg/lx/multisig.go:348.23,350.3 1 0
github.com/luxfi/dex/pkg/lx/multisig.go:353.2,382.41 8 1
github.com/luxfi/dex/pkg/lx/multisig.go:382.41,384.3 1 0
github.com/luxfi/dex/pkg/lx/multisig.go:386.2,386.16 1 1
github.com/luxfi/dex/pkg/lx/multisig.go:394.9,399.13 4 1
github.com/luxfi/dex/pkg/lx/multisig.go:399.13,401.3 1 0
github.com/luxfi/dex/pkg/lx/multisig.go:403.2,408.14 4 1
github.com/luxfi/dex/pkg/lx/multisig.go:408.14,410.3 1 0
github.com/luxfi/dex/pkg/lx/multisig.go:413.2,414.13 2 1
github.com/luxfi/dex/pkg/lx/multisig.go:414.13,416.3 1 1
github.com/luxfi/dex/pkg/lx/multisig.go:419.2,419.48 1 1
github.com/luxfi/dex/pkg/lx/multisig.go:419.48,421.3 1 0
github.com/luxfi/dex/pkg/lx/multisig.go:424.2,424.36 1 1
github.com/luxfi/dex/pkg/lx/multisig.go:424.36,429.3 4 0
github.com/luxfi/dex/pkg/lx/multisig.go:432.2,440.41 5 1
github.com/luxfi/dex/pkg/lx/multisig.go:440.41,443.3 2 1
github.com/luxfi/dex/pkg/lx/multisig.go:445.2,445.12 1 1
github.com/luxfi/dex/pkg/lx/multisig.go:453.9,458.13 4 1
github.com/luxfi/dex/pkg/lx/multisig.go:458.13,460.3 1 0
github.com/luxfi/dex/pkg/lx/multisig.go:462.2,466.13 4 1
github.com/luxfi/dex/pkg/lx/multisig.go:466.13,468.3 1 0
github.com/luxfi/dex/pkg/lx/multisig.go:471.2,471.49 1 1
github.com/luxfi/dex/pkg/lx/multisig.go:471.49,473.3 1 0
github.com/luxfi/dex/pkg/lx/multisig.go:476.2,480.73 3 1
github.com/luxfi/dex/pkg/lx/multisig.go:480.73,482.3 1 1
github.com/luxfi/dex/pkg/lx/multisig.go:484.2,484.12 1 1
github.com/luxfi/dex/pkg/lx/multisig.go:488.78,493.19 4 1
github.com/luxfi/dex/pkg/lx/multisig.go:493.19,495.3 1 0
github.com/luxfi/dex/pkg/lx/multisig.go:497.2,501.40 3 1
github.com/luxfi/dex/pkg/lx/multisig.go:501.40,503.3 1 1
github.com/luxfi/dex/pkg/lx/multisig.go:505.2,509.17 3 1
github.com/luxfi/dex/pkg/lx/multisig.go:510.22,511.39 1 1
github.com/luxfi/dex/pkg/lx/multisig.go:513.22,514.39 1 0
github.com/luxfi/dex/pkg/lx/multisig.go:516.25,517.42 1 0
github.com/luxfi/dex/pkg/lx/multisig.go:519.29,520.46 1 0
github.com/luxfi/dex/pkg/lx/multisig.go:522.20,523.23 1 0
github.com/luxfi/dex/pkg/lx/multisig.go:525.22,526.24 1 0
github.com/luxfi/dex/pkg/lx/multisig.go:528.23,529.40 1 0
github.com/luxfi/dex/pkg/lx/multisig.go:531.23,532.40 1 0
github.com/luxfi/dex/pkg/lx/multisig.go:534.10,535.51 1 0
github.com/luxfi/dex/pkg/lx/multisig.go:538.2,538.16 1 1
github.com/luxfi/dex/pkg/lx/multisig.go:538.16,542.3 3 1
github.com/luxfi/dex/pkg/lx/multisig.go:542.8,550.51 6 0
github.com/luxfi/dex/pkg/lx/multisig.go:550.51,551.39 1 0
github.com/luxfi/dex/pkg/lx/multisig.go:551.39,553.5 1 0
github.com/luxfi/dex/pkg/lx/multisig.go:554.4,554.68 1 0
github.com/luxfi/dex/pkg/lx/multisig.go:559.2,562.12 3 1
github.com/luxfi/dex/pkg/lx/multisig.go:566.99,569.49 2 1
github.com/luxfi/dex/pkg/lx/multisig.go:569.49,571.3 1 1
github.com/luxfi/dex/pkg/lx/multisig.go:574.2,574.38 1 0
github.com/luxfi/dex/pkg/lx/multisig.go:574.38,575.61 1 0
github.com/luxfi/dex/pkg/lx/multisig.go:575.61,577.54 1 0
github.com/luxfi/dex/pkg/lx/multisig.go:577.54,580.5 2 0
github.com/luxfi/dex/pkg/lx/multisig.go:583.4,584.42 2 0
github.com/luxfi/dex/pkg/lx/multisig.go:584.43,587.5 0 0
github.com/luxfi/dex/pkg/lx/multisig.go:589.4,589.31 1 0
github.com/luxfi/dex/pkg/lx/multisig.go:594.2,599.12 3 0
github.com/luxfi/dex/pkg/lx/multisig.go:603.99,604.49 1 1
github.com/luxfi/dex/pkg/lx/multisig.go:604.49,606.3 1 0
github.com/luxfi/dex/pkg/lx/multisig.go:608.2,608.47 1 1
github.com/luxfi/dex/pkg/lx/multisig.go:608.47,610.3 1 0
github.com/luxfi/dex/pkg/lx/multisig.go:612.2,627.12 5 1
github.com/luxfi/dex/pkg/lx/multisig.go:631.102,632.47 1 1
github.com/luxfi/dex/pkg/lx/multisig.go:632.47,634.3 1 0
github.com/luxfi/dex/pkg/lx/multisig.go:636.2,636.48 1 1
github.com/luxfi/dex/pkg/lx/multisig.go:636.48,638.3 1 0
github.com/luxfi/dex/pkg/lx/multisig.go:640.2,645.32 4 1
github.com/luxfi/dex/pkg/lx/multisig.go:645.32,646.24 1 1
github.com/luxfi/dex/pkg/lx/multisig.go:646.24,648.9 2 1
github.com/luxfi/dex/pkg/lx/multisig.go:652.2,652.12 1 1
github.com/luxfi/dex/pkg/lx/multisig.go:656.106,659.73 2 1
github.com/luxfi/dex/pkg/lx/multisig.go:659.73,662.3 1 0
github.com/luxfi/dex/pkg/lx/multisig.go:664.2,667.45 2 1
github.com/luxfi/dex/pkg/lx/multisig.go:667.45,668.31 1 1
github.com/luxfi/dex/pkg/lx/multisig.go:668.31,670.4 1 1
github.com/luxfi/dex/pkg/lx/multisig.go:673.2,673.12 1 1
github.com/luxfi/dex/pkg/lx/multisig.go:682.9,687.13 4 1
github.com/luxfi/dex/pkg/lx/multisig.go:687.13,689.3 1 0
github.com/luxfi/dex/pkg/lx/multisig.go:691.2,703.12 5 1
github.com/luxfi/dex/pkg/lx/multisig.go:708.54,712.2 3 1
github.com/luxfi/dex/pkg/lx/multisig.go:714.50,718.2 3 1
github.com/luxfi/dex/pkg/lx/multisig.go:720.97,730.2 3 1
github.com/luxfi/dex/pkg/lx/multisig.go:736.9,741.62 3 1
github.com/luxfi/dex/pkg/lx/multisig.go:741.62,743.46 1 1
github.com/luxfi/dex/pkg/lx/multisig.go:743.46,746.4 2 0
github.com/luxfi/dex/pkg/lx/multisig.go:748.3,749.37 2 1
github.com/luxfi/dex/pkg/lx/multisig.go:749.37,751.4 1 0
github.com/luxfi/dex/pkg/lx/multisig.go:755.2,756.63 2 1
github.com/luxfi/dex/pkg/lx/multisig.go:756.63,757.48 1 0
github.com/luxfi/dex/pkg/lx/multisig.go:757.48,760.4 2 0
github.com/luxfi/dex/pkg/lx/multisig.go:762.3,763.37 2 0
github.com/luxfi/dex/pkg/lx/multisig.go:763.37,765.4 1 0
github.com/luxfi/dex/pkg/lx/multisig.go:768.2,768.12 1 1
github.com/luxfi/dex/pkg/lx/multisig.go:771.24,772.11 1 1
github.com/luxfi/dex/pkg/lx/multisig.go:772.11,774.3 1 0
github.com/luxfi/dex/pkg/lx/multisig.go:775.2,775.10 1 1
github.com/luxfi/dex/pkg/lx/multisig.go:778.24,779.11 1 1
github.com/luxfi/dex/pkg/lx/multisig.go:779.11,781.3 1 1
github.com/luxfi/dex/pkg/lx/multisig.go:782.2,782.10 1 0
github.com/luxfi/dex/pkg/lx/multisig.go:786.91,791.13 4 1
github.com/luxfi/dex/pkg/lx/multisig.go:791.13,793.3 1 0
github.com/luxfi/dex/pkg/lx/multisig.go:795.2,799.34 4 1
github.com/luxfi/dex/pkg/lx/multisig.go:799.34,801.3 1 1
github.com/luxfi/dex/pkg/lx/multisig.go:803.2,815.8 1 1
github.com/luxfi/dex/pkg/lx/multisig.go:819.74,824.2 3 1
github.com/luxfi/dex/pkg/lx/oracle.go:55.41,57.2 1 1
github.com/luxfi/dex/pkg/lx/oracle.go:60.41,62.2 1 1
github.com/luxfi/dex/pkg/lx/oracle.go:127.81,128.33 1 1
github.com/luxfi/dex/pkg/lx/oracle.go:128.33,130.3 1 1
github.com/luxfi/dex/pkg/lx/oracle.go:133.2,135.27 3 1
github.com/luxfi/dex/pkg/lx/oracle.go:135.27,138.3 2 1
github.com/luxfi/dex/pkg/lx/oracle.go:141.2,145.35 3 1
github.com/luxfi/dex/pkg/lx/oracle.go:145.35,147.3 1 0
github.com/luxfi/dex/pkg/lx/oracle.go:150.2,162.24 3 1
github.com/luxfi/dex/pkg/lx/oracle.go:165.72,166.22 1 1
github.com/luxfi/dex/pkg/lx/oracle.go:166.22,168.3 1 1
github.com/luxfi/dex/pkg/lx/oracle.go:171.2,172.27 2 1
github.com/luxfi/dex/pkg/lx/oracle.go:172.27,173.44 1 1
github.com/luxfi/dex/pkg/lx/oracle.go:173.44,175.4 1 1
github.com/luxfi/dex/pkg/lx/oracle.go:179.2,180.27 2 1
github.com/luxfi/dex/pkg/lx/oracle.go:180.27,182.34 2 1
github.com/luxfi/dex/pkg/lx/oracle.go:182.34,184.4 1 1
github.com/luxfi/dex/pkg/lx/oracle.go:187.2,187.12 1 1
github.com/luxfi/dex/pkg/lx/oracle.go:190.95,193.27 2 1
github.com/luxfi/dex/pkg/lx/oracle.go:193.27,195.35 2 1
github.com/luxfi/dex/pkg/lx/oracle.go:195.35,197.4 1 1
github.com/luxfi/dex/pkg/lx/oracle.go:200.2,200.17 1 1
github.com/luxfi/dex/pkg/lx/oracle.go:203.79,204.22 1 1
github.com/luxfi/dex/pkg/lx/oracle.go:204.22,206.3 1 1
github.com/luxfi/dex/pkg/lx/oracle.go:209.2,220.34 8 1
github.com/luxfi/dex/pkg/lx/oracle.go:223.84,224.22 1 1
github.com/luxfi/dex/pkg/lx/oracle.go:224.22,226.3 1 1
github.com/luxfi/dex/pkg/lx/oracle.go:228.2,231.27 3 1
github.com/luxfi/dex/pkg/lx/oracle.go:231.27,232.22 1 1
github.com/luxfi/dex/pkg/lx/oracle.go:232.22,234.4 1 1
github.com/luxfi/dex/pkg/lx/oracle.go:235.3,235.35 1 1
github.com/luxfi/dex/pkg/lx/oracle.go:235.35,237.4 1 1
github.com/luxfi/dex/pkg/lx/oracle.go:240.2,240.32 1 1
github.com/luxfi/dex/pkg/lx/oracle.go:240.32,242.3 1 1
github.com/luxfi/dex/pkg/lx/oracle.go:244.2,244.25 1 1
github.com/luxfi/dex/pkg/lx/oracle.go:253.83,254.22 1 1
github.com/luxfi/dex/pkg/lx/oracle.go:254.22,256.3 1 1
github.com/luxfi/dex/pkg/lx/oracle.go:258.2,262.27 4 1
github.com/luxfi/dex/pkg/lx/oracle.go:262.27,264.18 2 1
github.com/luxfi/dex/pkg/lx/oracle.go:264.18,266.4 1 1
github.com/luxfi/dex/pkg/lx/oracle.go:269.3,269.41 1 1
github.com/luxfi/dex/pkg/lx/oracle.go:269.41,271.4 1 1
github.com/luxfi/dex/pkg/lx/oracle.go:273.3,275.26 3 1
github.com/luxfi/dex/pkg/lx/oracle.go:278.2,278.22 1 1
github.com/luxfi/dex/pkg/lx/oracle.go:278.22,280.3 1 0
github.com/luxfi/dex/pkg/lx/oracle.go:282.2,291.24 2 1
github.com/luxfi/dex/pkg/lx/oracle.go:294.74,297.2 1 1
github.com/luxfi/dex/pkg/lx/oracle.go:299.81,302.2 1 1
github.com/luxfi/dex/pkg/lx/oracle.go:317.62,318.29 1 1
github.com/luxfi/dex/pkg/lx/oracle.go:318.29,322.3 3 1
github.com/luxfi/dex/pkg/lx/oracle.go:325.2,325.70 1 1
github.com/luxfi/dex/pkg/lx/oracle.go:325.70,327.3 1 1
github.com/luxfi/dex/pkg/lx/oracle.go:329.2,329.17 1 1
github.com/luxfi/dex/pkg/lx/oracle.go:329.17,331.3 1 1
github.com/luxfi/dex/pkg/lx/oracle.go:334.2,336.42 2 1
github.com/luxfi/dex/pkg/lx/oracle.go:336.42,339.3 2 1
github.com/luxfi/dex/pkg/lx/oracle.go:341.2,343.13 3 1
github.com/luxfi/dex/pkg/lx/oracle.go:346.40,350.2 3 1
github.com/luxfi/dex/pkg/lx/oracle.go:352.41,354.2 1 1
github.com/luxfi/dex/pkg/lx/oracle.go:399.36,429.2 3 1
github.com/luxfi/dex/pkg/lx/oracle.go:432.52,444.2 0 1
github.com/luxfi/dex/pkg/lx/oracle.go:447.79,451.48 3 1
github.com/luxfi/dex/pkg/lx/oracle.go:451.48,453.3 1 1
github.com/luxfi/dex/pkg/lx/oracle.go:455.2,456.12 2 1
github.com/luxfi/dex/pkg/lx/oracle.go:460.38,462.45 1 1
github.com/luxfi/dex/pkg/lx/oracle.go:462.45,464.3 1 1
github.com/luxfi/dex/pkg/lx/oracle.go:467.2,475.12 4 1
github.com/luxfi/dex/pkg/lx/oracle.go:479.31,481.45 1 1
github.com/luxfi/dex/pkg/lx/oracle.go:481.45,483.3 1 1
github.com/luxfi/dex/pkg/lx/oracle.go:485.2,488.24 4 1
github.com/luxfi/dex/pkg/lx/oracle.go:492.56,496.55 3 1
github.com/luxfi/dex/pkg/lx/oracle.go:496.55,498.54 1 1
github.com/luxfi/dex/pkg/lx/oracle.go:498.54,500.60 1 1
github.com/luxfi/dex/pkg/lx/oracle.go:500.60,502.5 1 1
github.com/luxfi/dex/pkg/lx/oracle.go:504.3,504.21 1 1
github.com/luxfi/dex/pkg/lx/oracle.go:508.2,508.58 1 1
github.com/luxfi/dex/pkg/lx/oracle.go:508.58,510.3 1 1
github.com/luxfi/dex/pkg/lx/oracle.go:512.2,512.10 1 1
github.com/luxfi/dex/pkg/lx/oracle.go:516.72,520.55 3 1
github.com/luxfi/dex/pkg/lx/oracle.go:520.55,522.3 1 1
github.com/luxfi/dex/pkg/lx/oracle.go:524.2,524.56 1 1
github.com/luxfi/dex/pkg/lx/oracle.go:528.77,532.45 3 1
github.com/luxfi/dex/pkg/lx/oracle.go:532.45,533.28 1 1
github.com/luxfi/dex/pkg/lx/oracle.go:533.28,535.4 1 1
github.com/luxfi/dex/pkg/lx/oracle.go:539.2,539.41 1 1
github.com/luxfi/dex/pkg/lx/oracle.go:543.77,547.45 3 1
github.com/luxfi/dex/pkg/lx/oracle.go:547.45,548.28 1 1
github.com/luxfi/dex/pkg/lx/oracle.go:548.28,550.4 1 1
github.com/luxfi/dex/pkg/lx/oracle.go:554.2,554.41 1 1
github.com/luxfi/dex/pkg/lx/oracle.go:558.37,562.21 3 1
github.com/luxfi/dex/pkg/lx/oracle.go:562.21,563.10 1 0
github.com/luxfi/dex/pkg/lx/oracle.go:564.19,565.21 1 0
github.com/luxfi/dex/pkg/lx/oracle.go:571.39,574.33 2 1
github.com/luxfi/dex/pkg/lx/oracle.go:574.33,578.45 2 1
github.com/luxfi/dex/pkg/lx/oracle.go:578.45,579.27 1 1
github.com/luxfi/dex/pkg/lx/oracle.go:579.27,587.13 2 0
github.com/luxfi/dex/pkg/lx/oracle.go:590.4,591.18 2 1
github.com/luxfi/dex/pkg/lx/oracle.go:591.18,592.13 1 0
github.com/luxfi/dex/pkg/lx/oracle.go:596.4,596.56 1 1
github.com/luxfi/dex/pkg/lx/oracle.go:596.56,597.31 1 1
github.com/luxfi/dex/pkg/lx/oracle.go:597.31,606.14 2 1
github.com/luxfi/dex/pkg/lx/oracle.go:610.4,610.34 1 1
github.com/luxfi/dex/pkg/lx/oracle.go:614.3,614.38 1 1
github.com/luxfi/dex/pkg/lx/oracle.go:614.38,622.12 2 1
github.com/luxfi/dex/pkg/lx/oracle.go:626.3,627.17 2 1
github.com/luxfi/dex/pkg/lx/oracle.go:627.17,629.12 2 0
github.com/luxfi/dex/pkg/lx/oracle.go:633.3,636.28 2 1
github.com/luxfi/dex/pkg/lx/oracle.go:639.2,639.28 1 1
github.com/luxfi/dex/pkg/lx/oracle.go:643.76,651.36 5 1
github.com/luxfi/dex/pkg/lx/oracle.go:651.36,653.3 1 1
github.com/luxfi/dex/pkg/lx/oracle.go:654.2,658.47 3 1
github.com/luxfi/dex/pkg/lx/oracle.go:658.47,660.3 1 0
github.com/luxfi/dex/pkg/lx/oracle.go:663.2,663.21 1 1
github.com/luxfi/dex/pkg/lx/oracle.go:663.21,674.10 3 1
github.com/luxfi/dex/pkg/lx/oracle.go:675.34,675.34 0 1
github.com/luxfi/dex/pkg/lx/oracle.go:676.11,676.11 0 0
github.com/luxfi/dex/pkg/lx/oracle.go:683.41,687.21 3 1
github.com/luxfi/dex/pkg/lx/oracle.go:687.21,688.10 1 0
github.com/luxfi/dex/pkg/lx/oracle.go:689.19,690.26 1 0
github.com/luxfi/dex/pkg/lx/oracle.go:696.44,700.44 3 1
github.com/luxfi/dex/pkg/lx/oracle.go:700.44,704.15 3 1
github.com/luxfi/dex/pkg/lx/oracle.go:704.15,711.4 1 1
github.com/luxfi/dex/pkg/lx/oracle.go:716.44,720.21 3 1
github.com/luxfi/dex/pkg/lx/oracle.go:720.21,721.10 1 0
github.com/luxfi/dex/pkg/lx/oracle.go:722.19,723.23 1 0
github.com/luxfi/dex/pkg/lx/oracle.go:729.41,732.33 2 1
github.com/luxfi/dex/pkg/lx/oracle.go:732.33,756.3 8 0
github.com/luxfi/dex/pkg/lx/oracle.go:760.83,762.23 2 1
github.com/luxfi/dex/pkg/lx/oracle.go:762.23,764.3 1 1
github.com/luxfi/dex/pkg/lx/oracle.go:766.2,769.28 3 1
github.com/luxfi/dex/pkg/lx/oracle.go:769.28,770.32 1 1
github.com/luxfi/dex/pkg/lx/oracle.go:770.32,772.4 1 1
github.com/luxfi/dex/pkg/lx/oracle.go:775.2,775.30 1 1
github.com/luxfi/dex/pkg/lx/oracle.go:775.30,777.3 1 0
github.com/luxfi/dex/pkg/lx/oracle.go:779.2,779.38 1 1
github.com/luxfi/dex/pkg/lx/oracle.go:783.83,785.23 2 1
github.com/luxfi/dex/pkg/lx/oracle.go:785.23,787.3 1 1
github.com/luxfi/dex/pkg/lx/oracle.go:789.2,793.28 4 1
github.com/luxfi/dex/pkg/lx/oracle.go:793.28,794.32 1 1
github.com/luxfi/dex/pkg/lx/oracle.go:794.32,797.4 2 1
github.com/luxfi/dex/pkg/lx/oracle.go:800.2,800.22 1 1
github.com/luxfi/dex/pkg/lx/oracle.go:800.22,802.3 1 1
github.com/luxfi/dex/pkg/lx/oracle.go:804.2,804.33 1 1
github.com/luxfi/dex/pkg/lx/oracle.go:808.53,813.39 4 1
github.com/luxfi/dex/pkg/lx/oracle.go:813.39,815.3 1 1
github.com/luxfi/dex/pkg/lx/oracle.go:817.2,817.16 1 1
github.com/luxfi/dex/pkg/lx/oracle.go:821.53,824.9 2 1
github.com/luxfi/dex/pkg/lx/oracle.go:825.32,825.32 0 1
github.com/luxfi/dex/pkg/lx/oracle.go:826.10,826.10 0 1
github.com/luxfi/dex/pkg/lx/oracle.go:833.48,834.22 1 1
github.com/luxfi/dex/pkg/lx/oracle.go:834.22,836.3 1 1
github.com/luxfi/dex/pkg/lx/oracle.go:839.2,842.35 3 1
github.com/luxfi/dex/pkg/lx/oracle.go:842.35,843.40 1 1
github.com/luxfi/dex/pkg/lx/oracle.go:843.40,844.29 1 1
github.com/luxfi/dex/pkg/lx/oracle.go:844.29,846.5 1 1
github.com/luxfi/dex/pkg/lx/oracle.go:850.2,850.24 1 1
github.com/luxfi/dex/pkg/lx/oracle.go:850.24,852.3 1 1
github.com/luxfi/dex/pkg/lx/oracle.go:853.2,853.30 1 1
github.com/luxfi/dex/pkg/lx/oracle.go:856.46,857.22 1 1
github.com/luxfi/dex/pkg/lx/oracle.go:857.22,859.3 1 1
github.com/luxfi/dex/pkg/lx/oracle.go:861.2,862.27 2 1
github.com/luxfi/dex/pkg/lx/oracle.go:862.27,864.3 1 1
github.com/luxfi/dex/pkg/lx/oracle.go:865.2,865.35 1 1
github.com/luxfi/dex/pkg/lx/oracle.go:868.62,869.22 1 1
github.com/luxfi/dex/pkg/lx/oracle.go:869.22,871.3 1 1
github.com/luxfi/dex/pkg/lx/oracle.go:873.2,874.27 2 1
github.com/luxfi/dex/pkg/lx/oracle.go:874.27,877.3 2 1
github.com/luxfi/dex/pkg/lx/oracle.go:879.2,880.28 2 1
github.com/luxfi/dex/pkg/lx/oracle.go:883.54,885.30 2 1
github.com/luxfi/dex/pkg/lx/oracle.go:885.30,887.3 1 1
github.com/luxfi/dex/pkg/lx/oracle.go:888.2,888.15 1 1
github.com/luxfi/dex/pkg/lx/oracle.go:891.60,895.33 3 1
github.com/luxfi/dex/pkg/lx/oracle.go:895.33,902.3 1 1
github.com/luxfi/dex/pkg/lx/oracle.go:904.2,904.17 1 1
github.com/luxfi/dex/pkg/lx/oracle.go:907.40,912.2 1 1
github.com/luxfi/dex/pkg/lx/orderbook.go:26.54,27.15 1 0
github.com/luxfi/dex/pkg/lx/orderbook.go:27.15,29.3 1 0
github.com/luxfi/dex/pkg/lx/orderbook.go:30.2,30.26 1 0
github.com/luxfi/dex/pkg/lx/orderbook.go:30.26,32.3 1 0
github.com/luxfi/dex/pkg/lx/orderbook.go:33.2,33.47 1 0
github.com/luxfi/dex/pkg/lx/orderbook.go:60.27,62.4 1 0
github.com/luxfi/dex/pkg/lx/orderbook.go:65.27,67.4 1 0
github.com/luxfi/dex/pkg/lx/orderbook.go:71.13,74.2 1 1
github.com/luxfi/dex/pkg/lx/orderbook.go:76.34,78.45 1 1
github.com/luxfi/dex/pkg/lx/orderbook.go:78.45,80.3 1 0
github.com/luxfi/dex/pkg/lx/orderbook.go:83.2,83.59 1 1
github.com/luxfi/dex/pkg/lx/orderbook.go:83.59,84.82 1 1
github.com/luxfi/dex/pkg/lx/orderbook.go:84.82,86.4 1 1
github.com/luxfi/dex/pkg/lx/orderbook.go:90.2,90.37 1 0
github.com/luxfi/dex/pkg/lx/orderbook.go:90.37,92.3 1 0
github.com/luxfi/dex/pkg/lx/orderbook.go:95.2,95.18 1 0
github.com/luxfi/dex/pkg/lx/orderbook.go:221.45,260.2 10 1
github.com/luxfi/dex/pkg/lx/orderbook.go:263.41,271.17 2 1
github.com/luxfi/dex/pkg/lx/orderbook.go:271.17,274.3 2 1
github.com/luxfi/dex/pkg/lx/orderbook.go:274.8,277.3 2 1
github.com/luxfi/dex/pkg/lx/orderbook.go:278.2,280.13 2 1
github.com/luxfi/dex/pkg/lx/orderbook.go:284.52,286.19 1 1
github.com/luxfi/dex/pkg/lx/orderbook.go:286.19,289.3 2 1
github.com/luxfi/dex/pkg/lx/orderbook.go:292.2,292.24 1 1
github.com/luxfi/dex/pkg/lx/orderbook.go:292.24,294.3 1 1
github.com/luxfi/dex/pkg/lx/orderbook.go:297.2,297.30 1 1
github.com/luxfi/dex/pkg/lx/orderbook.go:297.30,299.3 1 1
github.com/luxfi/dex/pkg/lx/orderbook.go:302.2,302.48 1 1
github.com/luxfi/dex/pkg/lx/orderbook.go:302.48,305.3 2 0
github.com/luxfi/dex/pkg/lx/orderbook.go:308.2,311.26 2 1
github.com/luxfi/dex/pkg/lx/orderbook.go:311.26,313.3 1 1
github.com/luxfi/dex/pkg/lx/orderbook.go:316.2,321.26 4 1
github.com/luxfi/dex/pkg/lx/orderbook.go:321.26,323.3 1 1
github.com/luxfi/dex/pkg/lx/orderbook.go:324.2,324.54 1 1
github.com/luxfi/dex/pkg/lx/orderbook.go:324.54,327.3 2 1
github.com/luxfi/dex/pkg/lx/orderbook.go:330.2,330.58 1 1
github.com/luxfi/dex/pkg/lx/orderbook.go:330.58,331.35 1 0
github.com/luxfi/dex/pkg/lx/orderbook.go:331.35,334.4 2 0
github.com/luxfi/dex/pkg/lx/orderbook.go:338.2,345.79 3 1
github.com/luxfi/dex/pkg/lx/orderbook.go:345.79,348.65 2 1
github.com/luxfi/dex/pkg/lx/orderbook.go:348.65,351.4 2 0
github.com/luxfi/dex/pkg/lx/orderbook.go:353.3,353.72 1 1
github.com/luxfi/dex/pkg/lx/orderbook.go:353.72,356.4 1 1
github.com/luxfi/dex/pkg/lx/orderbook.go:360.2,360.77 1 1
github.com/luxfi/dex/pkg/lx/orderbook.go:360.77,361.31 1 1
github.com/luxfi/dex/pkg/lx/orderbook.go:361.31,363.4 1 1
github.com/luxfi/dex/pkg/lx/orderbook.go:366.3,367.24 2 1
github.com/luxfi/dex/pkg/lx/orderbook.go:367.24,369.4 1 1
github.com/luxfi/dex/pkg/lx/orderbook.go:369.9,371.4 1 1
github.com/luxfi/dex/pkg/lx/orderbook.go:374.3,380.39 4 1
github.com/luxfi/dex/pkg/lx/orderbook.go:380.39,382.4 1 1
github.com/luxfi/dex/pkg/lx/orderbook.go:383.3,386.33 2 1
github.com/luxfi/dex/pkg/lx/orderbook.go:386.33,388.4 1 1
github.com/luxfi/dex/pkg/lx/orderbook.go:391.3,401.5 1 1
github.com/luxfi/dex/pkg/lx/orderbook.go:406.2,406.17 1 1
github.com/luxfi/dex/pkg/lx/orderbook.go:410.47,413.2 2 1
github.com/luxfi/dex/pkg/lx/orderbook.go:416.75,422.13 4 1
github.com/luxfi/dex/pkg/lx/orderbook.go:422.13,438.23 5 1
github.com/luxfi/dex/pkg/lx/orderbook.go:438.23,440.57 2 1
github.com/luxfi/dex/pkg/lx/orderbook.go:440.57,442.5 1 1
github.com/luxfi/dex/pkg/lx/orderbook.go:443.9,445.57 2 1
github.com/luxfi/dex/pkg/lx/orderbook.go:445.57,447.5 1 1
github.com/luxfi/dex/pkg/lx/orderbook.go:452.2,457.33 4 1
github.com/luxfi/dex/pkg/lx/orderbook.go:457.33,460.3 2 1
github.com/luxfi/dex/pkg/lx/orderbook.go:460.8,464.3 3 1
github.com/luxfi/dex/pkg/lx/orderbook.go:465.2,468.29 3 1
github.com/luxfi/dex/pkg/lx/orderbook.go:468.29,470.3 1 1
github.com/luxfi/dex/pkg/lx/orderbook.go:471.2,481.37 7 1
github.com/luxfi/dex/pkg/lx/orderbook.go:485.91,487.2 1 1
github.com/luxfi/dex/pkg/lx/orderbook.go:490.50,496.13 5 1
github.com/luxfi/dex/pkg/lx/orderbook.go:496.13,498.3 1 0
github.com/luxfi/dex/pkg/lx/orderbook.go:500.2,503.28 2 1
github.com/luxfi/dex/pkg/lx/orderbook.go:503.28,505.13 2 1
github.com/luxfi/dex/pkg/lx/orderbook.go:505.13,506.24 1 1
github.com/luxfi/dex/pkg/lx/orderbook.go:506.24,508.5 1 1
github.com/luxfi/dex/pkg/lx/orderbook.go:508.10,510.5 1 1
github.com/luxfi/dex/pkg/lx/orderbook.go:512.4,512.24 1 1
github.com/luxfi/dex/pkg/lx/orderbook.go:512.24,514.5 1 1
github.com/luxfi/dex/pkg/lx/orderbook.go:514.10,516.5 1 1
github.com/luxfi/dex/pkg/lx/orderbook.go:518.4,518.43 1 1
github.com/luxfi/dex/pkg/lx/orderbook.go:523.2,523.33 1 1
github.com/luxfi/dex/pkg/lx/orderbook.go:523.33,524.23 1 1
github.com/luxfi/dex/pkg/lx/orderbook.go:524.23,526.9 2 1
github.com/luxfi/dex/pkg/lx/orderbook.go:530.2,531.29 2 1
github.com/luxfi/dex/pkg/lx/orderbook.go:531.29,533.3 1 1
github.com/luxfi/dex/pkg/lx/orderbook.go:534.2,538.27 3 1
github.com/luxfi/dex/pkg/lx/orderbook.go:538.27,543.67 3 1
github.com/luxfi/dex/pkg/lx/orderbook.go:543.67,544.47 1 1
github.com/luxfi/dex/pkg/lx/orderbook.go:544.47,546.5 1 1
github.com/luxfi/dex/pkg/lx/orderbook.go:546.10,548.5 1 1
github.com/luxfi/dex/pkg/lx/orderbook.go:549.9,549.75 1 1
github.com/luxfi/dex/pkg/lx/orderbook.go:549.75,550.47 1 1
github.com/luxfi/dex/pkg/lx/orderbook.go:550.47,552.5 1 1
github.com/luxfi/dex/pkg/lx/orderbook.go:552.10,554.5 1 1
github.com/luxfi/dex/pkg/lx/orderbook.go:558.2,564.31 4 1
github.com/luxfi/dex/pkg/lx/orderbook.go:568.46,571.23 2 1
github.com/luxfi/dex/pkg/lx/orderbook.go:571.23,574.3 1 1
github.com/luxfi/dex/pkg/lx/orderbook.go:576.2,580.70 4 1
github.com/luxfi/dex/pkg/lx/orderbook.go:580.70,583.3 1 1
github.com/luxfi/dex/pkg/lx/orderbook.go:586.2,589.33 3 1
github.com/luxfi/dex/pkg/lx/orderbook.go:589.33,591.3 1 1
github.com/luxfi/dex/pkg/lx/orderbook.go:594.2,594.27 1 0
github.com/luxfi/dex/pkg/lx/orderbook.go:594.27,596.3 1 0
github.com/luxfi/dex/pkg/lx/orderbook.go:598.2,598.12 1 0
github.com/luxfi/dex/pkg/lx/orderbook.go:602.53,603.31 1 1
github.com/luxfi/dex/pkg/lx/orderbook.go:603.31,608.14 4 1
github.com/luxfi/dex/pkg/lx/orderbook.go:608.14,610.12 2 1
github.com/luxfi/dex/pkg/lx/orderbook.go:613.3,614.28 2 1
github.com/luxfi/dex/pkg/lx/orderbook.go:614.28,617.63 3 1
github.com/luxfi/dex/pkg/lx/orderbook.go:617.63,619.5 1 1
github.com/luxfi/dex/pkg/lx/orderbook.go:620.9,622.4 1 0
github.com/luxfi/dex/pkg/lx/orderbook.go:624.3,624.27 1 1
github.com/luxfi/dex/pkg/lx/orderbook.go:626.2,626.12 1 1
github.com/luxfi/dex/pkg/lx/orderbook.go:630.67,633.48 2 1
github.com/luxfi/dex/pkg/lx/orderbook.go:633.48,635.3 1 0
github.com/luxfi/dex/pkg/lx/orderbook.go:637.2,638.23 2 1
github.com/luxfi/dex/pkg/lx/orderbook.go:638.23,640.3 1 1
github.com/luxfi/dex/pkg/lx/orderbook.go:640.8,642.3 1 1
github.com/luxfi/dex/pkg/lx/orderbook.go:644.2,644.30 1 1
github.com/luxfi/dex/pkg/lx/orderbook.go:644.30,646.23 2 1
github.com/luxfi/dex/pkg/lx/orderbook.go:646.23,647.9 1 1
github.com/luxfi/dex/pkg/lx/orderbook.go:651.3,651.26 1 1
github.com/luxfi/dex/pkg/lx/orderbook.go:651.26,652.58 1 1
github.com/luxfi/dex/pkg/lx/orderbook.go:652.58,653.10 1 1
github.com/luxfi/dex/pkg/lx/orderbook.go:655.4,655.59 1 1
github.com/luxfi/dex/pkg/lx/orderbook.go:655.59,656.10 1 1
github.com/luxfi/dex/pkg/lx/orderbook.go:661.3,661.55 1 1
github.com/luxfi/dex/pkg/lx/orderbook.go:661.55,665.12 4 0
github.com/luxfi/dex/pkg/lx/orderbook.go:669.3,671.34 3 1
github.com/luxfi/dex/pkg/lx/orderbook.go:671.34,673.4 1 1
github.com/luxfi/dex/pkg/lx/orderbook.go:674.3,689.34 6 1
github.com/luxfi/dex/pkg/lx/orderbook.go:689.34,691.4 1 1
github.com/luxfi/dex/pkg/lx/orderbook.go:692.3,695.31 2 1
github.com/luxfi/dex/pkg/lx/orderbook.go:695.31,697.4 1 1
github.com/luxfi/dex/pkg/lx/orderbook.go:697.9,699.4 1 1
github.com/luxfi/dex/pkg/lx/orderbook.go:701.3,701.113 1 1
github.com/luxfi/dex/pkg/lx/orderbook.go:701.113,706.4 4 1
github.com/luxfi/dex/pkg/lx/orderbook.go:706.9,708.4 1 1
github.com/luxfi/dex/pkg/lx/orderbook.go:711.3,712.29 2 1
github.com/luxfi/dex/pkg/lx/orderbook.go:712.29,714.4 1 1
github.com/luxfi/dex/pkg/lx/orderbook.go:717.3,717.30 1 1
github.com/luxfi/dex/pkg/lx/orderbook.go:717.30,719.4 1 0
github.com/luxfi/dex/pkg/lx/orderbook.go:721.3,721.14 1 1
github.com/luxfi/dex/pkg/lx/orderbook.go:724.2,724.18 1 1
github.com/luxfi/dex/pkg/lx/orderbook.go:728.71,736.63 5 1
github.com/luxfi/dex/pkg/lx/orderbook.go:736.63,739.3 2 0
github.com/luxfi/dex/pkg/lx/orderbook.go:742.2,742.30 1 1
github.com/luxfi/dex/pkg/lx/orderbook.go:742.30,744.3 1 0
github.com/luxfi/dex/pkg/lx/orderbook.go:745.2,745.17 1 1
github.com/luxfi/dex/pkg/lx/orderbook.go:749.68,754.63 3 1
github.com/luxfi/dex/pkg/lx/orderbook.go:754.63,757.3 2 1
github.com/luxfi/dex/pkg/lx/orderbook.go:760.2,760.30 1 1
github.com/luxfi/dex/pkg/lx/orderbook.go:760.30,762.3 1 0
github.com/luxfi/dex/pkg/lx/orderbook.go:763.2,763.17 1 1
github.com/luxfi/dex/pkg/lx/orderbook.go:767.44,776.6 5 1
github.com/luxfi/dex/pkg/lx/orderbook.go:776.6,781.39 3 1
github.com/luxfi/dex/pkg/lx/orderbook.go:781.39,782.9 1 1
github.com/luxfi/dex/pkg/lx/orderbook.go:786.3,786.36 1 1
github.com/luxfi/dex/pkg/lx/orderbook.go:786.36,787.9 1 1
github.com/luxfi/dex/pkg/lx/orderbook.go:791.3,791.57 1 1
github.com/luxfi/dex/pkg/lx/orderbook.go:791.57,793.35 1 0
github.com/luxfi/dex/pkg/lx/orderbook.go:793.35,795.13 2 0
github.com/luxfi/dex/pkg/lx/orderbook.go:796.10,798.13 2 0
github.com/luxfi/dex/pkg/lx/orderbook.go:803.3,810.50 6 1
github.com/luxfi/dex/pkg/lx/orderbook.go:810.50,813.4 2 1
github.com/luxfi/dex/pkg/lx/orderbook.go:813.9,816.4 2 1
github.com/luxfi/dex/pkg/lx/orderbook.go:827.3,847.21 7 1
github.com/luxfi/dex/pkg/lx/orderbook.go:847.21,850.4 2 1
github.com/luxfi/dex/pkg/lx/orderbook.go:850.9,852.4 1 1
github.com/luxfi/dex/pkg/lx/orderbook.go:854.3,854.21 1 1
github.com/luxfi/dex/pkg/lx/orderbook.go:854.21,857.4 2 1
github.com/luxfi/dex/pkg/lx/orderbook.go:857.9,859.4 1 1
github.com/luxfi/dex/pkg/lx/orderbook.go:862.3,862.39 1 1
github.com/luxfi/dex/pkg/lx/orderbook.go:862.39,864.4 1 1
github.com/luxfi/dex/pkg/lx/orderbook.go:866.3,870.30 3 1
github.com/luxfi/dex/pkg/lx/orderbook.go:870.30,872.4 1 0
github.com/luxfi/dex/pkg/lx/orderbook.go:876.2,876.41 1 1
github.com/luxfi/dex/pkg/lx/orderbook.go:876.41,878.3 1 1
github.com/luxfi/dex/pkg/lx/orderbook.go:879.2,879.15 1 1
github.com/luxfi/dex/pkg/lx/orderbook.go:883.56,884.18 1 1
github.com/luxfi/dex/pkg/lx/orderbook.go:884.18,886.3 1 1
github.com/luxfi/dex/pkg/lx/orderbook.go:888.2,888.68 1 1
github.com/luxfi/dex/pkg/lx/orderbook.go:888.68,890.3 1 1
github.com/luxfi/dex/pkg/lx/orderbook.go:892.2,892.48 1 1
github.com/luxfi/dex/pkg/lx/orderbook.go:892.48,894.3 1 0
github.com/luxfi/dex/pkg/lx/orderbook.go:895.2,895.21 1 1
github.com/luxfi/dex/pkg/lx/orderbook.go:895.21,897.3 1 1
github.com/luxfi/dex/pkg/lx/orderbook.go:899.2,899.32 1 1
github.com/luxfi/dex/pkg/lx/orderbook.go:899.32,901.3 1 0
github.com/luxfi/dex/pkg/lx/orderbook.go:902.2,902.36 1 1
github.com/luxfi/dex/pkg/lx/orderbook.go:902.36,904.3 1 0
github.com/luxfi/dex/pkg/lx/orderbook.go:905.2,905.12 1 1
github.com/luxfi/dex/pkg/lx/orderbook.go:908.56,910.23 2 1
github.com/luxfi/dex/pkg/lx/orderbook.go:910.23,912.3 1 1
github.com/luxfi/dex/pkg/lx/orderbook.go:912.8,914.3 1 1
github.com/luxfi/dex/pkg/lx/orderbook.go:916.2,917.22 2 1
github.com/luxfi/dex/pkg/lx/orderbook.go:917.22,919.3 1 1
[...]
github.com/luxfi/dex/pkg/price/pyth.go:148.2,156.15 3 0
github.com/luxfi/dex/pkg/price/pyth.go:159.53,161.9 2 0
github.com/luxfi/dex/pkg/price/pyth.go:161.9,163.3 1 0
github.com/luxfi/dex/pkg/price/pyth.go:165.2,165.19 1 0
github.com/luxfi/dex/pkg/price/pyth.go:165.19,167.3 1 0
github.com/luxfi/dex/pkg/price/pyth.go:169.2,172.4 1 0
github.com/luxfi/dex/pkg/price/pyth.go:175.29,179.6 3 0
github.com/luxfi/dex/pkg/price/pyth.go:179.6,180.10 1 0
github.com/luxfi/dex/pkg/price/pyth.go:181.17,182.10 1 0
github.com/luxfi/dex/pkg/price/pyth.go:183.19,187.19 4 0
github.com/luxfi/dex/pkg/price/pyth.go:187.19,189.5 1 0
github.com/luxfi/dex/pkg/price/pyth.go:195.58,200.9 4 0
github.com/luxfi/dex/pkg/price/pyth.go:200.9,202.3 1 0
github.com/luxfi/dex/pkg/price/pyth.go:204.2,205.19 2 0
github.com/luxfi/dex/pkg/price/pyth.go:208.62,210.9 2 0
github.com/luxfi/dex/pkg/price/pyth.go:210.9,212.3 1 0
github.com/luxfi/dex/pkg/price/pyth.go:214.2,216.16 3 0
github.com/luxfi/dex/pkg/price/pyth.go:216.16,218.3 1 0
github.com/luxfi/dex/pkg/price/pyth.go:219.2,228.67 3 0
github.com/luxfi/dex/pkg/price/pyth.go:228.67,230.3 1 0
github.com/luxfi/dex/pkg/price/pyth.go:232.2,232.22 1 0
github.com/luxfi/dex/pkg/price/pyth.go:232.22,234.3 1 0
github.com/luxfi/dex/pkg/price/pyth.go:236.2,245.8 3 0
github.com/luxfi/dex/pkg/price/pyth.go:249.73,251.30 2 0
github.com/luxfi/dex/pkg/price/pyth.go:251.30,252.41 1 0
github.com/luxfi/dex/pkg/price/pyth.go:252.41,254.4 1 0
github.com/luxfi/dex/pkg/price/pyth.go:256.2,256.20 1 0
github.com/luxfi/dex/pkg/price/pyth.go:260.53,265.2 4 0
github.com/luxfi/dex/pkg/price/pyth.go:268.55,273.2 4 0
github.com/luxfi/dex/pkg/price/pyth.go:276.37,280.2 3 0
github.com/luxfi/dex/pkg/price/pyth.go:283.36,283.53 1 0
github.com/luxfi/dex/pkg/price/pyth.go:286.39,286.53 1 0
github.com/luxfi/dex/pkg/price/pyth.go:289.36,293.19 4 0
github.com/luxfi/dex/pkg/price/pyth.go:293.19,295.3 1 0
github.com/luxfi/dex/pkg/price/pyth.go:296.2,296.12 1 0
github.com/luxfi/dex/pkg/price/qchain.go:78.58,92.2 1 0
github.com/luxfi/dex/pkg/price/qchain.go:94.48,129.2 1 0
github.com/luxfi/dex/pkg/price/qchain.go:132.33,140.2 1 0
github.com/luxfi/dex/pkg/price/qchain.go:143.38,145.15 2 0
github.com/luxfi/dex/pkg/price/qchain.go:145.15,148.3 2 0
github.com/luxfi/dex/pkg/price/qchain.go:149.2,153.12 4 0
github.com/luxfi/dex/pkg/price/qchain.go:156.31,160.6 3 0
github.com/luxfi/dex/pkg/price/qchain.go:160.6,161.10 1 0
github.com/luxfi/dex/pkg/price/qchain.go:162.17,163.10 1 0
github.com/luxfi/dex/pkg/price/qchain.go:164.19,165.12 1 0
github.com/luxfi/dex/pkg/price/qchain.go:170.31,175.42 4 0
github.com/luxfi/dex/pkg/price/qchain.go:175.42,177.21 2 0
github.com/luxfi/dex/pkg/price/qchain.go:177.21,180.4 2 0
github.com/luxfi/dex/pkg/price/qchain.go:182.2,182.11 1 0
github.com/luxfi/dex/pkg/price/qchain.go:185.73,207.2 8 0
github.com/luxfi/dex/pkg/price/qchain.go:209.72,220.38 7 0
github.com/luxfi/dex/pkg/price/qchain.go:220.38,221.17 1 0
github.com/luxfi/dex/pkg/price/qchain.go:221.17,231.4 2 0
github.com/luxfi/dex/pkg/price/qchain.go:234.2,242.3 1 0
github.com/luxfi/dex/pkg/price/qchain.go:245.73,246.20 1 0
github.com/luxfi/dex/pkg/price/qchain.go:246.20,248.3 1 0
github.com/luxfi/dex/pkg/price/qchain.go:251.2,253.26 3 0
github.com/luxfi/dex/pkg/price/qchain.go:253.26,255.3 1 0
github.com/luxfi/dex/pkg/price/qchain.go:257.2,261.37 3 0
github.com/luxfi/dex/pkg/price/qchain.go:261.37,263.3 1 0
github.com/luxfi/dex/pkg/price/qchain.go:264.2,265.21 2 0
github.com/luxfi/dex/pkg/price/qchain.go:265.21,267.3 1 0
github.com/luxfi/dex/pkg/price/qchain.go:269.2,269.37 1 0
github.com/luxfi/dex/pkg/price/qchain.go:273.60,278.9 4 0
github.com/luxfi/dex/pkg/price/qchain.go:278.9,280.3 1 0
github.com/luxfi/dex/pkg/price/qchain.go:282.2,282.48 1 0
github.com/luxfi/dex/pkg/price/qchain.go:282.48,286.3 3 0
github.com/luxfi/dex/pkg/price/qchain.go:288.2,289.19 2 0
github.com/luxfi/dex/pkg/price/qchain.go:293.75,295.30 2 0
github.com/luxfi/dex/pkg/price/qchain.go:295.30,296.41 1 0
github.com/luxfi/dex/pkg/price/qchain.go:296.41,298.4 1 0
github.com/luxfi/dex/pkg/price/qchain.go:300.2,300.20 1 0
github.com/luxfi/dex/pkg/price/qchain.go:304.73,309.9 4 0
github.com/luxfi/dex/pkg/price/qchain.go:309.9,311.3 1 0
github.com/luxfi/dex/pkg/price/qchain.go:312.2,312.17 1 0
github.com/luxfi/dex/pkg/price/qchain.go:316.96,322.38 4 0
github.com/luxfi/dex/pkg/price/qchain.go:322.38,324.3 1 0
github.com/luxfi/dex/pkg/price/qchain.go:327.2,328.9 2 0
github.com/luxfi/dex/pkg/price/qchain.go:328.9,330.3 1 0
github.com/luxfi/dex/pkg/price/qchain.go:333.2,344.17 3 0
github.com/luxfi/dex/pkg/price/qchain.go:348.90,353.27 4 0
github.com/luxfi/dex/pkg/price/qchain.go:353.27,355.3 1 0
github.com/luxfi/dex/pkg/price/qchain.go:358.2,358.50 1 0
github.com/luxfi/dex/pkg/price/qchain.go:362.94,369.31 5 0
github.com/luxfi/dex/pkg/price/qchain.go:369.31,371.10 2 0
github.com/luxfi/dex/pkg/price/qchain.go:371.10,373.12 2 0
github.com/luxfi/dex/pkg/price/qchain.go:375.3,376.21 2 0
github.com/luxfi/dex/pkg/price/qchain.go:376.21,378.4 1 0
github.com/luxfi/dex/pkg/price/qchain.go:381.2,381.30 1 0
github.com/luxfi/dex/pkg/price/qchain.go:385.60,390.33 4 0
github.com/luxfi/dex/pkg/price/qchain.go:390.33,392.3 1 0
github.com/luxfi/dex/pkg/price/qchain.go:393.2,393.15 1 0
github.com/luxfi/dex/pkg/price/qchain.go:397.55,397.69 1 0
github.com/luxfi/dex/pkg/price/qchain.go:400.57,400.71 1 0
github.com/luxfi/dex/pkg/price/qchain.go:403.39,407.2 3 0
github.com/luxfi/dex/pkg/price/qchain.go:410.38,410.58 1 0
github.com/luxfi/dex/pkg/price/qchain.go:413.41,413.55 1 0
github.com/luxfi/dex/pkg/price/qchain.go:416.38,422.2 5 0
github.com/luxfi/dex/pkg/price/qchain.go:425.41,429.2 3 0
github.com/luxfi/dex/pkg/price/qchain.go:432.56,438.33 5 0
github.com/luxfi/dex/pkg/price/qchain.go:438.33,441.3 2 0
github.com/luxfi/dex/pkg/price/qchain.go:443.2,443.16 1 0
github.com/luxfi/dex/pkg/price/qchain.go:443.16,445.3 1 0
github.com/luxfi/dex/pkg/price/qchain.go:446.2,446.37 1 0
github.com/luxfi/dex/pkg/price/qchain.go:450.42,452.2 1 0
github.com/luxfi/dex/pkg/price/source.go:30.67,38.2 1 0
github.com/luxfi/dex/pkg/price/source.go:41.41,43.15 2 0
github.com/luxfi/dex/pkg/price/source.go:43.15,46.3 2 0
github.com/luxfi/dex/pkg/price/source.go:47.2,51.12 4 0
github.com/luxfi/dex/pkg/price/source.go:54.34,58.6 3 0
github.com/luxfi/dex/pkg/price/source.go:58.6,59.10 1 0
github.com/luxfi/dex/pkg/price/source.go:60.17,61.10 1 0
github.com/luxfi/dex/pkg/price/source.go:62.19,63.14 1 0
github.com/luxfi/dex/pkg/price/source.go:68.36,69.20 1 0
github.com/luxfi/dex/pkg/price/source.go:69.20,71.3 1 0
github.com/luxfi/dex/pkg/price/source.go:73.2,77.33 4 0
github.com/luxfi/dex/pkg/price/source.go:77.33,81.27 3 0
github.com/luxfi/dex/pkg/price/source.go:81.27,82.12 1 0
github.com/luxfi/dex/pkg/price/source.go:85.3,86.25 2 0
github.com/luxfi/dex/pkg/price/source.go:86.25,88.4 1 0
github.com/luxfi/dex/pkg/price/source.go:88.9,88.21 1 0
github.com/luxfi/dex/pkg/price/source.go:88.21,90.4 1 0
github.com/luxfi/dex/pkg/price/source.go:90.9,92.4 1 0
github.com/luxfi/dex/pkg/price/source.go:95.3,96.38 2 0
github.com/luxfi/dex/pkg/price/source.go:96.38,99.24 3 0
github.com/luxfi/dex/pkg/price/source.go:99.24,101.5 1 0
github.com/luxfi/dex/pkg/price/source.go:104.3,113.36 2 0
github.com/luxfi/dex/pkg/price/source.go:118.63,123.9 4 0
github.com/luxfi/dex/pkg/price/source.go:123.9,125.3 1 0
github.com/luxfi/dex/pkg/price/source.go:127.2,127.52 1 0
github.com/luxfi/dex/pkg/price/source.go:127.52,131.3 3 0
github.com/luxfi/dex/pkg/price/source.go:133.2,134.19 2 0
github.com/luxfi/dex/pkg/price/source.go:138.78,140.30 2 0
github.com/luxfi/dex/pkg/price/source.go:140.30,141.41 1 0
github.com/luxfi/dex/pkg/price/source.go:141.41,143.4 1 0
github.com/luxfi/dex/pkg/price/source.go:145.2,145.20 1 0
github.com/luxfi/dex/pkg/price/source.go:149.58,149.72 1 0
github.com/luxfi/dex/pkg/price/source.go:152.60,152.74 1 0
github.com/luxfi/dex/pkg/price/source.go:155.42,159.2 3 0
github.com/luxfi/dex/pkg/price/source.go:162.41,162.63 1 0
github.com/luxfi/dex/pkg/price/source.go:165.44,165.58 1 0
github.com/luxfi/dex/pkg/price/source.go:168.40,174.2 5 0
github.com/luxfi/dex/pkg/price/xchain.go:54.58,66.2 1 1
github.com/luxfi/dex/pkg/price/xchain.go:68.41,106.2 1 1
github.com/luxfi/dex/pkg/price/xchain.go:109.38,111.15 2 1
github.com/luxfi/dex/pkg/price/xchain.go:111.15,114.3 2 0
github.com/luxfi/dex/pkg/price/xchain.go:115.2,119.12 4 1
github.com/luxfi/dex/pkg/price/xchain.go:122.31,126.6 3 1
github.com/luxfi/dex/pkg/price/xchain.go:126.6,127.10 1 1
github.com/luxfi/dex/pkg/price/xchain.go:128.17,129.10 1 1
github.com/luxfi/dex/pkg/price/xchain.go:130.19,131.12 1 1
github.com/luxfi/dex/pkg/price/xchain.go:136.31,141.40 4 1
github.com/luxfi/dex/pkg/price/xchain.go:141.40,143.34 2 1
github.com/luxfi/dex/pkg/price/xchain.go:143.34,146.4 2 1
github.com/luxfi/dex/pkg/price/xchain.go:148.2,148.11 1 1
github.com/luxfi/dex/pkg/price/xchain.go:151.82,174.2 8 1
github.com/luxfi/dex/pkg/price/xchain.go:176.60,186.9 3 1
github.com/luxfi/dex/pkg/price/xchain.go:186.9,188.3 1 0
github.com/luxfi/dex/pkg/price/xchain.go:191.2,210.3 5 1
github.com/luxfi/dex/pkg/price/xchain.go:213.62,215.30 2 1
github.com/luxfi/dex/pkg/price/xchain.go:215.30,217.3 1 1
github.com/luxfi/dex/pkg/price/xchain.go:218.2,218.30 1 1
github.com/luxfi/dex/pkg/price/xchain.go:218.30,220.3 1 1
github.com/luxfi/dex/pkg/price/xchain.go:221.2,221.12 1 1
github.com/luxfi/dex/pkg/price/xchain.go:225.60,230.9 4 1
github.com/luxfi/dex/pkg/price/xchain.go:230.9,232.3 1 1
github.com/luxfi/dex/pkg/price/xchain.go:234.2,234.48 1 1
github.com/luxfi/dex/pkg/price/xchain.go:234.48,238.3 3 0
github.com/luxfi/dex/pkg/price/xchain.go:240.2,241.19 2 1
github.com/luxfi/dex/pkg/price/xchain.go:245.75,247.30 2 0
github.com/luxfi/dex/pkg/price/xchain.go:247.30,248.41 1 0
github.com/luxfi/dex/pkg/price/xchain.go:248.41,250.4 1 0
github.com/luxfi/dex/pkg/price/xchain.go:252.2,252.20 1 0
github.com/luxfi/dex/pkg/price/xchain.go:256.70,261.9 4 0
github.com/luxfi/dex/pkg/price/xchain.go:261.9,263.3 1 0
github.com/luxfi/dex/pkg/price/xchain.go:264.2,264.18 1 0
github.com/luxfi/dex/pkg/price/xchain.go:268.55,268.69 1 0
github.com/luxfi/dex/pkg/price/xchain.go:271.57,271.71 1 0
github.com/luxfi/dex/pkg/price/xchain.go:274.39,278.2 3 1
github.com/luxfi/dex/pkg/price/xchain.go:281.38,281.58 1 1
github.com/luxfi/dex/pkg/price/xchain.go:284.41,284.55 1 0
github.com/luxfi/dex/pkg/price/xchain.go:287.38,293.2 5 1
github.com/luxfi/dex/pkg/price/xchain.go:296.53,298.2 1 0
github.com/luxfi/dex/pkg/price/zoo.go:48.62,61.2 1 0
github.com/luxfi/dex/pkg/price/zoo.go:63.37,68.2 1 0
github.com/luxfi/dex/pkg/price/zoo.go:70.37,153.2 1 0
github.com/luxfi/dex/pkg/price/zoo.go:156.40,158.15 2 0
github.com/luxfi/dex/pkg/price/zoo.go:158.15,161.3 2 0
github.com/luxfi/dex/pkg/price/zoo.go:162.2,166.12 4 0
github.com/luxfi/dex/pkg/price/zoo.go:169.33,173.6 3 0
github.com/luxfi/dex/pkg/price/zoo.go:173.6,174.10 1 0
github.com/luxfi/dex/pkg/price/zoo.go:175.17,176.10 1 0
github.com/luxfi/dex/pkg/price/zoo.go:177.19,178.12 1 0
github.com/luxfi/dex/pkg/price/zoo.go:183.33,188.37 4 0
github.com/luxfi/dex/pkg/price/zoo.go:188.37,190.34 2 0
github.com/luxfi/dex/pkg/price/zoo.go:190.34,193.4 2 0
github.com/luxfi/dex/pkg/price/zoo.go:195.2,195.11 1 0
github.com/luxfi/dex/pkg/price/zoo.go:198.82,215.2 6 0
github.com/luxfi/dex/pkg/price/zoo.go:217.58,241.9 3 0
github.com/luxfi/dex/pkg/price/zoo.go:241.9,243.3 1 0
github.com/luxfi/dex/pkg/price/zoo.go:246.2,248.22 3 0
github.com/luxfi/dex/pkg/price/zoo.go:252.62,257.9 4 0
github.com/luxfi/dex/pkg/price/zoo.go:257.9,259.3 1 0
github.com/luxfi/dex/pkg/price/zoo.go:261.2,261.48 1 0
github.com/luxfi/dex/pkg/price/zoo.go:261.48,265.3 3 0
github.com/luxfi/dex/pkg/price/zoo.go:267.2,268.19 2 0
github.com/luxfi/dex/pkg/price/zoo.go:272.77,274.30 2 0
github.com/luxfi/dex/pkg/price/zoo.go:274.30,275.41 1 0
github.com/luxfi/dex/pkg/price/zoo.go:275.41,277.4 1 0
github.com/luxfi/dex/pkg/price/zoo.go:279.2,279.20 1 0
github.com/luxfi/dex/pkg/price/zoo.go:283.57,283.71 1 0
github.com/luxfi/dex/pkg/price/zoo.go:286.59,286.73 1 0
github.com/luxfi/dex/pkg/price/zoo.go:289.41,293.2 3 0
github.com/luxfi/dex/pkg/price/zoo.go:296.40,296.62 1 0
github.com/luxfi/dex/pkg/price/zoo.go:299.43,299.57 1 0
github.com/luxfi/dex/pkg/price/zoo.go:302.40,308.2 5 0
github.com/luxfi/dex/pkg/price/zoo.go:311.75,316.9 4 0
github.com/luxfi/dex/pkg/price/zoo.go:316.9,318.3 1 0
github.com/luxfi/dex/pkg/price/zoo.go:319.2,319.15 1 0
github.com/luxfi/dex/pkg/price/zoo.go:323.53,325.2 1 0
github.com/luxfi/dex/pkg/consensus/dag.go:22.30,24.2 1 1
github.com/luxfi/dex/pkg/consensus/dag.go:64.41,66.2 1 1
github.com/luxfi/dex/pkg/consensus/dag.go:69.36,71.2 1 1
github.com/luxfi/dex/pkg/consensus/dag.go:74.64,77.2 2 1
github.com/luxfi/dex/pkg/consensus/dag.go:80.68,84.2 3 1
github.com/luxfi/dex/pkg/consensus/dag.go:87.70,90.2 2 1
github.com/luxfi/dex/pkg/consensus/dag.go:93.73,95.54 1 1
github.com/luxfi/dex/pkg/consensus/dag.go:95.54,97.3 1 1
github.com/luxfi/dex/pkg/consensus/dag.go:98.2,98.13 1 1
github.com/luxfi/dex/pkg/consensus/dag.go:102.54,110.2 1 1
github.com/luxfi/dex/pkg/consensus/dag.go:113.37,115.16 2 1
github.com/luxfi/dex/pkg/consensus/dag.go:115.16,117.3 1 1
github.com/luxfi/dex/pkg/consensus/dag.go:118.2,121.11 4 1
github.com/luxfi/dex/pkg/consensus/dag.go:125.58,129.2 2 1
github.com/luxfi/dex/pkg/consensus/dag.go:132.51,134.2 1 1
github.com/luxfi/dex/pkg/consensus/dag.go:137.37,138.14 1 1
github.com/luxfi/dex/pkg/consensus/dag.go:138.14,140.3 1 1
github.com/luxfi/dex/pkg/consensus/dag.go:141.2,143.22 3 1
github.com/luxfi/dex/pkg/consensus/dag.go:143.22,145.3 1 1
github.com/luxfi/dex/pkg/consensus/dag.go:146.2,146.12 1 1
github.com/luxfi/dex/pkg/consensus/dag.go:150.73,151.14 1 1
github.com/luxfi/dex/pkg/consensus/dag.go:151.14,153.3 1 1
github.com/luxfi/dex/pkg/consensus/dag.go:154.2,156.40 3 1
github.com/luxfi/dex/pkg/consensus/dag.go:156.40,158.3 1 1
github.com/luxfi/dex/pkg/consensus/dag.go:161.2,162.29 2 1
github.com/luxfi/dex/pkg/consensus/dag.go:162.29,165.38 2 1
github.com/luxfi/dex/pkg/consensus/dag.go:165.38,166.18 1 1
github.com/luxfi/dex/pkg/consensus/dag.go:166.18,167.10 1 1
github.com/luxfi/dex/pkg/consensus/dag.go:169.4,170.11 2 1
github.com/luxfi/dex/pkg/consensus/dag.go:174.2,180.27 2 1
github.com/luxfi/dex/pkg/consensus/dag.go:180.27,182.3 1 1
github.com/luxfi/dex/pkg/consensus/dag.go:183.2,183.19 1 1
github.com/luxfi/dex/pkg/consensus/dag.go:187.45,188.14 1 1
github.com/luxfi/dex/pkg/consensus/dag.go:188.14,190.3 1 1
github.com/luxfi/dex/pkg/consensus/dag.go:191.2,193.27 3 1
github.com/luxfi/dex/pkg/consensus/dag.go:193.27,195.3 1 0
github.com/luxfi/dex/pkg/consensus/dag.go:196.2,197.15 2 1
github.com/luxfi/dex/pkg/consensus/dag.go:201.49,202.14 1 1
github.com/luxfi/dex/pkg/consensus/dag.go:202.14,204.3 1 1
github.com/luxfi/dex/pkg/consensus/dag.go:205.2,207.24 3 1
github.com/luxfi/dex/pkg/consensus/dag.go:207.24,209.3 1 0
github.com/luxfi/dex/pkg/consensus/dag.go:210.2,211.15 2 1
github.com/luxfi/dex/pkg/consensus/dag.go:215.68,216.14 1 1
github.com/luxfi/dex/pkg/consensus/dag.go:216.14,218.3 1 1
github.com/luxfi/dex/pkg/consensus/dag.go:219.2,221.27 3 1
github.com/luxfi/dex/pkg/consensus/dag.go:221.27,223.3 1 0
github.com/luxfi/dex/pkg/consensus/dag.go:224.2,225.13 2 1
github.com/luxfi/dex/pkg/consensus/dag.go:225.13,227.3 1 1
github.com/luxfi/dex/pkg/consensus/dag.go:228.2,228.46 1 1
github.com/luxfi/dex/pkg/consensus/dag.go:228.46,230.3 1 1
github.com/luxfi/dex/pkg/consensus/dag.go:231.2,231.19 1 0
github.com/luxfi/dex/pkg/consensus/dag.go:235.38,237.2 1 1
github.com/luxfi/dex/pkg/consensus/dag.go:240.38,242.2 1 1
github.com/luxfi/dex/pkg/consensus/dag.go:245.38,246.14 1 1
github.com/luxfi/dex/pkg/consensus/dag.go:246.14,248.3 1 1
github.com/luxfi/dex/pkg/consensus/dag.go:249.2,249.12 1 1
github.com/luxfi/dex/pkg/consensus/dag.go:253.47,254.14 1 1
github.com/luxfi/dex/pkg/consensus/dag.go:254.14,256.3 1 1
github.com/luxfi/dex/pkg/consensus/dag.go:257.2,259.27 3 1
github.com/luxfi/dex/pkg/consensus/dag.go:259.27,261.3 1 0
github.com/luxfi/dex/pkg/consensus/dag.go:263.2,268.12 2 1
github.com/luxfi/dex/pkg/consensus/dag.go:272.41,273.14 1 1
github.com/luxfi/dex/pkg/consensus/dag.go:273.14,275.3 1 1
github.com/luxfi/dex/pkg/consensus/dag.go:276.2,278.27 3 1
github.com/luxfi/dex/pkg/consensus/dag.go:278.27,280.3 1 0
github.com/luxfi/dex/pkg/consensus/dag.go:281.2,281.28 1 1
github.com/luxfi/dex/pkg/consensus/dag.go:285.45,286.14 1 1
github.com/luxfi/dex/pkg/consensus/dag.go:286.14,288.3 1 1
github.com/luxfi/dex/pkg/consensus/dag.go:289.2,291.24 3 1
github.com/luxfi/dex/pkg/consensus/dag.go:291.24,293.3 1 0
github.com/luxfi/dex/pkg/consensus/dag.go:294.2,294.25 1 1
github.com/luxfi/dex/pkg/consensus/dag.go:377.71,429.2 8 1
github.com/luxfi/dex/pkg/consensus/dag.go:432.74,435.2 1 1
github.com/luxfi/dex/pkg/consensus/dag.go:438.74,463.2 9 0
github.com/luxfi/dex/pkg/consensus/dag.go:466.77,495.64 9 1
github.com/luxfi/dex/pkg/consensus/dag.go:495.64,496.39 1 1
github.com/luxfi/dex/pkg/consensus/dag.go:496.39,498.4 1 1
github.com/luxfi/dex/pkg/consensus/dag.go:502.2,508.20 4 1
github.com/luxfi/dex/pkg/consensus/dag.go:512.47,516.6 3 1
github.com/luxfi/dex/pkg/consensus/dag.go:516.6,517.10 1 1
github.com/luxfi/dex/pkg/consensus/dag.go:518.19,521.41 2 0
github.com/luxfi/dex/pkg/consensus/dag.go:521.41,522.26 1 0
github.com/luxfi/dex/pkg/consensus/dag.go:522.26,525.6 2 0
github.com/luxfi/dex/pkg/consensus/dag.go:527.4,527.19 1 0
github.com/luxfi/dex/pkg/consensus/dag.go:528.23,529.14 1 1
github.com/luxfi/dex/pkg/consensus/dag.go:535.53,539.6 3 1
github.com/luxfi/dex/pkg/consensus/dag.go:539.6,540.10 1 1
github.com/luxfi/dex/pkg/consensus/dag.go:541.19,544.30 3 1
github.com/luxfi/dex/pkg/consensus/dag.go:545.23,546.14 1 1
github.com/luxfi/dex/pkg/consensus/dag.go:552.58,558.20 4 1
github.com/luxfi/dex/pkg/consensus/dag.go:558.20,560.3 1 0
github.com/luxfi/dex/pkg/consensus/dag.go:561.2,565.39 2 1
github.com/luxfi/dex/pkg/consensus/dag.go:565.39,566.48 1 1
github.com/luxfi/dex/pkg/consensus/dag.go:566.48,568.4 1 1
github.com/luxfi/dex/pkg/consensus/dag.go:571.2,571.12 1 1
github.com/luxfi/dex/pkg/consensus/dag.go:575.51,578.2 2 1
github.com/luxfi/dex/pkg/consensus/dag.go:581.52,585.35 3 1
github.com/luxfi/dex/pkg/consensus/dag.go:585.35,586.25 1 1
github.com/luxfi/dex/pkg/consensus/dag.go:586.25,588.4 1 1
github.com/luxfi/dex/pkg/consensus/dag.go:593.53,594.6 1 1
github.com/luxfi/dex/pkg/consensus/dag.go:594.6,595.10 1 1
github.com/luxfi/dex/pkg/consensus/dag.go:596.23,597.14 1 1
github.com/luxfi/dex/pkg/consensus/dag.go:598.50,600.53 2 1
github.com/luxfi/dex/pkg/consensus/dag.go:600.53,602.5 1 0
github.com/luxfi/dex/pkg/consensus/dag.go:608.73,617.2 6 1
github.com/luxfi/dex/pkg/consensus/dag.go:620.76,622.2 1 1
github.com/luxfi/dex/pkg/consensus/dag.go:625.112,637.2 3 1
github.com/luxfi/dex/pkg/consensus/dag.go:640.82,647.2 6 1
github.com/luxfi/dex/pkg/consensus/dag.go:650.109,651.17 1 1
github.com/luxfi/dex/pkg/consensus/dag.go:651.17,653.3 1 1
github.com/luxfi/dex/pkg/consensus/dag.go:654.2,654.32 1 1
github.com/luxfi/dex/pkg/consensus/dag.go:654.32,656.3 1 1
github.com/luxfi/dex/pkg/consensus/dag.go:657.2,657.49 1 1
github.com/luxfi/dex/pkg/consensus/dag.go:657.49,659.3 1 1
github.com/luxfi/dex/pkg/consensus/dag.go:660.2,660.12 1 1
github.com/luxfi/dex/pkg/consensus/dag.go:664.102,669.69 3 1
github.com/luxfi/dex/pkg/consensus/dag.go:669.69,671.3 1 1
github.com/luxfi/dex/pkg/consensus/dag.go:674.2,684.12 4 1
github.com/luxfi/dex/pkg/consensus/dag.go:688.57,693.31 3 1
github.com/luxfi/dex/pkg/consensus/dag.go:693.31,694.62 1 1
github.com/luxfi/dex/pkg/consensus/dag.go:694.62,696.4 1 1
github.com/luxfi/dex/pkg/consensus/dag.go:701.60,712.2 3 0
github.com/luxfi/dex/pkg/consensus/dag.go:715.63,733.2 3 1
github.com/luxfi/dex/pkg/consensus/dag.go:736.37,738.2 1 0
github.com/luxfi/dex/pkg/consensus/dag.go:741.40,743.2 1 1
