mode: set
github.com/luxfi/dex/pkg/lx/chainlink_source.go:49.54,60.2 1 0
github.com/luxfi/dex/pkg/lx/chainlink_source.go:63.45,75.2 1 0
github.com/luxfi/dex/pkg/lx/chainlink_source.go:78.47,80.16 2 0
github.com/luxfi/dex/pkg/lx/chainlink_source.go:80.16,83.3 2 0
github.com/luxfi/dex/pkg/lx/chainlink_source.go:84.2,93.12 5 0
github.com/luxfi/dex/pkg/lx/chainlink_source.go:97.44,101.6 3 0
github.com/luxfi/dex/pkg/lx/chainlink_source.go:101.6,102.10 1 0
github.com/luxfi/dex/pkg/lx/chainlink_source.go:103.18,104.10 1 0
github.com/luxfi/dex/pkg/lx/chainlink_source.go:105.19,106.21 1 0
github.com/luxfi/dex/pkg/lx/chainlink_source.go:112.48,117.48 4 0
github.com/luxfi/dex/pkg/lx/chainlink_source.go:117.48,119.29 2 0
github.com/luxfi/dex/pkg/lx/chainlink_source.go:119.29,122.4 2 0
github.com/luxfi/dex/pkg/lx/chainlink_source.go:125.2,129.16 4 0
github.com/luxfi/dex/pkg/lx/chainlink_source.go:133.87,151.2 7 0
github.com/luxfi/dex/pkg/lx/chainlink_source.go:154.79,167.13 3 0
github.com/luxfi/dex/pkg/lx/chainlink_source.go:167.13,169.3 1 0
github.com/luxfi/dex/pkg/lx/chainlink_source.go:172.2,173.25 2 0
github.com/luxfi/dex/pkg/lx/chainlink_source.go:177.77,182.13 4 0
github.com/luxfi/dex/pkg/lx/chainlink_source.go:182.13,184.3 1 0
github.com/luxfi/dex/pkg/lx/chainlink_source.go:187.2,187.56 1 0
github.com/luxfi/dex/pkg/lx/chainlink_source.go:187.56,189.3 1 0
github.com/luxfi/dex/pkg/lx/chainlink_source.go:192.2,193.24 2 0
github.com/luxfi/dex/pkg/lx/chainlink_source.go:197.92,200.33 2 0
github.com/luxfi/dex/pkg/lx/chainlink_source.go:200.33,202.17 2 0
github.com/luxfi/dex/pkg/lx/chainlink_source.go:202.17,204.4 1 0
github.com/luxfi/dex/pkg/lx/chainlink_source.go:207.2,207.22 1 0
github.com/luxfi/dex/pkg/lx/chainlink_source.go:207.22,209.3 1 0
github.com/luxfi/dex/pkg/lx/chainlink_source.go:211.2,211.20 1 0
github.com/luxfi/dex/pkg/lx/chainlink_source.go:215.64,218.2 1 0
github.com/luxfi/dex/pkg/lx/chainlink_source.go:221.66,223.2 1 0
github.com/luxfi/dex/pkg/lx/chainlink_source.go:226.50,230.17 3 0
github.com/luxfi/dex/pkg/lx/chainlink_source.go:230.17,232.3 1 0
github.com/luxfi/dex/pkg/lx/chainlink_source.go:235.2,235.46 1 0
github.com/luxfi/dex/pkg/lx/chainlink_source.go:235.46,237.3 1 0
github.com/luxfi/dex/pkg/lx/chainlink_source.go:240.2,240.39 1 0
github.com/luxfi/dex/pkg/lx/chainlink_source.go:240.39,242.3 1 0
github.com/luxfi/dex/pkg/lx/chainlink_source.go:244.2,244.13 1 0
github.com/luxfi/dex/pkg/lx/chainlink_source.go:248.50,250.2 1 0
github.com/luxfi/dex/pkg/lx/chainlink_source.go:253.53,255.2 1 0
github.com/luxfi/dex/pkg/lx/chainlink_source.go:258.47,266.2 5 0
github.com/luxfi/dex/pkg/lx/chainlink_source.go:269.101,280.2 1 0
github.com/luxfi/dex/pkg/lx/clearinghouse.go:142.90,172.2 6 1
github.com/luxfi/dex/pkg/lx/clearinghouse.go:176.52,191.31 3 1
github.com/luxfi/dex/pkg/lx/clearinghouse.go:191.31,200.43 2 1
github.com/luxfi/dex/pkg/lx/clearinghouse.go:200.43,207.4 2 1
github.com/luxfi/dex/pkg/lx/clearinghouse.go:209.3,209.29 1 1
github.com/luxfi/dex/pkg/lx/clearinghouse.go:214.73,218.24 3 1
github.com/luxfi/dex/pkg/lx/clearinghouse.go:218.24,220.3 1 0
github.com/luxfi/dex/pkg/lx/clearinghouse.go:222.2,233.12 7 1
github.com/luxfi/dex/pkg/lx/clearinghouse.go:237.139,246.21 5 1
github.com/luxfi/dex/pkg/lx/clearinghouse.go:246.21,247.49 1 0
github.com/luxfi/dex/pkg/lx/clearinghouse.go:247.49,249.4 1 0
github.com/luxfi/dex/pkg/lx/clearinghouse.go:250.8,251.52 1 1
github.com/luxfi/dex/pkg/lx/clearinghouse.go:251.52,253.4 1 0
github.com/luxfi/dex/pkg/lx/clearinghouse.go:257.2,267.11 5 1
github.com/luxfi/dex/pkg/lx/clearinghouse.go:267.11,269.3 1 1
github.com/luxfi/dex/pkg/lx/clearinghouse.go:271.2,274.22 3 1
github.com/luxfi/dex/pkg/lx/clearinghouse.go:278.103,286.42 5 1
github.com/luxfi/dex/pkg/lx/clearinghouse.go:286.42,288.3 1 1
github.com/luxfi/dex/pkg/lx/clearinghouse.go:291.2,294.38 2 1
github.com/luxfi/dex/pkg/lx/clearinghouse.go:294.38,296.3 1 0
github.com/luxfi/dex/pkg/lx/clearinghouse.go:298.2,299.13 2 1
github.com/luxfi/dex/pkg/lx/clearinghouse.go:299.13,306.3 2 1
github.com/luxfi/dex/pkg/lx/clearinghouse.go:308.2,315.12 5 1
github.com/luxfi/dex/pkg/lx/clearinghouse.go:319.43,322.38 3 1
github.com/luxfi/dex/pkg/lx/clearinghouse.go:322.38,324.3 1 0
github.com/luxfi/dex/pkg/lx/clearinghouse.go:325.2,327.33 2 1
github.com/luxfi/dex/pkg/lx/clearinghouse.go:327.33,329.3 1 0
github.com/luxfi/dex/pkg/lx/clearinghouse.go:333.65,339.42 5 1
github.com/luxfi/dex/pkg/lx/clearinghouse.go:339.42,341.3 1 1
github.com/luxfi/dex/pkg/lx/clearinghouse.go:342.2,345.35 2 1
github.com/luxfi/dex/pkg/lx/clearinghouse.go:345.35,349.65 2 1
github.com/luxfi/dex/pkg/lx/clearinghouse.go:349.65,352.25 2 1
github.com/luxfi/dex/pkg/lx/clearinghouse.go:352.25,354.5 1 1
github.com/luxfi/dex/pkg/lx/clearinghouse.go:356.4,360.5 2 1
github.com/luxfi/dex/pkg/lx/clearinghouse.go:364.3,364.90 1 1
github.com/luxfi/dex/pkg/lx/clearinghouse.go:364.90,367.25 2 0
github.com/luxfi/dex/pkg/lx/clearinghouse.go:367.25,369.5 1 0
github.com/luxfi/dex/pkg/lx/clearinghouse.go:372.4,375.5 1 0
github.com/luxfi/dex/pkg/lx/clearinghouse.go:378.3,378.22 1 1
github.com/luxfi/dex/pkg/lx/clearinghouse.go:383.94,385.13 2 1
github.com/luxfi/dex/pkg/lx/clearinghouse.go:385.13,387.3 1 1
github.com/luxfi/dex/pkg/lx/clearinghouse.go:389.2,396.50 5 0
github.com/luxfi/dex/pkg/lx/clearinghouse.go:396.50,398.45 2 0
github.com/luxfi/dex/pkg/lx/clearinghouse.go:398.45,403.4 3 0
github.com/luxfi/dex/pkg/lx/clearinghouse.go:406.2,406.21 1 0
github.com/luxfi/dex/pkg/lx/clearinghouse.go:406.21,413.3 4 0
github.com/luxfi/dex/pkg/lx/clearinghouse.go:418.79,419.57 1 1
github.com/luxfi/dex/pkg/lx/clearinghouse.go:419.57,421.3 1 1
github.com/luxfi/dex/pkg/lx/clearinghouse.go:423.2,442.16 4 1
github.com/luxfi/dex/pkg/lx/clearinghouse.go:445.71,450.13 4 1
github.com/luxfi/dex/pkg/lx/clearinghouse.go:450.13,455.3 4 0
github.com/luxfi/dex/pkg/lx/clearinghouse.go:457.2,457.13 1 1
github.com/luxfi/dex/pkg/lx/clearinghouse.go:460.106,471.2 5 1
github.com/luxfi/dex/pkg/lx/clearinghouse.go:473.103,477.2 1 0
github.com/luxfi/dex/pkg/lx/clearinghouse.go:479.149,483.13 3 1
github.com/luxfi/dex/pkg/lx/clearinghouse.go:483.13,492.3 3 1
github.com/luxfi/dex/pkg/lx/clearinghouse.go:495.2,495.17 1 1
github.com/luxfi/dex/pkg/lx/clearinghouse.go:495.17,496.24 1 1
github.com/luxfi/dex/pkg/lx/clearinghouse.go:496.24,502.4 4 0
github.com/luxfi/dex/pkg/lx/clearinghouse.go:503.3,503.15 1 1
github.com/luxfi/dex/pkg/lx/clearinghouse.go:503.15,508.4 3 1
github.com/luxfi/dex/pkg/lx/clearinghouse.go:509.8,510.24 1 1
github.com/luxfi/dex/pkg/lx/clearinghouse.go:510.24,516.4 4 0
github.com/luxfi/dex/pkg/lx/clearinghouse.go:517.3,517.15 1 1
github.com/luxfi/dex/pkg/lx/clearinghouse.go:517.15,522.4 3 1
github.com/luxfi/dex/pkg/lx/clearinghouse.go:525.2,529.23 3 1
github.com/luxfi/dex/pkg/lx/clearinghouse.go:529.23,531.3 1 1
github.com/luxfi/dex/pkg/lx/clearinghouse.go:531.8,531.30 1 1
github.com/luxfi/dex/pkg/lx/clearinghouse.go:531.30,533.3 1 1
github.com/luxfi/dex/pkg/lx/clearinghouse.go:533.8,535.3 1 0
github.com/luxfi/dex/pkg/lx/clearinghouse.go:537.2,537.24 1 1
github.com/luxfi/dex/pkg/lx/clearinghouse.go:540.110,546.47 4 1
github.com/luxfi/dex/pkg/lx/clearinghouse.go:546.47,551.3 4 1
github.com/luxfi/dex/pkg/lx/clearinghouse.go:553.2,556.24 2 1
github.com/luxfi/dex/pkg/lx/clearinghouse.go:556.24,559.24 1 1
github.com/luxfi/dex/pkg/lx/clearinghouse.go:559.24,561.4 1 1
github.com/luxfi/dex/pkg/lx/clearinghouse.go:561.9,563.4 1 1
github.com/luxfi/dex/pkg/lx/clearinghouse.go:564.3,564.63 1 1
github.com/luxfi/dex/pkg/lx/clearinghouse.go:568.74,573.50 2 1
github.com/luxfi/dex/pkg/lx/clearinghouse.go:573.50,576.3 2 1
github.com/luxfi/dex/pkg/lx/clearinghouse.go:578.2,584.35 3 1
github.com/luxfi/dex/pkg/lx/clearinghouse.go:584.35,586.3 1 0
github.com/luxfi/dex/pkg/lx/clearinghouse.go:586.8,588.3 1 1
github.com/luxfi/dex/pkg/lx/clearinghouse.go:591.62,592.50 1 1
github.com/luxfi/dex/pkg/lx/clearinghouse.go:592.50,594.3 1 0
github.com/luxfi/dex/pkg/lx/clearinghouse.go:595.2,595.10 1 1
github.com/luxfi/dex/pkg/lx/clearinghouse.go:598.76,599.42 1 1
github.com/luxfi/dex/pkg/lx/clearinghouse.go:599.42,600.43 1 0
github.com/luxfi/dex/pkg/lx/clearinghouse.go:600.43,602.4 1 0
github.com/luxfi/dex/pkg/lx/clearinghouse.go:604.2,604.12 1 1
github.com/luxfi/dex/pkg/lx/clearinghouse.go:607.65,611.2 1 1
github.com/luxfi/dex/pkg/lx/clearinghouse.go:613.51,619.2 3 1
github.com/luxfi/dex/pkg/lx/clearinghouse.go:622.75,623.22 1 1
github.com/luxfi/dex/pkg/lx/clearinghouse.go:623.22,625.3 1 0
github.com/luxfi/dex/pkg/lx/clearinghouse.go:628.2,634.24 3 1
github.com/luxfi/dex/pkg/lx/clearinghouse.go:634.24,636.3 1 1
github.com/luxfi/dex/pkg/lx/clearinghouse.go:639.2,639.34 1 1
github.com/luxfi/dex/pkg/lx/clearinghouse.go:639.34,640.39 1 1
github.com/luxfi/dex/pkg/lx/clearinghouse.go:640.39,641.39 1 1
github.com/luxfi/dex/pkg/lx/clearinghouse.go:641.39,643.5 1 0
github.com/luxfi/dex/pkg/lx/clearinghouse.go:648.2,649.26 2 1
github.com/luxfi/dex/pkg/lx/clearinghouse.go:649.26,651.3 1 1
github.com/luxfi/dex/pkg/lx/clearinghouse.go:653.2,656.26 3 1
github.com/luxfi/dex/pkg/lx/clearinghouse.go:656.26,658.30 2 1
github.com/luxfi/dex/pkg/lx/clearinghouse.go:658.30,660.4 1 1
github.com/luxfi/dex/pkg/lx/clearinghouse.go:663.2,663.34 1 0
github.com/luxfi/dex/pkg/lx/clearinghouse.go:667.73,673.42 4 1
github.com/luxfi/dex/pkg/lx/clearinghouse.go:673.42,677.77 2 1
github.com/luxfi/dex/pkg/lx/clearinghouse.go:677.77,679.4 1 1
github.com/luxfi/dex/pkg/lx/clearinghouse.go:682.3,682.90 1 1
github.com/luxfi/dex/pkg/lx/clearinghouse.go:682.90,691.4 1 0
github.com/luxfi/dex/pkg/lx/clearinghouse.go:693.3,693.23 1 1
github.com/luxfi/dex/pkg/lx/clearinghouse.go:696.2,696.18 1 1
github.com/luxfi/dex/pkg/lx/clearinghouse.go:700.94,712.59 7 1
github.com/luxfi/dex/pkg/lx/clearinghouse.go:712.59,714.3 1 1
github.com/luxfi/dex/pkg/lx/clearinghouse.go:717.2,720.66 2 1
github.com/luxfi/dex/pkg/lx/clearinghouse.go:720.66,722.3 1 0
github.com/luxfi/dex/pkg/lx/clearinghouse.go:726.72,727.27 1 1
github.com/luxfi/dex/pkg/lx/clearinghouse.go:727.27,729.3 1 0
github.com/luxfi/dex/pkg/lx/clearinghouse.go:731.2,731.30 1 1
github.com/luxfi/dex/pkg/lx/clearinghouse.go:738.64,739.29 1 1
github.com/luxfi/dex/pkg/lx/clearinghouse.go:739.29,741.18 2 1
github.com/luxfi/dex/pkg/lx/clearinghouse.go:741.18,743.4 1 0
github.com/luxfi/dex/pkg/lx/clearinghouse.go:747.2,747.53 1 1
github.com/luxfi/dex/pkg/lx/clearinghouse.go:747.53,749.3 1 0
github.com/luxfi/dex/pkg/lx/clearinghouse.go:751.2,751.10 1 1
github.com/luxfi/dex/pkg/lx/clearinghouse.go:755.73,756.29 1 1
github.com/luxfi/dex/pkg/lx/clearinghouse.go:756.29,758.18 2 1
github.com/luxfi/dex/pkg/lx/clearinghouse.go:758.18,760.4 1 0
github.com/luxfi/dex/pkg/lx/clearinghouse.go:763.2,763.10 1 1
github.com/luxfi/dex/pkg/lx/clearinghouse.go:767.57,768.29 1 1
github.com/luxfi/dex/pkg/lx/clearinghouse.go:768.29,770.3 1 1
github.com/luxfi/dex/pkg/lx/clearinghouse.go:773.2,779.34 4 0
github.com/luxfi/dex/pkg/lx/clearinghouse.go:779.34,780.16 1 0
github.com/luxfi/dex/pkg/lx/clearinghouse.go:780.16,782.4 1 0
github.com/luxfi/dex/pkg/lx/clearinghouse.go:786.2,787.91 2 0
github.com/luxfi/dex/pkg/lx/clearinghouse.go:791.50,800.2 1 1
github.com/luxfi/dex/pkg/lx/clearinghouse.go:802.46,811.2 1 1
github.com/luxfi/dex/pkg/lx/clearinghouse.go:813.44,822.2 1 1
github.com/luxfi/dex/pkg/lx/fpga_accelerator.go:163.44,171.19 3 0
github.com/luxfi/dex/pkg/lx/fpga_accelerator.go:171.19,175.3 3 0
github.com/luxfi/dex/pkg/lx/fpga_accelerator.go:177.2,177.14 1 0
github.com/luxfi/dex/pkg/lx/fpga_accelerator.go:181.45,201.2 2 0
github.com/luxfi/dex/pkg/lx/fpga_accelerator.go:204.77,205.17 1 0
github.com/luxfi/dex/pkg/lx/fpga_accelerator.go:205.17,207.3 1 0
github.com/luxfi/dex/pkg/lx/fpga_accelerator.go:210.2,214.53 3 0
github.com/luxfi/dex/pkg/lx/fpga_accelerator.go:214.53,216.3 1 0
github.com/luxfi/dex/pkg/lx/fpga_accelerator.go:219.2,220.16 2 0
github.com/luxfi/dex/pkg/lx/fpga_accelerator.go:220.16,222.3 1 0
github.com/luxfi/dex/pkg/lx/fpga_accelerator.go:225.2,225.32 1 0
github.com/luxfi/dex/pkg/lx/fpga_accelerator.go:229.87,230.17 1 0
github.com/luxfi/dex/pkg/lx/fpga_accelerator.go:230.17,232.3 1 0
github.com/luxfi/dex/pkg/lx/fpga_accelerator.go:234.2,237.31 2 0
github.com/luxfi/dex/pkg/lx/fpga_accelerator.go:237.31,239.17 2 0
github.com/luxfi/dex/pkg/lx/fpga_accelerator.go:239.17,241.4 1 0
github.com/luxfi/dex/pkg/lx/fpga_accelerator.go:242.3,242.22 1 0
github.com/luxfi/dex/pkg/lx/fpga_accelerator.go:246.2,248.21 2 0
github.com/luxfi/dex/pkg/lx/fpga_accelerator.go:252.85,253.17 1 0
github.com/luxfi/dex/pkg/lx/fpga_accelerator.go:253.17,255.3 1 0
github.com/luxfi/dex/pkg/lx/fpga_accelerator.go:257.2,263.36 3 0
github.com/luxfi/dex/pkg/lx/fpga_accelerator.go:263.36,266.3 2 0
github.com/luxfi/dex/pkg/lx/fpga_accelerator.go:269.2,280.36 6 0
github.com/luxfi/dex/pkg/lx/fpga_accelerator.go:285.50,313.2 4 0
github.com/luxfi/dex/pkg/lx/fpga_accelerator.go:315.52,327.2 2 0
github.com/luxfi/dex/pkg/lx/fpga_accelerator.go:329.47,331.25 1 0
github.com/luxfi/dex/pkg/lx/fpga_accelerator.go:331.25,339.3 3 0
github.com/luxfi/dex/pkg/lx/fpga_accelerator.go:342.59,346.2 1 0
github.com/luxfi/dex/pkg/lx/fpga_accelerator.go:348.76,352.2 1 0
github.com/luxfi/dex/pkg/lx/fpga_accelerator.go:354.76,358.2 1 0
github.com/luxfi/dex/pkg/lx/fpga_accelerator.go:360.61,368.2 5 0
github.com/luxfi/dex/pkg/lx/fpga_accelerator.go:370.76,377.2 1 0
github.com/luxfi/dex/pkg/lx/fpga_accelerator.go:379.68,382.2 1 0
github.com/luxfi/dex/pkg/lx/fpga_accelerator.go:384.53,388.2 1 0
github.com/luxfi/dex/pkg/lx/fpga_accelerator.go:391.53,401.2 1 0
github.com/luxfi/dex/pkg/lx/fpga_accelerator.go:425.40,426.12 1 0
github.com/luxfi/dex/pkg/lx/fpga_accelerator.go:427.24,428.25 1 0
github.com/luxfi/dex/pkg/lx/fpga_accelerator.go:429.25,430.26 1 0
github.com/luxfi/dex/pkg/lx/fpga_accelerator.go:431.25,432.26 1 0
github.com/luxfi/dex/pkg/lx/fpga_accelerator.go:433.28,434.34 1 0
github.com/luxfi/dex/pkg/lx/fpga_accelerator.go:435.28,436.34 1 0
github.com/luxfi/dex/pkg/lx/fpga_accelerator.go:437.28,438.37 1 0
github.com/luxfi/dex/pkg/lx/fpga_accelerator.go:439.26,440.37 1 0
github.com/luxfi/dex/pkg/lx/fpga_accelerator.go:441.27,442.38 1 0
github.com/luxfi/dex/pkg/lx/fpga_accelerator.go:443.29,444.26 1 0
github.com/luxfi/dex/pkg/lx/fpga_accelerator.go:445.10,446.16 1 0
github.com/luxfi/dex/pkg/lx/fpga_accelerator.go:465.59,468.2 1 0
github.com/luxfi/dex/pkg/lx/fpga_accelerator.go:470.55,474.2 2 0
github.com/luxfi/dex/pkg/lx/fpga_accelerator.go:476.63,479.2 1 0
github.com/luxfi/dex/pkg/lx/fpga_accelerator.go:481.62,484.2 1 0
github.com/luxfi/dex/pkg/lx/funding.go:95.91,96.19 1 1
github.com/luxfi/dex/pkg/lx/funding.go:96.19,98.3 1 0
github.com/luxfi/dex/pkg/lx/funding.go:100.2,118.11 4 1
github.com/luxfi/dex/pkg/lx/funding.go:122.44,135.2 1 1
github.com/luxfi/dex/pkg/lx/funding.go:138.34,141.2 2 1
github.com/luxfi/dex/pkg/lx/funding.go:144.43,148.21 3 1
github.com/luxfi/dex/pkg/lx/funding.go:148.21,152.48 2 0
github.com/luxfi/dex/pkg/lx/funding.go:152.48,154.14 2 0
github.com/luxfi/dex/pkg/lx/funding.go:154.14,155.18 1 0
github.com/luxfi/dex/pkg/lx/funding.go:155.18,155.45 1 0
github.com/luxfi/dex/pkg/lx/funding.go:156.5,156.27 1 0
github.com/luxfi/dex/pkg/lx/funding.go:161.3,161.28 1 0
github.com/luxfi/dex/pkg/lx/funding.go:166.44,170.21 3 1
github.com/luxfi/dex/pkg/lx/funding.go:170.21,172.3 1 0
github.com/luxfi/dex/pkg/lx/funding.go:176.70,184.33 5 1
github.com/luxfi/dex/pkg/lx/funding.go:184.33,195.3 5 1
github.com/luxfi/dex/pkg/lx/funding.go:198.2,198.48 1 1
github.com/luxfi/dex/pkg/lx/funding.go:198.48,199.42 1 1
github.com/luxfi/dex/pkg/lx/funding.go:199.42,201.4 1 0
github.com/luxfi/dex/pkg/lx/funding.go:205.2,208.12 3 1
github.com/luxfi/dex/pkg/lx/funding.go:212.75,226.28 6 1
github.com/luxfi/dex/pkg/lx/funding.go:226.28,228.3 1 1
github.com/luxfi/dex/pkg/lx/funding.go:231.2,245.3 2 1
github.com/luxfi/dex/pkg/lx/funding.go:249.104,255.37 3 1
github.com/luxfi/dex/pkg/lx/funding.go:255.37,256.25 1 0
github.com/luxfi/dex/pkg/lx/funding.go:256.25,257.12 1 0
github.com/luxfi/dex/pkg/lx/funding.go:263.3,266.24 3 0
github.com/luxfi/dex/pkg/lx/funding.go:266.24,269.4 1 0
github.com/luxfi/dex/pkg/lx/funding.go:272.3,272.36 1 0
github.com/luxfi/dex/pkg/lx/funding.go:275.2,275.17 1 1
github.com/luxfi/dex/pkg/lx/funding.go:279.94,282.2 1 0
github.com/luxfi/dex/pkg/lx/funding.go:285.41,288.33 2 1
github.com/luxfi/dex/pkg/lx/funding.go:288.33,300.3 6 1
github.com/luxfi/dex/pkg/lx/funding.go:304.77,305.20 1 1
github.com/luxfi/dex/pkg/lx/funding.go:305.20,307.3 1 0
github.com/luxfi/dex/pkg/lx/funding.go:309.2,323.78 7 1
github.com/luxfi/dex/pkg/lx/funding.go:323.78,325.3 1 0
github.com/luxfi/dex/pkg/lx/funding.go:326.2,330.26 3 1
github.com/luxfi/dex/pkg/lx/funding.go:334.71,335.23 1 1
github.com/luxfi/dex/pkg/lx/funding.go:335.23,337.3 1 0
github.com/luxfi/dex/pkg/lx/funding.go:339.2,339.23 1 1
github.com/luxfi/dex/pkg/lx/funding.go:339.23,341.3 1 1
github.com/luxfi/dex/pkg/lx/funding.go:343.2,343.29 1 1
github.com/luxfi/dex/pkg/lx/funding.go:343.29,345.3 1 0
github.com/luxfi/dex/pkg/lx/funding.go:348.2,351.38 3 1
github.com/luxfi/dex/pkg/lx/funding.go:351.38,357.3 4 1
github.com/luxfi/dex/pkg/lx/funding.go:360.2,360.22 1 1
github.com/luxfi/dex/pkg/lx/funding.go:360.22,363.68 3 1
github.com/luxfi/dex/pkg/lx/funding.go:363.68,366.4 2 1
github.com/luxfi/dex/pkg/lx/funding.go:369.2,369.22 1 1
github.com/luxfi/dex/pkg/lx/funding.go:369.22,371.3 1 0
github.com/luxfi/dex/pkg/lx/funding.go:373.2,373.34 1 1
github.com/luxfi/dex/pkg/lx/funding.go:377.77,379.28 2 1
github.com/luxfi/dex/pkg/lx/funding.go:379.28,381.3 1 1
github.com/luxfi/dex/pkg/lx/funding.go:384.2,384.35 1 1
github.com/luxfi/dex/pkg/lx/funding.go:384.35,385.40 1 1
github.com/luxfi/dex/pkg/lx/funding.go:385.40,386.29 1 1
github.com/luxfi/dex/pkg/lx/funding.go:386.29,388.5 1 1
github.com/luxfi/dex/pkg/lx/funding.go:393.2,394.14 2 1
github.com/luxfi/dex/pkg/lx/funding.go:394.14,396.3 1 0
github.com/luxfi/dex/pkg/lx/funding.go:397.2,397.20 1 1
github.com/luxfi/dex/pkg/lx/funding.go:401.49,404.33 2 1
github.com/luxfi/dex/pkg/lx/funding.go:404.33,409.22 3 1
github.com/luxfi/dex/pkg/lx/funding.go:409.22,410.12 1 1
github.com/luxfi/dex/pkg/lx/funding.go:413.3,417.56 3 0
github.com/luxfi/dex/pkg/lx/funding.go:417.56,419.4 1 0
github.com/luxfi/dex/pkg/lx/funding.go:422.3,435.4 4 0
github.com/luxfi/dex/pkg/lx/funding.go:441.54,448.44 4 1
github.com/luxfi/dex/pkg/lx/funding.go:448.44,449.16 1 1
github.com/luxfi/dex/pkg/lx/funding.go:449.16,451.9 2 0
github.com/luxfi/dex/pkg/lx/funding.go:456.2,456.84 1 1
github.com/luxfi/dex/pkg/lx/funding.go:456.84,459.3 2 1
github.com/luxfi/dex/pkg/lx/funding.go:461.2,462.66 2 1
github.com/luxfi/dex/pkg/lx/funding.go:465.51,468.33 2 1
github.com/luxfi/dex/pkg/lx/funding.go:468.33,486.3 3 1
github.com/luxfi/dex/pkg/lx/funding.go:489.58,490.46 1 1
github.com/luxfi/dex/pkg/lx/funding.go:490.46,491.42 1 1
github.com/luxfi/dex/pkg/lx/funding.go:491.42,493.4 1 1
github.com/luxfi/dex/pkg/lx/funding.go:495.2,495.14 1 1
github.com/luxfi/dex/pkg/lx/funding.go:498.71,502.46 2 1
github.com/luxfi/dex/pkg/lx/funding.go:502.46,504.28 2 1
github.com/luxfi/dex/pkg/lx/funding.go:504.28,506.4 1 1
github.com/luxfi/dex/pkg/lx/funding.go:510.2,511.115 2 0
github.com/luxfi/dex/pkg/lx/funding.go:514.54,517.2 1 1
github.com/luxfi/dex/pkg/lx/funding.go:519.61,520.57 1 1
github.com/luxfi/dex/pkg/lx/funding.go:520.57,522.3 1 1
github.com/luxfi/dex/pkg/lx/funding.go:523.2,523.10 1 0
github.com/luxfi/dex/pkg/lx/funding.go:526.62,527.58 1 1
github.com/luxfi/dex/pkg/lx/funding.go:527.58,529.3 1 1
github.com/luxfi/dex/pkg/lx/funding.go:530.2,530.10 1 0
github.com/luxfi/dex/pkg/lx/funding.go:533.63,535.64 1 1
github.com/luxfi/dex/pkg/lx/funding.go:535.64,537.3 1 0
github.com/luxfi/dex/pkg/lx/funding.go:538.2,538.10 1 1
github.com/luxfi/dex/pkg/lx/funding.go:541.58,542.37 1 1
github.com/luxfi/dex/pkg/lx/funding.go:542.37,544.3 1 0
github.com/luxfi/dex/pkg/lx/funding.go:545.2,545.37 1 1
github.com/luxfi/dex/pkg/lx/funding.go:545.37,547.3 1 0
github.com/luxfi/dex/pkg/lx/funding.go:548.2,548.13 1 1
github.com/luxfi/dex/pkg/lx/funding.go:551.73,552.54 1 1
github.com/luxfi/dex/pkg/lx/funding.go:552.54,554.3 1 1
github.com/luxfi/dex/pkg/lx/funding.go:556.2,560.50 3 1
github.com/luxfi/dex/pkg/lx/funding.go:560.50,562.3 1 0
github.com/luxfi/dex/pkg/lx/funding.go:571.72,577.32 3 1
github.com/luxfi/dex/pkg/lx/funding.go:577.32,581.19 3 0
github.com/luxfi/dex/pkg/lx/funding.go:581.19,583.4 1 0
github.com/luxfi/dex/pkg/lx/funding.go:583.9,585.4 1 0
github.com/luxfi/dex/pkg/lx/funding.go:588.2,588.14 1 1
github.com/luxfi/dex/pkg/lx/funding.go:592.76,596.53 3 1
github.com/luxfi/dex/pkg/lx/funding.go:596.53,598.3 1 0
github.com/luxfi/dex/pkg/lx/funding.go:599.2,599.12 1 1
github.com/luxfi/dex/pkg/lx/funding.go:603.78,607.50 3 1
github.com/luxfi/dex/pkg/lx/funding.go:607.50,609.3 1 0
github.com/luxfi/dex/pkg/lx/funding.go:610.2,610.12 1 1
github.com/luxfi/dex/pkg/lx/funding.go:614.85,619.13 4 0
github.com/luxfi/dex/pkg/lx/funding.go:619.13,621.3 1 0
github.com/luxfi/dex/pkg/lx/funding.go:623.2,623.40 1 0
github.com/luxfi/dex/pkg/lx/funding.go:623.40,625.3 1 0
github.com/luxfi/dex/pkg/lx/funding.go:628.2,628.37 1 0
github.com/luxfi/dex/pkg/lx/funding.go:632.57,637.2 3 1
github.com/luxfi/dex/pkg/lx/funding.go:640.62,642.2 1 1
github.com/luxfi/dex/pkg/lx/lending_pool.go:124.36,139.2 1 1
github.com/luxfi/dex/pkg/lx/lending_pool.go:142.74,146.42 3 0
github.com/luxfi/dex/pkg/lx/lending_pool.go:146.42,148.3 1 0
github.com/luxfi/dex/pkg/lx/lending_pool.go:150.2,176.12 7 0
github.com/luxfi/dex/pkg/lx/lending_pool.go:180.76,185.13 4 0
github.com/luxfi/dex/pkg/lx/lending_pool.go:185.13,187.3 1 0
github.com/luxfi/dex/pkg/lx/lending_pool.go:189.2,189.17 1 0
github.com/luxfi/dex/pkg/lx/lending_pool.go:189.17,191.3 1 0
github.com/luxfi/dex/pkg/lx/lending_pool.go:194.2,198.13 3 0
github.com/luxfi/dex/pkg/lx/lending_pool.go:198.13,209.3 2 0
github.com/luxfi/dex/pkg/lx/lending_pool.go:212.2,213.46 2 0
github.com/luxfi/dex/pkg/lx/lending_pool.go:213.46,215.3 1 0
github.com/luxfi/dex/pkg/lx/lending_pool.go:215.8,220.3 3 0
github.com/luxfi/dex/pkg/lx/lending_pool.go:223.2,224.13 2 0
github.com/luxfi/dex/pkg/lx/lending_pool.go:224.13,234.3 2 0
github.com/luxfi/dex/pkg/lx/lending_pool.go:237.2,254.12 11 0
github.com/luxfi/dex/pkg/lx/lending_pool.go:258.78,263.13 4 0
github.com/luxfi/dex/pkg/lx/lending_pool.go:263.13,265.3 1 0
github.com/luxfi/dex/pkg/lx/lending_pool.go:267.2,268.13 2 0
github.com/luxfi/dex/pkg/lx/lending_pool.go:268.13,270.3 1 0
github.com/luxfi/dex/pkg/lx/lending_pool.go:272.2,273.13 2 0
github.com/luxfi/dex/pkg/lx/lending_pool.go:273.13,275.3 1 0
github.com/luxfi/dex/pkg/lx/lending_pool.go:278.2,279.40 2 0
github.com/luxfi/dex/pkg/lx/lending_pool.go:279.40,281.3 1 0
github.com/luxfi/dex/pkg/lx/lending_pool.go:284.2,284.37 1 0
github.com/luxfi/dex/pkg/lx/lending_pool.go:284.37,286.3 1 0
github.com/luxfi/dex/pkg/lx/lending_pool.go:289.2,303.45 9 0
github.com/luxfi/dex/pkg/lx/lending_pool.go:303.45,306.3 2 0
github.com/luxfi/dex/pkg/lx/lending_pool.go:309.2,319.12 6 0
github.com/luxfi/dex/pkg/lx/lending_pool.go:323.68,326.13 2 0
github.com/luxfi/dex/pkg/lx/lending_pool.go:326.13,328.3 1 0
github.com/luxfi/dex/pkg/lx/lending_pool.go:330.2,335.31 4 0
github.com/luxfi/dex/pkg/lx/lending_pool.go:335.31,337.3 1 0
github.com/luxfi/dex/pkg/lx/lending_pool.go:340.2,347.12 5 0
github.com/luxfi/dex/pkg/lx/lending_pool.go:351.80,353.13 2 0
github.com/luxfi/dex/pkg/lx/lending_pool.go:353.13,355.3 1 0
github.com/luxfi/dex/pkg/lx/lending_pool.go:357.2,380.12 14 0
github.com/luxfi/dex/pkg/lx/lending_pool.go:384.60,389.13 4 0
github.com/luxfi/dex/pkg/lx/lending_pool.go:389.13,391.3 1 0
github.com/luxfi/dex/pkg/lx/lending_pool.go:393.2,393.61 1 0
github.com/luxfi/dex/pkg/lx/lending_pool.go:397.60,402.13 4 0
github.com/luxfi/dex/pkg/lx/lending_pool.go:402.13,404.3 1 0
github.com/luxfi/dex/pkg/lx/lending_pool.go:406.2,406.24 1 0
github.com/luxfi/dex/pkg/lx/lending_pool.go:410.60,415.13 4 0
github.com/luxfi/dex/pkg/lx/lending_pool.go:415.13,417.3 1 0
github.com/luxfi/dex/pkg/lx/lending_pool.go:419.2,419.24 1 0
github.com/luxfi/dex/pkg/lx/lending_pool.go:423.63,424.46 1 0
github.com/luxfi/dex/pkg/lx/lending_pool.go:424.46,427.3 2 0
github.com/luxfi/dex/pkg/lx/lending_pool.go:429.2,434.56 5 0
github.com/luxfi/dex/pkg/lx/lending_pool.go:438.61,452.2 7 0
github.com/luxfi/dex/pkg/lx/lending_pool.go:455.100,464.2 6 0
github.com/luxfi/dex/pkg/lx/lending_pool.go:467.65,469.42 2 0
github.com/luxfi/dex/pkg/lx/lending_pool.go:469.42,471.3 1 0
github.com/luxfi/dex/pkg/lx/lending_pool.go:472.2,472.20 1 0
github.com/luxfi/dex/pkg/lx/lending_pool.go:476.82,477.31 1 0
github.com/luxfi/dex/pkg/lx/lending_pool.go:477.31,480.3 1 0
github.com/luxfi/dex/pkg/lx/lending_pool.go:483.2,485.60 3 0
github.com/luxfi/dex/pkg/lx/lending_pool.go:489.51,497.2 1 1
github.com/luxfi/dex/pkg/lx/lending_pool.go:506.48,510.2 1 1
github.com/luxfi/dex/pkg/lx/lending_pool.go:512.49,521.2 1 1
github.com/luxfi/dex/pkg/lx/lending_pool.go:537.42,541.2 1 1
github.com/luxfi/dex/pkg/lx/liquidation_engine.go:300.48,317.2 1 1
github.com/luxfi/dex/pkg/lx/liquidation_engine.go:320.40,335.2 1 1
github.com/luxfi/dex/pkg/lx/liquidation_engine.go:338.121,343.68 3 0
github.com/luxfi/dex/pkg/lx/liquidation_engine.go:343.68,345.3 1 0
github.com/luxfi/dex/pkg/lx/liquidation_engine.go:348.2,371.39 5 0
github.com/luxfi/dex/pkg/lx/liquidation_engine.go:371.39,373.3 1 0
github.com/luxfi/dex/pkg/lx/liquidation_engine.go:376.2,379.12 3 0
github.com/luxfi/dex/pkg/lx/liquidation_engine.go:383.80,392.23 6 0
github.com/luxfi/dex/pkg/lx/liquidation_engine.go:392.23,395.3 1 0
github.com/luxfi/dex/pkg/lx/liquidation_engine.go:398.2,399.16 2 0
github.com/luxfi/dex/pkg/lx/liquidation_engine.go:399.16,402.3 2 0
github.com/luxfi/dex/pkg/lx/liquidation_engine.go:404.2,419.39 10 0
github.com/luxfi/dex/pkg/lx/liquidation_engine.go:419.39,420.46 1 0
github.com/luxfi/dex/pkg/lx/liquidation_engine.go:420.46,422.4 1 0
github.com/luxfi/dex/pkg/lx/liquidation_engine.go:426.2,445.12 13 0
github.com/luxfi/dex/pkg/lx/liquidation_engine.go:449.72,451.61 1 0
github.com/luxfi/dex/pkg/lx/liquidation_engine.go:451.61,453.3 1 0
github.com/luxfi/dex/pkg/lx/liquidation_engine.go:456.2,457.55 2 0
github.com/luxfi/dex/pkg/lx/liquidation_engine.go:457.55,459.3 1 0
github.com/luxfi/dex/pkg/lx/liquidation_engine.go:462.2,462.48 1 0
github.com/luxfi/dex/pkg/lx/liquidation_engine.go:466.72,468.2 1 0
github.com/luxfi/dex/pkg/lx/liquidation_engine.go:471.86,475.44 3 0
github.com/luxfi/dex/pkg/lx/liquidation_engine.go:475.44,478.50 2 0
github.com/luxfi/dex/pkg/lx/liquidation_engine.go:478.50,479.12 1 0
github.com/luxfi/dex/pkg/lx/liquidation_engine.go:483.3,484.24 2 0
github.com/luxfi/dex/pkg/lx/liquidation_engine.go:484.24,487.4 2 0
github.com/luxfi/dex/pkg/lx/liquidation_engine.go:490.2,490.23 1 0
github.com/luxfi/dex/pkg/lx/liquidation_engine.go:494.112,509.25 7 0
github.com/luxfi/dex/pkg/lx/liquidation_engine.go:509.25,511.3 1 0
github.com/luxfi/dex/pkg/lx/liquidation_engine.go:511.8,511.33 1 0
github.com/luxfi/dex/pkg/lx/liquidation_engine.go:511.33,513.3 1 0
github.com/luxfi/dex/pkg/lx/liquidation_engine.go:516.2,521.14 5 0
github.com/luxfi/dex/pkg/lx/liquidation_engine.go:525.94,531.26 4 0
github.com/luxfi/dex/pkg/lx/liquidation_engine.go:531.26,533.3 1 0
github.com/luxfi/dex/pkg/lx/liquidation_engine.go:533.8,535.3 1 0
github.com/luxfi/dex/pkg/lx/liquidation_engine.go:538.2,538.23 1 0
github.com/luxfi/dex/pkg/lx/liquidation_engine.go:538.23,540.3 1 0
github.com/luxfi/dex/pkg/lx/liquidation_engine.go:540.8,540.30 1 0
github.com/luxfi/dex/pkg/lx/liquidation_engine.go:540.30,542.3 1 0
github.com/luxfi/dex/pkg/lx/liquidation_engine.go:543.2,543.20 1 0
github.com/luxfi/dex/pkg/lx/liquidation_engine.go:547.79,549.54 1 0
github.com/luxfi/dex/pkg/lx/liquidation_engine.go:549.54,551.3 1 0
github.com/luxfi/dex/pkg/lx/liquidation_engine.go:553.2,555.13 3 0
github.com/luxfi/dex/pkg/lx/liquidation_engine.go:559.109,565.23 3 0
github.com/luxfi/dex/pkg/lx/liquidation_engine.go:565.23,568.3 1 0
github.com/luxfi/dex/pkg/lx/liquidation_engine.go:568.8,571.3 1 0
github.com/luxfi/dex/pkg/lx/liquidation_engine.go:573.2,573.28 1 0
github.com/luxfi/dex/pkg/lx/liquidation_engine.go:578.75,582.32 3 0
github.com/luxfi/dex/pkg/lx/liquidation_engine.go:582.32,584.3 1 0
github.com/luxfi/dex/pkg/lx/liquidation_engine.go:585.2,589.52 3 0
github.com/luxfi/dex/pkg/lx/liquidation_engine.go:589.52,591.3 1 0
github.com/luxfi/dex/pkg/lx/liquidation_engine.go:593.2,593.30 1 0
github.com/luxfi/dex/pkg/lx/liquidation_engine.go:596.75,601.20 4 0
github.com/luxfi/dex/pkg/lx/liquidation_engine.go:601.20,603.3 1 0
github.com/luxfi/dex/pkg/lx/liquidation_engine.go:605.2,605.31 1 0
github.com/luxfi/dex/pkg/lx/liquidation_engine.go:608.93,612.37 3 0
github.com/luxfi/dex/pkg/lx/liquidation_engine.go:612.37,614.3 1 0
github.com/luxfi/dex/pkg/lx/liquidation_engine.go:616.2,630.47 5 0
github.com/luxfi/dex/pkg/lx/liquidation_engine.go:630.47,635.3 4 0
github.com/luxfi/dex/pkg/lx/liquidation_engine.go:637.2,638.12 2 0
github.com/luxfi/dex/pkg/lx/liquidation_engine.go:641.55,645.45 3 0
github.com/luxfi/dex/pkg/lx/liquidation_engine.go:645.45,647.3 1 0
github.com/luxfi/dex/pkg/lx/liquidation_engine.go:649.2,652.15 4 0
github.com/luxfi/dex/pkg/lx/liquidation_engine.go:657.46,669.2 1 1
github.com/luxfi/dex/pkg/lx/liquidation_engine.go:671.61,675.24 3 0
github.com/luxfi/dex/pkg/lx/liquidation_engine.go:676.20,677.57 1 0
github.com/luxfi/dex/pkg/lx/liquidation_engine.go:678.22,679.61 1 0
github.com/luxfi/dex/pkg/lx/liquidation_engine.go:680.19,681.55 1 0
github.com/luxfi/dex/pkg/lx/liquidation_engine.go:687.58,695.2 1 1
github.com/luxfi/dex/pkg/lx/liquidation_engine.go:697.75,703.26 4 0
github.com/luxfi/dex/pkg/lx/liquidation_engine.go:703.26,705.3 1 0
github.com/luxfi/dex/pkg/lx/liquidation_engine.go:710.2,718.39 3 0
github.com/luxfi/dex/pkg/lx/liquidation_engine.go:718.39,719.25 1 0
github.com/luxfi/dex/pkg/lx/liquidation_engine.go:719.25,720.9 1 0
github.com/luxfi/dex/pkg/lx/liquidation_engine.go:724.3,738.33 5 0
github.com/luxfi/dex/pkg/lx/liquidation_engine.go:741.2,742.12 2 0
github.com/luxfi/dex/pkg/lx/liquidation_engine.go:747.54,756.2 1 1
github.com/luxfi/dex/pkg/lx/liquidation_engine.go:758.79,762.42 3 0
github.com/luxfi/dex/pkg/lx/liquidation_engine.go:762.42,764.3 1 0
github.com/luxfi/dex/pkg/lx/liquidation_engine.go:766.2,781.12 3 0
github.com/luxfi/dex/pkg/lx/liquidation_engine.go:786.42,793.2 1 1
github.com/luxfi/dex/pkg/lx/liquidation_engine.go:795.48,796.17 1 0
github.com/luxfi/dex/pkg/lx/liquidation_engine.go:796.17,798.3 1 0
github.com/luxfi/dex/pkg/lx/liquidation_engine.go:801.2,801.54 1 0
github.com/luxfi/dex/pkg/lx/liquidation_engine.go:801.54,803.3 1 0
github.com/luxfi/dex/pkg/lx/liquidation_engine.go:806.2,806.49 1 0
github.com/luxfi/dex/pkg/lx/liquidation_engine.go:806.49,807.45 1 0
github.com/luxfi/dex/pkg/lx/liquidation_engine.go:807.45,812.4 4 0
github.com/luxfi/dex/pkg/lx/liquidation_engine.go:815.2,815.14 1 0
github.com/luxfi/dex/pkg/lx/liquidation_engine.go:820.61,828.2 1 0
github.com/luxfi/dex/pkg/lx/liquidation_engine.go:830.59,835.23 1 1
github.com/luxfi/dex/pkg/lx/liquidation_engine.go:835.23,838.5 1 0
github.com/luxfi/dex/pkg/lx/liquidation_engine.go:839.25,842.5 1 0
github.com/luxfi/dex/pkg/lx/liquidation_engine.go:849.23,852.5 1 0
github.com/luxfi/dex/pkg/lx/liquidation_engine.go:853.25,856.5 1 0
github.com/luxfi/dex/pkg/lx/liquidation_engine.go:863.42,865.2 1 0
github.com/luxfi/dex/pkg/lx/liquidation_engine.go:867.31,869.2 1 0
github.com/luxfi/dex/pkg/lx/liquidation_engine.go:871.30,873.2 1 0
github.com/luxfi/dex/pkg/lx/liquidation_engine.go:875.50,883.2 1 1
github.com/luxfi/dex/pkg/lx/liquidation_engine.go:885.44,892.2 1 1
github.com/luxfi/dex/pkg/lx/margin_trading.go:117.81,132.2 1 1
github.com/luxfi/dex/pkg/lx/margin_trading.go:135.115,139.46 3 0
github.com/luxfi/dex/pkg/lx/margin_trading.go:139.46,141.3 1 0
github.com/luxfi/dex/pkg/lx/margin_trading.go:143.2,144.35 2 0
github.com/luxfi/dex/pkg/lx/margin_trading.go:144.35,146.3 1 0
github.com/luxfi/dex/pkg/lx/margin_trading.go:146.8,146.43 1 0
github.com/luxfi/dex/pkg/lx/margin_trading.go:146.43,148.3 1 0
github.com/luxfi/dex/pkg/lx/margin_trading.go:150.2,176.21 3 0
github.com/luxfi/dex/pkg/lx/margin_trading.go:180.66,185.2 3 0
github.com/luxfi/dex/pkg/lx/margin_trading.go:188.88,193.13 4 0
github.com/luxfi/dex/pkg/lx/margin_trading.go:193.13,195.3 1 0
github.com/luxfi/dex/pkg/lx/margin_trading.go:197.2,198.13 2 0
github.com/luxfi/dex/pkg/lx/margin_trading.go:198.13,209.3 2 0
github.com/luxfi/dex/pkg/lx/margin_trading.go:212.2,220.38 5 0
github.com/luxfi/dex/pkg/lx/margin_trading.go:220.38,222.3 1 0
github.com/luxfi/dex/pkg/lx/margin_trading.go:223.2,228.12 3 0
github.com/luxfi/dex/pkg/lx/margin_trading.go:232.110,237.13 4 0
github.com/luxfi/dex/pkg/lx/margin_trading.go:237.13,239.3 1 0
github.com/luxfi/dex/pkg/lx/margin_trading.go:242.2,243.28 2 0
github.com/luxfi/dex/pkg/lx/margin_trading.go:243.28,245.3 1 0
github.com/luxfi/dex/pkg/lx/margin_trading.go:248.2,252.48 3 0
github.com/luxfi/dex/pkg/lx/margin_trading.go:252.48,254.3 1 0
github.com/luxfi/dex/pkg/lx/margin_trading.go:257.2,286.41 7 0
github.com/luxfi/dex/pkg/lx/margin_trading.go:286.41,287.83 1 0
github.com/luxfi/dex/pkg/lx/margin_trading.go:287.83,289.4 1 0
github.com/luxfi/dex/pkg/lx/margin_trading.go:293.2,295.22 2 0
github.com/luxfi/dex/pkg/lx/margin_trading.go:299.86,304.13 4 0
github.com/luxfi/dex/pkg/lx/margin_trading.go:304.13,306.3 1 0
github.com/luxfi/dex/pkg/lx/margin_trading.go:308.2,309.13 2 0
github.com/luxfi/dex/pkg/lx/margin_trading.go:309.13,311.3 1 0
github.com/luxfi/dex/pkg/lx/margin_trading.go:314.2,320.26 5 0
github.com/luxfi/dex/pkg/lx/margin_trading.go:320.26,322.3 1 0
github.com/luxfi/dex/pkg/lx/margin_trading.go:322.8,324.3 1 0
github.com/luxfi/dex/pkg/lx/margin_trading.go:326.2,338.74 8 0
github.com/luxfi/dex/pkg/lx/margin_trading.go:338.74,342.3 3 0
github.com/luxfi/dex/pkg/lx/margin_trading.go:345.2,345.32 1 0
github.com/luxfi/dex/pkg/lx/margin_trading.go:345.32,347.3 1 0
github.com/luxfi/dex/pkg/lx/margin_trading.go:347.8,351.3 3 0
github.com/luxfi/dex/pkg/lx/margin_trading.go:354.2,359.12 3 0
github.com/luxfi/dex/pkg/lx/margin_trading.go:363.94,368.13 4 0
github.com/luxfi/dex/pkg/lx/margin_trading.go:368.13,370.3 1 0
github.com/luxfi/dex/pkg/lx/margin_trading.go:372.2,373.13 2 0
github.com/luxfi/dex/pkg/lx/margin_trading.go:373.13,375.3 1 0
github.com/luxfi/dex/pkg/lx/margin_trading.go:378.2,379.31 2 0
github.com/luxfi/dex/pkg/lx/margin_trading.go:379.31,381.3 1 0
github.com/luxfi/dex/pkg/lx/margin_trading.go:384.2,389.40 4 0
github.com/luxfi/dex/pkg/lx/margin_trading.go:389.40,390.46 1 0
github.com/luxfi/dex/pkg/lx/margin_trading.go:390.46,392.4 1 0
github.com/luxfi/dex/pkg/lx/margin_trading.go:393.3,394.58 2 0
github.com/luxfi/dex/pkg/lx/margin_trading.go:395.8,400.3 3 0
github.com/luxfi/dex/pkg/lx/margin_trading.go:403.2,411.12 6 0
github.com/luxfi/dex/pkg/lx/margin_trading.go:415.109,417.32 2 0
github.com/luxfi/dex/pkg/lx/margin_trading.go:417.32,419.3 1 0
github.com/luxfi/dex/pkg/lx/margin_trading.go:421.2,421.26 1 0
github.com/luxfi/dex/pkg/lx/margin_trading.go:421.26,424.3 1 0
github.com/luxfi/dex/pkg/lx/margin_trading.go:424.8,427.3 1 0
github.com/luxfi/dex/pkg/lx/margin_trading.go:431.70,437.54 4 0
github.com/luxfi/dex/pkg/lx/margin_trading.go:437.54,443.3 4 0
github.com/luxfi/dex/pkg/lx/margin_trading.go:446.2,447.45 2 0
github.com/luxfi/dex/pkg/lx/margin_trading.go:447.45,450.27 3 0
github.com/luxfi/dex/pkg/lx/margin_trading.go:450.27,452.4 1 0
github.com/luxfi/dex/pkg/lx/margin_trading.go:452.9,454.4 1 0
github.com/luxfi/dex/pkg/lx/margin_trading.go:455.3,456.69 2 0
github.com/luxfi/dex/pkg/lx/margin_trading.go:458.2,464.47 3 0
github.com/luxfi/dex/pkg/lx/margin_trading.go:464.47,470.3 5 0
github.com/luxfi/dex/pkg/lx/margin_trading.go:470.8,472.3 1 0
github.com/luxfi/dex/pkg/lx/margin_trading.go:475.2,476.45 2 0
github.com/luxfi/dex/pkg/lx/margin_trading.go:476.45,479.3 2 0
github.com/luxfi/dex/pkg/lx/margin_trading.go:481.2,481.43 1 0
github.com/luxfi/dex/pkg/lx/margin_trading.go:481.43,486.3 4 0
github.com/luxfi/dex/pkg/lx/margin_trading.go:488.2,488.33 1 0
github.com/luxfi/dex/pkg/lx/margin_trading.go:492.45,496.43 3 0
github.com/luxfi/dex/pkg/lx/margin_trading.go:496.43,501.81 2 0
github.com/luxfi/dex/pkg/lx/margin_trading.go:501.81,503.4 1 0
github.com/luxfi/dex/pkg/lx/margin_trading.go:506.3,506.44 1 0
github.com/luxfi/dex/pkg/lx/margin_trading.go:506.44,507.51 1 0
github.com/luxfi/dex/pkg/lx/margin_trading.go:507.51,509.59 2 0
github.com/luxfi/dex/pkg/lx/margin_trading.go:509.59,511.6 1 0
github.com/luxfi/dex/pkg/lx/margin_trading.go:518.102,519.26 1 0
github.com/luxfi/dex/pkg/lx/margin_trading.go:519.26,521.3 1 0
github.com/luxfi/dex/pkg/lx/margin_trading.go:522.2,522.50 1 0
github.com/luxfi/dex/pkg/lx/margin_trading.go:526.96,544.51 5 0
github.com/luxfi/dex/pkg/lx/margin_trading.go:544.51,546.36 2 0
github.com/luxfi/dex/pkg/lx/margin_trading.go:546.36,549.4 2 0
github.com/luxfi/dex/pkg/lx/margin_trading.go:554.81,555.49 1 0
github.com/luxfi/dex/pkg/lx/margin_trading.go:555.49,557.3 1 0
github.com/luxfi/dex/pkg/lx/margin_trading.go:560.2,562.22 3 0
github.com/luxfi/dex/pkg/lx/margin_trading.go:566.104,569.31 2 0
github.com/luxfi/dex/pkg/lx/margin_trading.go:569.31,571.3 1 0
github.com/luxfi/dex/pkg/lx/margin_trading.go:574.2,578.13 3 0
github.com/luxfi/dex/pkg/lx/margin_trading.go:578.13,588.3 2 0
github.com/luxfi/dex/pkg/lx/margin_trading.go:591.2,597.36 3 0
github.com/luxfi/dex/pkg/lx/margin_trading.go:597.36,599.3 1 0
github.com/luxfi/dex/pkg/lx/margin_trading.go:600.2,602.12 2 0
github.com/luxfi/dex/pkg/lx/margin_trading.go:606.100,608.13 2 0
github.com/luxfi/dex/pkg/lx/margin_trading.go:608.13,610.3 1 0
github.com/luxfi/dex/pkg/lx/margin_trading.go:613.2,618.45 4 0
github.com/luxfi/dex/pkg/lx/margin_trading.go:618.45,620.3 1 0
github.com/luxfi/dex/pkg/lx/margin_trading.go:620.8,622.3 1 0
github.com/luxfi/dex/pkg/lx/margin_trading.go:625.2,633.12 4 0
github.com/luxfi/dex/pkg/lx/margin_trading.go:637.84,648.2 7 0
github.com/luxfi/dex/pkg/lx/margin_trading.go:651.94,652.61 1 0
github.com/luxfi/dex/pkg/lx/margin_trading.go:652.61,653.37 1 0
github.com/luxfi/dex/pkg/lx/margin_trading.go:653.37,655.4 1 0
github.com/luxfi/dex/pkg/lx/margin_trading.go:656.3,656.18 1 0
github.com/luxfi/dex/pkg/lx/margin_trading.go:658.2,658.13 1 0
github.com/luxfi/dex/pkg/lx/margin_trading.go:661.63,670.48 2 0
github.com/luxfi/dex/pkg/lx/margin_trading.go:670.48,672.3 1 0
github.com/luxfi/dex/pkg/lx/margin_trading.go:673.2,673.13 1 0
github.com/luxfi/dex/pkg/lx/margin_trading.go:676.59,685.40 2 0
github.com/luxfi/dex/pkg/lx/margin_trading.go:685.40,687.3 1 0
github.com/luxfi/dex/pkg/lx/margin_trading.go:688.2,688.13 1 0
github.com/luxfi/dex/pkg/lx/margin_trading.go:691.48,702.2 1 1
github.com/luxfi/dex/pkg/lx/margin_trading.go:704.54,715.2 1 1
github.com/luxfi/dex/pkg/lx/margin_trading.go:717.50,728.2 1 1
github.com/luxfi/dex/pkg/lx/margin_trading.go:730.34,732.2 1 0
github.com/luxfi/dex/pkg/lx/margin_trading.go:734.35,735.17 1 0
github.com/luxfi/dex/pkg/lx/margin_trading.go:735.17,737.3 1 0
github.com/luxfi/dex/pkg/lx/margin_trading.go:738.2,738.12 1 0
github.com/luxfi/dex/pkg/lx/oracle.go:107.81,108.33 1 0
github.com/luxfi/dex/pkg/lx/oracle.go:108.33,110.3 1 0
github.com/luxfi/dex/pkg/lx/oracle.go:113.2,115.27 3 0
github.com/luxfi/dex/pkg/lx/oracle.go:115.27,118.3 2 0
github.com/luxfi/dex/pkg/lx/oracle.go:121.2,125.35 3 0
github.com/luxfi/dex/pkg/lx/oracle.go:125.35,127.3 1 0
github.com/luxfi/dex/pkg/lx/oracle.go:130.2,142.24 3 0
github.com/luxfi/dex/pkg/lx/oracle.go:145.72,146.22 1 0
github.com/luxfi/dex/pkg/lx/oracle.go:146.22,148.3 1 0
github.com/luxfi/dex/pkg/lx/oracle.go:151.2,152.27 2 0
github.com/luxfi/dex/pkg/lx/oracle.go:152.27,153.44 1 0
github.com/luxfi/dex/pkg/lx/oracle.go:153.44,155.4 1 0
github.com/luxfi/dex/pkg/lx/oracle.go:159.2,160.27 2 0
github.com/luxfi/dex/pkg/lx/oracle.go:160.27,162.34 2 0
github.com/luxfi/dex/pkg/lx/oracle.go:162.34,164.4 1 0
github.com/luxfi/dex/pkg/lx/oracle.go:167.2,167.12 1 0
github.com/luxfi/dex/pkg/lx/oracle.go:170.95,173.27 2 0
github.com/luxfi/dex/pkg/lx/oracle.go:173.27,175.35 2 0
github.com/luxfi/dex/pkg/lx/oracle.go:175.35,177.4 1 0
github.com/luxfi/dex/pkg/lx/oracle.go:180.2,180.17 1 0
github.com/luxfi/dex/pkg/lx/oracle.go:183.79,184.22 1 0
github.com/luxfi/dex/pkg/lx/oracle.go:184.22,186.3 1 0
github.com/luxfi/dex/pkg/lx/oracle.go:189.2,200.34 8 0
github.com/luxfi/dex/pkg/lx/oracle.go:203.84,204.22 1 0
github.com/luxfi/dex/pkg/lx/oracle.go:204.22,206.3 1 0
github.com/luxfi/dex/pkg/lx/oracle.go:208.2,211.27 3 0
github.com/luxfi/dex/pkg/lx/oracle.go:211.27,212.22 1 0
github.com/luxfi/dex/pkg/lx/oracle.go:212.22,214.4 1 0
github.com/luxfi/dex/pkg/lx/oracle.go:215.3,215.35 1 0
github.com/luxfi/dex/pkg/lx/oracle.go:215.35,217.4 1 0
github.com/luxfi/dex/pkg/lx/oracle.go:220.2,220.32 1 0
github.com/luxfi/dex/pkg/lx/oracle.go:220.32,222.3 1 0
github.com/luxfi/dex/pkg/lx/oracle.go:224.2,224.25 1 0
github.com/luxfi/dex/pkg/lx/oracle.go:233.83,234.22 1 0
github.com/luxfi/dex/pkg/lx/oracle.go:234.22,236.3 1 0
github.com/luxfi/dex/pkg/lx/oracle.go:238.2,242.27 4 0
github.com/luxfi/dex/pkg/lx/oracle.go:242.27,244.18 2 0
github.com/luxfi/dex/pkg/lx/oracle.go:244.18,246.4 1 0
github.com/luxfi/dex/pkg/lx/oracle.go:249.3,249.41 1 0
github.com/luxfi/dex/pkg/lx/oracle.go:249.41,251.4 1 0
github.com/luxfi/dex/pkg/lx/oracle.go:253.3,255.26 3 0
github.com/luxfi/dex/pkg/lx/oracle.go:258.2,258.22 1 0
github.com/luxfi/dex/pkg/lx/oracle.go:258.22,260.3 1 0
github.com/luxfi/dex/pkg/lx/oracle.go:262.2,271.24 2 0
github.com/luxfi/dex/pkg/lx/oracle.go:274.74,277.2 1 0
github.com/luxfi/dex/pkg/lx/oracle.go:279.81,282.2 1 0
github.com/luxfi/dex/pkg/lx/oracle.go:297.62,298.29 1 0
github.com/luxfi/dex/pkg/lx/oracle.go:298.29,302.3 3 0
github.com/luxfi/dex/pkg/lx/oracle.go:305.2,305.70 1 0
github.com/luxfi/dex/pkg/lx/oracle.go:305.70,307.3 1 0
github.com/luxfi/dex/pkg/lx/oracle.go:309.2,309.17 1 0
github.com/luxfi/dex/pkg/lx/oracle.go:309.17,311.3 1 0
github.com/luxfi/dex/pkg/lx/oracle.go:314.2,316.42 2 0
github.com/luxfi/dex/pkg/lx/oracle.go:316.42,319.3 2 0
github.com/luxfi/dex/pkg/lx/oracle.go:321.2,323.13 3 0
github.com/luxfi/dex/pkg/lx/oracle.go:326.40,330.2 3 0
github.com/luxfi/dex/pkg/lx/oracle.go:332.41,334.2 1 0
github.com/luxfi/dex/pkg/lx/oracle.go:379.36,409.2 3 0
github.com/luxfi/dex/pkg/lx/oracle.go:412.52,424.2 0 0
github.com/luxfi/dex/pkg/lx/oracle.go:427.79,431.48 3 0
github.com/luxfi/dex/pkg/lx/oracle.go:431.48,433.3 1 0
github.com/luxfi/dex/pkg/lx/oracle.go:435.2,436.12 2 0
github.com/luxfi/dex/pkg/lx/oracle.go:440.38,442.16 2 0
github.com/luxfi/dex/pkg/lx/oracle.go:442.16,445.3 2 0
github.com/luxfi/dex/pkg/lx/oracle.go:446.2,458.12 6 0
github.com/luxfi/dex/pkg/lx/oracle.go:462.31,469.2 5 0
github.com/luxfi/dex/pkg/lx/oracle.go:472.56,476.55 3 0
github.com/luxfi/dex/pkg/lx/oracle.go:476.55,478.54 1 0
github.com/luxfi/dex/pkg/lx/oracle.go:478.54,480.60 1 0
github.com/luxfi/dex/pkg/lx/oracle.go:480.60,482.5 1 0
github.com/luxfi/dex/pkg/lx/oracle.go:484.3,484.21 1 0
github.com/luxfi/dex/pkg/lx/oracle.go:488.2,488.58 1 0
github.com/luxfi/dex/pkg/lx/oracle.go:488.58,490.3 1 0
github.com/luxfi/dex/pkg/lx/oracle.go:492.2,492.10 1 0
github.com/luxfi/dex/pkg/lx/oracle.go:496.72,500.55 3 0
github.com/luxfi/dex/pkg/lx/oracle.go:500.55,502.3 1 0
github.com/luxfi/dex/pkg/lx/oracle.go:504.2,504.56 1 0
github.com/luxfi/dex/pkg/lx/oracle.go:508.77,512.45 3 0
github.com/luxfi/dex/pkg/lx/oracle.go:512.45,513.28 1 0
github.com/luxfi/dex/pkg/lx/oracle.go:513.28,515.4 1 0
github.com/luxfi/dex/pkg/lx/oracle.go:519.2,519.41 1 0
github.com/luxfi/dex/pkg/lx/oracle.go:523.77,527.45 3 0
github.com/luxfi/dex/pkg/lx/oracle.go:527.45,528.28 1 0
github.com/luxfi/dex/pkg/lx/oracle.go:528.28,530.4 1 0
github.com/luxfi/dex/pkg/lx/oracle.go:534.2,534.41 1 0
github.com/luxfi/dex/pkg/lx/oracle.go:538.37,542.17 3 0
github.com/luxfi/dex/pkg/lx/oracle.go:542.17,543.10 1 0
github.com/luxfi/dex/pkg/lx/oracle.go:544.19,545.21 1 0
github.com/luxfi/dex/pkg/lx/oracle.go:551.39,554.33 2 0
github.com/luxfi/dex/pkg/lx/oracle.go:554.33,558.45 2 0
github.com/luxfi/dex/pkg/lx/oracle.go:558.45,559.27 1 0
github.com/luxfi/dex/pkg/lx/oracle.go:559.27,567.13 2 0
github.com/luxfi/dex/pkg/lx/oracle.go:570.4,571.18 2 0
github.com/luxfi/dex/pkg/lx/oracle.go:571.18,572.13 1 0
github.com/luxfi/dex/pkg/lx/oracle.go:576.4,576.56 1 0
github.com/luxfi/dex/pkg/lx/oracle.go:576.56,577.31 1 0
github.com/luxfi/dex/pkg/lx/oracle.go:577.31,586.14 2 0
github.com/luxfi/dex/pkg/lx/oracle.go:590.4,590.34 1 0
github.com/luxfi/dex/pkg/lx/oracle.go:594.3,594.38 1 0
github.com/luxfi/dex/pkg/lx/oracle.go:594.38,602.12 2 0
github.com/luxfi/dex/pkg/lx/oracle.go:606.3,607.17 2 0
github.com/luxfi/dex/pkg/lx/oracle.go:607.17,609.12 2 0
github.com/luxfi/dex/pkg/lx/oracle.go:613.3,616.28 2 0
github.com/luxfi/dex/pkg/lx/oracle.go:619.2,619.28 1 0
github.com/luxfi/dex/pkg/lx/oracle.go:623.76,631.36 5 0
github.com/luxfi/dex/pkg/lx/oracle.go:631.36,633.3 1 0
github.com/luxfi/dex/pkg/lx/oracle.go:634.2,638.47 3 0
github.com/luxfi/dex/pkg/lx/oracle.go:638.47,640.3 1 0
github.com/luxfi/dex/pkg/lx/oracle.go:643.2,643.21 1 0
github.com/luxfi/dex/pkg/lx/oracle.go:643.21,654.10 3 0
github.com/luxfi/dex/pkg/lx/oracle.go:655.34,655.34 0 0
github.com/luxfi/dex/pkg/lx/oracle.go:656.11,656.11 0 0
github.com/luxfi/dex/pkg/lx/oracle.go:663.41,667.17 3 0
github.com/luxfi/dex/pkg/lx/oracle.go:667.17,668.10 1 0
github.com/luxfi/dex/pkg/lx/oracle.go:669.19,670.26 1 0
github.com/luxfi/dex/pkg/lx/oracle.go:676.44,680.44 3 0
github.com/luxfi/dex/pkg/lx/oracle.go:680.44,684.15 3 0
github.com/luxfi/dex/pkg/lx/oracle.go:684.15,691.4 1 0
github.com/luxfi/dex/pkg/lx/oracle.go:696.44,700.17 3 0
github.com/luxfi/dex/pkg/lx/oracle.go:700.17,701.10 1 0
github.com/luxfi/dex/pkg/lx/oracle.go:702.19,703.23 1 0
github.com/luxfi/dex/pkg/lx/oracle.go:709.41,712.33 2 0
github.com/luxfi/dex/pkg/lx/oracle.go:712.33,736.3 8 0
github.com/luxfi/dex/pkg/lx/oracle.go:740.83,742.23 2 0
github.com/luxfi/dex/pkg/lx/oracle.go:742.23,744.3 1 0
github.com/luxfi/dex/pkg/lx/oracle.go:746.2,749.28 3 0
github.com/luxfi/dex/pkg/lx/oracle.go:749.28,750.32 1 0
github.com/luxfi/dex/pkg/lx/oracle.go:750.32,752.4 1 0
github.com/luxfi/dex/pkg/lx/oracle.go:755.2,755.30 1 0
github.com/luxfi/dex/pkg/lx/oracle.go:755.30,757.3 1 0
github.com/luxfi/dex/pkg/lx/oracle.go:759.2,759.38 1 0
github.com/luxfi/dex/pkg/lx/oracle.go:763.83,765.23 2 0
github.com/luxfi/dex/pkg/lx/oracle.go:765.23,767.3 1 0
github.com/luxfi/dex/pkg/lx/oracle.go:769.2,773.28 4 0
github.com/luxfi/dex/pkg/lx/oracle.go:773.28,774.32 1 0
github.com/luxfi/dex/pkg/lx/oracle.go:774.32,777.4 2 0
github.com/luxfi/dex/pkg/lx/oracle.go:780.2,780.22 1 0
github.com/luxfi/dex/pkg/lx/oracle.go:780.22,782.3 1 0
github.com/luxfi/dex/pkg/lx/oracle.go:784.2,784.33 1 0
github.com/luxfi/dex/pkg/lx/oracle.go:788.53,793.39 4 0
github.com/luxfi/dex/pkg/lx/oracle.go:793.39,795.3 1 0
github.com/luxfi/dex/pkg/lx/oracle.go:797.2,797.16 1 0
github.com/luxfi/dex/pkg/lx/oracle.go:801.53,804.9 2 0
github.com/luxfi/dex/pkg/lx/oracle.go:805.32,805.32 0 0
github.com/luxfi/dex/pkg/lx/oracle.go:806.10,806.10 0 0
github.com/luxfi/dex/pkg/lx/oracle.go:813.48,814.22 1 0
github.com/luxfi/dex/pkg/lx/oracle.go:814.22,816.3 1 0
github.com/luxfi/dex/pkg/lx/oracle.go:819.2,822.35 3 0
github.com/luxfi/dex/pkg/lx/oracle.go:822.35,823.40 1 0
github.com/luxfi/dex/pkg/lx/oracle.go:823.40,824.29 1 0
github.com/luxfi/dex/pkg/lx/oracle.go:824.29,826.5 1 0
github.com/luxfi/dex/pkg/lx/oracle.go:830.2,830.24 1 0
github.com/luxfi/dex/pkg/lx/oracle.go:830.24,832.3 1 0
github.com/luxfi/dex/pkg/lx/oracle.go:833.2,833.30 1 0
github.com/luxfi/dex/pkg/lx/oracle.go:836.46,837.22 1 0
github.com/luxfi/dex/pkg/lx/oracle.go:837.22,839.3 1 0
github.com/luxfi/dex/pkg/lx/oracle.go:841.2,842.27 2 0
github.com/luxfi/dex/pkg/lx/oracle.go:842.27,844.3 1 0
github.com/luxfi/dex/pkg/lx/oracle.go:845.2,845.35 1 0
github.com/luxfi/dex/pkg/lx/oracle.go:848.62,849.22 1 0
github.com/luxfi/dex/pkg/lx/oracle.go:849.22,851.3 1 0
github.com/luxfi/dex/pkg/lx/oracle.go:853.2,854.27 2 0
github.com/luxfi/dex/pkg/lx/oracle.go:854.27,857.3 2 0
github.com/luxfi/dex/pkg/lx/oracle.go:859.2,860.28 2 0
github.com/luxfi/dex/pkg/lx/oracle.go:863.54,865.30 2 0
github.com/luxfi/dex/pkg/lx/oracle.go:865.30,867.3 1 0
github.com/luxfi/dex/pkg/lx/oracle.go:868.2,868.15 1 0
github.com/luxfi/dex/pkg/lx/oracle.go:871.60,875.33 3 0
github.com/luxfi/dex/pkg/lx/oracle.go:875.33,882.3 1 0
github.com/luxfi/dex/pkg/lx/oracle.go:884.2,884.17 1 0
github.com/luxfi/dex/pkg/lx/oracle.go:887.40,892.2 1 0
github.com/luxfi/dex/pkg/lx/orderbook.go:45.27,47.4 1 0
github.com/luxfi/dex/pkg/lx/orderbook.go:50.27,52.4 1 0
github.com/luxfi/dex/pkg/lx/orderbook.go:56.13,59.2 1 1
github.com/luxfi/dex/pkg/lx/orderbook.go:61.34,63.45 1 1
github.com/luxfi/dex/pkg/lx/orderbook.go:63.45,65.3 1 0
github.com/luxfi/dex/pkg/lx/orderbook.go:68.2,68.59 1 1
github.com/luxfi/dex/pkg/lx/orderbook.go:68.59,69.82 1 1
github.com/luxfi/dex/pkg/lx/orderbook.go:69.82,71.4 1 1
github.com/luxfi/dex/pkg/lx/orderbook.go:75.2,75.37 1 0
github.com/luxfi/dex/pkg/lx/orderbook.go:75.37,77.3 1 0
github.com/luxfi/dex/pkg/lx/orderbook.go:80.2,80.18 1 0
github.com/luxfi/dex/pkg/lx/orderbook.go:205.45,241.2 10 1
github.com/luxfi/dex/pkg/lx/orderbook.go:244.41,252.17 2 1
github.com/luxfi/dex/pkg/lx/orderbook.go:252.17,255.3 2 1
github.com/luxfi/dex/pkg/lx/orderbook.go:255.8,258.3 2 1
github.com/luxfi/dex/pkg/lx/orderbook.go:259.2,261.13 2 1
github.com/luxfi/dex/pkg/lx/orderbook.go:265.52,267.19 1 1
github.com/luxfi/dex/pkg/lx/orderbook.go:267.19,270.3 2 1
github.com/luxfi/dex/pkg/lx/orderbook.go:273.2,273.24 1 1
github.com/luxfi/dex/pkg/lx/orderbook.go:273.24,275.3 1 1
github.com/luxfi/dex/pkg/lx/orderbook.go:278.2,278.30 1 1
github.com/luxfi/dex/pkg/lx/orderbook.go:278.30,280.3 1 1
github.com/luxfi/dex/pkg/lx/orderbook.go:283.2,283.48 1 1
github.com/luxfi/dex/pkg/lx/orderbook.go:283.48,286.3 2 1
github.com/luxfi/dex/pkg/lx/orderbook.go:289.2,292.26 2 1
github.com/luxfi/dex/pkg/lx/orderbook.go:292.26,294.3 1 1
github.com/luxfi/dex/pkg/lx/orderbook.go:297.2,302.26 4 1
github.com/luxfi/dex/pkg/lx/orderbook.go:302.26,304.3 1 1
github.com/luxfi/dex/pkg/lx/orderbook.go:305.2,305.54 1 1
github.com/luxfi/dex/pkg/lx/orderbook.go:305.54,308.3 2 1
github.com/luxfi/dex/pkg/lx/orderbook.go:311.2,311.58 1 1
github.com/luxfi/dex/pkg/lx/orderbook.go:311.58,312.35 1 0
github.com/luxfi/dex/pkg/lx/orderbook.go:312.35,315.4 2 0
github.com/luxfi/dex/pkg/lx/orderbook.go:319.2,326.79 3 1
github.com/luxfi/dex/pkg/lx/orderbook.go:326.79,329.65 2 1
github.com/luxfi/dex/pkg/lx/orderbook.go:329.65,332.4 2 0
github.com/luxfi/dex/pkg/lx/orderbook.go:334.3,334.72 1 1
github.com/luxfi/dex/pkg/lx/orderbook.go:334.72,337.4 1 1
github.com/luxfi/dex/pkg/lx/orderbook.go:341.2,341.77 1 1
github.com/luxfi/dex/pkg/lx/orderbook.go:341.77,342.31 1 1
github.com/luxfi/dex/pkg/lx/orderbook.go:342.31,344.4 1 1
github.com/luxfi/dex/pkg/lx/orderbook.go:347.3,348.24 2 1
github.com/luxfi/dex/pkg/lx/orderbook.go:348.24,350.4 1 1
github.com/luxfi/dex/pkg/lx/orderbook.go:350.9,352.4 1 1
github.com/luxfi/dex/pkg/lx/orderbook.go:355.3,361.39 4 1
github.com/luxfi/dex/pkg/lx/orderbook.go:361.39,363.4 1 1
github.com/luxfi/dex/pkg/lx/orderbook.go:364.3,367.33 2 1
github.com/luxfi/dex/pkg/lx/orderbook.go:367.33,369.4 1 1
github.com/luxfi/dex/pkg/lx/orderbook.go:372.3,382.5 1 1
github.com/luxfi/dex/pkg/lx/orderbook.go:387.2,387.17 1 1
github.com/luxfi/dex/pkg/lx/orderbook.go:391.47,394.2 2 1
github.com/luxfi/dex/pkg/lx/orderbook.go:397.75,403.13 4 1
github.com/luxfi/dex/pkg/lx/orderbook.go:403.13,419.23 5 1
github.com/luxfi/dex/pkg/lx/orderbook.go:419.23,421.57 2 1
github.com/luxfi/dex/pkg/lx/orderbook.go:421.57,423.5 1 1
github.com/luxfi/dex/pkg/lx/orderbook.go:424.9,426.57 2 1
github.com/luxfi/dex/pkg/lx/orderbook.go:426.57,428.5 1 1
github.com/luxfi/dex/pkg/lx/orderbook.go:433.2,438.33 4 1
github.com/luxfi/dex/pkg/lx/orderbook.go:438.33,441.3 2 1
github.com/luxfi/dex/pkg/lx/orderbook.go:441.8,445.3 3 1
github.com/luxfi/dex/pkg/lx/orderbook.go:446.2,449.29 3 1
github.com/luxfi/dex/pkg/lx/orderbook.go:449.29,451.3 1 1
github.com/luxfi/dex/pkg/lx/orderbook.go:452.2,462.37 7 1
github.com/luxfi/dex/pkg/lx/orderbook.go:466.91,468.2 1 1
github.com/luxfi/dex/pkg/lx/orderbook.go:471.50,477.13 5 1
github.com/luxfi/dex/pkg/lx/orderbook.go:477.13,479.3 1 0
github.com/luxfi/dex/pkg/lx/orderbook.go:481.2,484.28 2 1
github.com/luxfi/dex/pkg/lx/orderbook.go:484.28,486.13 2 1
github.com/luxfi/dex/pkg/lx/orderbook.go:486.13,487.24 1 1
github.com/luxfi/dex/pkg/lx/orderbook.go:487.24,489.5 1 1
github.com/luxfi/dex/pkg/lx/orderbook.go:489.10,491.5 1 1
github.com/luxfi/dex/pkg/lx/orderbook.go:493.4,493.24 1 1
github.com/luxfi/dex/pkg/lx/orderbook.go:493.24,495.5 1 1
github.com/luxfi/dex/pkg/lx/orderbook.go:495.10,497.5 1 1
github.com/luxfi/dex/pkg/lx/orderbook.go:499.4,499.43 1 1
github.com/luxfi/dex/pkg/lx/orderbook.go:504.2,504.33 1 1
github.com/luxfi/dex/pkg/lx/orderbook.go:504.33,505.23 1 1
github.com/luxfi/dex/pkg/lx/orderbook.go:505.23,507.9 2 1
github.com/luxfi/dex/pkg/lx/orderbook.go:511.2,512.29 2 1
github.com/luxfi/dex/pkg/lx/orderbook.go:512.29,514.3 1 1
github.com/luxfi/dex/pkg/lx/orderbook.go:515.2,519.27 3 1
github.com/luxfi/dex/pkg/lx/orderbook.go:519.27,524.67 3 1
github.com/luxfi/dex/pkg/lx/orderbook.go:524.67,525.47 1 1
github.com/luxfi/dex/pkg/lx/orderbook.go:525.47,527.5 1 1
github.com/luxfi/dex/pkg/lx/orderbook.go:527.10,529.5 1 1
github.com/luxfi/dex/pkg/lx/orderbook.go:530.9,530.75 1 1
github.com/luxfi/dex/pkg/lx/orderbook.go:530.75,531.47 1 1
github.com/luxfi/dex/pkg/lx/orderbook.go:531.47,533.5 1 1
github.com/luxfi/dex/pkg/lx/orderbook.go:533.10,535.5 1 1
github.com/luxfi/dex/pkg/lx/orderbook.go:539.2,545.31 4 1
github.com/luxfi/dex/pkg/lx/orderbook.go:549.46,552.23 2 1
github.com/luxfi/dex/pkg/lx/orderbook.go:552.23,555.3 1 1
github.com/luxfi/dex/pkg/lx/orderbook.go:557.2,561.70 4 1
github.com/luxfi/dex/pkg/lx/orderbook.go:561.70,564.3 1 1
github.com/luxfi/dex/pkg/lx/orderbook.go:567.2,570.33 3 1
github.com/luxfi/dex/pkg/lx/orderbook.go:570.33,572.3 1 1
github.com/luxfi/dex/pkg/lx/orderbook.go:575.2,575.27 1 0
github.com/luxfi/dex/pkg/lx/orderbook.go:575.27,577.3 1 0
github.com/luxfi/dex/pkg/lx/orderbook.go:579.2,579.12 1 0
github.com/luxfi/dex/pkg/lx/orderbook.go:583.53,584.31 1 1
github.com/luxfi/dex/pkg/lx/orderbook.go:584.31,589.14 4 1
github.com/luxfi/dex/pkg/lx/orderbook.go:589.14,591.12 2 1
github.com/luxfi/dex/pkg/lx/orderbook.go:594.3,595.28 2 1
github.com/luxfi/dex/pkg/lx/orderbook.go:595.28,598.63 3 1
github.com/luxfi/dex/pkg/lx/orderbook.go:598.63,600.5 1 1
github.com/luxfi/dex/pkg/lx/orderbook.go:601.9,603.4 1 0
github.com/luxfi/dex/pkg/lx/orderbook.go:605.3,605.27 1 1
github.com/luxfi/dex/pkg/lx/orderbook.go:607.2,607.12 1 1
github.com/luxfi/dex/pkg/lx/orderbook.go:611.67,614.48 2 1
github.com/luxfi/dex/pkg/lx/orderbook.go:614.48,616.3 1 0
github.com/luxfi/dex/pkg/lx/orderbook.go:618.2,619.23 2 1
github.com/luxfi/dex/pkg/lx/orderbook.go:619.23,621.3 1 1
github.com/luxfi/dex/pkg/lx/orderbook.go:621.8,623.3 1 1
github.com/luxfi/dex/pkg/lx/orderbook.go:625.2,625.30 1 1
github.com/luxfi/dex/pkg/lx/orderbook.go:625.30,627.23 2 1
github.com/luxfi/dex/pkg/lx/orderbook.go:627.23,628.9 1 1
github.com/luxfi/dex/pkg/lx/orderbook.go:632.3,632.26 1 1
github.com/luxfi/dex/pkg/lx/orderbook.go:632.26,633.58 1 1
github.com/luxfi/dex/pkg/lx/orderbook.go:633.58,634.10 1 1
github.com/luxfi/dex/pkg/lx/orderbook.go:636.4,636.59 1 1
github.com/luxfi/dex/pkg/lx/orderbook.go:636.59,637.10 1 1
github.com/luxfi/dex/pkg/lx/orderbook.go:642.3,642.55 1 1
github.com/luxfi/dex/pkg/lx/orderbook.go:642.55,646.12 4 0
github.com/luxfi/dex/pkg/lx/orderbook.go:650.3,652.34 3 1
github.com/luxfi/dex/pkg/lx/orderbook.go:652.34,654.4 1 1
github.com/luxfi/dex/pkg/lx/orderbook.go:655.3,670.34 6 1
github.com/luxfi/dex/pkg/lx/orderbook.go:670.34,672.4 1 1
github.com/luxfi/dex/pkg/lx/orderbook.go:673.3,676.31 2 1
github.com/luxfi/dex/pkg/lx/orderbook.go:676.31,678.4 1 1
github.com/luxfi/dex/pkg/lx/orderbook.go:678.9,680.4 1 1
github.com/luxfi/dex/pkg/lx/orderbook.go:682.3,682.113 1 1
github.com/luxfi/dex/pkg/lx/orderbook.go:682.113,687.4 4 1
github.com/luxfi/dex/pkg/lx/orderbook.go:687.9,689.4 1 1
github.com/luxfi/dex/pkg/lx/orderbook.go:692.3,693.29 2 1
github.com/luxfi/dex/pkg/lx/orderbook.go:693.29,695.4 1 1
github.com/luxfi/dex/pkg/lx/orderbook.go:698.3,698.30 1 1
github.com/luxfi/dex/pkg/lx/orderbook.go:698.30,700.4 1 0
github.com/luxfi/dex/pkg/lx/orderbook.go:702.3,702.14 1 1
github.com/luxfi/dex/pkg/lx/orderbook.go:705.2,705.18 1 1
github.com/luxfi/dex/pkg/lx/orderbook.go:709.71,717.30 5 1
github.com/luxfi/dex/pkg/lx/orderbook.go:717.30,719.3 1 0
github.com/luxfi/dex/pkg/lx/orderbook.go:720.2,720.17 1 1
github.com/luxfi/dex/pkg/lx/orderbook.go:724.68,726.2 1 0
github.com/luxfi/dex/pkg/lx/orderbook.go:729.44,738.6 5 1
github.com/luxfi/dex/pkg/lx/orderbook.go:738.6,743.39 3 1
github.com/luxfi/dex/pkg/lx/orderbook.go:743.39,744.9 1 1
github.com/luxfi/dex/pkg/lx/orderbook.go:748.3,748.36 1 1
github.com/luxfi/dex/pkg/lx/orderbook.go:748.36,749.9 1 0
github.com/luxfi/dex/pkg/lx/orderbook.go:753.3,753.57 1 1
github.com/luxfi/dex/pkg/lx/orderbook.go:753.57,755.35 1 0
github.com/luxfi/dex/pkg/lx/orderbook.go:755.35,757.13 2 0
github.com/luxfi/dex/pkg/lx/orderbook.go:758.10,760.13 2 0
github.com/luxfi/dex/pkg/lx/orderbook.go:765.3,772.50 6 1
github.com/luxfi/dex/pkg/lx/orderbook.go:772.50,775.4 2 1
github.com/luxfi/dex/pkg/lx/orderbook.go:775.9,778.4 2 1
github.com/luxfi/dex/pkg/lx/orderbook.go:789.3,805.37 5 1
github.com/luxfi/dex/pkg/lx/orderbook.go:805.37,809.4 3 1
github.com/luxfi/dex/pkg/lx/orderbook.go:809.9,811.4 1 1
github.com/luxfi/dex/pkg/lx/orderbook.go:813.3,813.37 1 1
github.com/luxfi/dex/pkg/lx/orderbook.go:813.37,816.33 3 1
github.com/luxfi/dex/pkg/lx/orderbook.go:816.33,818.5 1 1
github.com/luxfi/dex/pkg/lx/orderbook.go:819.9,821.4 1 0
github.com/luxfi/dex/pkg/lx/orderbook.go:823.3,827.30 3 1
github.com/luxfi/dex/pkg/lx/orderbook.go:827.30,829.4 1 0
github.com/luxfi/dex/pkg/lx/orderbook.go:833.2,833.41 1 1
github.com/luxfi/dex/pkg/lx/orderbook.go:833.41,835.3 1 1
github.com/luxfi/dex/pkg/lx/orderbook.go:836.2,836.15 1 0
github.com/luxfi/dex/pkg/lx/orderbook.go:840.56,841.18 1 1
github.com/luxfi/dex/pkg/lx/orderbook.go:841.18,843.3 1 1
github.com/luxfi/dex/pkg/lx/orderbook.go:844.2,844.46 1 1
github.com/luxfi/dex/pkg/lx/orderbook.go:844.46,846.3 1 1
github.com/luxfi/dex/pkg/lx/orderbook.go:847.2,847.21 1 1
github.com/luxfi/dex/pkg/lx/orderbook.go:847.21,849.3 1 1
github.com/luxfi/dex/pkg/lx/orderbook.go:850.2,850.12 1 1
github.com/luxfi/dex/pkg/lx/orderbook.go:853.56,855.23 2 1
github.com/luxfi/dex/pkg/lx/orderbook.go:855.23,857.3 1 1
github.com/luxfi/dex/pkg/lx/orderbook.go:857.8,859.3 1 1
github.com/luxfi/dex/pkg/lx/orderbook.go:861.2,862.22 2 1
github.com/luxfi/dex/pkg/lx/orderbook.go:862.22,864.3 1 1
github.com/luxfi/dex/pkg/lx/orderbook.go:867.2,868.21 2 1
github.com/luxfi/dex/pkg/lx/orderbook.go:868.21,870.3 1 1
github.com/luxfi/dex/pkg/lx/orderbook.go:872.2,873.20 2 1
github.com/luxfi/dex/pkg/lx/orderbook.go:873.20,875.3 1 1
github.com/luxfi/dex/pkg/lx/orderbook.go:877.2,877.46 1 1
github.com/luxfi/dex/pkg/lx/orderbook.go:877.46,878.58 1 1
github.com/luxfi/dex/pkg/lx/orderbook.go:878.58,880.4 1 1
github.com/luxfi/dex/pkg/lx/orderbook.go:881.3,881.59 1 1
github.com/luxfi/dex/pkg/lx/orderbook.go:881.59,883.4 1 1
github.com/luxfi/dex/pkg/lx/orderbook.go:886.2,886.14 1 1
github.com/luxfi/dex/pkg/lx/orderbook.go:889.60,891.23 2 1
github.com/luxfi/dex/pkg/lx/orderbook.go:891.23,893.3 1 0
github.com/luxfi/dex/pkg/lx/orderbook.go:893.8,895.3 1 1
github.com/luxfi/dex/pkg/lx/orderbook.go:897.2,898.22 2 1
github.com/luxfi/dex/pkg/lx/orderbook.go:898.22,900.3 1 0
github.com/luxfi/dex/pkg/lx/orderbook.go:902.2,902.57 1 1
github.com/luxfi/dex/pkg/lx/orderbook.go:902.57,904.3 1 0
github.com/luxfi/dex/pkg/lx/orderbook.go:905.2,905.58 1 1
github.com/luxfi/dex/pkg/lx/orderbook.go:905.58,907.3 1 1
github.com/luxfi/dex/pkg/lx/orderbook.go:909.2,909.14 1 1
github.com/luxfi/dex/pkg/lx/orderbook.go:912.56,914.23 2 1
github.com/luxfi/dex/pkg/lx/orderbook.go:914.23,916.3 1 1
github.com/luxfi/dex/pkg/lx/orderbook.go:916.8,918.3 1 1
github.com/luxfi/dex/pkg/lx/orderbook.go:922.56,927.13 4 1
github.com/luxfi/dex/pkg/lx/orderbook.go:927.13,929.3 1 1
github.com/luxfi/dex/pkg/lx/orderbook.go:931.2,931.61 1 1
github.com/luxfi/dex/pkg/lx/orderbook.go:931.61,933.3 1 1
github.com/luxfi/dex/pkg/lx/orderbook.go:935.2,936.12 2 1
github.com/luxfi/dex/pkg/lx/orderbook.go:940.83,945.13 4 1
github.com/luxfi/dex/pkg/lx/orderbook.go:945.13,947.3 1 1
github.com/luxfi/dex/pkg/lx/orderbook.go:949.2,949.61 1 1
github.com/luxfi/dex/pkg/lx/orderbook.go:949.61,951.3 1 0
github.com/luxfi/dex/pkg/lx/orderbook.go:954.2,954.23 1 1
github.com/luxfi/dex/pkg/lx/orderbook.go:954.23,956.3 1 1
github.com/luxfi/dex/pkg/lx/orderbook.go:956.8,958.3 1 0
github.com/luxfi/dex/pkg/lx/orderbook.go:961.2,966.23 4 1
github.com/luxfi/dex/pkg/lx/orderbook.go:966.23,968.3 1 1
github.com/luxfi/dex/pkg/lx/orderbook.go:968.8,970.3 1 0
github.com/luxfi/dex/pkg/lx/orderbook.go:972.2,972.12 1 1
github.com/luxfi/dex/pkg/lx/orderbook.go:976.54,980.49 3 1
github.com/luxfi/dex/pkg/lx/orderbook.go:980.49,982.3 1 1
github.com/luxfi/dex/pkg/lx/orderbook.go:985.2,985.55 1 1
github.com/luxfi/dex/pkg/lx/orderbook.go:985.55,986.36 1 0
github.com/luxfi/dex/pkg/lx/orderbook.go:986.36,988.4 1 0
github.com/luxfi/dex/pkg/lx/orderbook.go:991.2,991.12 1 1
github.com/luxfi/dex/pkg/lx/orderbook.go:995.42,1000.34 4 1
github.com/luxfi/dex/pkg/lx/orderbook.go:1000.34,1002.3 1 1
github.com/luxfi/dex/pkg/lx/orderbook.go:1003.2,1003.15 1 1
github.com/luxfi/dex/pkg/lx/orderbook.go:1007.55,1016.34 6 1
github.com/luxfi/dex/pkg/lx/orderbook.go:1016.34,1021.3 1 1
github.com/luxfi/dex/pkg/lx/orderbook.go:1023.2,1024.34 2 1
github.com/luxfi/dex/pkg/lx/orderbook.go:1024.34,1029.3 1 1
github.com/luxfi/dex/pkg/lx/orderbook.go:1031.2,1037.3 1 1
github.com/luxfi/dex/pkg/lx/orderbook.go:1041.59,1052.2 3 1
github.com/luxfi/dex/pkg/lx/orderbook.go:1054.58,1060.16 4 1
github.com/luxfi/dex/pkg/lx/orderbook.go:1060.16,1062.3 1 0
github.com/luxfi/dex/pkg/lx/orderbook.go:1064.2,1068.41 3 1
github.com/luxfi/dex/pkg/lx/orderbook.go:1068.41,1069.27 1 1
github.com/luxfi/dex/pkg/lx/orderbook.go:1069.27,1071.4 1 1
github.com/luxfi/dex/pkg/lx/orderbook.go:1075.2,1075.22 1 1
github.com/luxfi/dex/pkg/lx/orderbook.go:1075.22,1077.3 1 1
github.com/luxfi/dex/pkg/lx/orderbook.go:1077.8,1079.3 1 1
github.com/luxfi/dex/pkg/lx/orderbook.go:1082.2,1082.31 1 1
github.com/luxfi/dex/pkg/lx/orderbook.go:1082.31,1083.30 1 1
github.com/luxfi/dex/pkg/lx/orderbook.go:1083.30,1084.9 1 1
github.com/luxfi/dex/pkg/lx/orderbook.go:1086.3,1087.58 2 1
github.com/luxfi/dex/pkg/lx/orderbook.go:1087.58,1093.4 1 1
github.com/luxfi/dex/pkg/lx/orderbook.go:1096.2,1096.15 1 1
github.com/luxfi/dex/pkg/lx/orderbook.go:1100.63,1115.2 6 1
github.com/luxfi/dex/pkg/lx/orderbook.go:1117.54,1125.41 5 1
github.com/luxfi/dex/pkg/lx/orderbook.go:1125.41,1126.27 1 1
github.com/luxfi/dex/pkg/lx/orderbook.go:1126.27,1128.4 1 1
github.com/luxfi/dex/pkg/lx/orderbook.go:1131.2,1131.22 1 1
github.com/luxfi/dex/pkg/lx/orderbook.go:1131.22,1133.3 1 1
github.com/luxfi/dex/pkg/lx/orderbook.go:1133.8,1135.3 1 1
github.com/luxfi/dex/pkg/lx/orderbook.go:1138.2,1138.31 1 1
github.com/luxfi/dex/pkg/lx/orderbook.go:1138.31,1140.58 2 1
github.com/luxfi/dex/pkg/lx/orderbook.go:1140.58,1142.39 2 1
github.com/luxfi/dex/pkg/lx/orderbook.go:1142.39,1143.64 1 1
github.com/luxfi/dex/pkg/lx/orderbook.go:1143.64,1145.33 2 1
github.com/luxfi/dex/pkg/lx/orderbook.go:1145.33,1147.7 1 1
github.com/luxfi/dex/pkg/lx/orderbook.go:1148.6,1154.8 1 1
github.com/luxfi/dex/pkg/lx/orderbook.go:1157.4,1157.22 1 1
github.com/luxfi/dex/pkg/lx/orderbook.go:1161.2,1161.15 1 1
github.com/luxfi/dex/pkg/lx/orderbook.go:1165.43,1167.2 1 1
github.com/luxfi/dex/pkg/lx/orderbook.go:1170.43,1172.2 1 1
github.com/luxfi/dex/pkg/lx/orderbook.go:1175.43,1177.17 2 1
github.com/luxfi/dex/pkg/lx/orderbook.go:1177.17,1179.3 1 0
github.com/luxfi/dex/pkg/lx/orderbook.go:1180.2,1181.23 2 1
github.com/luxfi/dex/pkg/lx/orderbook.go:1181.23,1183.3 1 1
github.com/luxfi/dex/pkg/lx/orderbook.go:1184.2,1184.48 1 1
github.com/luxfi/dex/pkg/lx/orderbook.go:1188.43,1190.17 2 1
github.com/luxfi/dex/pkg/lx/orderbook.go:1190.17,1192.3 1 0
github.com/luxfi/dex/pkg/lx/orderbook.go:1193.2,1194.23 2 1
github.com/luxfi/dex/pkg/lx/orderbook.go:1194.23,1196.3 1 1
github.com/luxfi/dex/pkg/lx/orderbook.go:1197.2,1197.48 1 1
github.com/luxfi/dex/pkg/lx/orderbook.go:1201.56,1206.2 1 1
github.com/luxfi/dex/pkg/lx/orderbook.go:1208.42,1209.20 1 1
github.com/luxfi/dex/pkg/lx/orderbook.go:1209.20,1216.3 2 1
github.com/luxfi/dex/pkg/lx/orderbook.go:1219.2,1219.32 1 1
github.com/luxfi/dex/pkg/lx/orderbook.go:1222.42,1224.64 1 1
github.com/luxfi/dex/pkg/lx/orderbook.go:1224.64,1226.3 1 1
github.com/luxfi/dex/pkg/lx/orderbook.go:1229.36,1230.38 1 1
github.com/luxfi/dex/pkg/lx/orderbook.go:1230.38,1232.3 1 1
github.com/luxfi/dex/pkg/lx/orderbook.go:1234.2,1234.24 1 1
github.com/luxfi/dex/pkg/lx/orderbook.go:1237.36,1238.38 1 1
github.com/luxfi/dex/pkg/lx/orderbook.go:1238.38,1240.3 1 1
github.com/luxfi/dex/pkg/lx/orderbook.go:1242.2,1242.34 1 1
github.com/luxfi/dex/pkg/lx/orderbook.go:1245.69,1247.17 1 1
github.com/luxfi/dex/pkg/lx/orderbook.go:1247.17,1251.68 3 1
github.com/luxfi/dex/pkg/lx/orderbook.go:1251.68,1253.4 1 1
github.com/luxfi/dex/pkg/lx/orderbook.go:1258.50,1265.40 5 1
github.com/luxfi/dex/pkg/lx/orderbook.go:1265.40,1267.3 1 1
github.com/luxfi/dex/pkg/lx/orderbook.go:1267.8,1269.3 1 0
github.com/luxfi/dex/pkg/lx/orderbook.go:1272.62,1276.27 3 0
github.com/luxfi/dex/pkg/lx/orderbook.go:1276.27,1278.3 1 0
github.com/luxfi/dex/pkg/lx/orderbook.go:1280.2,1283.29 3 0
github.com/luxfi/dex/pkg/lx/orderbook.go:1283.29,1286.3 2 0
github.com/luxfi/dex/pkg/lx/orderbook.go:1288.2,1288.15 1 0
github.com/luxfi/dex/pkg/lx/orderbook.go:1299.43,1299.60 1 1
github.com/luxfi/dex/pkg/lx/orderbook.go:1300.43,1300.65 1 1
github.com/luxfi/dex/pkg/lx/orderbook.go:1301.43,1301.70 1 1
github.com/luxfi/dex/pkg/lx/orderbook.go:1302.38,1303.16 1 1
github.com/luxfi/dex/pkg/lx/orderbook.go:1303.16,1305.3 1 1
github.com/luxfi/dex/pkg/lx/orderbook.go:1306.2,1306.10 1 0
github.com/luxfi/dex/pkg/lx/orderbook.go:1309.44,1311.2 1 1
github.com/luxfi/dex/pkg/lx/orderbook.go:1313.42,1319.2 5 1
github.com/luxfi/dex/pkg/lx/orderbook.go:1323.43,1323.60 1 1
github.com/luxfi/dex/pkg/lx/orderbook.go:1324.43,1324.65 1 1
github.com/luxfi/dex/pkg/lx/orderbook.go:1325.43,1325.70 1 1
github.com/luxfi/dex/pkg/lx/orderbook.go:1326.38,1327.16 1 1
github.com/luxfi/dex/pkg/lx/orderbook.go:1327.16,1329.3 1 1
github.com/luxfi/dex/pkg/lx/orderbook.go:1330.2,1330.10 1 0
github.com/luxfi/dex/pkg/lx/orderbook.go:1333.44,1335.2 1 1
github.com/luxfi/dex/pkg/lx/orderbook.go:1337.42,1343.2 5 1
github.com/luxfi/dex/pkg/lx/orderbook.go:1346.58,1350.2 3 0
github.com/luxfi/dex/pkg/lx/orderbook.go:1353.60,1356.37 3 0
github.com/luxfi/dex/pkg/lx/orderbook.go:1356.37,1357.16 1 0
github.com/luxfi/dex/pkg/lx/orderbook.go:1357.16,1359.9 2 0
github.com/luxfi/dex/pkg/lx/orderbook.go:1365.61,1368.36 3 1
github.com/luxfi/dex/pkg/lx/orderbook.go:1368.36,1369.10 1 0
github.com/luxfi/dex/pkg/lx/orderbook.go:1370.21,1370.21 0 0
github.com/luxfi/dex/pkg/lx/orderbook.go:1371.11,1371.11 0 0
github.com/luxfi/dex/pkg/lx/orderbook.go:1378.30,1394.2 14 1
github.com/luxfi/dex/pkg/lx/orderbook_advanced.go:111.30,111.47 1 1
github.com/luxfi/dex/pkg/lx/orderbook_advanced.go:112.40,115.22 1 0
github.com/luxfi/dex/pkg/lx/orderbook_advanced.go:115.22,116.31 1 0
github.com/luxfi/dex/pkg/lx/orderbook_advanced.go:116.31,118.4 1 0
github.com/luxfi/dex/pkg/lx/orderbook_advanced.go:119.8,120.31 1 0
github.com/luxfi/dex/pkg/lx/orderbook_advanced.go:120.31,122.4 1 0
github.com/luxfi/dex/pkg/lx/orderbook_advanced.go:125.2,125.48 1 0
github.com/luxfi/dex/pkg/lx/orderbook_advanced.go:127.35,127.62 1 0
github.com/luxfi/dex/pkg/lx/orderbook_advanced.go:128.41,130.2 1 1
github.com/luxfi/dex/pkg/lx/orderbook_advanced.go:131.39,137.2 5 1
github.com/luxfi/dex/pkg/lx/orderbook_advanced.go:140.61,162.2 5 1
github.com/luxfi/dex/pkg/lx/orderbook_advanced.go:165.80,170.50 3 1
github.com/luxfi/dex/pkg/lx/orderbook_advanced.go:170.50,173.3 2 0
github.com/luxfi/dex/pkg/lx/orderbook_advanced.go:176.2,183.20 6 1
github.com/luxfi/dex/pkg/lx/orderbook_advanced.go:184.14,185.40 1 1
github.com/luxfi/dex/pkg/lx/orderbook_advanced.go:186.13,187.39 1 1
github.com/luxfi/dex/pkg/lx/orderbook_advanced.go:188.23,189.33 1 1
github.com/luxfi/dex/pkg/lx/orderbook_advanced.go:190.15,191.41 1 1
github.com/luxfi/dex/pkg/lx/orderbook_advanced.go:192.11,193.40 1 0
github.com/luxfi/dex/pkg/lx/orderbook_advanced.go:194.15,195.41 1 0
github.com/luxfi/dex/pkg/lx/orderbook_advanced.go:196.10,197.67 1 0
github.com/luxfi/dex/pkg/lx/orderbook_advanced.go:202.90,206.23 3 1
github.com/luxfi/dex/pkg/lx/orderbook_advanced.go:206.23,208.3 1 0
github.com/luxfi/dex/pkg/lx/orderbook_advanced.go:208.8,210.3 1 1
github.com/luxfi/dex/pkg/lx/orderbook_advanced.go:213.2,213.56 1 1
github.com/luxfi/dex/pkg/lx/orderbook_advanced.go:213.56,217.23 2 1
github.com/luxfi/dex/pkg/lx/orderbook_advanced.go:217.23,219.12 2 0
github.com/luxfi/dex/pkg/lx/orderbook_advanced.go:223.3,227.35 3 1
github.com/luxfi/dex/pkg/lx/orderbook_advanced.go:227.35,231.4 3 0
github.com/luxfi/dex/pkg/lx/orderbook_advanced.go:233.3,233.31 1 1
github.com/luxfi/dex/pkg/lx/orderbook_advanced.go:233.31,235.9 2 1
github.com/luxfi/dex/pkg/lx/orderbook_advanced.go:240.2,240.29 1 1
github.com/luxfi/dex/pkg/lx/orderbook_advanced.go:240.29,242.3 1 0
github.com/luxfi/dex/pkg/lx/orderbook_advanced.go:244.2,245.20 2 1
github.com/luxfi/dex/pkg/lx/orderbook_advanced.go:249.89,254.74 3 1
github.com/luxfi/dex/pkg/lx/orderbook_advanced.go:254.74,256.3 1 0
github.com/luxfi/dex/pkg/lx/orderbook_advanced.go:256.8,256.82 1 1
github.com/luxfi/dex/pkg/lx/orderbook_advanced.go:256.82,258.3 1 0
github.com/luxfi/dex/pkg/lx/orderbook_advanced.go:261.2,261.32 1 1
github.com/luxfi/dex/pkg/lx/orderbook_advanced.go:261.32,264.3 2 0
github.com/luxfi/dex/pkg/lx/orderbook_advanced.go:267.2,267.14 1 1
github.com/luxfi/dex/pkg/lx/orderbook_advanced.go:267.14,269.3 1 0
github.com/luxfi/dex/pkg/lx/orderbook_advanced.go:272.2,272.29 1 1
github.com/luxfi/dex/pkg/lx/orderbook_advanced.go:272.29,273.35 1 1
github.com/luxfi/dex/pkg/lx/orderbook_advanced.go:273.35,275.4 1 0
github.com/luxfi/dex/pkg/lx/orderbook_advanced.go:275.9,275.78 1 1
github.com/luxfi/dex/pkg/lx/orderbook_advanced.go:275.78,281.4 4 0
github.com/luxfi/dex/pkg/lx/orderbook_advanced.go:281.9,283.4 1 1
github.com/luxfi/dex/pkg/lx/orderbook_advanced.go:286.2,289.20 3 1
github.com/luxfi/dex/pkg/lx/orderbook_advanced.go:293.83,299.35 4 1
github.com/luxfi/dex/pkg/lx/orderbook_advanced.go:299.35,301.3 1 0
github.com/luxfi/dex/pkg/lx/orderbook_advanced.go:303.2,303.17 1 1
github.com/luxfi/dex/pkg/lx/orderbook_advanced.go:307.91,322.2 5 1
github.com/luxfi/dex/pkg/lx/orderbook_advanced.go:325.90,332.29 4 0
github.com/luxfi/dex/pkg/lx/orderbook_advanced.go:332.29,334.3 1 0
github.com/luxfi/dex/pkg/lx/orderbook_advanced.go:336.2,336.20 1 0
github.com/luxfi/dex/pkg/lx/orderbook_advanced.go:340.90,342.23 1 0
github.com/luxfi/dex/pkg/lx/orderbook_advanced.go:342.23,344.3 1 0
github.com/luxfi/dex/pkg/lx/orderbook_advanced.go:344.8,346.3 1 0
github.com/luxfi/dex/pkg/lx/orderbook_advanced.go:348.2,348.38 1 0
github.com/luxfi/dex/pkg/lx/orderbook_advanced.go:352.91,354.24 1 0
github.com/luxfi/dex/pkg/lx/orderbook_advanced.go:354.24,356.3 1 0
github.com/luxfi/dex/pkg/lx/orderbook_advanced.go:356.8,358.3 1 0
github.com/luxfi/dex/pkg/lx/orderbook_advanced.go:360.2,361.32 2 0
github.com/luxfi/dex/pkg/lx/orderbook_advanced.go:365.73,369.23 3 0
github.com/luxfi/dex/pkg/lx/orderbook_advanced.go:369.23,371.3 1 0
github.com/luxfi/dex/pkg/lx/orderbook_advanced.go:371.8,373.3 1 0
github.com/luxfi/dex/pkg/lx/orderbook_advanced.go:375.2,375.56 1 0
github.com/luxfi/dex/pkg/lx/orderbook_advanced.go:375.56,379.26 2 0
github.com/luxfi/dex/pkg/lx/orderbook_advanced.go:379.26,380.58 1 0
github.com/luxfi/dex/pkg/lx/orderbook_advanced.go:380.58,381.10 1 0
github.com/luxfi/dex/pkg/lx/orderbook_advanced.go:383.4,383.59 1 0
github.com/luxfi/dex/pkg/lx/orderbook_advanced.go:383.59,384.10 1 0
github.com/luxfi/dex/pkg/lx/orderbook_advanced.go:389.3,389.63 1 0
github.com/luxfi/dex/pkg/lx/orderbook_advanced.go:389.63,391.12 2 0
github.com/luxfi/dex/pkg/lx/orderbook_advanced.go:395.3,399.35 3 0
github.com/luxfi/dex/pkg/lx/orderbook_advanced.go:399.35,405.67 4 0
github.com/luxfi/dex/pkg/lx/orderbook_advanced.go:405.67,407.5 1 0
github.com/luxfi/dex/pkg/lx/orderbook_advanced.go:411.2,411.15 1 0
github.com/luxfi/dex/pkg/lx/orderbook_advanced.go:415.80,434.30 13 1
github.com/luxfi/dex/pkg/lx/orderbook_advanced.go:434.30,436.3 1 1
github.com/luxfi/dex/pkg/lx/orderbook_advanced.go:436.8,438.3 1 0
github.com/luxfi/dex/pkg/lx/orderbook_advanced.go:440.2,440.30 1 1
github.com/luxfi/dex/pkg/lx/orderbook_advanced.go:440.30,442.3 1 0
github.com/luxfi/dex/pkg/lx/orderbook_advanced.go:442.8,444.3 1 1
github.com/luxfi/dex/pkg/lx/orderbook_advanced.go:447.2,456.24 2 1
github.com/luxfi/dex/pkg/lx/orderbook_advanced.go:456.24,459.3 2 1
github.com/luxfi/dex/pkg/lx/orderbook_advanced.go:462.2,474.14 8 1
github.com/luxfi/dex/pkg/lx/orderbook_advanced.go:478.64,481.23 2 1
github.com/luxfi/dex/pkg/lx/orderbook_advanced.go:481.23,484.19 3 1
github.com/luxfi/dex/pkg/lx/orderbook_advanced.go:484.19,491.4 2 1
github.com/luxfi/dex/pkg/lx/orderbook_advanced.go:492.3,502.50 3 1
github.com/luxfi/dex/pkg/lx/orderbook_advanced.go:503.8,506.19 3 0
github.com/luxfi/dex/pkg/lx/orderbook_advanced.go:506.19,513.4 2 0
github.com/luxfi/dex/pkg/lx/orderbook_advanced.go:514.3,524.50 3 0
github.com/luxfi/dex/pkg/lx/orderbook_advanced.go:527.2,527.26 1 1
github.com/luxfi/dex/pkg/lx/orderbook_advanced.go:531.66,536.13 4 1
github.com/luxfi/dex/pkg/lx/orderbook_advanced.go:536.13,538.60 1 0
github.com/luxfi/dex/pkg/lx/orderbook_advanced.go:538.60,542.4 3 0
github.com/luxfi/dex/pkg/lx/orderbook_advanced.go:543.3,543.39 1 0
github.com/luxfi/dex/pkg/lx/orderbook_advanced.go:546.2,561.12 10 1
github.com/luxfi/dex/pkg/lx/orderbook_advanced.go:565.93,570.13 4 1
github.com/luxfi/dex/pkg/lx/orderbook_advanced.go:570.13,572.3 1 0
github.com/luxfi/dex/pkg/lx/orderbook_advanced.go:575.2,589.12 9 1
github.com/luxfi/dex/pkg/lx/orderbook_advanced.go:593.69,595.23 1 1
github.com/luxfi/dex/pkg/lx/orderbook_advanced.go:595.23,596.35 1 1
github.com/luxfi/dex/pkg/lx/orderbook_advanced.go:596.35,597.24 1 1
github.com/luxfi/dex/pkg/lx/orderbook_advanced.go:597.24,599.10 2 1
github.com/luxfi/dex/pkg/lx/orderbook_advanced.go:603.3,603.57 1 1
github.com/luxfi/dex/pkg/lx/orderbook_advanced.go:603.57,605.35 2 1
github.com/luxfi/dex/pkg/lx/orderbook_advanced.go:605.35,606.25 1 1
github.com/luxfi/dex/pkg/lx/orderbook_advanced.go:606.25,608.11 2 1
github.com/luxfi/dex/pkg/lx/orderbook_advanced.go:611.4,611.30 1 1
github.com/luxfi/dex/pkg/lx/orderbook_advanced.go:611.30,613.5 1 1
github.com/luxfi/dex/pkg/lx/orderbook_advanced.go:615.8,616.35 1 0
github.com/luxfi/dex/pkg/lx/orderbook_advanced.go:616.35,617.24 1 0
github.com/luxfi/dex/pkg/lx/orderbook_advanced.go:617.24,619.10 2 0
github.com/luxfi/dex/pkg/lx/orderbook_advanced.go:623.3,623.57 1 0
github.com/luxfi/dex/pkg/lx/orderbook_advanced.go:623.57,625.35 2 0
github.com/luxfi/dex/pkg/lx/orderbook_advanced.go:625.35,626.25 1 0
github.com/luxfi/dex/pkg/lx/orderbook_advanced.go:626.25,628.11 2 0
github.com/luxfi/dex/pkg/lx/orderbook_advanced.go:631.4,631.30 1 0
github.com/luxfi/dex/pkg/lx/orderbook_advanced.go:631.30,633.5 1 0
github.com/luxfi/dex/pkg/lx/orderbook_advanced.go:639.62,640.40 1 1
github.com/luxfi/dex/pkg/lx/orderbook_advanced.go:640.40,641.36 1 0
github.com/luxfi/dex/pkg/lx/orderbook_advanced.go:641.36,643.4 1 0
github.com/luxfi/dex/pkg/lx/orderbook_advanced.go:648.77,649.23 1 1
github.com/luxfi/dex/pkg/lx/orderbook_advanced.go:649.23,651.3 1 1
github.com/luxfi/dex/pkg/lx/orderbook_advanced.go:652.2,652.42 1 0
github.com/luxfi/dex/pkg/lx/orderbook_advanced.go:656.83,659.24 2 0
github.com/luxfi/dex/pkg/lx/orderbook_advanced.go:659.24,661.3 1 0
github.com/luxfi/dex/pkg/lx/orderbook_advanced.go:661.8,663.3 1 0
github.com/luxfi/dex/pkg/lx/orderbook_advanced.go:665.2,665.29 1 0
github.com/luxfi/dex/pkg/lx/orderbook_advanced.go:669.71,670.40 1 1
github.com/luxfi/dex/pkg/lx/orderbook_advanced.go:670.40,671.28 1 0
github.com/luxfi/dex/pkg/lx/orderbook_advanced.go:671.28,672.12 1 0
github.com/luxfi/dex/pkg/lx/orderbook_advanced.go:675.3,675.25 1 0
github.com/luxfi/dex/pkg/lx/orderbook_advanced.go:675.25,677.33 2 0
github.com/luxfi/dex/pkg/lx/orderbook_advanced.go:677.33,679.5 1 0
github.com/luxfi/dex/pkg/lx/orderbook_advanced.go:680.9,682.33 2 0
github.com/luxfi/dex/pkg/lx/orderbook_advanced.go:682.33,684.5 1 0
github.com/luxfi/dex/pkg/lx/orderbook_advanced.go:690.90,691.32 1 0
github.com/luxfi/dex/pkg/lx/orderbook_advanced.go:691.32,693.3 1 0
github.com/luxfi/dex/pkg/lx/orderbook_advanced.go:695.2,707.27 10 0
github.com/luxfi/dex/pkg/lx/orderbook_advanced.go:711.51,712.28 1 1
github.com/luxfi/dex/pkg/lx/orderbook_advanced.go:712.28,714.3 1 1
github.com/luxfi/dex/pkg/lx/orderbook_advanced.go:714.8,716.3 1 1
github.com/luxfi/dex/pkg/lx/orderbook_advanced.go:718.2,718.28 1 1
github.com/luxfi/dex/pkg/lx/orderbook_advanced.go:718.28,720.3 1 0
github.com/luxfi/dex/pkg/lx/orderbook_advanced.go:720.8,722.3 1 1
github.com/luxfi/dex/pkg/lx/orderbook_advanced.go:726.74,727.21 1 1
github.com/luxfi/dex/pkg/lx/orderbook_advanced.go:727.21,729.3 1 0
github.com/luxfi/dex/pkg/lx/orderbook_advanced.go:731.2,731.45 1 1
github.com/luxfi/dex/pkg/lx/orderbook_advanced.go:731.45,733.3 1 0
github.com/luxfi/dex/pkg/lx/orderbook_advanced.go:736.2,738.64 3 1
github.com/luxfi/dex/pkg/lx/orderbook_advanced.go:738.64,740.3 1 0
github.com/luxfi/dex/pkg/lx/orderbook_advanced.go:743.2,744.71 2 1
github.com/luxfi/dex/pkg/lx/orderbook_advanced.go:744.71,746.3 1 0
github.com/luxfi/dex/pkg/lx/orderbook_advanced.go:749.2,749.68 1 1
github.com/luxfi/dex/pkg/lx/orderbook_advanced.go:749.68,751.3 1 0
github.com/luxfi/dex/pkg/lx/orderbook_advanced.go:753.2,753.12 1 1
github.com/luxfi/dex/pkg/lx/orderbook_advanced.go:757.77,760.23 2 0
github.com/luxfi/dex/pkg/lx/orderbook_advanced.go:760.23,761.35 1 0
github.com/luxfi/dex/pkg/lx/orderbook_advanced.go:761.35,762.54 1 0
github.com/luxfi/dex/pkg/lx/orderbook_advanced.go:762.54,764.36 2 0
github.com/luxfi/dex/pkg/lx/orderbook_advanced.go:764.36,766.6 1 0
github.com/luxfi/dex/pkg/lx/orderbook_advanced.go:769.8,770.35 1 0
github.com/luxfi/dex/pkg/lx/orderbook_advanced.go:770.35,771.54 1 0
github.com/luxfi/dex/pkg/lx/orderbook_advanced.go:771.54,773.36 2 0
github.com/luxfi/dex/pkg/lx/orderbook_advanced.go:773.36,775.6 1 0
github.com/luxfi/dex/pkg/lx/orderbook_advanced.go:780.2,780.14 1 0
github.com/luxfi/dex/pkg/lx/orderbook_advanced.go:784.76,793.36 6 0
github.com/luxfi/dex/pkg/lx/orderbook_advanced.go:793.36,795.3 1 0
github.com/luxfi/dex/pkg/lx/orderbook_advanced.go:797.2,797.38 1 0
github.com/luxfi/dex/pkg/lx/orderbook_advanced.go:797.38,798.43 1 0
github.com/luxfi/dex/pkg/lx/orderbook_advanced.go:798.43,799.35 1 0
github.com/luxfi/dex/pkg/lx/orderbook_advanced.go:799.35,801.5 1 0
github.com/luxfi/dex/pkg/lx/orderbook_advanced.go:805.2,806.34 2 0
github.com/luxfi/dex/pkg/lx/orderbook_advanced.go:806.34,807.36 1 0
github.com/luxfi/dex/pkg/lx/orderbook_advanced.go:807.36,808.9 1 0
github.com/luxfi/dex/pkg/lx/orderbook_advanced.go:810.3,811.35 2 0
[...]
github.com/luxfi/dex/pkg/lx/unified_liquidity.go:562.42,564.5 1 0
github.com/luxfi/dex/pkg/lx/unified_liquidity.go:568.2,568.14 1 0
github.com/luxfi/dex/pkg/lx/unified_liquidity.go:572.88,574.51 2 0
github.com/luxfi/dex/pkg/lx/unified_liquidity.go:574.51,576.3 1 0
github.com/luxfi/dex/pkg/lx/unified_liquidity.go:578.2,581.51 3 0
github.com/luxfi/dex/pkg/lx/unified_liquidity.go:581.51,585.3 3 0
github.com/luxfi/dex/pkg/lx/unified_liquidity.go:587.2,587.57 1 0
github.com/luxfi/dex/pkg/lx/unified_liquidity.go:587.57,591.3 3 0
github.com/luxfi/dex/pkg/lx/unified_liquidity.go:593.2,593.56 1 0
github.com/luxfi/dex/pkg/lx/unified_liquidity.go:593.56,597.3 3 0
github.com/luxfi/dex/pkg/lx/unified_liquidity.go:599.2,599.54 1 0
github.com/luxfi/dex/pkg/lx/unified_liquidity.go:599.54,603.3 3 0
github.com/luxfi/dex/pkg/lx/unified_liquidity.go:605.2,605.19 1 0
github.com/luxfi/dex/pkg/lx/unified_liquidity.go:609.46,613.56 3 0
github.com/luxfi/dex/pkg/lx/unified_liquidity.go:613.56,614.45 1 0
github.com/luxfi/dex/pkg/lx/unified_liquidity.go:614.45,615.12 1 0
github.com/luxfi/dex/pkg/lx/unified_liquidity.go:618.3,621.48 2 0
github.com/luxfi/dex/pkg/lx/unified_liquidity.go:621.48,625.18 3 0
github.com/luxfi/dex/pkg/lx/unified_liquidity.go:626.16,627.44 1 0
github.com/luxfi/dex/pkg/lx/unified_liquidity.go:628.18,629.46 1 0
github.com/luxfi/dex/pkg/lx/unified_liquidity.go:630.21,631.49 1 0
github.com/luxfi/dex/pkg/lx/unified_liquidity.go:632.17,633.45 1 0
github.com/luxfi/dex/pkg/lx/unified_liquidity.go:638.2,638.32 1 0
github.com/luxfi/dex/pkg/lx/unified_liquidity.go:642.82,644.52 2 0
github.com/luxfi/dex/pkg/lx/unified_liquidity.go:644.52,646.3 1 0
github.com/luxfi/dex/pkg/lx/unified_liquidity.go:649.2,652.9 3 0
github.com/luxfi/dex/pkg/lx/unified_liquidity.go:653.24,656.28 3 0
github.com/luxfi/dex/pkg/lx/unified_liquidity.go:657.23,660.28 3 0
github.com/luxfi/dex/pkg/lx/unified_liquidity.go:661.23,664.29 3 0
github.com/luxfi/dex/pkg/lx/unified_liquidity.go:665.22,668.29 3 0
github.com/luxfi/dex/pkg/lx/unified_liquidity.go:669.10,672.28 3 0
github.com/luxfi/dex/pkg/lx/vaults.go:21.59,29.2 1 1
github.com/luxfi/dex/pkg/lx/vaults.go:32.73,36.47 3 0
github.com/luxfi/dex/pkg/lx/vaults.go:36.47,38.3 1 0
github.com/luxfi/dex/pkg/lx/vaults.go:40.2,59.48 2 0
github.com/luxfi/dex/pkg/lx/vaults.go:59.48,61.22 2 0
github.com/luxfi/dex/pkg/lx/vaults.go:61.22,63.4 1 0
github.com/luxfi/dex/pkg/lx/vaults.go:66.2,67.19 2 0
github.com/luxfi/dex/pkg/lx/vaults.go:161.79,166.41 3 0
github.com/luxfi/dex/pkg/lx/vaults.go:166.41,168.3 1 0
github.com/luxfi/dex/pkg/lx/vaults.go:171.2,172.75 2 0
github.com/luxfi/dex/pkg/lx/vaults.go:172.75,174.3 1 0
github.com/luxfi/dex/pkg/lx/vaults.go:177.2,178.43 2 0
github.com/luxfi/dex/pkg/lx/vaults.go:178.43,181.3 1 0
github.com/luxfi/dex/pkg/lx/vaults.go:181.8,185.3 2 0
github.com/luxfi/dex/pkg/lx/vaults.go:188.2,189.13 2 0
github.com/luxfi/dex/pkg/lx/vaults.go:189.13,199.3 2 0
github.com/luxfi/dex/pkg/lx/vaults.go:202.2,213.46 8 0
github.com/luxfi/dex/pkg/lx/vaults.go:213.46,215.3 1 0
github.com/luxfi/dex/pkg/lx/vaults.go:217.2,217.22 1 0
github.com/luxfi/dex/pkg/lx/vaults.go:221.74,226.13 4 0
github.com/luxfi/dex/pkg/lx/vaults.go:226.13,228.3 1 0
github.com/luxfi/dex/pkg/lx/vaults.go:231.2,231.45 1 0
github.com/luxfi/dex/pkg/lx/vaults.go:231.45,233.3 1 0
github.com/luxfi/dex/pkg/lx/vaults.go:236.2,236.37 1 0
github.com/luxfi/dex/pkg/lx/vaults.go:236.37,238.3 1 0
github.com/luxfi/dex/pkg/lx/vaults.go:242.2,266.45 14 0
github.com/luxfi/dex/pkg/lx/vaults.go:266.45,268.3 1 0
github.com/luxfi/dex/pkg/lx/vaults.go:270.2,270.20 1 0
github.com/luxfi/dex/pkg/lx/vaults.go:274.88,278.35 2 0
github.com/luxfi/dex/pkg/lx/vaults.go:278.35,283.3 3 0
github.com/luxfi/dex/pkg/lx/vaults.go:286.2,293.15 7 0
github.com/luxfi/dex/pkg/lx/vaults.go:297.62,301.33 3 0
github.com/luxfi/dex/pkg/lx/vaults.go:301.33,303.3 1 0
github.com/luxfi/dex/pkg/lx/vaults.go:305.2,308.40 3 0
github.com/luxfi/dex/pkg/lx/vaults.go:308.40,319.3 4 0
github.com/luxfi/dex/pkg/lx/vaults.go:321.2,321.18 1 0
github.com/luxfi/dex/pkg/lx/vaults.go:325.48,331.38 4 0
github.com/luxfi/dex/pkg/lx/vaults.go:331.38,333.3 1 0
github.com/luxfi/dex/pkg/lx/vaults.go:334.2,334.18 1 0
github.com/luxfi/dex/pkg/lx/vaults.go:338.91,341.24 2 0
github.com/luxfi/dex/pkg/lx/vaults.go:341.24,343.3 1 0
github.com/luxfi/dex/pkg/lx/vaults.go:345.2,349.83 3 0
github.com/luxfi/dex/pkg/lx/vaults.go:349.83,351.3 1 0
github.com/luxfi/dex/pkg/lx/vaults.go:353.2,353.19 1 0
github.com/luxfi/dex/pkg/lx/vaults.go:357.57,361.31 3 0
github.com/luxfi/dex/pkg/lx/vaults.go:361.31,365.98 2 0
github.com/luxfi/dex/pkg/lx/vaults.go:365.98,366.12 1 0
github.com/luxfi/dex/pkg/lx/vaults.go:370.3,370.95 1 0
github.com/luxfi/dex/pkg/lx/vaults.go:370.95,371.12 1 0
github.com/luxfi/dex/pkg/lx/vaults.go:374.3,375.27 2 0
github.com/luxfi/dex/pkg/lx/vaults.go:378.2,378.17 1 0
github.com/luxfi/dex/pkg/lx/vaults.go:382.35,386.62 3 0
github.com/luxfi/dex/pkg/lx/vaults.go:386.62,388.3 1 0
github.com/luxfi/dex/pkg/lx/vaults.go:391.2,391.47 1 0
github.com/luxfi/dex/pkg/lx/vaults.go:391.47,393.17 2 0
github.com/luxfi/dex/pkg/lx/vaults.go:393.17,395.4 1 0
github.com/luxfi/dex/pkg/lx/vaults.go:399.2,399.50 1 0
github.com/luxfi/dex/pkg/lx/vaults.go:399.50,401.17 2 0
github.com/luxfi/dex/pkg/lx/vaults.go:401.17,403.4 1 0
github.com/luxfi/dex/pkg/lx/vaults.go:407.2,407.40 1 0
github.com/luxfi/dex/pkg/lx/vaults.go:407.40,408.50 1 0
github.com/luxfi/dex/pkg/lx/vaults.go:408.50,410.4 1 0
github.com/luxfi/dex/pkg/lx/vaults.go:413.2,414.12 2 0
github.com/luxfi/dex/pkg/lx/vaults.go:418.58,425.44 4 0
github.com/luxfi/dex/pkg/lx/vaults.go:425.44,436.3 7 0
github.com/luxfi/dex/pkg/lx/vaults.go:485.79,486.21 1 0
github.com/luxfi/dex/pkg/lx/vaults.go:487.23,488.41 1 0
github.com/luxfi/dex/pkg/lx/vaults.go:489.18,490.37 1 0
github.com/luxfi/dex/pkg/lx/vaults.go:491.19,492.38 1 0
github.com/luxfi/dex/pkg/lx/vaults.go:493.24,494.42 1 0
github.com/luxfi/dex/pkg/lx/vaults.go:495.10,496.13 1 0
github.com/luxfi/dex/pkg/lx/vaults.go:501.50,505.2 1 0
github.com/luxfi/dex/pkg/lx/vaults.go:508.49,511.46 1 0
github.com/luxfi/dex/pkg/lx/vaults.go:511.46,513.3 1 0
github.com/luxfi/dex/pkg/lx/vaults.go:516.54,519.25 1 0
github.com/luxfi/dex/pkg/lx/vaults.go:519.25,521.3 1 0
github.com/luxfi/dex/pkg/lx/vaults.go:535.75,537.56 2 0
github.com/luxfi/dex/pkg/lx/vaults.go:537.56,539.3 1 0
github.com/luxfi/dex/pkg/lx/vaults.go:541.2,542.51 2 0
github.com/luxfi/dex/pkg/lx/vaults.go:542.51,544.3 1 0
github.com/luxfi/dex/pkg/lx/vaults.go:546.2,552.3 1 0
github.com/luxfi/dex/pkg/lx/vaults.go:555.85,560.56 3 0
github.com/luxfi/dex/pkg/lx/vaults.go:560.56,562.3 1 0
github.com/luxfi/dex/pkg/lx/vaults.go:564.2,567.31 2 0
github.com/luxfi/dex/pkg/lx/vaults.go:567.31,591.3 5 0
github.com/luxfi/dex/pkg/lx/vaults.go:593.2,593.15 1 0
github.com/luxfi/dex/pkg/lx/vaults.go:596.59,598.2 1 0
github.com/luxfi/dex/pkg/lx/vaults.go:600.49,602.2 1 0
github.com/luxfi/dex/pkg/lx/vaults.go:604.70,606.2 1 0
github.com/luxfi/dex/pkg/lx/vaults.go:616.67,623.2 1 0
github.com/luxfi/dex/pkg/lx/vaults.go:625.81,628.2 1 0
github.com/luxfi/dex/pkg/lx/vaults.go:630.55,632.2 1 0
github.com/luxfi/dex/pkg/lx/vaults.go:634.45,636.2 1 0
github.com/luxfi/dex/pkg/lx/vaults.go:638.66,640.2 1 0
github.com/luxfi/dex/pkg/lx/vaults.go:648.69,653.2 1 0
github.com/luxfi/dex/pkg/lx/vaults.go:655.82,658.2 1 0
github.com/luxfi/dex/pkg/lx/vaults.go:660.56,662.2 1 0
github.com/luxfi/dex/pkg/lx/vaults.go:664.46,666.2 1 0
github.com/luxfi/dex/pkg/lx/vaults.go:668.67,670.2 1 0
github.com/luxfi/dex/pkg/lx/vaults.go:680.77,687.2 1 0
github.com/luxfi/dex/pkg/lx/vaults.go:689.86,692.2 1 0
github.com/luxfi/dex/pkg/lx/vaults.go:694.60,696.2 1 0
github.com/luxfi/dex/pkg/lx/vaults.go:698.50,700.2 1 0
github.com/luxfi/dex/pkg/lx/vaults.go:702.71,704.2 1 0
github.com/luxfi/dex/pkg/lx/vaults.go:707.61,712.13 4 0
github.com/luxfi/dex/pkg/lx/vaults.go:712.13,714.3 1 0
github.com/luxfi/dex/pkg/lx/vaults.go:715.2,715.19 1 0
github.com/luxfi/dex/pkg/lx/vaults.go:719.47,724.34 4 0
github.com/luxfi/dex/pkg/lx/vaults.go:724.34,726.3 1 0
github.com/luxfi/dex/pkg/lx/vaults.go:727.2,727.15 1 0
github.com/luxfi/dex/pkg/lx/vaults.go:731.85,733.16 2 0
github.com/luxfi/dex/pkg/lx/vaults.go:733.16,735.3 1 0
github.com/luxfi/dex/pkg/lx/vaults.go:737.2,740.31 3 0
github.com/luxfi/dex/pkg/lx/vaults.go:744.40,747.2 2 0
github.com/luxfi/dex/pkg/lx/vaults.go:754.134,760.40 4 0
github.com/luxfi/dex/pkg/lx/vaults.go:760.40,762.3 1 0
github.com/luxfi/dex/pkg/lx/vaults.go:765.2,768.49 2 0
github.com/luxfi/dex/pkg/lx/vaults.go:768.49,770.3 1 0
github.com/luxfi/dex/pkg/lx/vaults.go:773.2,804.36 5 0
github.com/luxfi/dex/pkg/lx/vaults.go:804.36,806.3 1 0
github.com/luxfi/dex/pkg/lx/vaults.go:807.2,809.34 2 0
github.com/luxfi/dex/pkg/lx/vaults.go:809.34,811.3 1 0
github.com/luxfi/dex/pkg/lx/vaults.go:812.2,814.19 2 0
github.com/luxfi/dex/pkg/lx/vaults.go:818.105,823.13 4 0
github.com/luxfi/dex/pkg/lx/vaults.go:823.13,825.3 1 0
github.com/luxfi/dex/pkg/lx/vaults.go:827.2,831.37 3 0
github.com/luxfi/dex/pkg/lx/vaults.go:831.37,833.3 1 0
github.com/luxfi/dex/pkg/lx/vaults.go:836.2,837.39 2 0
github.com/luxfi/dex/pkg/lx/vaults.go:837.39,839.3 1 0
github.com/luxfi/dex/pkg/lx/vaults.go:842.2,842.59 1 0
github.com/luxfi/dex/pkg/lx/vaults.go:842.59,844.3 1 0
github.com/luxfi/dex/pkg/lx/vaults.go:847.2,848.47 2 0
github.com/luxfi/dex/pkg/lx/vaults.go:848.47,850.3 1 0
github.com/luxfi/dex/pkg/lx/vaults.go:850.8,854.3 2 0
github.com/luxfi/dex/pkg/lx/vaults.go:857.2,873.39 5 0
github.com/luxfi/dex/pkg/lx/vaults.go:873.39,875.3 1 0
github.com/luxfi/dex/pkg/lx/vaults.go:876.2,879.40 2 0
github.com/luxfi/dex/pkg/lx/vaults.go:879.40,887.33 5 0
github.com/luxfi/dex/pkg/lx/vaults.go:887.33,888.21 1 0
github.com/luxfi/dex/pkg/lx/vaults.go:888.21,890.10 2 0
github.com/luxfi/dex/pkg/lx/vaults.go:894.3,894.90 1 0
github.com/luxfi/dex/pkg/lx/vaults.go:897.2,897.12 1 0
github.com/luxfi/dex/pkg/lx/vaults.go:901.123,902.45 1 0
github.com/luxfi/dex/pkg/lx/vaults.go:902.45,904.3 1 0
github.com/luxfi/dex/pkg/lx/vaults.go:906.2,910.13 4 0
github.com/luxfi/dex/pkg/lx/vaults.go:910.13,912.3 1 0
github.com/luxfi/dex/pkg/lx/vaults.go:914.2,918.15 4 0
github.com/luxfi/dex/pkg/lx/vaults.go:918.15,920.3 1 0
github.com/luxfi/dex/pkg/lx/vaults.go:923.2,935.33 6 0
github.com/luxfi/dex/pkg/lx/vaults.go:935.33,941.44 3 0
github.com/luxfi/dex/pkg/lx/vaults.go:941.44,950.71 5 0
github.com/luxfi/dex/pkg/lx/vaults.go:950.71,953.5 2 0
github.com/luxfi/dex/pkg/lx/vaults.go:958.2,958.33 1 0
github.com/luxfi/dex/pkg/lx/vaults.go:958.33,962.32 3 0
github.com/luxfi/dex/pkg/lx/vaults.go:962.32,964.28 2 0
github.com/luxfi/dex/pkg/lx/vaults.go:964.28,966.5 1 0
github.com/luxfi/dex/pkg/lx/vaults.go:971.2,987.33 11 0
github.com/luxfi/dex/pkg/lx/vaults.go:987.33,992.33 3 0
github.com/luxfi/dex/pkg/lx/vaults.go:992.33,993.21 1 0
github.com/luxfi/dex/pkg/lx/vaults.go:993.21,995.10 2 0
github.com/luxfi/dex/pkg/lx/vaults.go:999.3,999.43 1 0
github.com/luxfi/dex/pkg/lx/vaults.go:999.43,1001.4 1 0
github.com/luxfi/dex/pkg/lx/vaults.go:1004.2,1004.30 1 0
github.com/luxfi/dex/pkg/lx/vaults.go:1008.72,1010.46 2 0
github.com/luxfi/dex/pkg/lx/vaults.go:1010.46,1012.3 1 0
github.com/luxfi/dex/pkg/lx/vaults.go:1014.2,1015.30 2 0
github.com/luxfi/dex/pkg/lx/vaults.go:1019.74,1024.13 4 0
github.com/luxfi/dex/pkg/lx/vaults.go:1024.13,1026.3 1 0
github.com/luxfi/dex/pkg/lx/vaults.go:1028.2,1028.19 1 0
github.com/luxfi/dex/pkg/lx/vaults.go:1032.85,1039.30 5 0
github.com/luxfi/dex/pkg/lx/vaults.go:1039.30,1040.49 1 0
github.com/luxfi/dex/pkg/lx/vaults.go:1040.49,1042.4 1 0
github.com/luxfi/dex/pkg/lx/vaults.go:1045.2,1045.20 1 0
github.com/luxfi/dex/pkg/lx/vaults.go:1049.85,1056.30 5 0
github.com/luxfi/dex/pkg/lx/vaults.go:1056.30,1057.49 1 0
github.com/luxfi/dex/pkg/lx/vaults.go:1057.49,1059.4 1 0
github.com/luxfi/dex/pkg/lx/vaults.go:1062.2,1062.20 1 0
github.com/luxfi/dex/pkg/lx/vaults.go:1066.77,1071.13 4 0
github.com/luxfi/dex/pkg/lx/vaults.go:1071.13,1073.3 1 0
github.com/luxfi/dex/pkg/lx/vaults.go:1075.2,1079.37 3 0
github.com/luxfi/dex/pkg/lx/vaults.go:1079.37,1081.3 1 0
github.com/luxfi/dex/pkg/lx/vaults.go:1084.2,1084.53 1 0
github.com/luxfi/dex/pkg/lx/vaults.go:1084.53,1105.3 4 0
github.com/luxfi/dex/pkg/lx/vaults.go:1108.2,1110.12 2 0
github.com/luxfi/dex/pkg/lx/x_chain_integration.go:218.48,230.2 1 0
github.com/luxfi/dex/pkg/lx/x_chain_integration.go:233.46,249.2 1 0
github.com/luxfi/dex/pkg/lx/x_chain_integration.go:252.92,267.48 4 0
github.com/luxfi/dex/pkg/lx/x_chain_integration.go:267.48,269.3 1 0
github.com/luxfi/dex/pkg/lx/x_chain_integration.go:272.2,272.33 1 0
github.com/luxfi/dex/pkg/lx/x_chain_integration.go:272.33,273.53 1 0
github.com/luxfi/dex/pkg/lx/x_chain_integration.go:273.53,275.4 1 0
github.com/luxfi/dex/pkg/lx/x_chain_integration.go:279.2,282.40 2 0
github.com/luxfi/dex/pkg/lx/x_chain_integration.go:282.40,284.3 1 0
github.com/luxfi/dex/pkg/lx/x_chain_integration.go:286.2,286.19 1 0
github.com/luxfi/dex/pkg/lx/x_chain_integration.go:290.69,293.13 3 0
github.com/luxfi/dex/pkg/lx/x_chain_integration.go:293.13,296.3 2 0
github.com/luxfi/dex/pkg/lx/x_chain_integration.go:299.2,306.16 6 0
github.com/luxfi/dex/pkg/lx/x_chain_integration.go:306.16,308.3 1 0
github.com/luxfi/dex/pkg/lx/x_chain_integration.go:309.2,313.16 3 0
github.com/luxfi/dex/pkg/lx/x_chain_integration.go:313.16,315.3 1 0
github.com/luxfi/dex/pkg/lx/x_chain_integration.go:316.2,320.16 3 0
github.com/luxfi/dex/pkg/lx/x_chain_integration.go:320.16,323.3 2 0
github.com/luxfi/dex/pkg/lx/x_chain_integration.go:326.2,344.34 13 0
github.com/luxfi/dex/pkg/lx/x_chain_integration.go:344.34,345.55 1 0
github.com/luxfi/dex/pkg/lx/x_chain_integration.go:345.55,348.4 1 0
github.com/luxfi/dex/pkg/lx/x_chain_integration.go:351.2,351.12 1 0
github.com/luxfi/dex/pkg/lx/x_chain_integration.go:355.111,359.27 3 0
github.com/luxfi/dex/pkg/lx/x_chain_integration.go:359.27,361.3 1 0
github.com/luxfi/dex/pkg/lx/x_chain_integration.go:363.2,374.51 2 0
github.com/luxfi/dex/pkg/lx/x_chain_integration.go:374.51,376.3 1 0
github.com/luxfi/dex/pkg/lx/x_chain_integration.go:378.2,379.21 2 0
github.com/luxfi/dex/pkg/lx/x_chain_integration.go:383.42,396.2 1 0
github.com/luxfi/dex/pkg/lx/x_chain_integration.go:399.103,406.27 4 0
github.com/luxfi/dex/pkg/lx/x_chain_integration.go:406.27,407.40 1 0
github.com/luxfi/dex/pkg/lx/x_chain_integration.go:407.40,409.4 1 0
github.com/luxfi/dex/pkg/lx/x_chain_integration.go:412.2,435.19 4 0
github.com/luxfi/dex/pkg/lx/x_chain_integration.go:439.81,444.13 4 0
github.com/luxfi/dex/pkg/lx/x_chain_integration.go:444.13,446.3 1 0
github.com/luxfi/dex/pkg/lx/x_chain_integration.go:449.2,449.26 1 0
github.com/luxfi/dex/pkg/lx/x_chain_integration.go:449.26,450.69 1 0
github.com/luxfi/dex/pkg/lx/x_chain_integration.go:450.69,453.4 2 0
github.com/luxfi/dex/pkg/lx/x_chain_integration.go:457.2,458.13 2 0
github.com/luxfi/dex/pkg/lx/x_chain_integration.go:458.13,465.3 2 0
github.com/luxfi/dex/pkg/lx/x_chain_integration.go:467.2,479.54 4 0
github.com/luxfi/dex/pkg/lx/x_chain_integration.go:479.54,481.3 1 0
github.com/luxfi/dex/pkg/lx/x_chain_integration.go:483.2,483.12 1 0
github.com/luxfi/dex/pkg/lx/x_chain_integration.go:487.134,492.13 4 0
github.com/luxfi/dex/pkg/lx/x_chain_integration.go:492.13,494.3 1 0
github.com/luxfi/dex/pkg/lx/x_chain_integration.go:497.2,497.43 1 0
github.com/luxfi/dex/pkg/lx/x_chain_integration.go:497.43,499.3 1 0
github.com/luxfi/dex/pkg/lx/x_chain_integration.go:502.2,502.59 1 0
github.com/luxfi/dex/pkg/lx/x_chain_integration.go:502.59,503.33 1 0
github.com/luxfi/dex/pkg/lx/x_chain_integration.go:503.33,505.4 1 0
github.com/luxfi/dex/pkg/lx/x_chain_integration.go:509.2,510.57 2 0
github.com/luxfi/dex/pkg/lx/x_chain_integration.go:510.57,512.3 1 0
github.com/luxfi/dex/pkg/lx/x_chain_integration.go:515.2,526.31 2 0
github.com/luxfi/dex/pkg/lx/x_chain_integration.go:526.31,531.3 3 0
github.com/luxfi/dex/pkg/lx/x_chain_integration.go:531.8,534.3 1 0
github.com/luxfi/dex/pkg/lx/x_chain_integration.go:536.2,536.21 1 0
github.com/luxfi/dex/pkg/lx/x_chain_integration.go:541.31,545.2 3 0
github.com/luxfi/dex/pkg/lx/x_chain_integration.go:547.33,551.2 3 0
github.com/luxfi/dex/pkg/lx/x_chain_integration.go:553.31,557.2 3 0
github.com/luxfi/dex/pkg/lx/x_chain_integration.go:559.33,563.2 3 0
github.com/luxfi/dex/pkg/lx/x_chain_integration.go:565.52,567.31 2 0
github.com/luxfi/dex/pkg/lx/x_chain_integration.go:567.31,570.3 2 0
github.com/luxfi/dex/pkg/lx/x_chain_integration.go:571.2,571.14 1 0
github.com/luxfi/dex/pkg/lx/x_chain_integration.go:574.77,576.31 2 0
github.com/luxfi/dex/pkg/lx/x_chain_integration.go:576.31,577.54 1 0
github.com/luxfi/dex/pkg/lx/x_chain_integration.go:577.54,582.4 1 0
github.com/luxfi/dex/pkg/lx/x_chain_integration.go:583.3,583.55 1 0
github.com/luxfi/dex/pkg/lx/x_chain_integration.go:583.55,588.4 1 0
github.com/luxfi/dex/pkg/lx/x_chain_integration.go:590.2,590.21 1 0
github.com/luxfi/dex/pkg/lx/x_chain_integration.go:595.73,596.28 1 0
github.com/luxfi/dex/pkg/lx/x_chain_integration.go:596.28,598.3 1 0
github.com/luxfi/dex/pkg/lx/x_chain_integration.go:599.2,599.41 1 0
github.com/luxfi/dex/pkg/lx/x_chain_integration.go:599.41,601.3 1 0
github.com/luxfi/dex/pkg/lx/x_chain_integration.go:602.2,602.12 1 0
github.com/luxfi/dex/pkg/lx/x_chain_integration.go:605.83,609.2 1 0
github.com/luxfi/dex/pkg/lx/x_chain_integration.go:611.66,612.60 1 0
github.com/luxfi/dex/pkg/lx/x_chain_integration.go:612.60,614.3 1 0
github.com/luxfi/dex/pkg/lx/x_chain_integration.go:617.101,625.2 1 0
github.com/luxfi/dex/pkg/lx/x_chain_integration.go:627.88,630.2 1 0
github.com/luxfi/dex/pkg/lx/x_chain_integration.go:632.92,635.2 1 0
github.com/luxfi/dex/pkg/lx/x_chain_integration.go:637.94,646.2 1 0
github.com/luxfi/dex/pkg/lx/x_chain_integration.go:648.73,652.2 2 0
github.com/luxfi/dex/pkg/lx/x_chain_integration.go:654.85,657.2 1 0
github.com/luxfi/dex/pkg/lx/x_chain_integration.go:659.69,661.36 1 0
github.com/luxfi/dex/pkg/lx/x_chain_integration.go:661.36,663.3 1 0
github.com/luxfi/dex/pkg/lx/x_chain_integration.go:666.73,669.2 1 0
github.com/luxfi/dex/pkg/lx/x_chain_integration.go:671.67,673.2 1 0
github.com/luxfi/dex/pkg/lx/x_chain_types.go:179.62,181.26 1 0
github.com/luxfi/dex/pkg/lx/x_chain_types.go:181.26,183.32 2 0
github.com/luxfi/dex/pkg/lx/x_chain_types.go:183.32,185.4 1 0
github.com/luxfi/dex/pkg/lx/x_chain_types.go:187.2,187.13 1 0
github.com/luxfi/dex/pkg/lx/x_chain_types.go:576.38,582.2 1 0
github.com/luxfi/dex/pkg/lx/x_chain_types.go:584.52,592.2 1 0
github.com/luxfi/dex/pkg/lx/x_chain_types.go:594.48,598.2 1 0
github.com/luxfi/dex/pkg/lx/x_chain_types.go:600.71,608.31 6 0
github.com/luxfi/dex/pkg/lx/x_chain_types.go:608.31,610.3 1 0
github.com/luxfi/dex/pkg/lx/x_chain_types.go:610.8,612.3 1 0
github.com/luxfi/dex/pkg/lx/x_chain_types.go:615.2,615.80 1 0
github.com/luxfi/dex/pkg/lx/x_chain_types.go:620.48,629.2 1 0
github.com/luxfi/dex/pkg/lx/x_chain_types.go:631.46,645.2 1 0
github.com/luxfi/dex/pkg/lx/x_chain_types.go:647.46,656.2 1 0
github.com/luxfi/dex/pkg/lx/x_chain_types.go:658.34,663.2 1 0
github.com/luxfi/dex/pkg/lx/x_chain_types.go:665.36,672.2 1 0
github.com/luxfi/dex/pkg/lx/x_chain_types.go:674.42,683.2 1 0
github.com/luxfi/dex/pkg/lx/x_chain_types.go:685.38,692.2 1 0
github.com/luxfi/dex/pkg/lx/x_chain_types.go:694.36,701.2 1 0
github.com/luxfi/dex/pkg/lx/x_chain_types.go:703.64,715.44 3 0
github.com/luxfi/dex/pkg/lx/x_chain_types.go:715.44,717.3 1 0
github.com/luxfi/dex/pkg/lx/x_chain_types.go:720.31,722.2 1 0
github.com/luxfi/dex/pkg/lx/x_chain_types.go:726.46,732.2 1 0
github.com/luxfi/dex/pkg/lx/x_chain_types.go:734.40,741.2 1 0
github.com/luxfi/dex/pkg/lx/x_chain_types.go:743.46,750.2 1 0
github.com/luxfi/dex/pkg/lx/x_chain_types.go:752.42,758.2 1 0
github.com/luxfi/dex/pkg/lx/x_chain_types.go:760.40,767.2 1 0
github.com/luxfi/dex/pkg/lx/x_chain_types.go:769.48,774.2 1 0
github.com/luxfi/dex/pkg/lx/x_chain_types.go:776.44,781.2 1 0
