mode: atomic
github.com/luxfi/dex/backend/pkg/fix/cpp_codec.go:26.50,30.2 1 0
github.com/luxfi/dex/backend/pkg/fix/cpp_codec.go:33.58,46.13 5 0
github.com/luxfi/dex/backend/pkg/fix/cpp_codec.go:46.13,48.3 1 0
github.com/luxfi/dex/backend/pkg/fix/cpp_codec.go:50.2,50.41 1 0
github.com/luxfi/dex/backend/pkg/fix/cpp_codec.go:54.31,58.21 3 0
github.com/luxfi/dex/backend/pkg/fix/cpp_codec.go:58.21,61.3 2 0
github.com/luxfi/dex/backend/pkg/fix/cpp_codec.go:70.47,72.17 2 0
github.com/luxfi/dex/backend/pkg/fix/cpp_codec.go:72.17,74.3 1 0
github.com/luxfi/dex/backend/pkg/fix/cpp_codec.go:75.2,75.25 1 0
github.com/luxfi/dex/backend/pkg/fix/cpp_codec.go:79.47,81.2 1 0
github.com/luxfi/dex/backend/pkg/fix/cpp_codec.go:84.54,86.2 1 0
github.com/luxfi/dex/backend/pkg/fix/cpp_codec.go:89.45,91.2 1 0
github.com/luxfi/dex/backend/pkg/fix/cpp_codec.go:94.52,103.29 4 0
github.com/luxfi/dex/backend/pkg/fix/cpp_codec.go:103.29,107.3 3 0
github.com/luxfi/dex/backend/pkg/fix/cpp_codec.go:109.2,109.15 1 0
github.com/luxfi/dex/backend/pkg/fix/cpp_codec.go:119.34,123.2 1 0
github.com/luxfi/dex/backend/pkg/fix/cpp_codec.go:126.30,131.2 3 0
github.com/luxfi/dex/backend/pkg/fix/cpp_codec.go:134.57,142.2 5 0
github.com/luxfi/dex/backend/pkg/fix/cpp_codec.go:145.57,150.2 3 0
github.com/luxfi/dex/backend/pkg/fix/cpp_codec.go:153.64,158.2 3 0
github.com/luxfi/dex/backend/pkg/fix/cpp_codec.go:161.46,172.14 5 0
github.com/luxfi/dex/backend/pkg/fix/cpp_codec.go:172.14,174.3 1 0
github.com/luxfi/dex/backend/pkg/fix/cpp_codec.go:176.2,176.27 1 0
github.com/luxfi/dex/backend/pkg/fix/cpp_codec.go:180.32,184.21 3 0
github.com/luxfi/dex/backend/pkg/fix/cpp_codec.go:184.21,187.3 2 0
github.com/luxfi/dex/backend/pkg/log/log.go:28.36,33.2 1 0
github.com/luxfi/dex/backend/pkg/log/log.go:36.72,46.29 4 0
github.com/luxfi/dex/backend/pkg/log/log.go:46.29,48.3 1 0
github.com/luxfi/dex/backend/pkg/log/log.go:49.2,51.18 2 0
github.com/luxfi/dex/backend/pkg/log/log.go:55.62,57.2 1 0
github.com/luxfi/dex/backend/pkg/log/log.go:60.63,62.2 1 0
github.com/luxfi/dex/backend/pkg/log/log.go:65.62,67.2 1 0
github.com/luxfi/dex/backend/pkg/log/log.go:70.63,72.2 1 0
github.com/luxfi/dex/backend/pkg/log/log.go:75.63,78.2 2 0
github.com/luxfi/dex/backend/pkg/log/log.go:81.82,89.29 5 0
github.com/luxfi/dex/backend/pkg/log/log.go:89.29,91.3 1 0
github.com/luxfi/dex/backend/pkg/log/log.go:94.2,95.36 2 0
github.com/luxfi/dex/backend/pkg/log/log.go:95.36,96.22 1 0
github.com/luxfi/dex/backend/pkg/log/log.go:96.22,98.4 1 0
github.com/luxfi/dex/backend/pkg/log/log.go:101.2,101.85 1 0
github.com/luxfi/dex/backend/pkg/metric/metric.go:16.30,21.2 1 0
github.com/luxfi/dex/backend/pkg/metric/metric.go:29.36,31.2 1 0
github.com/luxfi/dex/backend/pkg/metric/metric.go:34.33,36.2 1 0
github.com/luxfi/dex/backend/pkg/metric/metric.go:39.50,43.43 3 0
github.com/luxfi/dex/backend/pkg/metric/metric.go:43.43,45.3 1 0
github.com/luxfi/dex/backend/pkg/metric/metric.go:47.2,49.10 3 0
github.com/luxfi/dex/backend/pkg/metric/metric.go:59.44,63.2 3 0
github.com/luxfi/dex/backend/pkg/metric/metric.go:66.51,70.24 3 0
github.com/luxfi/dex/backend/pkg/metric/metric.go:70.24,72.3 1 0
github.com/luxfi/dex/backend/pkg/metric/metric.go:75.2,76.29 2 0
github.com/luxfi/dex/backend/pkg/metric/metric.go:76.29,78.3 1 0
github.com/luxfi/dex/backend/pkg/metric/metric.go:79.2,79.37 1 0
github.com/luxfi/dex/backend/pkg/metric/metric.go:83.54,87.45 3 0
github.com/luxfi/dex/backend/pkg/metric/metric.go:87.45,89.3 1 0
github.com/luxfi/dex/backend/pkg/metric/metric.go:91.2,95.10 3 0
github.com/luxfi/dex/backend/pkg/lx/lending.go:23.63,32.2 1 0
github.com/luxfi/dex/backend/pkg/lx/lending.go:145.86,149.49 3 0
github.com/luxfi/dex/backend/pkg/lx/lending.go:149.49,151.3 1 0
github.com/luxfi/dex/backend/pkg/lx/lending.go:153.2,190.18 5 0
github.com/luxfi/dex/backend/pkg/lx/lending.go:208.84,213.13 4 0
github.com/luxfi/dex/backend/pkg/lx/lending.go:213.13,215.3 1 0
github.com/luxfi/dex/backend/pkg/lx/lending.go:217.2,221.35 3 0
github.com/luxfi/dex/backend/pkg/lx/lending.go:221.35,223.3 1 0
github.com/luxfi/dex/backend/pkg/lx/lending.go:226.2,226.36 1 0
github.com/luxfi/dex/backend/pkg/lx/lending.go:226.36,228.3 1 0
github.com/luxfi/dex/backend/pkg/lx/lending.go:230.2,231.63 2 0
github.com/luxfi/dex/backend/pkg/lx/lending.go:231.63,233.3 1 0
github.com/luxfi/dex/backend/pkg/lx/lending.go:236.2,243.13 4 0
github.com/luxfi/dex/backend/pkg/lx/lending.go:243.13,254.3 2 0
github.com/luxfi/dex/backend/pkg/lx/lending.go:257.2,279.12 7 0
github.com/luxfi/dex/backend/pkg/lx/lending.go:283.86,288.13 4 0
github.com/luxfi/dex/backend/pkg/lx/lending.go:288.13,290.3 1 0
github.com/luxfi/dex/backend/pkg/lx/lending.go:292.2,296.13 4 0
github.com/luxfi/dex/backend/pkg/lx/lending.go:296.13,298.3 1 0
github.com/luxfi/dex/backend/pkg/lx/lending.go:301.2,305.34 3 0
github.com/luxfi/dex/backend/pkg/lx/lending.go:305.34,307.3 1 0
github.com/luxfi/dex/backend/pkg/lx/lending.go:310.2,311.40 2 0
github.com/luxfi/dex/backend/pkg/lx/lending.go:311.40,313.3 1 0
github.com/luxfi/dex/backend/pkg/lx/lending.go:316.2,328.43 7 0
github.com/luxfi/dex/backend/pkg/lx/lending.go:328.43,330.3 1 0
github.com/luxfi/dex/backend/pkg/lx/lending.go:333.2,338.12 3 0
github.com/luxfi/dex/backend/pkg/lx/lending.go:342.122,347.13 4 0
github.com/luxfi/dex/backend/pkg/lx/lending.go:347.13,349.3 1 0
github.com/luxfi/dex/backend/pkg/lx/lending.go:351.2,355.68 3 0
github.com/luxfi/dex/backend/pkg/lx/lending.go:355.68,357.3 1 0
github.com/luxfi/dex/backend/pkg/lx/lending.go:360.2,360.36 1 0
github.com/luxfi/dex/backend/pkg/lx/lending.go:360.36,362.3 1 0
github.com/luxfi/dex/backend/pkg/lx/lending.go:364.2,364.61 1 0
github.com/luxfi/dex/backend/pkg/lx/lending.go:364.61,366.3 1 0
github.com/luxfi/dex/backend/pkg/lx/lending.go:369.2,370.40 2 0
github.com/luxfi/dex/backend/pkg/lx/lending.go:370.40,372.3 1 0
github.com/luxfi/dex/backend/pkg/lx/lending.go:375.2,382.49 5 0
github.com/luxfi/dex/backend/pkg/lx/lending.go:382.49,384.3 1 0
github.com/luxfi/dex/backend/pkg/lx/lending.go:387.2,390.27 2 0
github.com/luxfi/dex/backend/pkg/lx/lending.go:390.27,392.3 1 0
github.com/luxfi/dex/backend/pkg/lx/lending.go:394.2,395.13 2 0
github.com/luxfi/dex/backend/pkg/lx/lending.go:395.13,408.3 3 0
github.com/luxfi/dex/backend/pkg/lx/lending.go:411.2,415.54 3 0
github.com/luxfi/dex/backend/pkg/lx/lending.go:415.54,416.40 1 0
github.com/luxfi/dex/backend/pkg/lx/lending.go:416.40,421.4 1 0
github.com/luxfi/dex/backend/pkg/lx/lending.go:422.3,423.85 2 0
github.com/luxfi/dex/backend/pkg/lx/lending.go:427.2,448.12 6 0
github.com/luxfi/dex/backend/pkg/lx/lending.go:452.83,457.13 4 0
github.com/luxfi/dex/backend/pkg/lx/lending.go:457.13,459.3 1 0
github.com/luxfi/dex/backend/pkg/lx/lending.go:461.2,462.13 2 0
github.com/luxfi/dex/backend/pkg/lx/lending.go:462.13,464.3 1 0
github.com/luxfi/dex/backend/pkg/lx/lending.go:466.2,476.31 5 0
github.com/luxfi/dex/backend/pkg/lx/lending.go:476.31,478.3 1 0
github.com/luxfi/dex/backend/pkg/lx/lending.go:481.2,485.41 3 0
github.com/luxfi/dex/backend/pkg/lx/lending.go:485.41,489.3 2 0
github.com/luxfi/dex/backend/pkg/lx/lending.go:492.2,497.12 3 0
github.com/luxfi/dex/backend/pkg/lx/lending.go:501.142,506.13 4 0
github.com/luxfi/dex/backend/pkg/lx/lending.go:506.13,508.3 1 0
github.com/luxfi/dex/backend/pkg/lx/lending.go:511.2,512.25 2 0
github.com/luxfi/dex/backend/pkg/lx/lending.go:512.25,514.3 1 0
github.com/luxfi/dex/backend/pkg/lx/lending.go:516.2,518.23 3 0
github.com/luxfi/dex/backend/pkg/lx/lending.go:518.23,520.3 1 0
github.com/luxfi/dex/backend/pkg/lx/lending.go:523.2,524.40 2 0
github.com/luxfi/dex/backend/pkg/lx/lending.go:524.40,526.3 1 0
github.com/luxfi/dex/backend/pkg/lx/lending.go:529.2,532.50 2 0
github.com/luxfi/dex/backend/pkg/lx/lending.go:532.50,534.3 1 0
github.com/luxfi/dex/backend/pkg/lx/lending.go:537.2,571.12 8 0
github.com/luxfi/dex/backend/pkg/lx/lending.go:577.61,578.48 1 0
github.com/luxfi/dex/backend/pkg/lx/lending.go:578.48,580.3 1 0
github.com/luxfi/dex/backend/pkg/lx/lending.go:582.2,583.20 2 0
github.com/luxfi/dex/backend/pkg/lx/lending.go:583.20,585.3 1 0
github.com/luxfi/dex/backend/pkg/lx/lending.go:588.2,613.34 16 0
github.com/luxfi/dex/backend/pkg/lx/lending.go:617.48,618.46 1 0
github.com/luxfi/dex/backend/pkg/lx/lending.go:618.46,623.3 4 0
github.com/luxfi/dex/backend/pkg/lx/lending.go:626.2,632.94 5 0
github.com/luxfi/dex/backend/pkg/lx/lending.go:636.94,637.46 1 0
github.com/luxfi/dex/backend/pkg/lx/lending.go:637.46,639.3 1 0
github.com/luxfi/dex/backend/pkg/lx/lending.go:641.2,642.54 2 0
github.com/luxfi/dex/backend/pkg/lx/lending.go:646.93,647.36 1 0
github.com/luxfi/dex/backend/pkg/lx/lending.go:647.36,649.3 1 0
github.com/luxfi/dex/backend/pkg/lx/lending.go:651.2,652.54 2 0
github.com/luxfi/dex/backend/pkg/lx/lending.go:656.94,660.2 2 0
github.com/luxfi/dex/backend/pkg/lx/lending.go:663.99,665.46 2 0
github.com/luxfi/dex/backend/pkg/lx/lending.go:665.46,668.3 2 0
github.com/luxfi/dex/backend/pkg/lx/lending.go:669.2,669.19 1 0
github.com/luxfi/dex/backend/pkg/lx/lending.go:673.81,675.19 2 0
github.com/luxfi/dex/backend/pkg/lx/lending.go:675.19,677.3 1 0
github.com/luxfi/dex/backend/pkg/lx/lending.go:679.2,683.17 5 0
github.com/luxfi/dex/backend/pkg/lx/lending.go:687.69,692.43 3 0
github.com/luxfi/dex/backend/pkg/lx/lending.go:692.43,697.3 3 0
github.com/luxfi/dex/backend/pkg/lx/lending.go:700.2,702.46 2 0
github.com/luxfi/dex/backend/pkg/lx/lending.go:702.46,704.3 1 0
github.com/luxfi/dex/backend/pkg/lx/lending.go:707.2,712.15 5 0
github.com/luxfi/dex/backend/pkg/lx/lending.go:716.85,719.43 2 0
github.com/luxfi/dex/backend/pkg/lx/lending.go:719.43,721.20 2 0
github.com/luxfi/dex/backend/pkg/lx/lending.go:721.20,722.12 1 0
github.com/luxfi/dex/backend/pkg/lx/lending.go:727.3,729.35 3 0
github.com/luxfi/dex/backend/pkg/lx/lending.go:732.2,732.15 1 0
github.com/luxfi/dex/backend/pkg/lx/lending.go:736.86,741.41 3 0
github.com/luxfi/dex/backend/pkg/lx/lending.go:741.41,743.3 1 0
github.com/luxfi/dex/backend/pkg/lx/lending.go:746.2,747.18 2 0
github.com/luxfi/dex/backend/pkg/lx/lending.go:751.91,755.2 2 0
github.com/luxfi/dex/backend/pkg/lx/lending.go:758.145,767.26 5 0
github.com/luxfi/dex/backend/pkg/lx/lending.go:767.26,769.3 1 0
github.com/luxfi/dex/backend/pkg/lx/lending.go:771.2,775.15 4 0
github.com/luxfi/dex/backend/pkg/lx/lending.go:779.85,786.2 1 0
github.com/luxfi/dex/backend/pkg/lx/lending.go:788.92,789.41 1 0
github.com/luxfi/dex/backend/pkg/lx/lending.go:789.41,792.3 1 0
github.com/luxfi/dex/backend/pkg/lx/lending.go:792.8,797.3 3 0
github.com/luxfi/dex/backend/pkg/lx/lending.go:800.2,802.29 2 0
github.com/luxfi/dex/backend/pkg/lx/lending.go:805.57,805.78 1 0
github.com/luxfi/dex/backend/pkg/lx/lending.go:806.57,806.76 1 0
github.com/luxfi/dex/backend/pkg/lx/lending.go:807.57,807.76 1 0
github.com/luxfi/dex/backend/pkg/lx/lending.go:808.57,808.88 1 0
github.com/luxfi/dex/backend/pkg/lx/lending.go:811.71,816.13 4 0
github.com/luxfi/dex/backend/pkg/lx/lending.go:816.13,818.3 1 0
github.com/luxfi/dex/backend/pkg/lx/lending.go:820.2,820.18 1 0
github.com/luxfi/dex/backend/pkg/lx/lending.go:824.70,829.2 3 0
github.com/luxfi/dex/backend/pkg/lx/lending.go:832.75,837.36 4 0
github.com/luxfi/dex/backend/pkg/lx/lending.go:837.36,838.53 1 0
github.com/luxfi/dex/backend/pkg/lx/lending.go:838.53,840.4 1 0
github.com/luxfi/dex/backend/pkg/lx/lending.go:843.2,843.17 1 0
github.com/luxfi/dex/backend/pkg/lx/orderbook.go:79.45,88.2 1 13
github.com/luxfi/dex/backend/pkg/lx/orderbook.go:91.41,99.17 2 26
github.com/luxfi/dex/backend/pkg/lx/orderbook.go:99.17,101.3 1 13
github.com/luxfi/dex/backend/pkg/lx/orderbook.go:101.8,103.3 1 13
github.com/luxfi/dex/backend/pkg/lx/orderbook.go:104.2,106.13 2 26
github.com/luxfi/dex/backend/pkg/lx/orderbook.go:110.54,115.50 3 1030
github.com/luxfi/dex/backend/pkg/lx/orderbook.go:115.50,118.3 2 0
github.com/luxfi/dex/backend/pkg/lx/orderbook.go:121.2,127.43 5 1030
github.com/luxfi/dex/backend/pkg/lx/orderbook.go:127.43,128.33 1 1030
github.com/luxfi/dex/backend/pkg/lx/orderbook.go:128.33,131.4 2 1
github.com/luxfi/dex/backend/pkg/lx/orderbook.go:135.2,135.20 1 1029
github.com/luxfi/dex/backend/pkg/lx/orderbook.go:135.20,136.37 1 1
github.com/luxfi/dex/backend/pkg/lx/orderbook.go:136.37,139.4 2 1
github.com/luxfi/dex/backend/pkg/lx/orderbook.go:143.2,144.23 2 1028
github.com/luxfi/dex/backend/pkg/lx/orderbook.go:144.23,146.3 1 518
github.com/luxfi/dex/backend/pkg/lx/orderbook.go:146.8,148.3 1 510
github.com/luxfi/dex/backend/pkg/lx/orderbook.go:151.2,155.40 3 1028
github.com/luxfi/dex/backend/pkg/lx/orderbook.go:155.40,157.3 1 30
github.com/luxfi/dex/backend/pkg/lx/orderbook.go:158.2,163.17 3 1028
github.com/luxfi/dex/backend/pkg/lx/orderbook.go:167.46,173.6 4 4
github.com/luxfi/dex/backend/pkg/lx/orderbook.go:173.6,178.39 3 8
github.com/luxfi/dex/backend/pkg/lx/orderbook.go:178.39,179.9 1 4
github.com/luxfi/dex/backend/pkg/lx/orderbook.go:183.3,183.36 1 4
github.com/luxfi/dex/backend/pkg/lx/orderbook.go:183.36,184.9 1 0
github.com/luxfi/dex/backend/pkg/lx/orderbook.go:188.3,188.57 1 4
github.com/luxfi/dex/backend/pkg/lx/orderbook.go:188.57,190.35 1 0
github.com/luxfi/dex/backend/pkg/lx/orderbook.go:190.35,192.13 2 0
github.com/luxfi/dex/backend/pkg/lx/orderbook.go:193.10,195.13 2 0
github.com/luxfi/dex/backend/pkg/lx/orderbook.go:200.3,208.50 6 4
github.com/luxfi/dex/backend/pkg/lx/orderbook.go:208.50,212.4 2 4
github.com/luxfi/dex/backend/pkg/lx/orderbook.go:212.9,216.4 2 0
github.com/luxfi/dex/backend/pkg/lx/orderbook.go:219.3,220.23 2 4
github.com/luxfi/dex/backend/pkg/lx/orderbook.go:220.23,222.4 1 0
github.com/luxfi/dex/backend/pkg/lx/orderbook.go:222.9,224.4 1 4
github.com/luxfi/dex/backend/pkg/lx/orderbook.go:227.3,244.37 5 4
github.com/luxfi/dex/backend/pkg/lx/orderbook.go:244.37,248.4 3 2
github.com/luxfi/dex/backend/pkg/lx/orderbook.go:248.9,250.4 1 2
github.com/luxfi/dex/backend/pkg/lx/orderbook.go:252.3,252.37 1 4
github.com/luxfi/dex/backend/pkg/lx/orderbook.go:252.37,255.33 3 4
github.com/luxfi/dex/backend/pkg/lx/orderbook.go:255.33,257.5 1 2
github.com/luxfi/dex/backend/pkg/lx/orderbook.go:258.9,260.4 1 0
github.com/luxfi/dex/backend/pkg/lx/orderbook.go:262.3,266.32 3 4
github.com/luxfi/dex/backend/pkg/lx/orderbook.go:266.32,268.4 1 0
github.com/luxfi/dex/backend/pkg/lx/orderbook.go:271.2,271.15 1 4
github.com/luxfi/dex/backend/pkg/lx/orderbook.go:275.47,283.13 5 1029
github.com/luxfi/dex/backend/pkg/lx/orderbook.go:283.13,290.3 3 128
github.com/luxfi/dex/backend/pkg/lx/orderbook.go:293.2,300.31 6 1029
github.com/luxfi/dex/backend/pkg/lx/orderbook.go:303.50,309.13 5 8
github.com/luxfi/dex/backend/pkg/lx/orderbook.go:309.13,311.3 1 0
github.com/luxfi/dex/backend/pkg/lx/orderbook.go:313.2,315.33 2 8
github.com/luxfi/dex/backend/pkg/lx/orderbook.go:315.33,316.23 1 8
github.com/luxfi/dex/backend/pkg/lx/orderbook.go:316.23,320.9 4 8
github.com/luxfi/dex/backend/pkg/lx/orderbook.go:325.2,325.28 1 8
github.com/luxfi/dex/backend/pkg/lx/orderbook.go:325.28,328.3 1 7
github.com/luxfi/dex/backend/pkg/lx/orderbook.go:329.2,331.31 2 8
github.com/luxfi/dex/backend/pkg/lx/orderbook.go:334.46,338.31 3 17
github.com/luxfi/dex/backend/pkg/lx/orderbook.go:338.31,343.14 4 18
github.com/luxfi/dex/backend/pkg/lx/orderbook.go:343.14,346.12 2 5
github.com/luxfi/dex/backend/pkg/lx/orderbook.go:349.3,350.28 2 13
github.com/luxfi/dex/backend/pkg/lx/orderbook.go:350.28,353.63 3 13
github.com/luxfi/dex/backend/pkg/lx/orderbook.go:353.63,355.5 1 13
github.com/luxfi/dex/backend/pkg/lx/orderbook.go:357.3,360.27 2 0
github.com/luxfi/dex/backend/pkg/lx/orderbook.go:363.2,363.12 1 4
github.com/luxfi/dex/backend/pkg/lx/orderbook.go:367.58,368.22 1 1030
github.com/luxfi/dex/backend/pkg/lx/orderbook.go:368.22,370.3 1 0
github.com/luxfi/dex/backend/pkg/lx/orderbook.go:371.2,371.21 1 1030
github.com/luxfi/dex/backend/pkg/lx/orderbook.go:371.21,373.3 1 0
github.com/luxfi/dex/backend/pkg/lx/orderbook.go:374.2,374.22 1 1030
github.com/luxfi/dex/backend/pkg/lx/orderbook.go:374.22,376.3 1 0
github.com/luxfi/dex/backend/pkg/lx/orderbook.go:377.2,377.12 1 1030
github.com/luxfi/dex/backend/pkg/lx/orderbook.go:380.58,383.23 2 1030
github.com/luxfi/dex/backend/pkg/lx/orderbook.go:383.23,385.3 1 518
github.com/luxfi/dex/backend/pkg/lx/orderbook.go:385.8,387.3 1 512
github.com/luxfi/dex/backend/pkg/lx/orderbook.go:389.2,392.52 3 1030
github.com/luxfi/dex/backend/pkg/lx/orderbook.go:392.52,393.71 1 250035
github.com/luxfi/dex/backend/pkg/lx/orderbook.go:393.71,395.63 1 25001
github.com/luxfi/dex/backend/pkg/lx/orderbook.go:395.63,397.5 1 0
github.com/luxfi/dex/backend/pkg/lx/orderbook.go:398.4,398.64 1 25001
github.com/luxfi/dex/backend/pkg/lx/orderbook.go:398.64,400.5 1 1
github.com/luxfi/dex/backend/pkg/lx/orderbook.go:403.2,403.14 1 1029
github.com/luxfi/dex/backend/pkg/lx/orderbook.go:406.62,408.23 1 1
github.com/luxfi/dex/backend/pkg/lx/orderbook.go:408.23,410.53 2 0
github.com/luxfi/dex/backend/pkg/lx/orderbook.go:410.53,412.4 1 0
github.com/luxfi/dex/backend/pkg/lx/orderbook.go:413.8,415.53 2 1
github.com/luxfi/dex/backend/pkg/lx/orderbook.go:415.53,417.4 1 1
github.com/luxfi/dex/backend/pkg/lx/orderbook.go:419.2,419.14 1 0
github.com/luxfi/dex/backend/pkg/lx/orderbook.go:422.58,424.23 2 1
github.com/luxfi/dex/backend/pkg/lx/orderbook.go:424.23,426.3 1 1
github.com/luxfi/dex/backend/pkg/lx/orderbook.go:426.8,428.3 1 0
github.com/luxfi/dex/backend/pkg/lx/orderbook.go:432.58,437.13 4 1
github.com/luxfi/dex/backend/pkg/lx/orderbook.go:437.13,439.3 1 0
github.com/luxfi/dex/backend/pkg/lx/orderbook.go:441.2,441.61 1 1
github.com/luxfi/dex/backend/pkg/lx/orderbook.go:441.61,443.3 1 0
github.com/luxfi/dex/backend/pkg/lx/orderbook.go:445.2,446.12 2 1
github.com/luxfi/dex/backend/pkg/lx/orderbook.go:450.85,455.13 4 1
github.com/luxfi/dex/backend/pkg/lx/orderbook.go:455.13,457.3 1 0
github.com/luxfi/dex/backend/pkg/lx/orderbook.go:459.2,459.61 1 1
github.com/luxfi/dex/backend/pkg/lx/orderbook.go:459.61,461.3 1 0
github.com/luxfi/dex/backend/pkg/lx/orderbook.go:464.2,464.23 1 1
github.com/luxfi/dex/backend/pkg/lx/orderbook.go:464.23,466.3 1 1
github.com/luxfi/dex/backend/pkg/lx/orderbook.go:466.8,468.3 1 0
github.com/luxfi/dex/backend/pkg/lx/orderbook.go:471.2,476.23 4 1
github.com/luxfi/dex/backend/pkg/lx/orderbook.go:476.23,478.3 1 1
github.com/luxfi/dex/backend/pkg/lx/orderbook.go:478.8,480.3 1 0
github.com/luxfi/dex/backend/pkg/lx/orderbook.go:482.2,482.12 1 1
github.com/luxfi/dex/backend/pkg/lx/orderbook.go:486.57,497.2 3 1
github.com/luxfi/dex/backend/pkg/lx/orderbook.go:499.58,506.41 5 2
github.com/luxfi/dex/backend/pkg/lx/orderbook.go:506.41,507.27 1 10
github.com/luxfi/dex/backend/pkg/lx/orderbook.go:507.27,509.4 1 10
github.com/luxfi/dex/backend/pkg/lx/orderbook.go:513.2,513.22 1 2
github.com/luxfi/dex/backend/pkg/lx/orderbook.go:513.22,515.3 1 1
github.com/luxfi/dex/backend/pkg/lx/orderbook.go:515.8,517.3 1 1
github.com/luxfi/dex/backend/pkg/lx/orderbook.go:520.2,520.31 1 2
github.com/luxfi/dex/backend/pkg/lx/orderbook.go:520.31,521.17 1 10
github.com/luxfi/dex/backend/pkg/lx/orderbook.go:521.17,522.9 1 0
github.com/luxfi/dex/backend/pkg/lx/orderbook.go:524.3,525.58 2 10
github.com/luxfi/dex/backend/pkg/lx/orderbook.go:525.58,531.4 1 10
github.com/luxfi/dex/backend/pkg/lx/orderbook.go:534.2,534.15 1 2
github.com/luxfi/dex/backend/pkg/lx/orderbook.go:538.51,553.2 6 1
github.com/luxfi/dex/backend/pkg/lx/orderbook.go:555.48,563.41 5 2
github.com/luxfi/dex/backend/pkg/lx/orderbook.go:563.41,564.27 1 2
github.com/luxfi/dex/backend/pkg/lx/orderbook.go:564.27,566.4 1 2
github.com/luxfi/dex/backend/pkg/lx/orderbook.go:569.2,569.22 1 2
github.com/luxfi/dex/backend/pkg/lx/orderbook.go:569.22,571.3 1 1
github.com/luxfi/dex/backend/pkg/lx/orderbook.go:571.8,573.3 1 1
github.com/luxfi/dex/backend/pkg/lx/orderbook.go:576.2,576.31 1 2
github.com/luxfi/dex/backend/pkg/lx/orderbook.go:576.31,578.58 2 2
github.com/luxfi/dex/backend/pkg/lx/orderbook.go:578.58,580.39 2 2
github.com/luxfi/dex/backend/pkg/lx/orderbook.go:580.39,581.64 1 2
github.com/luxfi/dex/backend/pkg/lx/orderbook.go:581.64,589.6 1 2
github.com/luxfi/dex/backend/pkg/lx/orderbook.go:591.4,591.22 1 2
github.com/luxfi/dex/backend/pkg/lx/orderbook.go:595.2,595.15 1 2
github.com/luxfi/dex/backend/pkg/lx/orderbook.go:606.43,606.60 1 89
github.com/luxfi/dex/backend/pkg/lx/orderbook.go:607.43,607.65 1 53
github.com/luxfi/dex/backend/pkg/lx/orderbook.go:608.43,608.70 1 4
github.com/luxfi/dex/backend/pkg/lx/orderbook.go:609.38,610.16 1 8
github.com/luxfi/dex/backend/pkg/lx/orderbook.go:610.16,612.3 1 8
github.com/luxfi/dex/backend/pkg/lx/orderbook.go:613.2,613.10 1 0
github.com/luxfi/dex/backend/pkg/lx/orderbook.go:616.44,618.2 1 60
github.com/luxfi/dex/backend/pkg/lx/orderbook.go:620.42,626.2 5 4
github.com/luxfi/dex/backend/pkg/lx/orderbook.go:630.43,630.60 1 92
github.com/luxfi/dex/backend/pkg/lx/orderbook.go:631.43,631.65 1 201
github.com/luxfi/dex/backend/pkg/lx/orderbook.go:632.43,632.70 1 197
github.com/luxfi/dex/backend/pkg/lx/orderbook.go:633.38,634.16 1 10
github.com/luxfi/dex/backend/pkg/lx/orderbook.go:634.16,636.3 1 10
github.com/luxfi/dex/backend/pkg/lx/orderbook.go:637.2,637.10 1 0
github.com/luxfi/dex/backend/pkg/lx/orderbook.go:640.44,642.2 1 68
github.com/luxfi/dex/backend/pkg/lx/orderbook.go:644.42,650.2 5 1
github.com/luxfi/dex/backend/pkg/lx/perpetuals.go:20.67,27.2 1 14
github.com/luxfi/dex/backend/pkg/lx/perpetuals.go:109.93,113.52 3 16
github.com/luxfi/dex/backend/pkg/lx/perpetuals.go:113.52,115.3 1 0
github.com/luxfi/dex/backend/pkg/lx/perpetuals.go:117.2,148.20 5 16
github.com/luxfi/dex/backend/pkg/lx/perpetuals.go:172.153,177.13 4 14
github.com/luxfi/dex/backend/pkg/lx/perpetuals.go:177.13,179.3 1 0
github.com/luxfi/dex/backend/pkg/lx/perpetuals.go:182.2,182.35 1 14
github.com/luxfi/dex/backend/pkg/lx/perpetuals.go:182.35,184.3 1 1
github.com/luxfi/dex/backend/pkg/lx/perpetuals.go:187.2,187.35 1 13
github.com/luxfi/dex/backend/pkg/lx/perpetuals.go:187.35,189.3 1 0
github.com/luxfi/dex/backend/pkg/lx/perpetuals.go:191.2,193.20 3 13
github.com/luxfi/dex/backend/pkg/lx/perpetuals.go:193.20,195.3 1 0
github.com/luxfi/dex/backend/pkg/lx/perpetuals.go:196.2,205.18 6 13
github.com/luxfi/dex/backend/pkg/lx/perpetuals.go:205.18,207.3 1 2
github.com/luxfi/dex/backend/pkg/lx/perpetuals.go:210.2,210.31 1 13
github.com/luxfi/dex/backend/pkg/lx/perpetuals.go:210.31,212.3 1 11
github.com/luxfi/dex/backend/pkg/lx/perpetuals.go:215.2,216.17 2 13
github.com/luxfi/dex/backend/pkg/lx/perpetuals.go:216.17,219.3 1 0
github.com/luxfi/dex/backend/pkg/lx/perpetuals.go:222.2,253.22 8 13
github.com/luxfi/dex/backend/pkg/lx/perpetuals.go:257.143,264.25 4 0
github.com/luxfi/dex/backend/pkg/lx/perpetuals.go:264.25,270.19 2 0
github.com/luxfi/dex/backend/pkg/lx/perpetuals.go:270.19,272.19 2 0
github.com/luxfi/dex/backend/pkg/lx/perpetuals.go:272.19,274.5 1 0
github.com/luxfi/dex/backend/pkg/lx/perpetuals.go:275.4,275.114 1 0
github.com/luxfi/dex/backend/pkg/lx/perpetuals.go:277.3,277.18 1 0
github.com/luxfi/dex/backend/pkg/lx/perpetuals.go:281.2,281.43 1 0
github.com/luxfi/dex/backend/pkg/lx/perpetuals.go:281.43,285.3 2 0
github.com/luxfi/dex/backend/pkg/lx/perpetuals.go:285.8,290.3 3 0
github.com/luxfi/dex/backend/pkg/lx/perpetuals.go:293.2,318.22 17 0
github.com/luxfi/dex/backend/pkg/lx/perpetuals.go:322.108,327.13 4 2
github.com/luxfi/dex/backend/pkg/lx/perpetuals.go:327.13,329.3 1 0
github.com/luxfi/dex/backend/pkg/lx/perpetuals.go:331.2,337.61 5 2
github.com/luxfi/dex/backend/pkg/lx/perpetuals.go:341.127,342.36 1 2
github.com/luxfi/dex/backend/pkg/lx/perpetuals.go:342.36,344.3 1 0
github.com/luxfi/dex/backend/pkg/lx/perpetuals.go:347.2,351.23 3 2
github.com/luxfi/dex/backend/pkg/lx/perpetuals.go:351.23,353.3 1 2
github.com/luxfi/dex/backend/pkg/lx/perpetuals.go:353.8,355.3 1 0
github.com/luxfi/dex/backend/pkg/lx/perpetuals.go:358.2,358.36 1 2
github.com/luxfi/dex/backend/pkg/lx/perpetuals.go:358.36,370.3 7 1
github.com/luxfi/dex/backend/pkg/lx/perpetuals.go:373.2,377.22 4 1
github.com/luxfi/dex/backend/pkg/lx/perpetuals.go:381.107,384.22 2 4
github.com/luxfi/dex/backend/pkg/lx/perpetuals.go:384.22,386.24 1 1
github.com/luxfi/dex/backend/pkg/lx/perpetuals.go:386.24,389.4 1 1
github.com/luxfi/dex/backend/pkg/lx/perpetuals.go:389.9,392.4 1 0
github.com/luxfi/dex/backend/pkg/lx/perpetuals.go:393.8,395.24 1 3
github.com/luxfi/dex/backend/pkg/lx/perpetuals.go:395.24,398.4 1 3
github.com/luxfi/dex/backend/pkg/lx/perpetuals.go:398.9,401.4 1 0
github.com/luxfi/dex/backend/pkg/lx/perpetuals.go:406.103,408.2 1 1
github.com/luxfi/dex/backend/pkg/lx/perpetuals.go:411.112,421.22 6 15
github.com/luxfi/dex/backend/pkg/lx/perpetuals.go:421.22,423.24 1 1
github.com/luxfi/dex/backend/pkg/lx/perpetuals.go:423.24,426.4 1 1
github.com/luxfi/dex/backend/pkg/lx/perpetuals.go:426.9,429.4 1 0
github.com/luxfi/dex/backend/pkg/lx/perpetuals.go:430.8,432.24 1 14
github.com/luxfi/dex/backend/pkg/lx/perpetuals.go:432.24,435.4 1 12
github.com/luxfi/dex/backend/pkg/lx/perpetuals.go:435.9,438.4 1 2
github.com/luxfi/dex/backend/pkg/lx/perpetuals.go:443.52,449.41 4 6
github.com/luxfi/dex/backend/pkg/lx/perpetuals.go:449.41,453.41 2 6
github.com/luxfi/dex/backend/pkg/lx/perpetuals.go:453.41,455.12 2 0
github.com/luxfi/dex/backend/pkg/lx/perpetuals.go:459.3,463.45 3 6
github.com/luxfi/dex/backend/pkg/lx/perpetuals.go:463.45,464.53 1 2
github.com/luxfi/dex/backend/pkg/lx/perpetuals.go:464.53,470.28 4 2
github.com/luxfi/dex/backend/pkg/lx/perpetuals.go:470.28,473.54 2 0
github.com/luxfi/dex/backend/pkg/lx/perpetuals.go:473.54,476.7 1 0
github.com/luxfi/dex/backend/pkg/lx/perpetuals.go:482.3,490.40 2 6
github.com/luxfi/dex/backend/pkg/lx/perpetuals.go:490.40,492.4 1 0
github.com/luxfi/dex/backend/pkg/lx/perpetuals.go:495.3,498.21 3 6
github.com/luxfi/dex/backend/pkg/lx/perpetuals.go:501.2,501.12 1 6
github.com/luxfi/dex/backend/pkg/lx/perpetuals.go:505.83,509.28 1 6
github.com/luxfi/dex/backend/pkg/lx/perpetuals.go:509.28,511.3 1 0
github.com/luxfi/dex/backend/pkg/lx/perpetuals.go:513.2,517.35 3 6
github.com/luxfi/dex/backend/pkg/lx/perpetuals.go:517.35,519.3 1 6
github.com/luxfi/dex/backend/pkg/lx/perpetuals.go:519.8,519.43 1 0
github.com/luxfi/dex/backend/pkg/lx/perpetuals.go:519.43,521.3 1 0
github.com/luxfi/dex/backend/pkg/lx/perpetuals.go:524.2,525.48 2 6
github.com/luxfi/dex/backend/pkg/lx/perpetuals.go:529.131,536.2 2 2
github.com/luxfi/dex/backend/pkg/lx/perpetuals.go:539.81,541.13 2 0
github.com/luxfi/dex/backend/pkg/lx/perpetuals.go:541.13,543.3 1 0
github.com/luxfi/dex/backend/pkg/lx/perpetuals.go:545.2,568.12 7 0
github.com/luxfi/dex/backend/pkg/lx/perpetuals.go:572.81,577.13 4 1
github.com/luxfi/dex/backend/pkg/lx/perpetuals.go:577.13,579.3 1 0
github.com/luxfi/dex/backend/pkg/lx/perpetuals.go:581.2,589.51 5 1
github.com/luxfi/dex/backend/pkg/lx/perpetuals.go:589.51,591.3 1 1
github.com/luxfi/dex/backend/pkg/lx/perpetuals.go:592.2,592.49 1 1
github.com/luxfi/dex/backend/pkg/lx/perpetuals.go:592.49,594.3 1 1
github.com/luxfi/dex/backend/pkg/lx/perpetuals.go:597.2,600.50 2 1
github.com/luxfi/dex/backend/pkg/lx/perpetuals.go:600.50,608.39 5 1
github.com/luxfi/dex/backend/pkg/lx/perpetuals.go:608.39,610.4 1 0
github.com/luxfi/dex/backend/pkg/lx/perpetuals.go:611.3,611.21 1 1
github.com/luxfi/dex/backend/pkg/lx/perpetuals.go:615.2,615.18 1 1
github.com/luxfi/dex/backend/pkg/lx/perpetuals.go:615.18,617.3 1 0
github.com/luxfi/dex/backend/pkg/lx/perpetuals.go:619.2,619.12 1 1
github.com/luxfi/dex/backend/pkg/lx/perpetuals.go:623.82,628.13 4 0
github.com/luxfi/dex/backend/pkg/lx/perpetuals.go:628.13,630.3 1 0
github.com/luxfi/dex/backend/pkg/lx/perpetuals.go:632.2,636.12 4 0
github.com/luxfi/dex/backend/pkg/lx/perpetuals.go:640.81,645.19 4 1
github.com/luxfi/dex/backend/pkg/lx/perpetuals.go:645.19,647.3 1 0
github.com/luxfi/dex/backend/pkg/lx/perpetuals.go:650.2,650.44 1 1
github.com/luxfi/dex/backend/pkg/lx/perpetuals.go:650.44,651.52 1 0
github.com/luxfi/dex/backend/pkg/lx/perpetuals.go:651.52,658.25 4 0
github.com/luxfi/dex/backend/pkg/lx/perpetuals.go:658.25,661.5 1 0
github.com/luxfi/dex/backend/pkg/lx/perpetuals.go:661.10,664.5 1 0
github.com/luxfi/dex/backend/pkg/lx/perpetuals.go:666.4,666.23 1 0
github.com/luxfi/dex/backend/pkg/lx/perpetuals.go:666.23,669.5 1 0
github.com/luxfi/dex/backend/pkg/lx/perpetuals.go:675.92,679.31 3 5
github.com/luxfi/dex/backend/pkg/lx/perpetuals.go:679.31,681.3 1 0
github.com/luxfi/dex/backend/pkg/lx/perpetuals.go:683.2,684.13 2 5
github.com/luxfi/dex/backend/pkg/lx/perpetuals.go:684.13,686.3 1 0
github.com/luxfi/dex/backend/pkg/lx/perpetuals.go:688.2,688.22 1 5
github.com/luxfi/dex/backend/pkg/lx/perpetuals.go:692.83,697.2 3 1
github.com/luxfi/dex/backend/pkg/lx/perpetuals.go:700.80,705.13 4 0
github.com/luxfi/dex/backend/pkg/lx/perpetuals.go:705.13,707.3 1 0
github.com/luxfi/dex/backend/pkg/lx/perpetuals.go:709.2,709.20 1 0
github.com/luxfi/dex/backend/pkg/lx/perpetuals.go:713.73,718.31 4 0
github.com/luxfi/dex/backend/pkg/lx/perpetuals.go:718.31,720.3 1 0
github.com/luxfi/dex/backend/pkg/lx/perpetuals.go:721.2,721.16 1 0
github.com/luxfi/dex/backend/pkg/lx/perpetuals.go:725.99,730.13 4 1
github.com/luxfi/dex/backend/pkg/lx/perpetuals.go:730.13,732.3 1 0
github.com/luxfi/dex/backend/pkg/lx/perpetuals.go:734.2,734.26 1 1
github.com/luxfi/dex/backend/pkg/lx/perpetuals.go:734.26,736.3 1 0
github.com/luxfi/dex/backend/pkg/lx/perpetuals.go:739.2,746.12 5 1
github.com/luxfi/dex/backend/pkg/lx/perpetuals.go:750.104,755.13 4 1
github.com/luxfi/dex/backend/pkg/lx/perpetuals.go:755.13,757.3 1 0
github.com/luxfi/dex/backend/pkg/lx/perpetuals.go:759.2,759.26 1 1
github.com/luxfi/dex/backend/pkg/lx/perpetuals.go:759.26,761.3 1 0
github.com/luxfi/dex/backend/pkg/lx/perpetuals.go:764.2,765.44 2 1
github.com/luxfi/dex/backend/pkg/lx/perpetuals.go:765.44,767.3 1 0
github.com/luxfi/dex/backend/pkg/lx/perpetuals.go:770.2,777.12 5 1
github.com/luxfi/dex/backend/pkg/lx/perpetuals.go:781.93,786.13 4 0
github.com/luxfi/dex/backend/pkg/lx/perpetuals.go:786.13,788.3 1 0
github.com/luxfi/dex/backend/pkg/lx/perpetuals.go:790.2,790.35 1 0
github.com/luxfi/dex/backend/pkg/lx/perpetuals.go:790.35,792.3 1 0
github.com/luxfi/dex/backend/pkg/lx/perpetuals.go:797.2,797.12 1 0
github.com/luxfi/dex/backend/pkg/lx/perpetuals.go:801.99,806.13 4 1
github.com/luxfi/dex/backend/pkg/lx/perpetuals.go:806.13,808.3 1 0
github.com/luxfi/dex/backend/pkg/lx/perpetuals.go:810.2,814.39 4 1
github.com/luxfi/dex/backend/pkg/lx/perpetuals.go:814.39,816.3 1 1
github.com/luxfi/dex/backend/pkg/lx/perpetuals.go:818.2,818.21 1 1
github.com/luxfi/dex/backend/pkg/lx/types.go:136.59,142.24 2 0
github.com/luxfi/dex/backend/pkg/lx/types.go:142.24,144.3 1 0
github.com/luxfi/dex/backend/pkg/lx/types.go:145.2,145.25 1 0
github.com/luxfi/dex/backend/pkg/lx/types.go:145.25,147.3 1 0
github.com/luxfi/dex/backend/pkg/lx/types.go:148.2,148.26 1 0
github.com/luxfi/dex/backend/pkg/lx/types.go:148.26,150.3 1 0
github.com/luxfi/dex/backend/pkg/lx/types.go:152.2,152.15 1 0
github.com/luxfi/dex/backend/pkg/lx/types.go:156.44,160.2 2 0
github.com/luxfi/dex/backend/pkg/lx/types.go:163.43,166.2 2 0
github.com/luxfi/dex/backend/pkg/lx/types.go:169.73,176.2 5 0
github.com/luxfi/dex/backend/pkg/lx/types.go:179.46,180.35 1 0
github.com/luxfi/dex/backend/pkg/lx/types.go:180.35,183.3 1 0
github.com/luxfi/dex/backend/pkg/lx/types.go:187.52,188.9 1 0
github.com/luxfi/dex/backend/pkg/lx/types.go:189.30,189.30 0 0
github.com/luxfi/dex/backend/pkg/lx/types.go:190.10,190.10 0 0
github.com/luxfi/dex/backend/pkg/lx/vaults.go:18.59,23.2 1 0
github.com/luxfi/dex/backend/pkg/lx/vaults.go:26.73,30.47 3 0
github.com/luxfi/dex/backend/pkg/lx/vaults.go:30.47,32.3 1 0
github.com/luxfi/dex/backend/pkg/lx/vaults.go:34.2,53.48 2 0
github.com/luxfi/dex/backend/pkg/lx/vaults.go:53.48,55.22 2 0
github.com/luxfi/dex/backend/pkg/lx/vaults.go:55.22,57.4 1 0
github.com/luxfi/dex/backend/pkg/lx/vaults.go:60.2,61.19 2 0
github.com/luxfi/dex/backend/pkg/lx/vaults.go:137.79,142.41 3 0
github.com/luxfi/dex/backend/pkg/lx/vaults.go:142.41,144.3 1 0
github.com/luxfi/dex/backend/pkg/lx/vaults.go:147.2,148.75 2 0
github.com/luxfi/dex/backend/pkg/lx/vaults.go:148.75,150.3 1 0
github.com/luxfi/dex/backend/pkg/lx/vaults.go:153.2,154.43 2 0
github.com/luxfi/dex/backend/pkg/lx/vaults.go:154.43,157.3 1 0
github.com/luxfi/dex/backend/pkg/lx/vaults.go:157.8,161.3 2 0
github.com/luxfi/dex/backend/pkg/lx/vaults.go:164.2,165.13 2 0
github.com/luxfi/dex/backend/pkg/lx/vaults.go:165.13,175.3 2 0
github.com/luxfi/dex/backend/pkg/lx/vaults.go:178.2,189.46 8 0
github.com/luxfi/dex/backend/pkg/lx/vaults.go:189.46,191.3 1 0
github.com/luxfi/dex/backend/pkg/lx/vaults.go:193.2,193.22 1 0
github.com/luxfi/dex/backend/pkg/lx/vaults.go:197.74,202.13 4 0
github.com/luxfi/dex/backend/pkg/lx/vaults.go:202.13,204.3 1 0
github.com/luxfi/dex/backend/pkg/lx/vaults.go:207.2,207.45 1 0
github.com/luxfi/dex/backend/pkg/lx/vaults.go:207.45,209.3 1 0
github.com/luxfi/dex/backend/pkg/lx/vaults.go:212.2,212.37 1 0
github.com/luxfi/dex/backend/pkg/lx/vaults.go:212.37,214.3 1 0
github.com/luxfi/dex/backend/pkg/lx/vaults.go:218.2,242.45 14 0
github.com/luxfi/dex/backend/pkg/lx/vaults.go:242.45,244.3 1 0
github.com/luxfi/dex/backend/pkg/lx/vaults.go:246.2,246.20 1 0
github.com/luxfi/dex/backend/pkg/lx/vaults.go:250.88,254.35 2 0
github.com/luxfi/dex/backend/pkg/lx/vaults.go:254.35,259.3 3 0
github.com/luxfi/dex/backend/pkg/lx/vaults.go:262.2,269.15 7 0
github.com/luxfi/dex/backend/pkg/lx/vaults.go:273.62,277.33 3 0
github.com/luxfi/dex/backend/pkg/lx/vaults.go:277.33,279.3 1 0
github.com/luxfi/dex/backend/pkg/lx/vaults.go:281.2,284.40 3 0
github.com/luxfi/dex/backend/pkg/lx/vaults.go:284.40,295.3 4 0
github.com/luxfi/dex/backend/pkg/lx/vaults.go:297.2,297.18 1 0
github.com/luxfi/dex/backend/pkg/lx/vaults.go:301.48,307.38 4 0
github.com/luxfi/dex/backend/pkg/lx/vaults.go:307.38,309.3 1 0
github.com/luxfi/dex/backend/pkg/lx/vaults.go:310.2,310.18 1 0
github.com/luxfi/dex/backend/pkg/lx/vaults.go:314.91,317.24 2 0
github.com/luxfi/dex/backend/pkg/lx/vaults.go:317.24,319.3 1 0
github.com/luxfi/dex/backend/pkg/lx/vaults.go:321.2,325.83 3 0
github.com/luxfi/dex/backend/pkg/lx/vaults.go:325.83,327.3 1 0
github.com/luxfi/dex/backend/pkg/lx/vaults.go:329.2,329.19 1 0
github.com/luxfi/dex/backend/pkg/lx/vaults.go:333.57,337.31 3 0
github.com/luxfi/dex/backend/pkg/lx/vaults.go:337.31,341.98 2 0
github.com/luxfi/dex/backend/pkg/lx/vaults.go:341.98,342.12 1 0
github.com/luxfi/dex/backend/pkg/lx/vaults.go:346.3,346.95 1 0
github.com/luxfi/dex/backend/pkg/lx/vaults.go:346.95,347.12 1 0
github.com/luxfi/dex/backend/pkg/lx/vaults.go:350.3,351.27 2 0
github.com/luxfi/dex/backend/pkg/lx/vaults.go:354.2,354.17 1 0
github.com/luxfi/dex/backend/pkg/lx/vaults.go:358.35,362.62 3 0
github.com/luxfi/dex/backend/pkg/lx/vaults.go:362.62,364.3 1 0
github.com/luxfi/dex/backend/pkg/lx/vaults.go:367.2,367.47 1 0
github.com/luxfi/dex/backend/pkg/lx/vaults.go:367.47,369.17 2 0
github.com/luxfi/dex/backend/pkg/lx/vaults.go:369.17,371.4 1 0
github.com/luxfi/dex/backend/pkg/lx/vaults.go:375.2,375.50 1 0
github.com/luxfi/dex/backend/pkg/lx/vaults.go:375.50,377.17 2 0
github.com/luxfi/dex/backend/pkg/lx/vaults.go:377.17,379.4 1 0
github.com/luxfi/dex/backend/pkg/lx/vaults.go:383.2,383.40 1 0
github.com/luxfi/dex/backend/pkg/lx/vaults.go:383.40,384.50 1 0
github.com/luxfi/dex/backend/pkg/lx/vaults.go:384.50,386.4 1 0
github.com/luxfi/dex/backend/pkg/lx/vaults.go:389.2,390.12 2 0
github.com/luxfi/dex/backend/pkg/lx/vaults.go:394.58,401.44 4 0
github.com/luxfi/dex/backend/pkg/lx/vaults.go:401.44,412.3 7 0
github.com/luxfi/dex/backend/pkg/lx/vaults.go:461.79,462.21 1 0
github.com/luxfi/dex/backend/pkg/lx/vaults.go:463.23,464.41 1 0
github.com/luxfi/dex/backend/pkg/lx/vaults.go:465.18,466.37 1 0
github.com/luxfi/dex/backend/pkg/lx/vaults.go:467.19,468.38 1 0
github.com/luxfi/dex/backend/pkg/lx/vaults.go:469.24,470.42 1 0
github.com/luxfi/dex/backend/pkg/lx/vaults.go:471.10,472.13 1 0
github.com/luxfi/dex/backend/pkg/lx/vaults.go:477.50,481.2 1 0
github.com/luxfi/dex/backend/pkg/lx/vaults.go:484.49,487.46 1 0
github.com/luxfi/dex/backend/pkg/lx/vaults.go:487.46,489.3 1 0
github.com/luxfi/dex/backend/pkg/lx/vaults.go:492.54,495.25 1 0
github.com/luxfi/dex/backend/pkg/lx/vaults.go:495.25,497.3 1 0
github.com/luxfi/dex/backend/pkg/lx/vaults.go:511.75,513.56 2 0
github.com/luxfi/dex/backend/pkg/lx/vaults.go:513.56,515.3 1 0
github.com/luxfi/dex/backend/pkg/lx/vaults.go:517.2,518.51 2 0
github.com/luxfi/dex/backend/pkg/lx/vaults.go:518.51,520.3 1 0
github.com/luxfi/dex/backend/pkg/lx/vaults.go:522.2,528.3 1 0
github.com/luxfi/dex/backend/pkg/lx/vaults.go:531.85,536.56 3 0
github.com/luxfi/dex/backend/pkg/lx/vaults.go:536.56,538.3 1 0
github.com/luxfi/dex/backend/pkg/lx/vaults.go:540.2,543.31 2 0
github.com/luxfi/dex/backend/pkg/lx/vaults.go:543.31,567.3 5 0
github.com/luxfi/dex/backend/pkg/lx/vaults.go:569.2,569.15 1 0
github.com/luxfi/dex/backend/pkg/lx/vaults.go:572.59,574.2 1 0
github.com/luxfi/dex/backend/pkg/lx/vaults.go:576.49,578.2 1 0
github.com/luxfi/dex/backend/pkg/lx/vaults.go:580.70,582.2 1 0
github.com/luxfi/dex/backend/pkg/lx/vaults.go:592.67,599.2 1 0
github.com/luxfi/dex/backend/pkg/lx/vaults.go:601.81,604.2 1 0
github.com/luxfi/dex/backend/pkg/lx/vaults.go:606.55,608.2 1 0
github.com/luxfi/dex/backend/pkg/lx/vaults.go:610.45,612.2 1 0
github.com/luxfi/dex/backend/pkg/lx/vaults.go:614.66,616.2 1 0
github.com/luxfi/dex/backend/pkg/lx/vaults.go:624.69,629.2 1 0
github.com/luxfi/dex/backend/pkg/lx/vaults.go:631.82,634.2 1 0
github.com/luxfi/dex/backend/pkg/lx/vaults.go:636.56,638.2 1 0
github.com/luxfi/dex/backend/pkg/lx/vaults.go:640.46,642.2 1 0
github.com/luxfi/dex/backend/pkg/lx/vaults.go:644.67,646.2 1 0
github.com/luxfi/dex/backend/pkg/lx/vaults.go:656.77,663.2 1 0
github.com/luxfi/dex/backend/pkg/lx/vaults.go:665.86,668.2 1 0
github.com/luxfi/dex/backend/pkg/lx/vaults.go:670.60,672.2 1 0
github.com/luxfi/dex/backend/pkg/lx/vaults.go:674.50,676.2 1 0
github.com/luxfi/dex/backend/pkg/lx/vaults.go:678.71,680.2 1 0
github.com/luxfi/dex/backend/pkg/lx/vaults.go:683.61,688.13 4 0
github.com/luxfi/dex/backend/pkg/lx/vaults.go:688.13,690.3 1 0
github.com/luxfi/dex/backend/pkg/lx/vaults.go:691.2,691.19 1 0
github.com/luxfi/dex/backend/pkg/lx/vaults.go:695.47,700.34 4 0
github.com/luxfi/dex/backend/pkg/lx/vaults.go:700.34,702.3 1 0
github.com/luxfi/dex/backend/pkg/lx/vaults.go:703.2,703.15 1 0
github.com/luxfi/dex/backend/pkg/lx/vaults.go:707.85,709.16 2 0
github.com/luxfi/dex/backend/pkg/lx/vaults.go:709.16,711.3 1 0
github.com/luxfi/dex/backend/pkg/lx/vaults.go:713.2,716.31 3 0
github.com/luxfi/dex/backend/pkg/lx/vaults.go:720.40,723.2 2 0
github.com/luxfi/dex/backend/pkg/orderbook/factory.go:16.41,18.56 1 6
github.com/luxfi/dex/backend/pkg/orderbook/factory.go:18.56,20.3 1 0
github.com/luxfi/dex/backend/pkg/orderbook/factory.go:25.2,25.30 1 6
github.com/luxfi/dex/backend/pkg/orderbook/factory.go:29.41,30.37 1 0
github.com/luxfi/dex/backend/pkg/orderbook/factory.go:30.37,32.3 1 0
github.com/luxfi/dex/backend/pkg/orderbook/factory.go:33.2,33.15 1 0
github.com/luxfi/dex/backend/pkg/orderbook/factory_cgo.go:7.45,8.35 1 6
github.com/luxfi/dex/backend/pkg/orderbook/factory_cgo.go:8.35,10.3 1 0
github.com/luxfi/dex/backend/pkg/orderbook/factory_cgo.go:11.2,15.3 1 6
github.com/luxfi/dex/backend/pkg/orderbook/orderbook_cgo.go:45.51,51.2 1 0
github.com/luxfi/dex/backend/pkg/orderbook/orderbook_cgo.go:54.55,58.19 3 0
github.com/luxfi/dex/backend/pkg/orderbook/orderbook_cgo.go:58.19,61.3 2 0
github.com/luxfi/dex/backend/pkg/orderbook/orderbook_cgo.go:63.2,64.24 2 0
github.com/luxfi/dex/backend/pkg/orderbook/orderbook_cgo.go:64.24,66.3 1 0
github.com/luxfi/dex/backend/pkg/orderbook/orderbook_cgo.go:68.2,76.17 2 0
github.com/luxfi/dex/backend/pkg/orderbook/orderbook_cgo.go:80.58,86.2 4 0
github.com/luxfi/dex/backend/pkg/orderbook/orderbook_cgo.go:89.47,104.29 7 0
github.com/luxfi/dex/backend/pkg/orderbook/orderbook_cgo.go:104.29,112.3 1 0
github.com/luxfi/dex/backend/pkg/orderbook/orderbook_cgo.go:114.2,114.15 1 0
github.com/luxfi/dex/backend/pkg/orderbook/orderbook_cgo.go:118.46,123.2 3 0
github.com/luxfi/dex/backend/pkg/orderbook/orderbook_cgo.go:126.46,131.2 3 0
github.com/luxfi/dex/backend/pkg/orderbook/orderbook_cgo.go:134.53,146.2 5 0
github.com/luxfi/dex/backend/pkg/orderbook/orderbook_cgo.go:149.45,151.2 1 0
github.com/luxfi/dex/backend/pkg/orderbook/orderbook_cgo.go:154.47,157.26 3 0
github.com/luxfi/dex/backend/pkg/orderbook/orderbook_cgo.go:157.26,159.3 1 0
github.com/luxfi/dex/backend/pkg/orderbook/orderbook_cgo.go:160.2,160.24 1 0
github.com/luxfi/dex/backend/pkg/orderbook/orderbook_cgo.go:164.45,171.2 5 0
github.com/luxfi/dex/backend/pkg/orderbook/orderbook_cgo.go:174.57,176.2 1 0
github.com/luxfi/dex/backend/pkg/orderbook/orderbook_cgo.go:179.83,180.30 1 0
github.com/luxfi/dex/backend/pkg/orderbook/orderbook_cgo.go:180.30,182.3 1 0
github.com/luxfi/dex/backend/pkg/orderbook/orderbook_cgo.go:184.2,189.13 2 0
github.com/luxfi/dex/backend/pkg/orderbook/orderbook_cgo.go:193.33,200.2 4 0
github.com/luxfi/dex/backend/pkg/orderbook/orderbook_cgo.go:203.44,206.2 1 0
github.com/luxfi/dex/backend/pkg/orderbook/orderbook_cgo.go:209.35,213.22 3 0
github.com/luxfi/dex/backend/pkg/orderbook/orderbook_cgo.go:213.22,216.3 2 0
github.com/luxfi/dex/backend/pkg/orderbook/orderbook_go.go:20.49,26.2 1 0
github.com/luxfi/dex/backend/pkg/orderbook/orderbook_go.go:29.54,30.60 1 10517
github.com/luxfi/dex/backend/pkg/orderbook/orderbook_go.go:30.60,32.3 1 2
github.com/luxfi/dex/backend/pkg/orderbook/orderbook_go.go:34.2,37.19 3 10515
github.com/luxfi/dex/backend/pkg/orderbook/orderbook_go.go:37.19,40.3 2 1
github.com/luxfi/dex/backend/pkg/orderbook/orderbook_go.go:42.2,46.23 3 10515
github.com/luxfi/dex/backend/pkg/orderbook/orderbook_go.go:46.23,48.3 1 5261
github.com/luxfi/dex/backend/pkg/orderbook/orderbook_go.go:48.8,50.3 1 5254
github.com/luxfi/dex/backend/pkg/orderbook/orderbook_go.go:52.2,52.17 1 10515
github.com/luxfi/dex/backend/pkg/orderbook/orderbook_go.go:56.57,61.13 4 41
github.com/luxfi/dex/backend/pkg/orderbook/orderbook_go.go:61.13,63.3 1 4
github.com/luxfi/dex/backend/pkg/orderbook/orderbook_go.go:65.2,68.23 2 37
github.com/luxfi/dex/backend/pkg/orderbook/orderbook_go.go:68.23,70.3 1 0
github.com/luxfi/dex/backend/pkg/orderbook/orderbook_go.go:70.8,72.3 1 37
github.com/luxfi/dex/backend/pkg/orderbook/orderbook_go.go:74.2,74.13 1 37
github.com/luxfi/dex/backend/pkg/orderbook/orderbook_go.go:78.88,83.13 4 16
github.com/luxfi/dex/backend/pkg/orderbook/orderbook_go.go:83.13,85.3 1 5
github.com/luxfi/dex/backend/pkg/orderbook/orderbook_go.go:88.2,88.23 1 11
github.com/luxfi/dex/backend/pkg/orderbook/orderbook_go.go:88.23,90.3 1 11
github.com/luxfi/dex/backend/pkg/orderbook/orderbook_go.go:90.8,92.3 1 0
github.com/luxfi/dex/backend/pkg/orderbook/orderbook_go.go:95.2,99.23 3 11
github.com/luxfi/dex/backend/pkg/orderbook/orderbook_go.go:99.23,101.3 1 11
github.com/luxfi/dex/backend/pkg/orderbook/orderbook_go.go:101.8,103.3 1 0
github.com/luxfi/dex/backend/pkg/orderbook/orderbook_go.go:105.2,105.13 1 11
github.com/luxfi/dex/backend/pkg/orderbook/orderbook_go.go:109.46,115.43 4 13
github.com/luxfi/dex/backend/pkg/orderbook/orderbook_go.go:115.43,122.29 5 5180
github.com/luxfi/dex/backend/pkg/orderbook/orderbook_go.go:122.29,125.31 2 5168
github.com/luxfi/dex/backend/pkg/orderbook/orderbook_go.go:125.31,127.5 1 2517
github.com/luxfi/dex/backend/pkg/orderbook/orderbook_go.go:129.4,149.25 8 5168
github.com/luxfi/dex/backend/pkg/orderbook/orderbook_go.go:149.25,152.5 2 2651
github.com/luxfi/dex/backend/pkg/orderbook/orderbook_go.go:153.4,153.25 1 5168
github.com/luxfi/dex/backend/pkg/orderbook/orderbook_go.go:153.25,156.5 2 2519
github.com/luxfi/dex/backend/pkg/orderbook/orderbook_go.go:157.9,158.9 1 12
github.com/luxfi/dex/backend/pkg/orderbook/orderbook_go.go:162.2,162.15 1 13
github.com/luxfi/dex/backend/pkg/orderbook/orderbook_go.go:166.45,170.23 3 2
github.com/luxfi/dex/backend/pkg/orderbook/orderbook_go.go:170.23,172.3 1 0
github.com/luxfi/dex/backend/pkg/orderbook/orderbook_go.go:174.2,174.36 1 2
github.com/luxfi/dex/backend/pkg/orderbook/orderbook_go.go:178.45,182.23 3 2
github.com/luxfi/dex/backend/pkg/orderbook/orderbook_go.go:182.23,184.3 1 0
github.com/luxfi/dex/backend/pkg/orderbook/orderbook_go.go:186.2,186.36 1 2
github.com/luxfi/dex/backend/pkg/orderbook/orderbook_go.go:190.52,201.29 5 3
github.com/luxfi/dex/backend/pkg/orderbook/orderbook_go.go:201.29,203.30 2 2607
github.com/luxfi/dex/backend/pkg/orderbook/orderbook_go.go:203.30,204.12 1 1
github.com/luxfi/dex/backend/pkg/orderbook/orderbook_go.go:206.3,206.43 1 2606
github.com/luxfi/dex/backend/pkg/orderbook/orderbook_go.go:210.2,211.29 2 3
github.com/luxfi/dex/backend/pkg/orderbook/orderbook_go.go:211.29,213.30 2 2696
github.com/luxfi/dex/backend/pkg/orderbook/orderbook_go.go:213.30,214.12 1 0
github.com/luxfi/dex/backend/pkg/orderbook/orderbook_go.go:216.3,216.43 1 2696
github.com/luxfi/dex/backend/pkg/orderbook/orderbook_go.go:220.2,220.37 1 3
github.com/luxfi/dex/backend/pkg/orderbook/orderbook_go.go:220.37,222.32 2 40
github.com/luxfi/dex/backend/pkg/orderbook/orderbook_go.go:222.32,223.9 1 1
github.com/luxfi/dex/backend/pkg/orderbook/orderbook_go.go:227.2,227.37 1 3
github.com/luxfi/dex/backend/pkg/orderbook/orderbook_go.go:227.37,229.32 2 36
github.com/luxfi/dex/backend/pkg/orderbook/orderbook_go.go:229.32,230.9 1 1
github.com/luxfi/dex/backend/pkg/orderbook/orderbook_go.go:234.2,234.14 1 3
github.com/luxfi/dex/backend/pkg/orderbook/orderbook_go.go:238.43,242.2 3 1
github.com/luxfi/dex/backend/pkg/orderbook/orderbook_go.go:245.50,247.29 2 5272
github.com/luxfi/dex/backend/pkg/orderbook/orderbook_go.go:247.29,249.3 1 0
github.com/luxfi/dex/backend/pkg/orderbook/orderbook_go.go:252.2,253.25 2 5272
github.com/luxfi/dex/backend/pkg/orderbook/orderbook_go.go:253.25,255.33 2 6318872
github.com/luxfi/dex/backend/pkg/orderbook/orderbook_go.go:255.33,256.12 1 0
github.com/luxfi/dex/backend/pkg/orderbook/orderbook_go.go:258.3,258.35 1 6318872
github.com/luxfi/dex/backend/pkg/orderbook/orderbook_go.go:258.35,259.9 1 5157
github.com/luxfi/dex/backend/pkg/orderbook/orderbook_go.go:261.3,261.8 1 6313715
github.com/luxfi/dex/backend/pkg/orderbook/orderbook_go.go:265.2,267.24 3 5272
github.com/luxfi/dex/backend/pkg/orderbook/orderbook_go.go:270.50,272.29 2 5254
github.com/luxfi/dex/backend/pkg/orderbook/orderbook_go.go:272.29,274.3 1 0
github.com/luxfi/dex/backend/pkg/orderbook/orderbook_go.go:277.2,278.25 2 5254
github.com/luxfi/dex/backend/pkg/orderbook/orderbook_go.go:278.25,280.33 2 6445227
github.com/luxfi/dex/backend/pkg/orderbook/orderbook_go.go:280.33,281.12 1 0
github.com/luxfi/dex/backend/pkg/orderbook/orderbook_go.go:283.3,283.35 1 6445227
github.com/luxfi/dex/backend/pkg/orderbook/orderbook_go.go:283.35,284.9 1 5042
github.com/luxfi/dex/backend/pkg/orderbook/orderbook_go.go:286.3,286.8 1 6440185
github.com/luxfi/dex/backend/pkg/orderbook/orderbook_go.go:290.2,292.24 3 5254
github.com/luxfi/dex/backend/pkg/orderbook/orderbook_go.go:295.50,296.29 1 11
github.com/luxfi/dex/backend/pkg/orderbook/orderbook_go.go:296.29,297.20 1 215
github.com/luxfi/dex/backend/pkg/orderbook/orderbook_go.go:297.20,299.9 2 11
github.com/luxfi/dex/backend/pkg/orderbook/orderbook_go.go:304.50,305.29 1 37
github.com/luxfi/dex/backend/pkg/orderbook/orderbook_go.go:305.29,306.20 1 934
github.com/luxfi/dex/backend/pkg/orderbook/orderbook_go.go:306.20,308.9 2 37
