mode: atomic
github.com/luxfi/dex/backend/pkg/metric/metric.go:16.30,21.2 1 0
github.com/luxfi/dex/backend/pkg/metric/metric.go:29.36,31.2 1 0
github.com/luxfi/dex/backend/pkg/metric/metric.go:34.33,36.2 1 0
github.com/luxfi/dex/backend/pkg/metric/metric.go:39.50,43.43 3 0
github.com/luxfi/dex/backend/pkg/metric/metric.go:43.43,45.3 1 0
github.com/luxfi/dex/backend/pkg/metric/metric.go:47.2,49.10 3 0
github.com/luxfi/dex/backend/pkg/metric/metric.go:59.44,63.2 3 0
github.com/luxfi/dex/backend/pkg/metric/metric.go:66.51,70.24 3 0
github.com/luxfi/dex/backend/pkg/metric/metric.go:70.24,72.3 1 0
github.com/luxfi/dex/backend/pkg/metric/metric.go:75.2,76.29 2 0
github.com/luxfi/dex/backend/pkg/metric/metric.go:76.29,78.3 1 0
github.com/luxfi/dex/backend/pkg/metric/metric.go:79.2,79.37 1 0
github.com/luxfi/dex/backend/pkg/metric/metric.go:83.54,87.45 3 0
github.com/luxfi/dex/backend/pkg/metric/metric.go:87.45,89.3 1 0
github.com/luxfi/dex/backend/pkg/metric/metric.go:91.2,95.10 3 0
github.com/luxfi/dex/backend/pkg/log/log.go:28.36,33.2 1 0
github.com/luxfi/dex/backend/pkg/log/log.go:36.72,46.29 4 0
github.com/luxfi/dex/backend/pkg/log/log.go:46.29,48.3 1 0
github.com/luxfi/dex/backend/pkg/log/log.go:49.2,51.18 2 0
github.com/luxfi/dex/backend/pkg/log/log.go:55.62,57.2 1 0
github.com/luxfi/dex/backend/pkg/log/log.go:60.63,62.2 1 0
github.com/luxfi/dex/backend/pkg/log/log.go:65.62,67.2 1 0
github.com/luxfi/dex/backend/pkg/log/log.go:70.63,72.2 1 0
github.com/luxfi/dex/backend/pkg/log/log.go:75.63,78.2 2 0
github.com/luxfi/dex/backend/pkg/log/log.go:81.82,89.29 5 0
github.com/luxfi/dex/backend/pkg/log/log.go:89.29,91.3 1 0
github.com/luxfi/dex/backend/pkg/log/log.go:94.2,95.36 2 0
github.com/luxfi/dex/backend/pkg/log/log.go:95.36,96.22 1 0
github.com/luxfi/dex/backend/pkg/log/log.go:96.22,98.4 1 0
github.com/luxfi/dex/backend/pkg/log/log.go:101.2,101.85 1 0
github.com/luxfi/dex/backend/pkg/fix/cpp_codec.go:26.50,30.2 1 0
github.com/luxfi/dex/backend/pkg/fix/cpp_codec.go:33.58,46.13 5 0
github.com/luxfi/dex/backend/pkg/fix/cpp_codec.go:46.13,48.3 1 0
github.com/luxfi/dex/backend/pkg/fix/cpp_codec.go:50.2,50.41 1 0
github.com/luxfi/dex/backend/pkg/fix/cpp_codec.go:54.31,58.21 3 0
github.com/luxfi/dex/backend/pkg/fix/cpp_codec.go:58.21,61.3 2 0
github.com/luxfi/dex/backend/pkg/fix/cpp_codec.go:70.47,72.17 2 0
github.com/luxfi/dex/backend/pkg/fix/cpp_codec.go:72.17,74.3 1 0
github.com/luxfi/dex/backend/pkg/fix/cpp_codec.go:75.2,75.25 1 0
github.com/luxfi/dex/backend/pkg/fix/cpp_codec.go:79.47,81.2 1 0
github.com/luxfi/dex/backend/pkg/fix/cpp_codec.go:84.54,86.2 1 0
github.com/luxfi/dex/backend/pkg/fix/cpp_codec.go:89.45,91.2 1 0
github.com/luxfi/dex/backend/pkg/fix/cpp_codec.go:94.52,103.29 4 0
github.com/luxfi/dex/backend/pkg/fix/cpp_codec.go:103.29,107.3 3 0
github.com/luxfi/dex/backend/pkg/fix/cpp_codec.go:109.2,109.15 1 0
github.com/luxfi/dex/backend/pkg/fix/cpp_codec.go:119.34,123.2 1 0
github.com/luxfi/dex/backend/pkg/fix/cpp_codec.go:126.30,131.2 3 0
github.com/luxfi/dex/backend/pkg/fix/cpp_codec.go:134.57,142.2 5 0
github.com/luxfi/dex/backend/pkg/fix/cpp_codec.go:145.57,150.2 3 0
github.com/luxfi/dex/backend/pkg/fix/cpp_codec.go:153.64,158.2 3 0
github.com/luxfi/dex/backend/pkg/fix/cpp_codec.go:161.46,172.14 5 0
github.com/luxfi/dex/backend/pkg/fix/cpp_codec.go:172.14,174.3 1 0
github.com/luxfi/dex/backend/pkg/fix/cpp_codec.go:176.2,176.27 1 0
github.com/luxfi/dex/backend/pkg/fix/cpp_codec.go:180.32,184.21 3 0
github.com/luxfi/dex/backend/pkg/fix/cpp_codec.go:184.21,187.3 2 0
github.com/luxfi/dex/backend/pkg/orderbook/factory.go:16.41,18.56 1 6
github.com/luxfi/dex/backend/pkg/orderbook/factory.go:18.56,20.3 1 0
github.com/luxfi/dex/backend/pkg/orderbook/factory.go:25.2,25.30 1 6
github.com/luxfi/dex/backend/pkg/orderbook/factory.go:29.41,30.37 1 0
github.com/luxfi/dex/backend/pkg/orderbook/factory.go:30.37,32.3 1 0
github.com/luxfi/dex/backend/pkg/orderbook/factory.go:33.2,33.15 1 0
github.com/luxfi/dex/backend/pkg/orderbook/factory_cgo.go:7.45,8.35 1 6
github.com/luxfi/dex/backend/pkg/orderbook/factory_cgo.go:8.35,10.3 1 0
github.com/luxfi/dex/backend/pkg/orderbook/factory_cgo.go:11.2,15.3 1 6
github.com/luxfi/dex/backend/pkg/orderbook/orderbook_cgo.go:45.51,51.2 1 0
github.com/luxfi/dex/backend/pkg/orderbook/orderbook_cgo.go:54.55,58.19 3 0
github.com/luxfi/dex/backend/pkg/orderbook/orderbook_cgo.go:58.19,61.3 2 0
github.com/luxfi/dex/backend/pkg/orderbook/orderbook_cgo.go:63.2,64.24 2 0
github.com/luxfi/dex/backend/pkg/orderbook/orderbook_cgo.go:64.24,66.3 1 0
github.com/luxfi/dex/backend/pkg/orderbook/orderbook_cgo.go:68.2,76.17 2 0
github.com/luxfi/dex/backend/pkg/orderbook/orderbook_cgo.go:80.58,86.2 4 0
github.com/luxfi/dex/backend/pkg/orderbook/orderbook_cgo.go:89.47,104.29 7 0
github.com/luxfi/dex/backend/pkg/orderbook/orderbook_cgo.go:104.29,112.3 1 0
github.com/luxfi/dex/backend/pkg/orderbook/orderbook_cgo.go:114.2,114.15 1 0
github.com/luxfi/dex/backend/pkg/orderbook/orderbook_cgo.go:118.46,123.2 3 0
github.com/luxfi/dex/backend/pkg/orderbook/orderbook_cgo.go:126.46,131.2 3 0
github.com/luxfi/dex/backend/pkg/orderbook/orderbook_cgo.go:134.53,146.2 5 0
github.com/luxfi/dex/backend/pkg/orderbook/orderbook_cgo.go:149.45,151.2 1 0
github.com/luxfi/dex/backend/pkg/orderbook/orderbook_cgo.go:154.47,157.26 3 0
github.com/luxfi/dex/backend/pkg/orderbook/orderbook_cgo.go:157.26,159.3 1 0
github.com/luxfi/dex/backend/pkg/orderbook/orderbook_cgo.go:160.2,160.24 1 0
github.com/luxfi/dex/backend/pkg/orderbook/orderbook_cgo.go:164.45,171.2 5 0
github.com/luxfi/dex/backend/pkg/orderbook/orderbook_cgo.go:174.57,176.2 1 0
github.com/luxfi/dex/backend/pkg/orderbook/orderbook_cgo.go:179.83,180.30 1 0
github.com/luxfi/dex/backend/pkg/orderbook/orderbook_cgo.go:180.30,182.3 1 0
github.com/luxfi/dex/backend/pkg/orderbook/orderbook_cgo.go:184.2,189.13 2 0
github.com/luxfi/dex/backend/pkg/orderbook/orderbook_cgo.go:193.33,200.2 4 0
github.com/luxfi/dex/backend/pkg/orderbook/orderbook_cgo.go:203.44,206.2 1 0
github.com/luxfi/dex/backend/pkg/orderbook/orderbook_cgo.go:209.35,213.22 3 0
github.com/luxfi/dex/backend/pkg/orderbook/orderbook_cgo.go:213.22,216.3 2 0
github.com/luxfi/dex/backend/pkg/orderbook/orderbook_go.go:20.49,26.2 1 0
github.com/luxfi/dex/backend/pkg/orderbook/orderbook_go.go:29.54,30.60 1 10517
github.com/luxfi/dex/backend/pkg/orderbook/orderbook_go.go:30.60,32.3 1 2
github.com/luxfi/dex/backend/pkg/orderbook/orderbook_go.go:34.2,37.19 3 10515
github.com/luxfi/dex/backend/pkg/orderbook/orderbook_go.go:37.19,40.3 2 1
github.com/luxfi/dex/backend/pkg/orderbook/orderbook_go.go:42.2,46.23 3 10515
github.com/luxfi/dex/backend/pkg/orderbook/orderbook_go.go:46.23,48.3 1 5261
github.com/luxfi/dex/backend/pkg/orderbook/orderbook_go.go:48.8,50.3 1 5254
github.com/luxfi/dex/backend/pkg/orderbook/orderbook_go.go:52.2,52.17 1 10515
github.com/luxfi/dex/backend/pkg/orderbook/orderbook_go.go:56.57,61.13 4 41
github.com/luxfi/dex/backend/pkg/orderbook/orderbook_go.go:61.13,63.3 1 2
github.com/luxfi/dex/backend/pkg/orderbook/orderbook_go.go:65.2,68.23 2 39
github.com/luxfi/dex/backend/pkg/orderbook/orderbook_go.go:68.23,70.3 1 0
github.com/luxfi/dex/backend/pkg/orderbook/orderbook_go.go:70.8,72.3 1 39
github.com/luxfi/dex/backend/pkg/orderbook/orderbook_go.go:74.2,74.13 1 39
github.com/luxfi/dex/backend/pkg/orderbook/orderbook_go.go:78.88,83.13 4 16
github.com/luxfi/dex/backend/pkg/orderbook/orderbook_go.go:83.13,85.3 1 6
github.com/luxfi/dex/backend/pkg/orderbook/orderbook_go.go:88.2,88.23 1 10
github.com/luxfi/dex/backend/pkg/orderbook/orderbook_go.go:88.23,90.3 1 10
github.com/luxfi/dex/backend/pkg/orderbook/orderbook_go.go:90.8,92.3 1 0
github.com/luxfi/dex/backend/pkg/orderbook/orderbook_go.go:95.2,99.23 3 10
github.com/luxfi/dex/backend/pkg/orderbook/orderbook_go.go:99.23,101.3 1 10
github.com/luxfi/dex/backend/pkg/orderbook/orderbook_go.go:101.8,103.3 1 0
github.com/luxfi/dex/backend/pkg/orderbook/orderbook_go.go:105.2,105.13 1 10
github.com/luxfi/dex/backend/pkg/orderbook/orderbook_go.go:109.46,115.43 4 13
github.com/luxfi/dex/backend/pkg/orderbook/orderbook_go.go:115.43,122.29 5 5197
github.com/luxfi/dex/backend/pkg/orderbook/orderbook_go.go:122.29,125.31 2 5185
github.com/luxfi/dex/backend/pkg/orderbook/orderbook_go.go:125.31,127.5 1 2524
github.com/luxfi/dex/backend/pkg/orderbook/orderbook_go.go:129.4,149.25 8 5185
github.com/luxfi/dex/backend/pkg/orderbook/orderbook_go.go:149.25,152.5 2 2661
github.com/luxfi/dex/backend/pkg/orderbook/orderbook_go.go:153.4,153.25 1 5185
github.com/luxfi/dex/backend/pkg/orderbook/orderbook_go.go:153.25,156.5 2 2524
github.com/luxfi/dex/backend/pkg/orderbook/orderbook_go.go:157.9,158.9 1 12
github.com/luxfi/dex/backend/pkg/orderbook/orderbook_go.go:162.2,162.15 1 13
github.com/luxfi/dex/backend/pkg/orderbook/orderbook_go.go:166.45,170.23 3 2
github.com/luxfi/dex/backend/pkg/orderbook/orderbook_go.go:170.23,172.3 1 0
github.com/luxfi/dex/backend/pkg/orderbook/orderbook_go.go:174.2,174.36 1 2
github.com/luxfi/dex/backend/pkg/orderbook/orderbook_go.go:178.45,182.23 3 2
github.com/luxfi/dex/backend/pkg/orderbook/orderbook_go.go:182.23,184.3 1 0
github.com/luxfi/dex/backend/pkg/orderbook/orderbook_go.go:186.2,186.36 1 2
github.com/luxfi/dex/backend/pkg/orderbook/orderbook_go.go:190.52,201.29 5 3
github.com/luxfi/dex/backend/pkg/orderbook/orderbook_go.go:201.29,203.30 2 2597
github.com/luxfi/dex/backend/pkg/orderbook/orderbook_go.go:203.30,204.12 1 1
github.com/luxfi/dex/backend/pkg/orderbook/orderbook_go.go:206.3,206.43 1 2596
github.com/luxfi/dex/backend/pkg/orderbook/orderbook_go.go:210.2,211.29 2 3
github.com/luxfi/dex/backend/pkg/orderbook/orderbook_go.go:211.29,213.30 2 2689
github.com/luxfi/dex/backend/pkg/orderbook/orderbook_go.go:213.30,214.12 1 0
github.com/luxfi/dex/backend/pkg/orderbook/orderbook_go.go:216.3,216.43 1 2689
github.com/luxfi/dex/backend/pkg/orderbook/orderbook_go.go:220.2,220.37 1 3
github.com/luxfi/dex/backend/pkg/orderbook/orderbook_go.go:220.37,222.32 2 40
github.com/luxfi/dex/backend/pkg/orderbook/orderbook_go.go:222.32,223.9 1 1
github.com/luxfi/dex/backend/pkg/orderbook/orderbook_go.go:227.2,227.37 1 3
github.com/luxfi/dex/backend/pkg/orderbook/orderbook_go.go:227.37,229.32 2 36
github.com/luxfi/dex/backend/pkg/orderbook/orderbook_go.go:229.32,230.9 1 1
github.com/luxfi/dex/backend/pkg/orderbook/orderbook_go.go:234.2,234.14 1 3
github.com/luxfi/dex/backend/pkg/orderbook/orderbook_go.go:238.43,242.2 3 1
github.com/luxfi/dex/backend/pkg/orderbook/orderbook_go.go:245.50,247.29 2 5271
github.com/luxfi/dex/backend/pkg/orderbook/orderbook_go.go:247.29,249.3 1 0
github.com/luxfi/dex/backend/pkg/orderbook/orderbook_go.go:252.2,253.25 2 5271
github.com/luxfi/dex/backend/pkg/orderbook/orderbook_go.go:253.25,255.33 2 6318263
github.com/luxfi/dex/backend/pkg/orderbook/orderbook_go.go:255.33,256.12 1 0
github.com/luxfi/dex/backend/pkg/orderbook/orderbook_go.go:258.3,258.35 1 6318263
github.com/luxfi/dex/backend/pkg/orderbook/orderbook_go.go:258.35,259.9 1 5156
github.com/luxfi/dex/backend/pkg/orderbook/orderbook_go.go:261.3,261.8 1 6313107
github.com/luxfi/dex/backend/pkg/orderbook/orderbook_go.go:265.2,267.24 3 5271
github.com/luxfi/dex/backend/pkg/orderbook/orderbook_go.go:270.50,272.29 2 5254
github.com/luxfi/dex/backend/pkg/orderbook/orderbook_go.go:272.29,274.3 1 0
github.com/luxfi/dex/backend/pkg/orderbook/orderbook_go.go:277.2,278.25 2 5254
github.com/luxfi/dex/backend/pkg/orderbook/orderbook_go.go:278.25,280.33 2 6445917
github.com/luxfi/dex/backend/pkg/orderbook/orderbook_go.go:280.33,281.12 1 0
github.com/luxfi/dex/backend/pkg/orderbook/orderbook_go.go:283.3,283.35 1 6445917
github.com/luxfi/dex/backend/pkg/orderbook/orderbook_go.go:283.35,284.9 1 5039
github.com/luxfi/dex/backend/pkg/orderbook/orderbook_go.go:286.3,286.8 1 6440878
github.com/luxfi/dex/backend/pkg/orderbook/orderbook_go.go:290.2,292.24 3 5254
github.com/luxfi/dex/backend/pkg/orderbook/orderbook_go.go:295.50,296.29 1 10
github.com/luxfi/dex/backend/pkg/orderbook/orderbook_go.go:296.29,297.20 1 181
github.com/luxfi/dex/backend/pkg/orderbook/orderbook_go.go:297.20,299.9 2 10
github.com/luxfi/dex/backend/pkg/orderbook/orderbook_go.go:304.50,305.29 1 39
github.com/luxfi/dex/backend/pkg/orderbook/orderbook_go.go:305.29,306.20 1 1047
github.com/luxfi/dex/backend/pkg/orderbook/orderbook_go.go:306.20,308.9 2 39
github.com/luxfi/dex/backend/pkg/lx/chainlink_source.go:49.54,60.2 1 16
github.com/luxfi/dex/backend/pkg/lx/chainlink_source.go:63.45,75.2 1 16
github.com/luxfi/dex/backend/pkg/lx/chainlink_source.go:78.47,80.16 2 16
github.com/luxfi/dex/backend/pkg/lx/chainlink_source.go:80.16,83.3 2 0
github.com/luxfi/dex/backend/pkg/lx/chainlink_source.go:84.2,93.12 5 16
github.com/luxfi/dex/backend/pkg/lx/chainlink_source.go:97.44,101.6 3 16
github.com/luxfi/dex/backend/pkg/lx/chainlink_source.go:101.6,102.10 1 16
github.com/luxfi/dex/backend/pkg/lx/chainlink_source.go:103.18,104.10 1 0
github.com/luxfi/dex/backend/pkg/lx/chainlink_source.go:105.19,106.21 1 0
github.com/luxfi/dex/backend/pkg/lx/chainlink_source.go:112.48,117.48 4 16
github.com/luxfi/dex/backend/pkg/lx/chainlink_source.go:117.48,119.29 2 128
github.com/luxfi/dex/backend/pkg/lx/chainlink_source.go:119.29,122.4 2 128
github.com/luxfi/dex/backend/pkg/lx/chainlink_source.go:125.2,129.16 4 16
github.com/luxfi/dex/backend/pkg/lx/chainlink_source.go:133.87,151.2 7 128
github.com/luxfi/dex/backend/pkg/lx/chainlink_source.go:154.79,167.13 3 128
github.com/luxfi/dex/backend/pkg/lx/chainlink_source.go:167.13,169.3 1 0
github.com/luxfi/dex/backend/pkg/lx/chainlink_source.go:172.2,173.25 2 128
github.com/luxfi/dex/backend/pkg/lx/chainlink_source.go:177.77,182.13 4 0
github.com/luxfi/dex/backend/pkg/lx/chainlink_source.go:182.13,184.3 1 0
github.com/luxfi/dex/backend/pkg/lx/chainlink_source.go:187.2,187.56 1 0
github.com/luxfi/dex/backend/pkg/lx/chainlink_source.go:187.56,189.3 1 0
github.com/luxfi/dex/backend/pkg/lx/chainlink_source.go:192.2,193.24 2 0
github.com/luxfi/dex/backend/pkg/lx/chainlink_source.go:197.92,200.33 2 0
github.com/luxfi/dex/backend/pkg/lx/chainlink_source.go:200.33,202.17 2 0
github.com/luxfi/dex/backend/pkg/lx/chainlink_source.go:202.17,204.4 1 0
github.com/luxfi/dex/backend/pkg/lx/chainlink_source.go:207.2,207.22 1 0
github.com/luxfi/dex/backend/pkg/lx/chainlink_source.go:207.22,209.3 1 0
github.com/luxfi/dex/backend/pkg/lx/chainlink_source.go:211.2,211.20 1 0
github.com/luxfi/dex/backend/pkg/lx/chainlink_source.go:215.64,218.2 1 0
github.com/luxfi/dex/backend/pkg/lx/chainlink_source.go:221.66,223.2 1 0
github.com/luxfi/dex/backend/pkg/lx/chainlink_source.go:226.50,230.17 3 0
github.com/luxfi/dex/backend/pkg/lx/chainlink_source.go:230.17,232.3 1 0
github.com/luxfi/dex/backend/pkg/lx/chainlink_source.go:235.2,235.46 1 0
github.com/luxfi/dex/backend/pkg/lx/chainlink_source.go:235.46,237.3 1 0
github.com/luxfi/dex/backend/pkg/lx/chainlink_source.go:240.2,240.39 1 0
github.com/luxfi/dex/backend/pkg/lx/chainlink_source.go:240.39,242.3 1 0
github.com/luxfi/dex/backend/pkg/lx/chainlink_source.go:244.2,244.13 1 0
github.com/luxfi/dex/backend/pkg/lx/chainlink_source.go:248.50,250.2 1 0
github.com/luxfi/dex/backend/pkg/lx/chainlink_source.go:253.53,255.2 1 0
github.com/luxfi/dex/backend/pkg/lx/chainlink_source.go:258.47,266.2 5 0
github.com/luxfi/dex/backend/pkg/lx/chainlink_source.go:269.101,280.2 1 0
github.com/luxfi/dex/backend/pkg/lx/lending_pool.go:124.36,139.2 1 0
github.com/luxfi/dex/backend/pkg/lx/lending_pool.go:142.74,146.42 3 0
github.com/luxfi/dex/backend/pkg/lx/lending_pool.go:146.42,148.3 1 0
github.com/luxfi/dex/backend/pkg/lx/lending_pool.go:150.2,176.12 7 0
github.com/luxfi/dex/backend/pkg/lx/lending_pool.go:180.76,185.13 4 0
github.com/luxfi/dex/backend/pkg/lx/lending_pool.go:185.13,187.3 1 0
github.com/luxfi/dex/backend/pkg/lx/lending_pool.go:189.2,189.17 1 0
github.com/luxfi/dex/backend/pkg/lx/lending_pool.go:189.17,191.3 1 0
github.com/luxfi/dex/backend/pkg/lx/lending_pool.go:194.2,198.13 3 0
github.com/luxfi/dex/backend/pkg/lx/lending_pool.go:198.13,209.3 2 0
github.com/luxfi/dex/backend/pkg/lx/lending_pool.go:212.2,213.46 2 0
github.com/luxfi/dex/backend/pkg/lx/lending_pool.go:213.46,215.3 1 0
github.com/luxfi/dex/backend/pkg/lx/lending_pool.go:215.8,220.3 3 0
github.com/luxfi/dex/backend/pkg/lx/lending_pool.go:223.2,224.13 2 0
github.com/luxfi/dex/backend/pkg/lx/lending_pool.go:224.13,234.3 2 0
github.com/luxfi/dex/backend/pkg/lx/lending_pool.go:237.2,254.12 11 0
github.com/luxfi/dex/backend/pkg/lx/lending_pool.go:258.78,263.13 4 0
github.com/luxfi/dex/backend/pkg/lx/lending_pool.go:263.13,265.3 1 0
github.com/luxfi/dex/backend/pkg/lx/lending_pool.go:267.2,268.13 2 0
github.com/luxfi/dex/backend/pkg/lx/lending_pool.go:268.13,270.3 1 0
github.com/luxfi/dex/backend/pkg/lx/lending_pool.go:272.2,273.13 2 0
github.com/luxfi/dex/backend/pkg/lx/lending_pool.go:273.13,275.3 1 0
github.com/luxfi/dex/backend/pkg/lx/lending_pool.go:278.2,279.40 2 0
github.com/luxfi/dex/backend/pkg/lx/lending_pool.go:279.40,281.3 1 0
github.com/luxfi/dex/backend/pkg/lx/lending_pool.go:284.2,284.37 1 0
github.com/luxfi/dex/backend/pkg/lx/lending_pool.go:284.37,286.3 1 0
github.com/luxfi/dex/backend/pkg/lx/lending_pool.go:289.2,303.45 9 0
github.com/luxfi/dex/backend/pkg/lx/lending_pool.go:303.45,306.3 2 0
github.com/luxfi/dex/backend/pkg/lx/lending_pool.go:309.2,319.12 6 0
github.com/luxfi/dex/backend/pkg/lx/lending_pool.go:323.68,326.13 2 0
github.com/luxfi/dex/backend/pkg/lx/lending_pool.go:326.13,328.3 1 0
github.com/luxfi/dex/backend/pkg/lx/lending_pool.go:330.2,335.31 4 0
github.com/luxfi/dex/backend/pkg/lx/lending_pool.go:335.31,337.3 1 0
github.com/luxfi/dex/backend/pkg/lx/lending_pool.go:340.2,347.12 5 0
github.com/luxfi/dex/backend/pkg/lx/lending_pool.go:351.80,353.13 2 0
github.com/luxfi/dex/backend/pkg/lx/lending_pool.go:353.13,355.3 1 0
github.com/luxfi/dex/backend/pkg/lx/lending_pool.go:357.2,380.12 14 0
github.com/luxfi/dex/backend/pkg/lx/lending_pool.go:384.60,389.13 4 0
github.com/luxfi/dex/backend/pkg/lx/lending_pool.go:389.13,391.3 1 0
github.com/luxfi/dex/backend/pkg/lx/lending_pool.go:393.2,393.61 1 0
github.com/luxfi/dex/backend/pkg/lx/lending_pool.go:397.60,402.13 4 0
github.com/luxfi/dex/backend/pkg/lx/lending_pool.go:402.13,404.3 1 0
github.com/luxfi/dex/backend/pkg/lx/lending_pool.go:406.2,406.24 1 0
github.com/luxfi/dex/backend/pkg/lx/lending_pool.go:410.60,415.13 4 0
github.com/luxfi/dex/backend/pkg/lx/lending_pool.go:415.13,417.3 1 0
github.com/luxfi/dex/backend/pkg/lx/lending_pool.go:419.2,419.24 1 0
github.com/luxfi/dex/backend/pkg/lx/lending_pool.go:423.63,424.46 1 0
github.com/luxfi/dex/backend/pkg/lx/lending_pool.go:424.46,427.3 2 0
github.com/luxfi/dex/backend/pkg/lx/lending_pool.go:429.2,434.56 5 0
github.com/luxfi/dex/backend/pkg/lx/lending_pool.go:438.61,452.2 7 0
github.com/luxfi/dex/backend/pkg/lx/lending_pool.go:455.100,464.2 6 0
github.com/luxfi/dex/backend/pkg/lx/lending_pool.go:467.65,469.42 2 0
github.com/luxfi/dex/backend/pkg/lx/lending_pool.go:469.42,471.3 1 0
github.com/luxfi/dex/backend/pkg/lx/lending_pool.go:472.2,472.20 1 0
github.com/luxfi/dex/backend/pkg/lx/lending_pool.go:476.82,477.31 1 0
github.com/luxfi/dex/backend/pkg/lx/lending_pool.go:477.31,480.3 1 0
github.com/luxfi/dex/backend/pkg/lx/lending_pool.go:483.2,485.60 3 0
github.com/luxfi/dex/backend/pkg/lx/lending_pool.go:489.51,497.2 1 0
github.com/luxfi/dex/backend/pkg/lx/lending_pool.go:506.48,510.2 1 0
github.com/luxfi/dex/backend/pkg/lx/lending_pool.go:512.49,521.2 1 0
github.com/luxfi/dex/backend/pkg/lx/lending_pool.go:537.42,541.2 1 0
github.com/luxfi/dex/backend/pkg/lx/liquidation_engine.go:300.48,317.2 1 0
github.com/luxfi/dex/backend/pkg/lx/liquidation_engine.go:320.40,335.2 1 0
github.com/luxfi/dex/backend/pkg/lx/liquidation_engine.go:338.121,343.68 3 0
github.com/luxfi/dex/backend/pkg/lx/liquidation_engine.go:343.68,345.3 1 0
github.com/luxfi/dex/backend/pkg/lx/liquidation_engine.go:348.2,371.39 5 0
github.com/luxfi/dex/backend/pkg/lx/liquidation_engine.go:371.39,373.3 1 0
github.com/luxfi/dex/backend/pkg/lx/liquidation_engine.go:376.2,379.12 3 0
github.com/luxfi/dex/backend/pkg/lx/liquidation_engine.go:383.80,392.23 6 0
github.com/luxfi/dex/backend/pkg/lx/liquidation_engine.go:392.23,395.3 1 0
github.com/luxfi/dex/backend/pkg/lx/liquidation_engine.go:398.2,399.16 2 0
github.com/luxfi/dex/backend/pkg/lx/liquidation_engine.go:399.16,402.3 2 0
github.com/luxfi/dex/backend/pkg/lx/liquidation_engine.go:404.2,419.39 10 0
github.com/luxfi/dex/backend/pkg/lx/liquidation_engine.go:419.39,420.46 1 0
github.com/luxfi/dex/backend/pkg/lx/liquidation_engine.go:420.46,422.4 1 0
github.com/luxfi/dex/backend/pkg/lx/liquidation_engine.go:426.2,445.12 13 0
github.com/luxfi/dex/backend/pkg/lx/liquidation_engine.go:449.72,451.61 1 0
github.com/luxfi/dex/backend/pkg/lx/liquidation_engine.go:451.61,453.3 1 0
github.com/luxfi/dex/backend/pkg/lx/liquidation_engine.go:456.2,457.55 2 0
github.com/luxfi/dex/backend/pkg/lx/liquidation_engine.go:457.55,459.3 1 0
github.com/luxfi/dex/backend/pkg/lx/liquidation_engine.go:462.2,462.48 1 0
github.com/luxfi/dex/backend/pkg/lx/liquidation_engine.go:466.72,468.2 1 0
github.com/luxfi/dex/backend/pkg/lx/liquidation_engine.go:471.86,475.44 3 0
github.com/luxfi/dex/backend/pkg/lx/liquidation_engine.go:475.44,478.50 2 0
github.com/luxfi/dex/backend/pkg/lx/liquidation_engine.go:478.50,479.12 1 0
github.com/luxfi/dex/backend/pkg/lx/liquidation_engine.go:483.3,484.24 2 0
github.com/luxfi/dex/backend/pkg/lx/liquidation_engine.go:484.24,487.4 2 0
github.com/luxfi/dex/backend/pkg/lx/liquidation_engine.go:490.2,490.23 1 0
github.com/luxfi/dex/backend/pkg/lx/liquidation_engine.go:494.112,509.25 7 0
github.com/luxfi/dex/backend/pkg/lx/liquidation_engine.go:509.25,511.3 1 0
github.com/luxfi/dex/backend/pkg/lx/liquidation_engine.go:511.8,511.33 1 0
github.com/luxfi/dex/backend/pkg/lx/liquidation_engine.go:511.33,513.3 1 0
github.com/luxfi/dex/backend/pkg/lx/liquidation_engine.go:516.2,521.14 5 0
github.com/luxfi/dex/backend/pkg/lx/liquidation_engine.go:525.94,531.26 4 0
github.com/luxfi/dex/backend/pkg/lx/liquidation_engine.go:531.26,533.3 1 0
github.com/luxfi/dex/backend/pkg/lx/liquidation_engine.go:533.8,535.3 1 0
github.com/luxfi/dex/backend/pkg/lx/liquidation_engine.go:538.2,538.23 1 0
github.com/luxfi/dex/backend/pkg/lx/liquidation_engine.go:538.23,540.3 1 0
github.com/luxfi/dex/backend/pkg/lx/liquidation_engine.go:540.8,540.30 1 0
github.com/luxfi/dex/backend/pkg/lx/liquidation_engine.go:540.30,542.3 1 0
github.com/luxfi/dex/backend/pkg/lx/liquidation_engine.go:543.2,543.20 1 0
github.com/luxfi/dex/backend/pkg/lx/liquidation_engine.go:547.79,549.54 1 0
github.com/luxfi/dex/backend/pkg/lx/liquidation_engine.go:549.54,551.3 1 0
github.com/luxfi/dex/backend/pkg/lx/liquidation_engine.go:553.2,555.13 3 0
github.com/luxfi/dex/backend/pkg/lx/liquidation_engine.go:559.109,565.23 3 0
github.com/luxfi/dex/backend/pkg/lx/liquidation_engine.go:565.23,568.3 1 0
github.com/luxfi/dex/backend/pkg/lx/liquidation_engine.go:568.8,571.3 1 0
github.com/luxfi/dex/backend/pkg/lx/liquidation_engine.go:573.2,573.28 1 0
github.com/luxfi/dex/backend/pkg/lx/liquidation_engine.go:578.75,582.32 3 0
github.com/luxfi/dex/backend/pkg/lx/liquidation_engine.go:582.32,584.3 1 0
github.com/luxfi/dex/backend/pkg/lx/liquidation_engine.go:585.2,589.52 3 0
github.com/luxfi/dex/backend/pkg/lx/liquidation_engine.go:589.52,591.3 1 0
github.com/luxfi/dex/backend/pkg/lx/liquidation_engine.go:593.2,593.30 1 0
github.com/luxfi/dex/backend/pkg/lx/liquidation_engine.go:596.75,601.20 4 0
github.com/luxfi/dex/backend/pkg/lx/liquidation_engine.go:601.20,603.3 1 0
github.com/luxfi/dex/backend/pkg/lx/liquidation_engine.go:605.2,605.31 1 0
github.com/luxfi/dex/backend/pkg/lx/liquidation_engine.go:608.93,612.37 3 0
github.com/luxfi/dex/backend/pkg/lx/liquidation_engine.go:612.37,614.3 1 0
github.com/luxfi/dex/backend/pkg/lx/liquidation_engine.go:616.2,630.47 5 0
github.com/luxfi/dex/backend/pkg/lx/liquidation_engine.go:630.47,635.3 4 0
github.com/luxfi/dex/backend/pkg/lx/liquidation_engine.go:637.2,638.12 2 0
github.com/luxfi/dex/backend/pkg/lx/liquidation_engine.go:641.55,645.45 3 0
github.com/luxfi/dex/backend/pkg/lx/liquidation_engine.go:645.45,647.3 1 0
github.com/luxfi/dex/backend/pkg/lx/liquidation_engine.go:649.2,652.15 4 0
github.com/luxfi/dex/backend/pkg/lx/liquidation_engine.go:657.46,669.2 1 0
github.com/luxfi/dex/backend/pkg/lx/liquidation_engine.go:671.61,675.24 3 0
github.com/luxfi/dex/backend/pkg/lx/liquidation_engine.go:676.20,677.57 1 0
github.com/luxfi/dex/backend/pkg/lx/liquidation_engine.go:678.22,679.61 1 0
github.com/luxfi/dex/backend/pkg/lx/liquidation_engine.go:680.19,681.55 1 0
github.com/luxfi/dex/backend/pkg/lx/liquidation_engine.go:687.58,695.2 1 0
github.com/luxfi/dex/backend/pkg/lx/liquidation_engine.go:697.75,703.26 4 0
github.com/luxfi/dex/backend/pkg/lx/liquidation_engine.go:703.26,705.3 1 0
github.com/luxfi/dex/backend/pkg/lx/liquidation_engine.go:710.2,718.39 3 0
github.com/luxfi/dex/backend/pkg/lx/liquidation_engine.go:718.39,719.25 1 0
github.com/luxfi/dex/backend/pkg/lx/liquidation_engine.go:719.25,720.9 1 0
github.com/luxfi/dex/backend/pkg/lx/liquidation_engine.go:724.3,738.33 5 0
github.com/luxfi/dex/backend/pkg/lx/liquidation_engine.go:741.2,742.12 2 0
github.com/luxfi/dex/backend/pkg/lx/liquidation_engine.go:747.54,756.2 1 0
github.com/luxfi/dex/backend/pkg/lx/liquidation_engine.go:758.79,762.42 3 0
github.com/luxfi/dex/backend/pkg/lx/liquidation_engine.go:762.42,764.3 1 0
github.com/luxfi/dex/backend/pkg/lx/liquidation_engine.go:766.2,781.12 3 0
github.com/luxfi/dex/backend/pkg/lx/liquidation_engine.go:786.42,793.2 1 0
github.com/luxfi/dex/backend/pkg/lx/liquidation_engine.go:795.48,796.17 1 0
github.com/luxfi/dex/backend/pkg/lx/liquidation_engine.go:796.17,798.3 1 0
github.com/luxfi/dex/backend/pkg/lx/liquidation_engine.go:801.2,801.54 1 0
github.com/luxfi/dex/backend/pkg/lx/liquidation_engine.go:801.54,803.3 1 0
github.com/luxfi/dex/backend/pkg/lx/liquidation_engine.go:806.2,806.49 1 0
github.com/luxfi/dex/backend/pkg/lx/liquidation_engine.go:806.49,807.45 1 0
github.com/luxfi/dex/backend/pkg/lx/liquidation_engine.go:807.45,812.4 4 0
github.com/luxfi/dex/backend/pkg/lx/liquidation_engine.go:815.2,815.14 1 0
github.com/luxfi/dex/backend/pkg/lx/liquidation_engine.go:820.50,828.2 1 0
github.com/luxfi/dex/backend/pkg/lx/liquidation_engine.go:830.59,835.23 1 0
github.com/luxfi/dex/backend/pkg/lx/liquidation_engine.go:835.23,838.5 1 0
github.com/luxfi/dex/backend/pkg/lx/liquidation_engine.go:839.25,842.5 1 0
github.com/luxfi/dex/backend/pkg/lx/liquidation_engine.go:849.23,852.5 1 0
github.com/luxfi/dex/backend/pkg/lx/liquidation_engine.go:853.25,856.5 1 0
github.com/luxfi/dex/backend/pkg/lx/liquidation_engine.go:863.42,865.2 1 0
github.com/luxfi/dex/backend/pkg/lx/liquidation_engine.go:867.31,869.2 1 0
github.com/luxfi/dex/backend/pkg/lx/liquidation_engine.go:871.30,873.2 1 0
github.com/luxfi/dex/backend/pkg/lx/liquidation_engine.go:875.50,883.2 1 0
github.com/luxfi/dex/backend/pkg/lx/liquidation_engine.go:885.44,892.2 1 0
github.com/luxfi/dex/backend/pkg/lx/margin_trading.go:117.81,132.2 1 0
github.com/luxfi/dex/backend/pkg/lx/margin_trading.go:135.115,139.46 3 0
github.com/luxfi/dex/backend/pkg/lx/margin_trading.go:139.46,141.3 1 0
github.com/luxfi/dex/backend/pkg/lx/margin_trading.go:143.2,144.35 2 0
github.com/luxfi/dex/backend/pkg/lx/margin_trading.go:144.35,146.3 1 0
github.com/luxfi/dex/backend/pkg/lx/margin_trading.go:146.8,146.43 1 0
github.com/luxfi/dex/backend/pkg/lx/margin_trading.go:146.43,148.3 1 0
github.com/luxfi/dex/backend/pkg/lx/margin_trading.go:150.2,176.21 3 0
github.com/luxfi/dex/backend/pkg/lx/margin_trading.go:180.66,185.2 3 0
github.com/luxfi/dex/backend/pkg/lx/margin_trading.go:188.88,193.13 4 0
github.com/luxfi/dex/backend/pkg/lx/margin_trading.go:193.13,195.3 1 0
github.com/luxfi/dex/backend/pkg/lx/margin_trading.go:197.2,198.13 2 0
github.com/luxfi/dex/backend/pkg/lx/margin_trading.go:198.13,209.3 2 0
github.com/luxfi/dex/backend/pkg/lx/margin_trading.go:212.2,220.38 5 0
github.com/luxfi/dex/backend/pkg/lx/margin_trading.go:220.38,222.3 1 0
github.com/luxfi/dex/backend/pkg/lx/margin_trading.go:223.2,228.12 3 0
github.com/luxfi/dex/backend/pkg/lx/margin_trading.go:232.110,237.13 4 0
github.com/luxfi/dex/backend/pkg/lx/margin_trading.go:237.13,239.3 1 0
github.com/luxfi/dex/backend/pkg/lx/margin_trading.go:242.2,243.28 2 0
github.com/luxfi/dex/backend/pkg/lx/margin_trading.go:243.28,245.3 1 0
github.com/luxfi/dex/backend/pkg/lx/margin_trading.go:248.2,252.48 3 0
github.com/luxfi/dex/backend/pkg/lx/margin_trading.go:252.48,254.3 1 0
github.com/luxfi/dex/backend/pkg/lx/margin_trading.go:257.2,286.41 7 0
github.com/luxfi/dex/backend/pkg/lx/margin_trading.go:286.41,287.83 1 0
github.com/luxfi/dex/backend/pkg/lx/margin_trading.go:287.83,289.4 1 0
github.com/luxfi/dex/backend/pkg/lx/margin_trading.go:293.2,295.22 2 0
github.com/luxfi/dex/backend/pkg/lx/margin_trading.go:299.86,304.13 4 0
github.com/luxfi/dex/backend/pkg/lx/margin_trading.go:304.13,306.3 1 0
github.com/luxfi/dex/backend/pkg/lx/margin_trading.go:308.2,309.13 2 0
github.com/luxfi/dex/backend/pkg/lx/margin_trading.go:309.13,311.3 1 0
github.com/luxfi/dex/backend/pkg/lx/margin_trading.go:314.2,320.26 5 0
github.com/luxfi/dex/backend/pkg/lx/margin_trading.go:320.26,322.3 1 0
github.com/luxfi/dex/backend/pkg/lx/margin_trading.go:322.8,324.3 1 0
github.com/luxfi/dex/backend/pkg/lx/margin_trading.go:326.2,338.74 8 0
github.com/luxfi/dex/backend/pkg/lx/margin_trading.go:338.74,342.3 3 0
github.com/luxfi/dex/backend/pkg/lx/margin_trading.go:345.2,345.32 1 0
github.com/luxfi/dex/backend/pkg/lx/margin_trading.go:345.32,347.3 1 0
github.com/luxfi/dex/backend/pkg/lx/margin_trading.go:347.8,351.3 3 0
github.com/luxfi/dex/backend/pkg/lx/margin_trading.go:354.2,359.12 3 0
github.com/luxfi/dex/backend/pkg/lx/margin_trading.go:363.94,368.13 4 0
github.com/luxfi/dex/backend/pkg/lx/margin_trading.go:368.13,370.3 1 0
github.com/luxfi/dex/backend/pkg/lx/margin_trading.go:372.2,373.13 2 0
github.com/luxfi/dex/backend/pkg/lx/margin_trading.go:373.13,375.3 1 0
github.com/luxfi/dex/backend/pkg/lx/margin_trading.go:378.2,379.31 2 0
github.com/luxfi/dex/backend/pkg/lx/margin_trading.go:379.31,381.3 1 0
github.com/luxfi/dex/backend/pkg/lx/margin_trading.go:384.2,389.40 4 0
github.com/luxfi/dex/backend/pkg/lx/margin_trading.go:389.40,390.46 1 0
github.com/luxfi/dex/backend/pkg/lx/margin_trading.go:390.46,392.4 1 0
github.com/luxfi/dex/backend/pkg/lx/margin_trading.go:393.3,394.58 2 0
github.com/luxfi/dex/backend/pkg/lx/margin_trading.go:395.8,400.3 3 0
github.com/luxfi/dex/backend/pkg/lx/margin_trading.go:403.2,411.12 6 0
github.com/luxfi/dex/backend/pkg/lx/margin_trading.go:415.109,417.32 2 0
github.com/luxfi/dex/backend/pkg/lx/margin_trading.go:417.32,419.3 1 0
github.com/luxfi/dex/backend/pkg/lx/margin_trading.go:421.2,421.26 1 0
github.com/luxfi/dex/backend/pkg/lx/margin_trading.go:421.26,424.3 1 0
github.com/luxfi/dex/backend/pkg/lx/margin_trading.go:424.8,427.3 1 0
github.com/luxfi/dex/backend/pkg/lx/margin_trading.go:431.70,437.54 4 0
github.com/luxfi/dex/backend/pkg/lx/margin_trading.go:437.54,443.3 4 0
github.com/luxfi/dex/backend/pkg/lx/margin_trading.go:446.2,447.45 2 0
github.com/luxfi/dex/backend/pkg/lx/margin_trading.go:447.45,450.27 3 0
github.com/luxfi/dex/backend/pkg/lx/margin_trading.go:450.27,452.4 1 0
github.com/luxfi/dex/backend/pkg/lx/margin_trading.go:452.9,454.4 1 0
github.com/luxfi/dex/backend/pkg/lx/margin_trading.go:455.3,456.69 2 0
github.com/luxfi/dex/backend/pkg/lx/margin_trading.go:458.2,464.47 3 0
github.com/luxfi/dex/backend/pkg/lx/margin_trading.go:464.47,470.3 5 0
github.com/luxfi/dex/backend/pkg/lx/margin_trading.go:470.8,472.3 1 0
github.com/luxfi/dex/backend/pkg/lx/margin_trading.go:475.2,476.45 2 0
github.com/luxfi/dex/backend/pkg/lx/margin_trading.go:476.45,479.3 2 0
github.com/luxfi/dex/backend/pkg/lx/margin_trading.go:481.2,481.43 1 0
github.com/luxfi/dex/backend/pkg/lx/margin_trading.go:481.43,486.3 4 0
github.com/luxfi/dex/backend/pkg/lx/margin_trading.go:488.2,488.33 1 0
github.com/luxfi/dex/backend/pkg/lx/margin_trading.go:492.45,496.43 3 0
github.com/luxfi/dex/backend/pkg/lx/margin_trading.go:496.43,501.81 2 0
github.com/luxfi/dex/backend/pkg/lx/margin_trading.go:501.81,503.4 1 0
github.com/luxfi/dex/backend/pkg/lx/margin_trading.go:506.3,506.44 1 0
github.com/luxfi/dex/backend/pkg/lx/margin_trading.go:506.44,507.51 1 0
github.com/luxfi/dex/backend/pkg/lx/margin_trading.go:507.51,509.59 2 0
github.com/luxfi/dex/backend/pkg/lx/margin_trading.go:509.59,511.6 1 0
github.com/luxfi/dex/backend/pkg/lx/margin_trading.go:518.102,519.26 1 0
github.com/luxfi/dex/backend/pkg/lx/margin_trading.go:519.26,521.3 1 0
github.com/luxfi/dex/backend/pkg/lx/margin_trading.go:522.2,522.50 1 0
github.com/luxfi/dex/backend/pkg/lx/margin_trading.go:526.96,544.51 5 0
github.com/luxfi/dex/backend/pkg/lx/margin_trading.go:544.51,546.36 2 0
github.com/luxfi/dex/backend/pkg/lx/margin_trading.go:546.36,549.4 2 0
github.com/luxfi/dex/backend/pkg/lx/margin_trading.go:554.81,555.49 1 0
github.com/luxfi/dex/backend/pkg/lx/margin_trading.go:555.49,557.3 1 0
github.com/luxfi/dex/backend/pkg/lx/margin_trading.go:560.2,562.22 3 0
github.com/luxfi/dex/backend/pkg/lx/margin_trading.go:566.104,569.31 2 0
github.com/luxfi/dex/backend/pkg/lx/margin_trading.go:569.31,571.3 1 0
github.com/luxfi/dex/backend/pkg/lx/margin_trading.go:574.2,578.13 3 0
github.com/luxfi/dex/backend/pkg/lx/margin_trading.go:578.13,588.3 2 0
github.com/luxfi/dex/backend/pkg/lx/margin_trading.go:591.2,597.36 3 0
github.com/luxfi/dex/backend/pkg/lx/margin_trading.go:597.36,599.3 1 0
github.com/luxfi/dex/backend/pkg/lx/margin_trading.go:600.2,602.12 2 0
github.com/luxfi/dex/backend/pkg/lx/margin_trading.go:606.100,608.13 2 0
github.com/luxfi/dex/backend/pkg/lx/margin_trading.go:608.13,610.3 1 0
github.com/luxfi/dex/backend/pkg/lx/margin_trading.go:613.2,618.45 4 0
github.com/luxfi/dex/backend/pkg/lx/margin_trading.go:618.45,620.3 1 0
github.com/luxfi/dex/backend/pkg/lx/margin_trading.go:620.8,622.3 1 0
github.com/luxfi/dex/backend/pkg/lx/margin_trading.go:625.2,633.12 4 0
github.com/luxfi/dex/backend/pkg/lx/margin_trading.go:637.84,648.2 7 0
github.com/luxfi/dex/backend/pkg/lx/margin_trading.go:651.94,652.61 1 0
github.com/luxfi/dex/backend/pkg/lx/margin_trading.go:652.61,653.37 1 0
github.com/luxfi/dex/backend/pkg/lx/margin_trading.go:653.37,655.4 1 0
github.com/luxfi/dex/backend/pkg/lx/margin_trading.go:656.3,656.18 1 0
github.com/luxfi/dex/backend/pkg/lx/margin_trading.go:658.2,658.13 1 0
github.com/luxfi/dex/backend/pkg/lx/margin_trading.go:661.63,670.48 2 0
github.com/luxfi/dex/backend/pkg/lx/margin_trading.go:670.48,672.3 1 0
github.com/luxfi/dex/backend/pkg/lx/margin_trading.go:673.2,673.13 1 0
github.com/luxfi/dex/backend/pkg/lx/margin_trading.go:676.59,685.40 2 0
github.com/luxfi/dex/backend/pkg/lx/margin_trading.go:685.40,687.3 1 0
github.com/luxfi/dex/backend/pkg/lx/margin_trading.go:688.2,688.13 1 0
github.com/luxfi/dex/backend/pkg/lx/margin_trading.go:691.48,702.2 1 0
github.com/luxfi/dex/backend/pkg/lx/margin_trading.go:704.54,715.2 1 0
github.com/luxfi/dex/backend/pkg/lx/margin_trading.go:717.50,728.2 1 0
github.com/luxfi/dex/backend/pkg/lx/margin_trading.go:730.34,732.2 1 0
github.com/luxfi/dex/backend/pkg/lx/margin_trading.go:734.35,735.17 1 0
github.com/luxfi/dex/backend/pkg/lx/margin_trading.go:735.17,737.3 1 0
github.com/luxfi/dex/backend/pkg/lx/margin_trading.go:738.2,738.12 1 0
github.com/luxfi/dex/backend/pkg/lx/oracle.go:107.81,108.33 1 0
github.com/luxfi/dex/backend/pkg/lx/oracle.go:108.33,110.3 1 0
github.com/luxfi/dex/backend/pkg/lx/oracle.go:113.2,115.27 3 0
github.com/luxfi/dex/backend/pkg/lx/oracle.go:115.27,118.3 2 0
github.com/luxfi/dex/backend/pkg/lx/oracle.go:121.2,125.35 3 0
github.com/luxfi/dex/backend/pkg/lx/oracle.go:125.35,127.3 1 0
github.com/luxfi/dex/backend/pkg/lx/oracle.go:130.2,142.24 3 0
github.com/luxfi/dex/backend/pkg/lx/oracle.go:145.72,146.22 1 0
github.com/luxfi/dex/backend/pkg/lx/oracle.go:146.22,148.3 1 0
github.com/luxfi/dex/backend/pkg/lx/oracle.go:151.2,152.27 2 0
github.com/luxfi/dex/backend/pkg/lx/oracle.go:152.27,153.44 1 0
github.com/luxfi/dex/backend/pkg/lx/oracle.go:153.44,155.4 1 0
github.com/luxfi/dex/backend/pkg/lx/oracle.go:159.2,160.27 2 0
github.com/luxfi/dex/backend/pkg/lx/oracle.go:160.27,162.34 2 0
github.com/luxfi/dex/backend/pkg/lx/oracle.go:162.34,164.4 1 0
github.com/luxfi/dex/backend/pkg/lx/oracle.go:167.2,167.12 1 0
github.com/luxfi/dex/backend/pkg/lx/oracle.go:170.95,173.27 2 0
github.com/luxfi/dex/backend/pkg/lx/oracle.go:173.27,175.35 2 0
github.com/luxfi/dex/backend/pkg/lx/oracle.go:175.35,177.4 1 0
github.com/luxfi/dex/backend/pkg/lx/oracle.go:180.2,180.17 1 0
github.com/luxfi/dex/backend/pkg/lx/oracle.go:183.79,184.22 1 0
github.com/luxfi/dex/backend/pkg/lx/oracle.go:184.22,186.3 1 0
github.com/luxfi/dex/backend/pkg/lx/oracle.go:189.2,200.34 8 0
github.com/luxfi/dex/backend/pkg/lx/oracle.go:203.84,204.22 1 0
github.com/luxfi/dex/backend/pkg/lx/oracle.go:204.22,206.3 1 0
github.com/luxfi/dex/backend/pkg/lx/oracle.go:208.2,211.27 3 0
github.com/luxfi/dex/backend/pkg/lx/oracle.go:211.27,212.22 1 0
github.com/luxfi/dex/backend/pkg/lx/oracle.go:212.22,214.4 1 0
github.com/luxfi/dex/backend/pkg/lx/oracle.go:215.3,215.35 1 0
github.com/luxfi/dex/backend/pkg/lx/oracle.go:215.35,217.4 1 0
github.com/luxfi/dex/backend/pkg/lx/oracle.go:220.2,220.32 1 0
github.com/luxfi/dex/backend/pkg/lx/oracle.go:220.32,222.3 1 0
github.com/luxfi/dex/backend/pkg/lx/oracle.go:224.2,224.25 1 0
github.com/luxfi/dex/backend/pkg/lx/oracle.go:233.83,234.22 1 0
github.com/luxfi/dex/backend/pkg/lx/oracle.go:234.22,236.3 1 0
github.com/luxfi/dex/backend/pkg/lx/oracle.go:238.2,242.27 4 0
github.com/luxfi/dex/backend/pkg/lx/oracle.go:242.27,244.18 2 0
github.com/luxfi/dex/backend/pkg/lx/oracle.go:244.18,246.4 1 0
github.com/luxfi/dex/backend/pkg/lx/oracle.go:249.3,249.41 1 0
github.com/luxfi/dex/backend/pkg/lx/oracle.go:249.41,251.4 1 0
github.com/luxfi/dex/backend/pkg/lx/oracle.go:253.3,255.26 3 0
github.com/luxfi/dex/backend/pkg/lx/oracle.go:258.2,258.22 1 0
github.com/luxfi/dex/backend/pkg/lx/oracle.go:258.22,260.3 1 0
github.com/luxfi/dex/backend/pkg/lx/oracle.go:262.2,271.24 2 0
github.com/luxfi/dex/backend/pkg/lx/oracle.go:274.74,277.2 1 0
github.com/luxfi/dex/backend/pkg/lx/oracle.go:279.81,282.2 1 0
github.com/luxfi/dex/backend/pkg/lx/oracle.go:297.62,298.29 1 0
github.com/luxfi/dex/backend/pkg/lx/oracle.go:298.29,302.3 3 0
github.com/luxfi/dex/backend/pkg/lx/oracle.go:305.2,305.70 1 0
github.com/luxfi/dex/backend/pkg/lx/oracle.go:305.70,307.3 1 0
github.com/luxfi/dex/backend/pkg/lx/oracle.go:309.2,309.17 1 0
github.com/luxfi/dex/backend/pkg/lx/oracle.go:309.17,311.3 1 0
github.com/luxfi/dex/backend/pkg/lx/oracle.go:314.2,316.42 2 0
github.com/luxfi/dex/backend/pkg/lx/oracle.go:316.42,319.3 2 0
github.com/luxfi/dex/backend/pkg/lx/oracle.go:321.2,323.13 3 0
github.com/luxfi/dex/backend/pkg/lx/oracle.go:326.40,330.2 3 0
github.com/luxfi/dex/backend/pkg/lx/oracle.go:332.41,334.2 1 0
github.com/luxfi/dex/backend/pkg/lx/oracle.go:379.36,409.2 3 16
github.com/luxfi/dex/backend/pkg/lx/oracle.go:412.51,425.12 5 16
github.com/luxfi/dex/backend/pkg/lx/oracle.go:425.12,426.46 1 16
github.com/luxfi/dex/backend/pkg/lx/oracle.go:426.46,428.4 1 0
github.com/luxfi/dex/backend/pkg/lx/oracle.go:431.2,431.12 1 16
github.com/luxfi/dex/backend/pkg/lx/oracle.go:431.12,432.49 1 16
github.com/luxfi/dex/backend/pkg/lx/oracle.go:432.49,434.4 1 0
github.com/luxfi/dex/backend/pkg/lx/oracle.go:439.73,443.48 3 32
github.com/luxfi/dex/backend/pkg/lx/oracle.go:443.48,445.3 1 0
github.com/luxfi/dex/backend/pkg/lx/oracle.go:447.2,448.12 2 32
github.com/luxfi/dex/backend/pkg/lx/oracle.go:452.38,454.16 2 0
github.com/luxfi/dex/backend/pkg/lx/oracle.go:454.16,457.3 2 0
github.com/luxfi/dex/backend/pkg/lx/oracle.go:458.2,470.12 6 0
github.com/luxfi/dex/backend/pkg/lx/oracle.go:474.31,481.2 5 0
github.com/luxfi/dex/backend/pkg/lx/oracle.go:484.56,488.55 3 0
github.com/luxfi/dex/backend/pkg/lx/oracle.go:488.55,490.54 1 0
github.com/luxfi/dex/backend/pkg/lx/oracle.go:490.54,492.60 1 0
github.com/luxfi/dex/backend/pkg/lx/oracle.go:492.60,494.5 1 0
github.com/luxfi/dex/backend/pkg/lx/oracle.go:496.3,496.21 1 0
github.com/luxfi/dex/backend/pkg/lx/oracle.go:500.2,500.58 1 0
github.com/luxfi/dex/backend/pkg/lx/oracle.go:500.58,502.3 1 0
github.com/luxfi/dex/backend/pkg/lx/oracle.go:504.2,504.10 1 0
github.com/luxfi/dex/backend/pkg/lx/oracle.go:508.72,512.55 3 0
github.com/luxfi/dex/backend/pkg/lx/oracle.go:512.55,514.3 1 0
github.com/luxfi/dex/backend/pkg/lx/oracle.go:516.2,516.56 1 0
github.com/luxfi/dex/backend/pkg/lx/oracle.go:520.77,524.45 3 0
github.com/luxfi/dex/backend/pkg/lx/oracle.go:524.45,525.28 1 0
github.com/luxfi/dex/backend/pkg/lx/oracle.go:525.28,527.4 1 0
github.com/luxfi/dex/backend/pkg/lx/oracle.go:531.2,531.41 1 0
github.com/luxfi/dex/backend/pkg/lx/oracle.go:535.77,539.45 3 0
github.com/luxfi/dex/backend/pkg/lx/oracle.go:539.45,540.28 1 0
github.com/luxfi/dex/backend/pkg/lx/oracle.go:540.28,542.4 1 0
github.com/luxfi/dex/backend/pkg/lx/oracle.go:546.2,546.41 1 0
github.com/luxfi/dex/backend/pkg/lx/oracle.go:550.37,554.17 3 0
github.com/luxfi/dex/backend/pkg/lx/oracle.go:554.17,555.10 1 0
github.com/luxfi/dex/backend/pkg/lx/oracle.go:556.19,557.21 1 0
github.com/luxfi/dex/backend/pkg/lx/oracle.go:563.39,566.33 2 0
github.com/luxfi/dex/backend/pkg/lx/oracle.go:566.33,570.45 2 0
github.com/luxfi/dex/backend/pkg/lx/oracle.go:570.45,571.27 1 0
github.com/luxfi/dex/backend/pkg/lx/oracle.go:571.27,579.13 2 0
github.com/luxfi/dex/backend/pkg/lx/oracle.go:582.4,583.18 2 0
github.com/luxfi/dex/backend/pkg/lx/oracle.go:583.18,584.13 1 0
github.com/luxfi/dex/backend/pkg/lx/oracle.go:588.4,588.56 1 0
github.com/luxfi/dex/backend/pkg/lx/oracle.go:588.56,589.31 1 0
github.com/luxfi/dex/backend/pkg/lx/oracle.go:589.31,598.14 2 0
github.com/luxfi/dex/backend/pkg/lx/oracle.go:602.4,602.34 1 0
github.com/luxfi/dex/backend/pkg/lx/oracle.go:606.3,606.38 1 0
github.com/luxfi/dex/backend/pkg/lx/oracle.go:606.38,614.12 2 0
github.com/luxfi/dex/backend/pkg/lx/oracle.go:618.3,619.17 2 0
github.com/luxfi/dex/backend/pkg/lx/oracle.go:619.17,621.12 2 0
github.com/luxfi/dex/backend/pkg/lx/oracle.go:625.3,628.28 2 0
github.com/luxfi/dex/backend/pkg/lx/oracle.go:631.2,631.28 1 0
github.com/luxfi/dex/backend/pkg/lx/oracle.go:635.76,643.36 5 0
github.com/luxfi/dex/backend/pkg/lx/oracle.go:643.36,645.3 1 0
github.com/luxfi/dex/backend/pkg/lx/oracle.go:646.2,650.47 3 0
github.com/luxfi/dex/backend/pkg/lx/oracle.go:650.47,652.3 1 0
github.com/luxfi/dex/backend/pkg/lx/oracle.go:655.2,655.21 1 0
github.com/luxfi/dex/backend/pkg/lx/oracle.go:655.21,666.10 3 0
github.com/luxfi/dex/backend/pkg/lx/oracle.go:667.34,667.34 0 0
github.com/luxfi/dex/backend/pkg/lx/oracle.go:668.11,668.11 0 0
github.com/luxfi/dex/backend/pkg/lx/oracle.go:675.41,679.17 3 0
github.com/luxfi/dex/backend/pkg/lx/oracle.go:679.17,680.10 1 0
github.com/luxfi/dex/backend/pkg/lx/oracle.go:681.19,682.26 1 0
github.com/luxfi/dex/backend/pkg/lx/oracle.go:688.44,692.44 3 0
github.com/luxfi/dex/backend/pkg/lx/oracle.go:692.44,696.15 3 0
github.com/luxfi/dex/backend/pkg/lx/oracle.go:696.15,703.4 1 0
github.com/luxfi/dex/backend/pkg/lx/oracle.go:708.44,712.17 3 0
github.com/luxfi/dex/backend/pkg/lx/oracle.go:712.17,713.10 1 0
github.com/luxfi/dex/backend/pkg/lx/oracle.go:714.19,715.23 1 0
github.com/luxfi/dex/backend/pkg/lx/oracle.go:721.41,724.33 2 0
github.com/luxfi/dex/backend/pkg/lx/oracle.go:724.33,748.3 8 0
github.com/luxfi/dex/backend/pkg/lx/oracle.go:752.83,754.23 2 0
github.com/luxfi/dex/backend/pkg/lx/oracle.go:754.23,756.3 1 0
github.com/luxfi/dex/backend/pkg/lx/oracle.go:758.2,761.28 3 0
github.com/luxfi/dex/backend/pkg/lx/oracle.go:761.28,762.32 1 0
github.com/luxfi/dex/backend/pkg/lx/oracle.go:762.32,764.4 1 0
github.com/luxfi/dex/backend/pkg/lx/oracle.go:767.2,767.30 1 0
github.com/luxfi/dex/backend/pkg/lx/oracle.go:767.30,769.3 1 0
github.com/luxfi/dex/backend/pkg/lx/oracle.go:771.2,771.38 1 0
github.com/luxfi/dex/backend/pkg/lx/oracle.go:775.83,777.23 2 0
github.com/luxfi/dex/backend/pkg/lx/oracle.go:777.23,779.3 1 0
github.com/luxfi/dex/backend/pkg/lx/oracle.go:781.2,785.28 4 0
github.com/luxfi/dex/backend/pkg/lx/oracle.go:785.28,786.32 1 0
github.com/luxfi/dex/backend/pkg/lx/oracle.go:786.32,789.4 2 0
github.com/luxfi/dex/backend/pkg/lx/oracle.go:792.2,792.22 1 0
github.com/luxfi/dex/backend/pkg/lx/oracle.go:792.22,794.3 1 0
github.com/luxfi/dex/backend/pkg/lx/oracle.go:796.2,796.33 1 0
github.com/luxfi/dex/backend/pkg/lx/oracle.go:800.53,805.39 4 0
github.com/luxfi/dex/backend/pkg/lx/oracle.go:805.39,807.3 1 0
github.com/luxfi/dex/backend/pkg/lx/oracle.go:809.2,809.16 1 0
github.com/luxfi/dex/backend/pkg/lx/oracle.go:813.53,816.9 2 0
github.com/luxfi/dex/backend/pkg/lx/oracle.go:817.32,817.32 0 0
github.com/luxfi/dex/backend/pkg/lx/oracle.go:818.10,818.10 0 0
github.com/luxfi/dex/backend/pkg/lx/oracle.go:825.48,826.22 1 0
github.com/luxfi/dex/backend/pkg/lx/oracle.go:826.22,828.3 1 0
github.com/luxfi/dex/backend/pkg/lx/oracle.go:831.2,834.35 3 0
github.com/luxfi/dex/backend/pkg/lx/oracle.go:834.35,835.40 1 0
github.com/luxfi/dex/backend/pkg/lx/oracle.go:835.40,836.29 1 0
github.com/luxfi/dex/backend/pkg/lx/oracle.go:836.29,838.5 1 0
github.com/luxfi/dex/backend/pkg/lx/oracle.go:842.2,842.24 1 0
github.com/luxfi/dex/backend/pkg/lx/oracle.go:842.24,844.3 1 0
github.com/luxfi/dex/backend/pkg/lx/oracle.go:845.2,845.30 1 0
github.com/luxfi/dex/backend/pkg/lx/oracle.go:848.46,849.22 1 0
github.com/luxfi/dex/backend/pkg/lx/oracle.go:849.22,851.3 1 0
github.com/luxfi/dex/backend/pkg/lx/oracle.go:853.2,854.27 2 0
github.com/luxfi/dex/backend/pkg/lx/oracle.go:854.27,856.3 1 0
github.com/luxfi/dex/backend/pkg/lx/oracle.go:857.2,857.35 1 0
github.com/luxfi/dex/backend/pkg/lx/oracle.go:860.62,861.22 1 0
github.com/luxfi/dex/backend/pkg/lx/oracle.go:861.22,863.3 1 0
github.com/luxfi/dex/backend/pkg/lx/oracle.go:865.2,866.27 2 0
github.com/luxfi/dex/backend/pkg/lx/oracle.go:866.27,869.3 2 0
github.com/luxfi/dex/backend/pkg/lx/oracle.go:871.2,872.28 2 0
github.com/luxfi/dex/backend/pkg/lx/oracle.go:875.54,877.30 2 0
github.com/luxfi/dex/backend/pkg/lx/oracle.go:877.30,879.3 1 0
github.com/luxfi/dex/backend/pkg/lx/oracle.go:880.2,880.15 1 0
github.com/luxfi/dex/backend/pkg/lx/oracle.go:883.60,887.33 3 16
github.com/luxfi/dex/backend/pkg/lx/oracle.go:887.33,894.3 1 80
github.com/luxfi/dex/backend/pkg/lx/oracle.go:896.2,896.17 1 16
github.com/luxfi/dex/backend/pkg/lx/oracle.go:899.40,904.2 1 16
github.com/luxfi/dex/backend/pkg/lx/orderbook.go:45.27,47.4 1 0
github.com/luxfi/dex/backend/pkg/lx/orderbook.go:50.27,52.4 1 0
github.com/luxfi/dex/backend/pkg/lx/orderbook.go:56.13,59.2 1 1
github.com/luxfi/dex/backend/pkg/lx/orderbook.go:61.34,63.45 1 1
github.com/luxfi/dex/backend/pkg/lx/orderbook.go:63.45,65.3 1 0
github.com/luxfi/dex/backend/pkg/lx/orderbook.go:68.2,68.59 1 1
github.com/luxfi/dex/backend/pkg/lx/orderbook.go:68.59,69.82 1 1
github.com/luxfi/dex/backend/pkg/lx/orderbook.go:69.82,71.4 1 1
github.com/luxfi/dex/backend/pkg/lx/orderbook.go:75.2,75.37 1 0
github.com/luxfi/dex/backend/pkg/lx/orderbook.go:75.37,77.3 1 0
github.com/luxfi/dex/backend/pkg/lx/orderbook.go:80.2,80.18 1 0
github.com/luxfi/dex/backend/pkg/lx/orderbook.go:204.45,240.2 10 34
github.com/luxfi/dex/backend/pkg/lx/orderbook.go:243.41,251.17 2 2
github.com/luxfi/dex/backend/pkg/lx/orderbook.go:251.17,254.3 2 1
github.com/luxfi/dex/backend/pkg/lx/orderbook.go:254.8,257.3 2 1
github.com/luxfi/dex/backend/pkg/lx/orderbook.go:258.2,260.13 2 2
github.com/luxfi/dex/backend/pkg/lx/orderbook.go:264.52,266.19 1 111396
github.com/luxfi/dex/backend/pkg/lx/orderbook.go:266.19,269.3 2 1037
github.com/luxfi/dex/backend/pkg/lx/orderbook.go:272.2,272.23 1 111396
github.com/luxfi/dex/backend/pkg/lx/orderbook.go:272.23,274.3 1 111396
github.com/luxfi/dex/backend/pkg/lx/orderbook.go:277.2,277.30 1 111396
github.com/luxfi/dex/backend/pkg/lx/orderbook.go:277.30,279.3 1 1035
github.com/luxfi/dex/backend/pkg/lx/orderbook.go:282.2,282.48 1 111396
github.com/luxfi/dex/backend/pkg/lx/orderbook.go:282.48,285.3 2 0
github.com/luxfi/dex/backend/pkg/lx/orderbook.go:288.2,291.26 2 111396
github.com/luxfi/dex/backend/pkg/lx/orderbook.go:291.26,293.3 1 50049
github.com/luxfi/dex/backend/pkg/lx/orderbook.go:296.2,301.26 4 61347
github.com/luxfi/dex/backend/pkg/lx/orderbook.go:301.26,303.3 1 60313
github.com/luxfi/dex/backend/pkg/lx/orderbook.go:304.2,304.54 1 61347
github.com/luxfi/dex/backend/pkg/lx/orderbook.go:304.54,307.3 2 2
github.com/luxfi/dex/backend/pkg/lx/orderbook.go:310.2,310.58 1 61345
github.com/luxfi/dex/backend/pkg/lx/orderbook.go:310.58,311.35 1 2
github.com/luxfi/dex/backend/pkg/lx/orderbook.go:311.35,314.4 2 2
github.com/luxfi/dex/backend/pkg/lx/orderbook.go:318.2,325.79 3 61343
github.com/luxfi/dex/backend/pkg/lx/orderbook.go:325.79,328.65 2 3
github.com/luxfi/dex/backend/pkg/lx/orderbook.go:328.65,331.4 2 1
github.com/luxfi/dex/backend/pkg/lx/orderbook.go:333.3,333.72 1 2
github.com/luxfi/dex/backend/pkg/lx/orderbook.go:333.72,335.4 1 1
github.com/luxfi/dex/backend/pkg/lx/orderbook.go:339.2,339.77 1 61341
github.com/luxfi/dex/backend/pkg/lx/orderbook.go:339.77,340.31 1 61341
github.com/luxfi/dex/backend/pkg/lx/orderbook.go:340.31,342.4 1 1
github.com/luxfi/dex/backend/pkg/lx/orderbook.go:345.3,346.24 2 61341
github.com/luxfi/dex/backend/pkg/lx/orderbook.go:346.24,348.4 1 30595
github.com/luxfi/dex/backend/pkg/lx/orderbook.go:348.9,350.4 1 30746
github.com/luxfi/dex/backend/pkg/lx/orderbook.go:353.3,359.39 4 61341
github.com/luxfi/dex/backend/pkg/lx/orderbook.go:359.39,361.4 1 53
github.com/luxfi/dex/backend/pkg/lx/orderbook.go:362.3,365.33 2 61341
github.com/luxfi/dex/backend/pkg/lx/orderbook.go:365.33,367.4 1 4
github.com/luxfi/dex/backend/pkg/lx/orderbook.go:370.3,378.5 1 61341
github.com/luxfi/dex/backend/pkg/lx/orderbook.go:382.2,382.36 1 61341
github.com/luxfi/dex/backend/pkg/lx/orderbook.go:382.36,384.3 1 61339
github.com/luxfi/dex/backend/pkg/lx/orderbook.go:385.2,385.18 1 2
github.com/luxfi/dex/backend/pkg/lx/orderbook.go:389.47,392.2 2 2
github.com/luxfi/dex/backend/pkg/lx/orderbook.go:395.75,401.13 4 61343
github.com/luxfi/dex/backend/pkg/lx/orderbook.go:401.13,417.23 5 60441
github.com/luxfi/dex/backend/pkg/lx/orderbook.go:417.23,419.57 2 30145
github.com/luxfi/dex/backend/pkg/lx/orderbook.go:419.57,421.5 1 104
github.com/luxfi/dex/backend/pkg/lx/orderbook.go:422.9,424.57 2 30296
github.com/luxfi/dex/backend/pkg/lx/orderbook.go:424.57,426.5 1 28
github.com/luxfi/dex/backend/pkg/lx/orderbook.go:431.2,436.33 4 61343
github.com/luxfi/dex/backend/pkg/lx/orderbook.go:436.33,439.3 2 60441
github.com/luxfi/dex/backend/pkg/lx/orderbook.go:439.8,443.3 3 902
github.com/luxfi/dex/backend/pkg/lx/orderbook.go:444.2,447.29 3 61343
github.com/luxfi/dex/backend/pkg/lx/orderbook.go:447.29,449.3 1 61343
github.com/luxfi/dex/backend/pkg/lx/orderbook.go:450.2,460.37 7 61343
github.com/luxfi/dex/backend/pkg/lx/orderbook.go:464.91,466.2 1 61341
github.com/luxfi/dex/backend/pkg/lx/orderbook.go:469.50,475.13 5 49692
github.com/luxfi/dex/backend/pkg/lx/orderbook.go:475.13,477.3 1 0
github.com/luxfi/dex/backend/pkg/lx/orderbook.go:479.2,482.28 2 49692
github.com/luxfi/dex/backend/pkg/lx/orderbook.go:482.28,484.13 2 49692
github.com/luxfi/dex/backend/pkg/lx/orderbook.go:484.13,485.24 1 49692
github.com/luxfi/dex/backend/pkg/lx/orderbook.go:485.24,487.5 1 0
github.com/luxfi/dex/backend/pkg/lx/orderbook.go:487.10,489.5 1 49692
github.com/luxfi/dex/backend/pkg/lx/orderbook.go:491.4,491.24 1 49692
github.com/luxfi/dex/backend/pkg/lx/orderbook.go:491.24,493.5 1 1
github.com/luxfi/dex/backend/pkg/lx/orderbook.go:493.10,495.5 1 49691
github.com/luxfi/dex/backend/pkg/lx/orderbook.go:497.4,497.43 1 49692
github.com/luxfi/dex/backend/pkg/lx/orderbook.go:502.2,502.33 1 49692
github.com/luxfi/dex/backend/pkg/lx/orderbook.go:502.33,503.23 1 49692
github.com/luxfi/dex/backend/pkg/lx/orderbook.go:503.23,505.9 2 49692
github.com/luxfi/dex/backend/pkg/lx/orderbook.go:509.2,510.29 2 49692
github.com/luxfi/dex/backend/pkg/lx/orderbook.go:510.29,512.3 1 71
github.com/luxfi/dex/backend/pkg/lx/orderbook.go:513.2,517.27 3 49692
github.com/luxfi/dex/backend/pkg/lx/orderbook.go:517.27,522.67 3 49691
github.com/luxfi/dex/backend/pkg/lx/orderbook.go:522.67,523.47 1 18
github.com/luxfi/dex/backend/pkg/lx/orderbook.go:523.47,525.5 1 14
github.com/luxfi/dex/backend/pkg/lx/orderbook.go:525.10,527.5 1 4
github.com/luxfi/dex/backend/pkg/lx/orderbook.go:528.9,528.75 1 49673
github.com/luxfi/dex/backend/pkg/lx/orderbook.go:528.75,529.47 1 13
github.com/luxfi/dex/backend/pkg/lx/orderbook.go:529.47,531.5 1 9
github.com/luxfi/dex/backend/pkg/lx/orderbook.go:531.10,533.5 1 4
github.com/luxfi/dex/backend/pkg/lx/orderbook.go:537.2,543.31 4 49692
github.com/luxfi/dex/backend/pkg/lx/orderbook.go:547.46,550.23 2 101790
github.com/luxfi/dex/backend/pkg/lx/orderbook.go:550.23,553.3 1 22
github.com/luxfi/dex/backend/pkg/lx/orderbook.go:555.2,559.70 4 101768
github.com/luxfi/dex/backend/pkg/lx/orderbook.go:559.70,562.3 1 100699
github.com/luxfi/dex/backend/pkg/lx/orderbook.go:565.2,568.33 3 1069
github.com/luxfi/dex/backend/pkg/lx/orderbook.go:568.33,570.3 1 1069
github.com/luxfi/dex/backend/pkg/lx/orderbook.go:573.2,573.27 1 0
github.com/luxfi/dex/backend/pkg/lx/orderbook.go:573.27,575.3 1 0
github.com/luxfi/dex/backend/pkg/lx/orderbook.go:577.2,577.12 1 0
github.com/luxfi/dex/backend/pkg/lx/orderbook.go:581.53,582.31 1 100721
github.com/luxfi/dex/backend/pkg/lx/orderbook.go:582.31,587.14 4 150030
github.com/luxfi/dex/backend/pkg/lx/orderbook.go:587.14,589.12 2 49680
github.com/luxfi/dex/backend/pkg/lx/orderbook.go:592.3,593.28 2 100350
github.com/luxfi/dex/backend/pkg/lx/orderbook.go:593.28,596.63 3 100350
github.com/luxfi/dex/backend/pkg/lx/orderbook.go:596.63,598.5 1 100350
github.com/luxfi/dex/backend/pkg/lx/orderbook.go:599.9,601.4 1 0
github.com/luxfi/dex/backend/pkg/lx/orderbook.go:603.3,603.27 1 0
github.com/luxfi/dex/backend/pkg/lx/orderbook.go:605.2,605.12 1 371
github.com/luxfi/dex/backend/pkg/lx/orderbook.go:609.67,612.48 2 50056
github.com/luxfi/dex/backend/pkg/lx/orderbook.go:612.48,614.3 1 0
github.com/luxfi/dex/backend/pkg/lx/orderbook.go:616.2,617.23 2 50056
github.com/luxfi/dex/backend/pkg/lx/orderbook.go:617.23,619.3 1 24887
github.com/luxfi/dex/backend/pkg/lx/orderbook.go:619.8,621.3 1 25169
github.com/luxfi/dex/backend/pkg/lx/orderbook.go:623.2,623.30 1 50056
github.com/luxfi/dex/backend/pkg/lx/orderbook.go:623.30,625.23 2 100736
github.com/luxfi/dex/backend/pkg/lx/orderbook.go:625.23,626.9 1 350
github.com/luxfi/dex/backend/pkg/lx/orderbook.go:630.3,630.26 1 100386
github.com/luxfi/dex/backend/pkg/lx/orderbook.go:630.26,631.58 1 23
github.com/luxfi/dex/backend/pkg/lx/orderbook.go:631.58,632.10 1 1
github.com/luxfi/dex/backend/pkg/lx/orderbook.go:634.4,634.59 1 22
github.com/luxfi/dex/backend/pkg/lx/orderbook.go:634.59,635.10 1 1
github.com/luxfi/dex/backend/pkg/lx/orderbook.go:640.3,640.55 1 100384
github.com/luxfi/dex/backend/pkg/lx/orderbook.go:640.55,644.12 4 0
github.com/luxfi/dex/backend/pkg/lx/orderbook.go:648.3,650.34 3 100384
github.com/luxfi/dex/backend/pkg/lx/orderbook.go:650.34,652.4 1 99323
github.com/luxfi/dex/backend/pkg/lx/orderbook.go:653.3,669.34 7 100384
github.com/luxfi/dex/backend/pkg/lx/orderbook.go:669.34,671.4 1 99323
github.com/luxfi/dex/backend/pkg/lx/orderbook.go:672.3,676.31 3 100384
github.com/luxfi/dex/backend/pkg/lx/orderbook.go:676.31,678.4 1 49704
github.com/luxfi/dex/backend/pkg/lx/orderbook.go:678.9,680.4 1 50680
github.com/luxfi/dex/backend/pkg/lx/orderbook.go:682.3,682.113 1 100384
github.com/luxfi/dex/backend/pkg/lx/orderbook.go:682.113,687.4 4 49621
github.com/luxfi/dex/backend/pkg/lx/orderbook.go:687.9,689.4 1 50763
github.com/luxfi/dex/backend/pkg/lx/orderbook.go:692.3,693.29 2 100384
github.com/luxfi/dex/backend/pkg/lx/orderbook.go:693.29,695.4 1 100384
github.com/luxfi/dex/backend/pkg/lx/orderbook.go:698.3,698.30 1 100384
github.com/luxfi/dex/backend/pkg/lx/orderbook.go:698.30,700.4 1 1
github.com/luxfi/dex/backend/pkg/lx/orderbook.go:702.3,702.14 1 100384
github.com/luxfi/dex/backend/pkg/lx/orderbook.go:705.2,705.18 1 50056
github.com/luxfi/dex/backend/pkg/lx/orderbook.go:709.71,715.2 4 50049
github.com/luxfi/dex/backend/pkg/lx/orderbook.go:718.68,720.2 1 0
github.com/luxfi/dex/backend/pkg/lx/orderbook.go:723.44,732.6 5 4
github.com/luxfi/dex/backend/pkg/lx/orderbook.go:732.6,737.39 3 8
github.com/luxfi/dex/backend/pkg/lx/orderbook.go:737.39,738.9 1 4
github.com/luxfi/dex/backend/pkg/lx/orderbook.go:742.3,742.36 1 4
github.com/luxfi/dex/backend/pkg/lx/orderbook.go:742.36,743.9 1 0
github.com/luxfi/dex/backend/pkg/lx/orderbook.go:747.3,747.57 1 4
github.com/luxfi/dex/backend/pkg/lx/orderbook.go:747.57,749.35 1 0
github.com/luxfi/dex/backend/pkg/lx/orderbook.go:749.35,751.13 2 0
github.com/luxfi/dex/backend/pkg/lx/orderbook.go:752.10,754.13 2 0
github.com/luxfi/dex/backend/pkg/lx/orderbook.go:759.3,766.50 6 4
github.com/luxfi/dex/backend/pkg/lx/orderbook.go:766.50,769.4 2 4
github.com/luxfi/dex/backend/pkg/lx/orderbook.go:769.9,772.4 2 0
github.com/luxfi/dex/backend/pkg/lx/orderbook.go:775.3,776.23 2 4
github.com/luxfi/dex/backend/pkg/lx/orderbook.go:776.23,778.4 1 0
github.com/luxfi/dex/backend/pkg/lx/orderbook.go:778.9,780.4 1 4
github.com/luxfi/dex/backend/pkg/lx/orderbook.go:783.3,800.37 5 4
github.com/luxfi/dex/backend/pkg/lx/orderbook.go:800.37,804.4 3 2
github.com/luxfi/dex/backend/pkg/lx/orderbook.go:804.9,806.4 1 2
github.com/luxfi/dex/backend/pkg/lx/orderbook.go:808.3,808.37 1 4
github.com/luxfi/dex/backend/pkg/lx/orderbook.go:808.37,811.33 3 4
github.com/luxfi/dex/backend/pkg/lx/orderbook.go:811.33,813.5 1 2
github.com/luxfi/dex/backend/pkg/lx/orderbook.go:814.9,816.4 1 0
github.com/luxfi/dex/backend/pkg/lx/orderbook.go:818.3,822.30 3 4
github.com/luxfi/dex/backend/pkg/lx/orderbook.go:822.30,824.4 1 0
github.com/luxfi/dex/backend/pkg/lx/orderbook.go:828.2,828.41 1 4
github.com/luxfi/dex/backend/pkg/lx/orderbook.go:828.41,830.3 1 4
github.com/luxfi/dex/backend/pkg/lx/orderbook.go:831.2,831.15 1 0
github.com/luxfi/dex/backend/pkg/lx/orderbook.go:835.56,836.46 1 111396
github.com/luxfi/dex/backend/pkg/lx/orderbook.go:836.46,838.3 1 0
github.com/luxfi/dex/backend/pkg/lx/orderbook.go:839.2,839.21 1 111396
github.com/luxfi/dex/backend/pkg/lx/orderbook.go:839.21,841.3 1 0
github.com/luxfi/dex/backend/pkg/lx/orderbook.go:842.2,842.12 1 111396
github.com/luxfi/dex/backend/pkg/lx/orderbook.go:845.56,847.23 2 1036
github.com/luxfi/dex/backend/pkg/lx/orderbook.go:847.23,849.3 1 521
github.com/luxfi/dex/backend/pkg/lx/orderbook.go:849.8,851.3 1 515
github.com/luxfi/dex/backend/pkg/lx/orderbook.go:853.2,854.22 2 1036
github.com/luxfi/dex/backend/pkg/lx/orderbook.go:854.22,856.3 1 17
github.com/luxfi/dex/backend/pkg/lx/orderbook.go:859.2,860.21 2 1019
github.com/luxfi/dex/backend/pkg/lx/orderbook.go:860.21,862.3 1 1
github.com/luxfi/dex/backend/pkg/lx/orderbook.go:864.2,865.20 2 1019
github.com/luxfi/dex/backend/pkg/lx/orderbook.go:865.20,867.3 1 1
github.com/luxfi/dex/backend/pkg/lx/orderbook.go:869.2,869.46 1 1019
github.com/luxfi/dex/backend/pkg/lx/orderbook.go:869.46,870.58 1 97
github.com/luxfi/dex/backend/pkg/lx/orderbook.go:870.58,872.4 1 0
github.com/luxfi/dex/backend/pkg/lx/orderbook.go:873.3,873.59 1 97
github.com/luxfi/dex/backend/pkg/lx/orderbook.go:873.59,875.4 1 2
github.com/luxfi/dex/backend/pkg/lx/orderbook.go:878.2,878.14 1 1017
github.com/luxfi/dex/backend/pkg/lx/orderbook.go:881.60,883.23 2 2
github.com/luxfi/dex/backend/pkg/lx/orderbook.go:883.23,885.3 1 1
github.com/luxfi/dex/backend/pkg/lx/orderbook.go:885.8,887.3 1 1
github.com/luxfi/dex/backend/pkg/lx/orderbook.go:889.2,890.22 2 2
github.com/luxfi/dex/backend/pkg/lx/orderbook.go:890.22,892.3 1 0
github.com/luxfi/dex/backend/pkg/lx/orderbook.go:894.2,894.57 1 2
github.com/luxfi/dex/backend/pkg/lx/orderbook.go:894.57,896.3 1 1
github.com/luxfi/dex/backend/pkg/lx/orderbook.go:897.2,897.58 1 1
github.com/luxfi/dex/backend/pkg/lx/orderbook.go:897.58,899.3 1 1
github.com/luxfi/dex/backend/pkg/lx/orderbook.go:901.2,901.14 1 0
github.com/luxfi/dex/backend/pkg/lx/orderbook.go:904.56,906.23 2 63
github.com/luxfi/dex/backend/pkg/lx/orderbook.go:906.23,908.3 1 28
github.com/luxfi/dex/backend/pkg/lx/orderbook.go:908.8,910.3 1 35
github.com/luxfi/dex/backend/pkg/lx/orderbook.go:914.56,919.13 4 10021
github.com/luxfi/dex/backend/pkg/lx/orderbook.go:919.13,921.3 1 9945
github.com/luxfi/dex/backend/pkg/lx/orderbook.go:923.2,923.61 1 76
github.com/luxfi/dex/backend/pkg/lx/orderbook.go:923.61,925.3 1 13
github.com/luxfi/dex/backend/pkg/lx/orderbook.go:927.2,928.12 2 63
github.com/luxfi/dex/backend/pkg/lx/orderbook.go:932.83,937.13 4 2
github.com/luxfi/dex/backend/pkg/lx/orderbook.go:937.13,939.3 1 0
github.com/luxfi/dex/backend/pkg/lx/orderbook.go:941.2,941.61 1 2
github.com/luxfi/dex/backend/pkg/lx/orderbook.go:941.61,943.3 1 0
github.com/luxfi/dex/backend/pkg/lx/orderbook.go:946.2,946.23 1 2
github.com/luxfi/dex/backend/pkg/lx/orderbook.go:946.23,948.3 1 2
github.com/luxfi/dex/backend/pkg/lx/orderbook.go:948.8,950.3 1 0
github.com/luxfi/dex/backend/pkg/lx/orderbook.go:953.2,958.23 4 2
github.com/luxfi/dex/backend/pkg/lx/orderbook.go:958.23,960.3 1 2
github.com/luxfi/dex/backend/pkg/lx/orderbook.go:960.8,962.3 1 0
github.com/luxfi/dex/backend/pkg/lx/orderbook.go:964.2,964.12 1 2
github.com/luxfi/dex/backend/pkg/lx/orderbook.go:968.55,979.2 3 3
github.com/luxfi/dex/backend/pkg/lx/orderbook.go:982.59,992.2 3 4
github.com/luxfi/dex/backend/pkg/lx/orderbook.go:994.58,1000.16 4 14
github.com/luxfi/dex/backend/pkg/lx/orderbook.go:1000.16,1002.3 1 2
github.com/luxfi/dex/backend/pkg/lx/orderbook.go:1004.2,1008.41 3 14
github.com/luxfi/dex/backend/pkg/lx/orderbook.go:1008.41,1009.27 1 634
github.com/luxfi/dex/backend/pkg/lx/orderbook.go:1009.27,1011.4 1 634
github.com/luxfi/dex/backend/pkg/lx/orderbook.go:1015.2,1015.22 1 14
github.com/luxfi/dex/backend/pkg/lx/orderbook.go:1015.22,1017.3 1 7
github.com/luxfi/dex/backend/pkg/lx/orderbook.go:1017.8,1019.3 1 7
github.com/luxfi/dex/backend/pkg/lx/orderbook.go:1022.2,1022.31 1 14
github.com/luxfi/dex/backend/pkg/lx/orderbook.go:1022.31,1023.30 1 268
github.com/luxfi/dex/backend/pkg/lx/orderbook.go:1023.30,1024.9 1 4
github.com/luxfi/dex/backend/pkg/lx/orderbook.go:1026.3,1027.58 2 264
github.com/luxfi/dex/backend/pkg/lx/orderbook.go:1027.58,1033.4 1 264
github.com/luxfi/dex/backend/pkg/lx/orderbook.go:1036.2,1036.15 1 14
github.com/luxfi/dex/backend/pkg/lx/orderbook.go:1040.49,1055.2 6 1
github.com/luxfi/dex/backend/pkg/lx/orderbook.go:1057.48,1065.41 5 2
github.com/luxfi/dex/backend/pkg/lx/orderbook.go:1065.41,1066.27 1 2
github.com/luxfi/dex/backend/pkg/lx/orderbook.go:1066.27,1068.4 1 2
github.com/luxfi/dex/backend/pkg/lx/orderbook.go:1071.2,1071.22 1 2
github.com/luxfi/dex/backend/pkg/lx/orderbook.go:1071.22,1073.3 1 1
github.com/luxfi/dex/backend/pkg/lx/orderbook.go:1073.8,1075.3 1 1
github.com/luxfi/dex/backend/pkg/lx/orderbook.go:1078.2,1078.31 1 2
github.com/luxfi/dex/backend/pkg/lx/orderbook.go:1078.31,1080.58 2 2
github.com/luxfi/dex/backend/pkg/lx/orderbook.go:1080.58,1082.39 2 2
github.com/luxfi/dex/backend/pkg/lx/orderbook.go:1082.39,1083.64 1 2
github.com/luxfi/dex/backend/pkg/lx/orderbook.go:1083.64,1085.33 2 2
github.com/luxfi/dex/backend/pkg/lx/orderbook.go:1085.33,1087.7 1 2
github.com/luxfi/dex/backend/pkg/lx/orderbook.go:1088.6,1094.8 1 2
github.com/luxfi/dex/backend/pkg/lx/orderbook.go:1097.4,1097.22 1 2
github.com/luxfi/dex/backend/pkg/lx/orderbook.go:1101.2,1101.15 1 2
github.com/luxfi/dex/backend/pkg/lx/orderbook.go:1105.43,1107.2 1 0
github.com/luxfi/dex/backend/pkg/lx/orderbook.go:1110.43,1112.2 1 0
github.com/luxfi/dex/backend/pkg/lx/orderbook.go:1115.56,1120.2 1 70
github.com/luxfi/dex/backend/pkg/lx/orderbook.go:1122.42,1123.20 1 60441
github.com/luxfi/dex/backend/pkg/lx/orderbook.go:1123.20,1130.3 2 53
github.com/luxfi/dex/backend/pkg/lx/orderbook.go:1133.2,1133.32 1 60388
github.com/luxfi/dex/backend/pkg/lx/orderbook.go:1136.42,1138.64 1 49691
github.com/luxfi/dex/backend/pkg/lx/orderbook.go:1138.64,1140.3 1 8
github.com/luxfi/dex/backend/pkg/lx/orderbook.go:1143.36,1144.38 1 13
github.com/luxfi/dex/backend/pkg/lx/orderbook.go:1144.38,1146.3 1 4
github.com/luxfi/dex/backend/pkg/lx/orderbook.go:1148.2,1148.24 1 9
github.com/luxfi/dex/backend/pkg/lx/orderbook.go:1151.36,1152.38 1 18
github.com/luxfi/dex/backend/pkg/lx/orderbook.go:1152.38,1154.3 1 4
github.com/luxfi/dex/backend/pkg/lx/orderbook.go:1156.2,1156.34 1 14
github.com/luxfi/dex/backend/pkg/lx/orderbook.go:1159.69,1161.17 1 60388
github.com/luxfi/dex/backend/pkg/lx/orderbook.go:1161.17,1165.68 3 60388
github.com/luxfi/dex/backend/pkg/lx/orderbook.go:1165.68,1167.4 1 323920131
github.com/luxfi/dex/backend/pkg/lx/orderbook.go:1172.50,1179.40 5 100384
github.com/luxfi/dex/backend/pkg/lx/orderbook.go:1179.40,1181.3 1 100034
github.com/luxfi/dex/backend/pkg/lx/orderbook.go:1181.8,1183.3 1 350
github.com/luxfi/dex/backend/pkg/lx/orderbook.go:1186.62,1190.27 3 0
github.com/luxfi/dex/backend/pkg/lx/orderbook.go:1190.27,1192.3 1 0
github.com/luxfi/dex/backend/pkg/lx/orderbook.go:1194.2,1197.29 3 0
github.com/luxfi/dex/backend/pkg/lx/orderbook.go:1197.29,1200.3 2 0
github.com/luxfi/dex/backend/pkg/lx/orderbook.go:1202.2,1202.15 1 0
github.com/luxfi/dex/backend/pkg/lx/orderbook.go:1213.43,1213.60 1 130372
github.com/luxfi/dex/backend/pkg/lx/orderbook.go:1214.43,1214.65 1 374724
github.com/luxfi/dex/backend/pkg/lx/orderbook.go:1215.43,1215.70 1 250117
github.com/luxfi/dex/backend/pkg/lx/orderbook.go:1216.38,1217.16 1 75029
github.com/luxfi/dex/backend/pkg/lx/orderbook.go:1217.16,1219.3 1 75029
github.com/luxfi/dex/backend/pkg/lx/orderbook.go:1220.2,1220.10 1 0
github.com/luxfi/dex/backend/pkg/lx/orderbook.go:1223.44,1225.2 1 30296
github.com/luxfi/dex/backend/pkg/lx/orderbook.go:1227.42,1233.2 5 24887
github.com/luxfi/dex/backend/pkg/lx/orderbook.go:1237.43,1237.60 1 130220
github.com/luxfi/dex/backend/pkg/lx/orderbook.go:1238.43,1238.65 1 352738
github.com/luxfi/dex/backend/pkg/lx/orderbook.go:1239.43,1239.70 1 236181
github.com/luxfi/dex/backend/pkg/lx/orderbook.go:1240.38,1241.16 1 75001
github.com/luxfi/dex/backend/pkg/lx/orderbook.go:1241.16,1243.3 1 75001
github.com/luxfi/dex/backend/pkg/lx/orderbook.go:1244.2,1244.10 1 0
github.com/luxfi/dex/backend/pkg/lx/orderbook.go:1247.44,1249.2 1 30145
github.com/luxfi/dex/backend/pkg/lx/orderbook.go:1251.42,1257.2 5 24793
github.com/luxfi/dex/backend/pkg/lx/orderbook.go:1260.58,1264.2 3 1
github.com/luxfi/dex/backend/pkg/lx/orderbook.go:1267.60,1270.37 3 0
github.com/luxfi/dex/backend/pkg/lx/orderbook.go:1270.37,1271.16 1 0
github.com/luxfi/dex/backend/pkg/lx/orderbook.go:1271.16,1273.9 2 0
github.com/luxfi/dex/backend/pkg/lx/orderbook.go:1279.61,1282.36 3 61341
github.com/luxfi/dex/backend/pkg/lx/orderbook.go:1282.36,1283.10 1 1
github.com/luxfi/dex/backend/pkg/lx/orderbook.go:1284.21,1284.21 0 1
github.com/luxfi/dex/backend/pkg/lx/orderbook.go:1285.11,1285.11 0 0
github.com/luxfi/dex/backend/pkg/lx/orderbook.go:1292.30,1308.2 14 1
github.com/luxfi/dex/backend/pkg/lx/orderbook_advanced.go:111.30,111.47 1 0
github.com/luxfi/dex/backend/pkg/lx/orderbook_advanced.go:112.40,115.22 1 0
github.com/luxfi/dex/backend/pkg/lx/orderbook_advanced.go:115.22,116.31 1 0
github.com/luxfi/dex/backend/pkg/lx/orderbook_advanced.go:116.31,118.4 1 0
github.com/luxfi/dex/backend/pkg/lx/orderbook_advanced.go:119.8,120.31 1 0
github.com/luxfi/dex/backend/pkg/lx/orderbook_advanced.go:120.31,122.4 1 0
github.com/luxfi/dex/backend/pkg/lx/orderbook_advanced.go:125.2,125.48 1 0
github.com/luxfi/dex/backend/pkg/lx/orderbook_advanced.go:127.35,127.62 1 0
github.com/luxfi/dex/backend/pkg/lx/orderbook_advanced.go:128.41,130.2 1 0
github.com/luxfi/dex/backend/pkg/lx/orderbook_advanced.go:131.39,137.2 5 0
github.com/luxfi/dex/backend/pkg/lx/orderbook_advanced.go:140.61,162.2 5 0
github.com/luxfi/dex/backend/pkg/lx/orderbook_advanced.go:165.80,170.50 3 0
github.com/luxfi/dex/backend/pkg/lx/orderbook_advanced.go:170.50,173.3 2 0
github.com/luxfi/dex/backend/pkg/lx/orderbook_advanced.go:176.2,183.20 6 0
github.com/luxfi/dex/backend/pkg/lx/orderbook_advanced.go:184.14,185.40 1 0
github.com/luxfi/dex/backend/pkg/lx/orderbook_advanced.go:186.13,187.39 1 0
github.com/luxfi/dex/backend/pkg/lx/orderbook_advanced.go:188.33,189.38 1 0
github.com/luxfi/dex/backend/pkg/lx/orderbook_advanced.go:190.20,191.41 1 0
github.com/luxfi/dex/backend/pkg/lx/orderbook_advanced.go:192.19,193.40 1 0
github.com/luxfi/dex/backend/pkg/lx/orderbook_advanced.go:194.19,195.40 1 0
github.com/luxfi/dex/backend/pkg/lx/orderbook_advanced.go:196.25,197.41 1 0
github.com/luxfi/dex/backend/pkg/lx/orderbook_advanced.go:198.10,199.67 1 0
github.com/luxfi/dex/backend/pkg/lx/orderbook_advanced.go:204.90,208.23 3 0
github.com/luxfi/dex/backend/pkg/lx/orderbook_advanced.go:208.23,210.3 1 0
github.com/luxfi/dex/backend/pkg/lx/orderbook_advanced.go:210.8,212.3 1 0
github.com/luxfi/dex/backend/pkg/lx/orderbook_advanced.go:215.2,215.56 1 0
github.com/luxfi/dex/backend/pkg/lx/orderbook_advanced.go:215.56,219.23 2 0
github.com/luxfi/dex/backend/pkg/lx/orderbook_advanced.go:219.23,221.12 2 0
github.com/luxfi/dex/backend/pkg/lx/orderbook_advanced.go:225.3,229.35 3 0
github.com/luxfi/dex/backend/pkg/lx/orderbook_advanced.go:229.35,233.4 3 0
github.com/luxfi/dex/backend/pkg/lx/orderbook_advanced.go:235.3,235.31 1 0
github.com/luxfi/dex/backend/pkg/lx/orderbook_advanced.go:235.31,237.9 2 0
github.com/luxfi/dex/backend/pkg/lx/orderbook_advanced.go:242.2,242.29 1 0
github.com/luxfi/dex/backend/pkg/lx/orderbook_advanced.go:242.29,244.3 1 0
github.com/luxfi/dex/backend/pkg/lx/orderbook_advanced.go:246.2,247.20 2 0
github.com/luxfi/dex/backend/pkg/lx/orderbook_advanced.go:251.89,256.74 3 0
github.com/luxfi/dex/backend/pkg/lx/orderbook_advanced.go:256.74,258.3 1 0
github.com/luxfi/dex/backend/pkg/lx/orderbook_advanced.go:258.8,258.82 1 0
github.com/luxfi/dex/backend/pkg/lx/orderbook_advanced.go:258.82,260.3 1 0
github.com/luxfi/dex/backend/pkg/lx/orderbook_advanced.go:263.2,263.32 1 0
github.com/luxfi/dex/backend/pkg/lx/orderbook_advanced.go:263.32,266.3 2 0
github.com/luxfi/dex/backend/pkg/lx/orderbook_advanced.go:269.2,269.14 1 0
github.com/luxfi/dex/backend/pkg/lx/orderbook_advanced.go:269.14,271.3 1 0
github.com/luxfi/dex/backend/pkg/lx/orderbook_advanced.go:274.2,274.29 1 0
github.com/luxfi/dex/backend/pkg/lx/orderbook_advanced.go:274.29,275.31 1 0
github.com/luxfi/dex/backend/pkg/lx/orderbook_advanced.go:275.31,277.4 1 0
github.com/luxfi/dex/backend/pkg/lx/orderbook_advanced.go:277.9,277.74 1 0
github.com/luxfi/dex/backend/pkg/lx/orderbook_advanced.go:277.74,283.4 4 0
github.com/luxfi/dex/backend/pkg/lx/orderbook_advanced.go:283.9,285.4 1 0
github.com/luxfi/dex/backend/pkg/lx/orderbook_advanced.go:288.2,291.20 3 0
github.com/luxfi/dex/backend/pkg/lx/orderbook_advanced.go:295.88,301.35 4 0
github.com/luxfi/dex/backend/pkg/lx/orderbook_advanced.go:301.35,303.3 1 0
github.com/luxfi/dex/backend/pkg/lx/orderbook_advanced.go:305.2,305.17 1 0
github.com/luxfi/dex/backend/pkg/lx/orderbook_advanced.go:309.91,324.2 5 0
github.com/luxfi/dex/backend/pkg/lx/orderbook_advanced.go:327.90,334.29 4 0
github.com/luxfi/dex/backend/pkg/lx/orderbook_advanced.go:334.29,336.3 1 0
github.com/luxfi/dex/backend/pkg/lx/orderbook_advanced.go:338.2,338.20 1 0
github.com/luxfi/dex/backend/pkg/lx/orderbook_advanced.go:342.90,344.23 1 0
github.com/luxfi/dex/backend/pkg/lx/orderbook_advanced.go:344.23,346.3 1 0
github.com/luxfi/dex/backend/pkg/lx/orderbook_advanced.go:346.8,348.3 1 0
github.com/luxfi/dex/backend/pkg/lx/orderbook_advanced.go:350.2,350.38 1 0
github.com/luxfi/dex/backend/pkg/lx/orderbook_advanced.go:354.91,356.24 1 0
github.com/luxfi/dex/backend/pkg/lx/orderbook_advanced.go:356.24,358.3 1 0
github.com/luxfi/dex/backend/pkg/lx/orderbook_advanced.go:358.8,360.3 1 0
github.com/luxfi/dex/backend/pkg/lx/orderbook_advanced.go:362.2,363.37 2 0
github.com/luxfi/dex/backend/pkg/lx/orderbook_advanced.go:367.73,371.23 3 0
github.com/luxfi/dex/backend/pkg/lx/orderbook_advanced.go:371.23,373.3 1 0
github.com/luxfi/dex/backend/pkg/lx/orderbook_advanced.go:373.8,375.3 1 0
github.com/luxfi/dex/backend/pkg/lx/orderbook_advanced.go:377.2,377.56 1 0
github.com/luxfi/dex/backend/pkg/lx/orderbook_advanced.go:377.56,381.26 2 0
github.com/luxfi/dex/backend/pkg/lx/orderbook_advanced.go:381.26,382.58 1 0
github.com/luxfi/dex/backend/pkg/lx/orderbook_advanced.go:382.58,383.10 1 0
github.com/luxfi/dex/backend/pkg/lx/orderbook_advanced.go:385.4,385.59 1 0
github.com/luxfi/dex/backend/pkg/lx/orderbook_advanced.go:385.59,386.10 1 0
github.com/luxfi/dex/backend/pkg/lx/orderbook_advanced.go:391.3,391.63 1 0
github.com/luxfi/dex/backend/pkg/lx/orderbook_advanced.go:391.63,393.12 2 0
github.com/luxfi/dex/backend/pkg/lx/orderbook_advanced.go:397.3,401.35 3 0
github.com/luxfi/dex/backend/pkg/lx/orderbook_advanced.go:401.35,407.67 4 0
github.com/luxfi/dex/backend/pkg/lx/orderbook_advanced.go:407.67,409.5 1 0
github.com/luxfi/dex/backend/pkg/lx/orderbook_advanced.go:413.2,413.15 1 0
github.com/luxfi/dex/backend/pkg/lx/orderbook_advanced.go:417.80,436.30 13 0
github.com/luxfi/dex/backend/pkg/lx/orderbook_advanced.go:436.30,438.3 1 0
github.com/luxfi/dex/backend/pkg/lx/orderbook_advanced.go:438.8,440.3 1 0
github.com/luxfi/dex/backend/pkg/lx/orderbook_advanced.go:442.2,442.30 1 0
github.com/luxfi/dex/backend/pkg/lx/orderbook_advanced.go:442.30,444.3 1 0
github.com/luxfi/dex/backend/pkg/lx/orderbook_advanced.go:444.8,446.3 1 0
github.com/luxfi/dex/backend/pkg/lx/orderbook_advanced.go:449.2,458.24 2 0
github.com/luxfi/dex/backend/pkg/lx/orderbook_advanced.go:458.24,461.3 2 0
github.com/luxfi/dex/backend/pkg/lx/orderbook_advanced.go:464.2,476.14 8 0
github.com/luxfi/dex/backend/pkg/lx/orderbook_advanced.go:480.64,483.23 2 0
github.com/luxfi/dex/backend/pkg/lx/orderbook_advanced.go:483.23,486.19 3 0
github.com/luxfi/dex/backend/pkg/lx/orderbook_advanced.go:486.19,493.4 2 0
github.com/luxfi/dex/backend/pkg/lx/orderbook_advanced.go:494.3,504.50 3 0
github.com/luxfi/dex/backend/pkg/lx/orderbook_advanced.go:505.8,508.19 3 0
github.com/luxfi/dex/backend/pkg/lx/orderbook_advanced.go:508.19,515.4 2 0
github.com/luxfi/dex/backend/pkg/lx/orderbook_advanced.go:516.3,526.50 3 0
github.com/luxfi/dex/backend/pkg/lx/orderbook_advanced.go:529.2,529.26 1 0
github.com/luxfi/dex/backend/pkg/lx/orderbook_advanced.go:533.66,538.13 4 0
github.com/luxfi/dex/backend/pkg/lx/orderbook_advanced.go:538.13,540.60 1 0
github.com/luxfi/dex/backend/pkg/lx/orderbook_advanced.go:540.60,544.4 3 0
github.com/luxfi/dex/backend/pkg/lx/orderbook_advanced.go:545.3,545.39 1 0
github.com/luxfi/dex/backend/pkg/lx/orderbook_advanced.go:548.2,563.12 10 0
github.com/luxfi/dex/backend/pkg/lx/orderbook_advanced.go:567.93,572.13 4 0
github.com/luxfi/dex/backend/pkg/lx/orderbook_advanced.go:572.13,574.3 1 0
github.com/luxfi/dex/backend/pkg/lx/orderbook_advanced.go:577.2,591.12 9 0
github.com/luxfi/dex/backend/pkg/lx/orderbook_advanced.go:595.69,597.23 1 0
github.com/luxfi/dex/backend/pkg/lx/orderbook_advanced.go:597.23,598.35 1 0
github.com/luxfi/dex/backend/pkg/lx/orderbook_advanced.go:598.35,599.24 1 0
github.com/luxfi/dex/backend/pkg/lx/orderbook_advanced.go:599.24,601.10 2 0
github.com/luxfi/dex/backend/pkg/lx/orderbook_advanced.go:605.3,605.57 1 0
github.com/luxfi/dex/backend/pkg/lx/orderbook_advanced.go:605.57,607.35 2 0
github.com/luxfi/dex/backend/pkg/lx/orderbook_advanced.go:607.35,608.25 1 0
github.com/luxfi/dex/backend/pkg/lx/orderbook_advanced.go:608.25,610.11 2 0
github.com/luxfi/dex/backend/pkg/lx/orderbook_advanced.go:613.4,613.30 1 0
github.com/luxfi/dex/backend/pkg/lx/orderbook_advanced.go:613.30,615.5 1 0
github.com/luxfi/dex/backend/pkg/lx/orderbook_advanced.go:617.8,618.35 1 0
github.com/luxfi/dex/backend/pkg/lx/orderbook_advanced.go:618.35,619.24 1 0
github.com/luxfi/dex/backend/pkg/lx/orderbook_advanced.go:619.24,621.10 2 0
github.com/luxfi/dex/backend/pkg/lx/orderbook_advanced.go:625.3,625.57 1 0
github.com/luxfi/dex/backend/pkg/lx/orderbook_advanced.go:625.57,627.35 2 0
github.com/luxfi/dex/backend/pkg/lx/orderbook_advanced.go:627.35,628.25 1 0
github.com/luxfi/dex/backend/pkg/lx/orderbook_advanced.go:628.25,630.11 2 0
github.com/luxfi/dex/backend/pkg/lx/orderbook_advanced.go:633.4,633.30 1 0
github.com/luxfi/dex/backend/pkg/lx/orderbook_advanced.go:633.30,635.5 1 0
github.com/luxfi/dex/backend/pkg/lx/orderbook_advanced.go:641.67,642.40 1 0
github.com/luxfi/dex/backend/pkg/lx/orderbook_advanced.go:642.40,643.36 1 0
github.com/luxfi/dex/backend/pkg/lx/orderbook_advanced.go:643.36,645.4 1 0
github.com/luxfi/dex/backend/pkg/lx/orderbook_advanced.go:650.77,651.23 1 0
github.com/luxfi/dex/backend/pkg/lx/orderbook_advanced.go:651.23,653.3 1 0
github.com/luxfi/dex/backend/pkg/lx/orderbook_advanced.go:654.2,654.42 1 0
github.com/luxfi/dex/backend/pkg/lx/orderbook_advanced.go:658.88,661.29 2 0
github.com/luxfi/dex/backend/pkg/lx/orderbook_advanced.go:661.29,663.3 1 0
github.com/luxfi/dex/backend/pkg/lx/orderbook_advanced.go:663.8,665.3 1 0
github.com/luxfi/dex/backend/pkg/lx/orderbook_advanced.go:667.2,667.29 1 0
github.com/luxfi/dex/backend/pkg/lx/orderbook_advanced.go:671.71,672.40 1 0
github.com/luxfi/dex/backend/pkg/lx/orderbook_advanced.go:672.40,673.38 1 0
github.com/luxfi/dex/backend/pkg/lx/orderbook_advanced.go:673.38,674.12 1 0
github.com/luxfi/dex/backend/pkg/lx/orderbook_advanced.go:677.3,677.25 1 0
github.com/luxfi/dex/backend/pkg/lx/orderbook_advanced.go:677.25,679.33 2 0
github.com/luxfi/dex/backend/pkg/lx/orderbook_advanced.go:679.33,681.5 1 0
github.com/luxfi/dex/backend/pkg/lx/orderbook_advanced.go:682.9,684.33 2 0
github.com/luxfi/dex/backend/pkg/lx/orderbook_advanced.go:684.33,686.5 1 0
github.com/luxfi/dex/backend/pkg/lx/orderbook_advanced.go:692.90,693.32 1 0
github.com/luxfi/dex/backend/pkg/lx/orderbook_advanced.go:693.32,695.3 1 0
github.com/luxfi/dex/backend/pkg/lx/orderbook_advanced.go:697.2,709.27 10 0
github.com/luxfi/dex/backend/pkg/lx/orderbook_advanced.go:713.51,714.28 1 0
github.com/luxfi/dex/backend/pkg/lx/orderbook_advanced.go:714.28,716.3 1 0
github.com/luxfi/dex/backend/pkg/lx/orderbook_advanced.go:716.8,718.3 1 0
github.com/luxfi/dex/backend/pkg/lx/orderbook_advanced.go:720.2,720.28 1 0
github.com/luxfi/dex/backend/pkg/lx/orderbook_advanced.go:720.28,722.3 1 0
github.com/luxfi/dex/backend/pkg/lx/orderbook_advanced.go:722.8,724.3 1 0
github.com/luxfi/dex/backend/pkg/lx/orderbook_advanced.go:728.74,729.21 1 0
github.com/luxfi/dex/backend/pkg/lx/orderbook_advanced.go:729.21,731.3 1 0
github.com/luxfi/dex/backend/pkg/lx/orderbook_advanced.go:733.2,733.45 1 0
github.com/luxfi/dex/backend/pkg/lx/orderbook_advanced.go:733.45,735.3 1 0
github.com/luxfi/dex/backend/pkg/lx/orderbook_advanced.go:738.2,738.47 1 0
github.com/luxfi/dex/backend/pkg/lx/orderbook_advanced.go:738.47,740.3 1 0
github.com/luxfi/dex/backend/pkg/lx/orderbook_advanced.go:743.2,743.45 1 0
github.com/luxfi/dex/backend/pkg/lx/orderbook_advanced.go:743.45,745.3 1 0
github.com/luxfi/dex/backend/pkg/lx/orderbook_advanced.go:748.2,748.64 1 0
github.com/luxfi/dex/backend/pkg/lx/orderbook_advanced.go:748.64,750.3 1 0
github.com/luxfi/dex/backend/pkg/lx/orderbook_advanced.go:752.2,752.12 1 0
github.com/luxfi/dex/backend/pkg/lx/orderbook_advanced.go:756.77,759.23 2 0
github.com/luxfi/dex/backend/pkg/lx/orderbook_advanced.go:759.23,760.35 1 0
github.com/luxfi/dex/backend/pkg/lx/orderbook_advanced.go:760.35,761.54 1 0
github.com/luxfi/dex/backend/pkg/lx/orderbook_advanced.go:761.54,763.36 2 0
github.com/luxfi/dex/backend/pkg/lx/orderbook_advanced.go:763.36,765.6 1 0
[...]
github.com/luxfi/dex/backend/pkg/lx/unified_liquidity.go:483.17,484.41 1 0
github.com/luxfi/dex/backend/pkg/lx/unified_liquidity.go:484.41,486.5 1 0
github.com/luxfi/dex/backend/pkg/lx/unified_liquidity.go:487.20,488.44 1 0
github.com/luxfi/dex/backend/pkg/lx/unified_liquidity.go:488.44,490.5 1 0
github.com/luxfi/dex/backend/pkg/lx/unified_liquidity.go:491.16,492.40 1 0
github.com/luxfi/dex/backend/pkg/lx/unified_liquidity.go:492.40,494.5 1 0
github.com/luxfi/dex/backend/pkg/lx/unified_liquidity.go:500.90,502.69 2 0
github.com/luxfi/dex/backend/pkg/lx/unified_liquidity.go:502.69,504.3 1 0
github.com/luxfi/dex/backend/pkg/lx/unified_liquidity.go:506.2,507.41 2 0
github.com/luxfi/dex/backend/pkg/lx/unified_liquidity.go:507.41,509.3 1 0
github.com/luxfi/dex/backend/pkg/lx/unified_liquidity.go:512.2,515.15 3 0
github.com/luxfi/dex/backend/pkg/lx/unified_liquidity.go:519.100,521.41 2 0
github.com/luxfi/dex/backend/pkg/lx/unified_liquidity.go:521.41,523.3 1 0
github.com/luxfi/dex/backend/pkg/lx/unified_liquidity.go:525.2,526.27 2 0
github.com/luxfi/dex/backend/pkg/lx/unified_liquidity.go:526.27,528.3 1 0
github.com/luxfi/dex/backend/pkg/lx/unified_liquidity.go:531.2,534.15 3 0
github.com/luxfi/dex/backend/pkg/lx/unified_liquidity.go:538.72,540.50 2 0
github.com/luxfi/dex/backend/pkg/lx/unified_liquidity.go:540.50,541.60 1 0
github.com/luxfi/dex/backend/pkg/lx/unified_liquidity.go:541.60,543.4 1 0
github.com/luxfi/dex/backend/pkg/lx/unified_liquidity.go:545.2,545.20 1 0
github.com/luxfi/dex/backend/pkg/lx/unified_liquidity.go:549.57,550.59 1 0
github.com/luxfi/dex/backend/pkg/lx/unified_liquidity.go:550.59,552.3 1 0
github.com/luxfi/dex/backend/pkg/lx/unified_liquidity.go:555.2,555.40 1 0
github.com/luxfi/dex/backend/pkg/lx/unified_liquidity.go:555.40,559.48 3 0
github.com/luxfi/dex/backend/pkg/lx/unified_liquidity.go:559.48,562.42 3 0
github.com/luxfi/dex/backend/pkg/lx/unified_liquidity.go:562.42,564.5 1 0
github.com/luxfi/dex/backend/pkg/lx/unified_liquidity.go:568.2,568.14 1 0
github.com/luxfi/dex/backend/pkg/lx/unified_liquidity.go:572.88,574.51 2 0
github.com/luxfi/dex/backend/pkg/lx/unified_liquidity.go:574.51,576.3 1 0
github.com/luxfi/dex/backend/pkg/lx/unified_liquidity.go:578.2,581.51 3 0
github.com/luxfi/dex/backend/pkg/lx/unified_liquidity.go:581.51,585.3 3 0
github.com/luxfi/dex/backend/pkg/lx/unified_liquidity.go:587.2,587.57 1 0
github.com/luxfi/dex/backend/pkg/lx/unified_liquidity.go:587.57,591.3 3 0
github.com/luxfi/dex/backend/pkg/lx/unified_liquidity.go:593.2,593.56 1 0
github.com/luxfi/dex/backend/pkg/lx/unified_liquidity.go:593.56,597.3 3 0
github.com/luxfi/dex/backend/pkg/lx/unified_liquidity.go:599.2,599.54 1 0
github.com/luxfi/dex/backend/pkg/lx/unified_liquidity.go:599.54,603.3 3 0
github.com/luxfi/dex/backend/pkg/lx/unified_liquidity.go:605.2,605.19 1 0
github.com/luxfi/dex/backend/pkg/lx/unified_liquidity.go:609.46,613.56 3 0
github.com/luxfi/dex/backend/pkg/lx/unified_liquidity.go:613.56,614.45 1 0
github.com/luxfi/dex/backend/pkg/lx/unified_liquidity.go:614.45,615.12 1 0
github.com/luxfi/dex/backend/pkg/lx/unified_liquidity.go:618.3,621.48 2 0
github.com/luxfi/dex/backend/pkg/lx/unified_liquidity.go:621.48,625.18 3 0
github.com/luxfi/dex/backend/pkg/lx/unified_liquidity.go:626.16,627.44 1 0
github.com/luxfi/dex/backend/pkg/lx/unified_liquidity.go:628.18,629.46 1 0
github.com/luxfi/dex/backend/pkg/lx/unified_liquidity.go:630.21,631.49 1 0
github.com/luxfi/dex/backend/pkg/lx/unified_liquidity.go:632.17,633.45 1 0
github.com/luxfi/dex/backend/pkg/lx/unified_liquidity.go:638.2,638.32 1 0
github.com/luxfi/dex/backend/pkg/lx/unified_liquidity.go:642.82,644.52 2 0
github.com/luxfi/dex/backend/pkg/lx/unified_liquidity.go:644.52,646.3 1 0
github.com/luxfi/dex/backend/pkg/lx/unified_liquidity.go:649.2,652.9 3 0
github.com/luxfi/dex/backend/pkg/lx/unified_liquidity.go:653.24,656.28 3 0
github.com/luxfi/dex/backend/pkg/lx/unified_liquidity.go:657.23,660.28 3 0
github.com/luxfi/dex/backend/pkg/lx/unified_liquidity.go:661.23,664.29 3 0
github.com/luxfi/dex/backend/pkg/lx/unified_liquidity.go:665.22,668.29 3 0
github.com/luxfi/dex/backend/pkg/lx/unified_liquidity.go:669.10,672.28 3 0
github.com/luxfi/dex/backend/pkg/lx/vaults.go:18.59,23.2 1 0
github.com/luxfi/dex/backend/pkg/lx/vaults.go:26.73,30.47 3 0
github.com/luxfi/dex/backend/pkg/lx/vaults.go:30.47,32.3 1 0
github.com/luxfi/dex/backend/pkg/lx/vaults.go:34.2,53.48 2 0
github.com/luxfi/dex/backend/pkg/lx/vaults.go:53.48,55.22 2 0
github.com/luxfi/dex/backend/pkg/lx/vaults.go:55.22,57.4 1 0
github.com/luxfi/dex/backend/pkg/lx/vaults.go:60.2,61.19 2 0
github.com/luxfi/dex/backend/pkg/lx/vaults.go:139.79,144.41 3 0
github.com/luxfi/dex/backend/pkg/lx/vaults.go:144.41,146.3 1 0
github.com/luxfi/dex/backend/pkg/lx/vaults.go:149.2,150.75 2 0
github.com/luxfi/dex/backend/pkg/lx/vaults.go:150.75,152.3 1 0
github.com/luxfi/dex/backend/pkg/lx/vaults.go:155.2,156.43 2 0
github.com/luxfi/dex/backend/pkg/lx/vaults.go:156.43,159.3 1 0
github.com/luxfi/dex/backend/pkg/lx/vaults.go:159.8,163.3 2 0
github.com/luxfi/dex/backend/pkg/lx/vaults.go:166.2,167.13 2 0
github.com/luxfi/dex/backend/pkg/lx/vaults.go:167.13,177.3 2 0
github.com/luxfi/dex/backend/pkg/lx/vaults.go:180.2,191.46 8 0
github.com/luxfi/dex/backend/pkg/lx/vaults.go:191.46,193.3 1 0
github.com/luxfi/dex/backend/pkg/lx/vaults.go:195.2,195.22 1 0
github.com/luxfi/dex/backend/pkg/lx/vaults.go:199.74,204.13 4 0
github.com/luxfi/dex/backend/pkg/lx/vaults.go:204.13,206.3 1 0
github.com/luxfi/dex/backend/pkg/lx/vaults.go:209.2,209.45 1 0
github.com/luxfi/dex/backend/pkg/lx/vaults.go:209.45,211.3 1 0
github.com/luxfi/dex/backend/pkg/lx/vaults.go:214.2,214.37 1 0
github.com/luxfi/dex/backend/pkg/lx/vaults.go:214.37,216.3 1 0
github.com/luxfi/dex/backend/pkg/lx/vaults.go:220.2,244.45 14 0
github.com/luxfi/dex/backend/pkg/lx/vaults.go:244.45,246.3 1 0
github.com/luxfi/dex/backend/pkg/lx/vaults.go:248.2,248.20 1 0
github.com/luxfi/dex/backend/pkg/lx/vaults.go:252.88,256.35 2 0
github.com/luxfi/dex/backend/pkg/lx/vaults.go:256.35,261.3 3 0
github.com/luxfi/dex/backend/pkg/lx/vaults.go:264.2,271.15 7 0
github.com/luxfi/dex/backend/pkg/lx/vaults.go:275.62,279.33 3 0
github.com/luxfi/dex/backend/pkg/lx/vaults.go:279.33,281.3 1 0
github.com/luxfi/dex/backend/pkg/lx/vaults.go:283.2,286.40 3 0
github.com/luxfi/dex/backend/pkg/lx/vaults.go:286.40,297.3 4 0
github.com/luxfi/dex/backend/pkg/lx/vaults.go:299.2,299.18 1 0
github.com/luxfi/dex/backend/pkg/lx/vaults.go:303.48,309.38 4 0
github.com/luxfi/dex/backend/pkg/lx/vaults.go:309.38,311.3 1 0
github.com/luxfi/dex/backend/pkg/lx/vaults.go:312.2,312.18 1 0
github.com/luxfi/dex/backend/pkg/lx/vaults.go:316.91,319.24 2 0
github.com/luxfi/dex/backend/pkg/lx/vaults.go:319.24,321.3 1 0
github.com/luxfi/dex/backend/pkg/lx/vaults.go:323.2,327.83 3 0
github.com/luxfi/dex/backend/pkg/lx/vaults.go:327.83,329.3 1 0
github.com/luxfi/dex/backend/pkg/lx/vaults.go:331.2,331.19 1 0
github.com/luxfi/dex/backend/pkg/lx/vaults.go:335.57,339.31 3 0
github.com/luxfi/dex/backend/pkg/lx/vaults.go:339.31,343.98 2 0
github.com/luxfi/dex/backend/pkg/lx/vaults.go:343.98,344.12 1 0
github.com/luxfi/dex/backend/pkg/lx/vaults.go:348.3,348.95 1 0
github.com/luxfi/dex/backend/pkg/lx/vaults.go:348.95,349.12 1 0
github.com/luxfi/dex/backend/pkg/lx/vaults.go:352.3,353.27 2 0
github.com/luxfi/dex/backend/pkg/lx/vaults.go:356.2,356.17 1 0
github.com/luxfi/dex/backend/pkg/lx/vaults.go:360.35,364.62 3 0
github.com/luxfi/dex/backend/pkg/lx/vaults.go:364.62,366.3 1 0
github.com/luxfi/dex/backend/pkg/lx/vaults.go:369.2,369.47 1 0
github.com/luxfi/dex/backend/pkg/lx/vaults.go:369.47,371.17 2 0
github.com/luxfi/dex/backend/pkg/lx/vaults.go:371.17,373.4 1 0
github.com/luxfi/dex/backend/pkg/lx/vaults.go:377.2,377.50 1 0
github.com/luxfi/dex/backend/pkg/lx/vaults.go:377.50,379.17 2 0
github.com/luxfi/dex/backend/pkg/lx/vaults.go:379.17,381.4 1 0
github.com/luxfi/dex/backend/pkg/lx/vaults.go:385.2,385.40 1 0
github.com/luxfi/dex/backend/pkg/lx/vaults.go:385.40,386.50 1 0
github.com/luxfi/dex/backend/pkg/lx/vaults.go:386.50,388.4 1 0
github.com/luxfi/dex/backend/pkg/lx/vaults.go:391.2,392.12 2 0
github.com/luxfi/dex/backend/pkg/lx/vaults.go:396.58,403.44 4 0
github.com/luxfi/dex/backend/pkg/lx/vaults.go:403.44,414.3 7 0
github.com/luxfi/dex/backend/pkg/lx/vaults.go:463.79,464.21 1 0
github.com/luxfi/dex/backend/pkg/lx/vaults.go:465.23,466.41 1 0
github.com/luxfi/dex/backend/pkg/lx/vaults.go:467.18,468.37 1 0
github.com/luxfi/dex/backend/pkg/lx/vaults.go:469.19,470.38 1 0
github.com/luxfi/dex/backend/pkg/lx/vaults.go:471.24,472.42 1 0
github.com/luxfi/dex/backend/pkg/lx/vaults.go:473.10,474.13 1 0
github.com/luxfi/dex/backend/pkg/lx/vaults.go:479.50,483.2 1 0
github.com/luxfi/dex/backend/pkg/lx/vaults.go:486.49,489.46 1 0
github.com/luxfi/dex/backend/pkg/lx/vaults.go:489.46,491.3 1 0
github.com/luxfi/dex/backend/pkg/lx/vaults.go:494.54,497.25 1 0
github.com/luxfi/dex/backend/pkg/lx/vaults.go:497.25,499.3 1 0
github.com/luxfi/dex/backend/pkg/lx/vaults.go:513.75,515.56 2 0
github.com/luxfi/dex/backend/pkg/lx/vaults.go:515.56,517.3 1 0
github.com/luxfi/dex/backend/pkg/lx/vaults.go:519.2,520.51 2 0
github.com/luxfi/dex/backend/pkg/lx/vaults.go:520.51,522.3 1 0
github.com/luxfi/dex/backend/pkg/lx/vaults.go:524.2,530.3 1 0
github.com/luxfi/dex/backend/pkg/lx/vaults.go:533.85,538.56 3 0
github.com/luxfi/dex/backend/pkg/lx/vaults.go:538.56,540.3 1 0
github.com/luxfi/dex/backend/pkg/lx/vaults.go:542.2,545.31 2 0
github.com/luxfi/dex/backend/pkg/lx/vaults.go:545.31,569.3 5 0
github.com/luxfi/dex/backend/pkg/lx/vaults.go:571.2,571.15 1 0
github.com/luxfi/dex/backend/pkg/lx/vaults.go:574.59,576.2 1 0
github.com/luxfi/dex/backend/pkg/lx/vaults.go:578.49,580.2 1 0
github.com/luxfi/dex/backend/pkg/lx/vaults.go:582.70,584.2 1 0
github.com/luxfi/dex/backend/pkg/lx/vaults.go:594.67,601.2 1 0
github.com/luxfi/dex/backend/pkg/lx/vaults.go:603.81,606.2 1 0
github.com/luxfi/dex/backend/pkg/lx/vaults.go:608.55,610.2 1 0
github.com/luxfi/dex/backend/pkg/lx/vaults.go:612.45,614.2 1 0
github.com/luxfi/dex/backend/pkg/lx/vaults.go:616.66,618.2 1 0
github.com/luxfi/dex/backend/pkg/lx/vaults.go:626.69,631.2 1 0
github.com/luxfi/dex/backend/pkg/lx/vaults.go:633.82,636.2 1 0
github.com/luxfi/dex/backend/pkg/lx/vaults.go:638.56,640.2 1 0
github.com/luxfi/dex/backend/pkg/lx/vaults.go:642.46,644.2 1 0
github.com/luxfi/dex/backend/pkg/lx/vaults.go:646.67,648.2 1 0
github.com/luxfi/dex/backend/pkg/lx/vaults.go:658.77,665.2 1 0
github.com/luxfi/dex/backend/pkg/lx/vaults.go:667.86,670.2 1 0
github.com/luxfi/dex/backend/pkg/lx/vaults.go:672.60,674.2 1 0
github.com/luxfi/dex/backend/pkg/lx/vaults.go:676.50,678.2 1 0
github.com/luxfi/dex/backend/pkg/lx/vaults.go:680.71,682.2 1 0
github.com/luxfi/dex/backend/pkg/lx/vaults.go:685.61,690.13 4 0
github.com/luxfi/dex/backend/pkg/lx/vaults.go:690.13,692.3 1 0
github.com/luxfi/dex/backend/pkg/lx/vaults.go:693.2,693.19 1 0
github.com/luxfi/dex/backend/pkg/lx/vaults.go:697.47,702.34 4 0
github.com/luxfi/dex/backend/pkg/lx/vaults.go:702.34,704.3 1 0
github.com/luxfi/dex/backend/pkg/lx/vaults.go:705.2,705.15 1 0
github.com/luxfi/dex/backend/pkg/lx/vaults.go:709.85,711.16 2 0
github.com/luxfi/dex/backend/pkg/lx/vaults.go:711.16,713.3 1 0
github.com/luxfi/dex/backend/pkg/lx/vaults.go:715.2,718.31 3 0
github.com/luxfi/dex/backend/pkg/lx/vaults.go:722.40,725.2 2 0
github.com/luxfi/dex/backend/pkg/lx/x_chain_integration.go:218.48,230.2 1 0
github.com/luxfi/dex/backend/pkg/lx/x_chain_integration.go:233.46,249.2 1 0
github.com/luxfi/dex/backend/pkg/lx/x_chain_integration.go:252.92,267.48 4 0
github.com/luxfi/dex/backend/pkg/lx/x_chain_integration.go:267.48,269.3 1 0
github.com/luxfi/dex/backend/pkg/lx/x_chain_integration.go:272.2,272.33 1 0
github.com/luxfi/dex/backend/pkg/lx/x_chain_integration.go:272.33,273.53 1 0
github.com/luxfi/dex/backend/pkg/lx/x_chain_integration.go:273.53,275.4 1 0
github.com/luxfi/dex/backend/pkg/lx/x_chain_integration.go:279.2,282.40 2 0
github.com/luxfi/dex/backend/pkg/lx/x_chain_integration.go:282.40,284.3 1 0
github.com/luxfi/dex/backend/pkg/lx/x_chain_integration.go:286.2,286.19 1 0
github.com/luxfi/dex/backend/pkg/lx/x_chain_integration.go:290.69,293.13 3 0
github.com/luxfi/dex/backend/pkg/lx/x_chain_integration.go:293.13,296.3 2 0
github.com/luxfi/dex/backend/pkg/lx/x_chain_integration.go:299.2,306.16 6 0
github.com/luxfi/dex/backend/pkg/lx/x_chain_integration.go:306.16,308.3 1 0
github.com/luxfi/dex/backend/pkg/lx/x_chain_integration.go:309.2,313.16 3 0
github.com/luxfi/dex/backend/pkg/lx/x_chain_integration.go:313.16,315.3 1 0
github.com/luxfi/dex/backend/pkg/lx/x_chain_integration.go:316.2,320.16 3 0
github.com/luxfi/dex/backend/pkg/lx/x_chain_integration.go:320.16,323.3 2 0
github.com/luxfi/dex/backend/pkg/lx/x_chain_integration.go:326.2,344.34 13 0
github.com/luxfi/dex/backend/pkg/lx/x_chain_integration.go:344.34,345.55 1 0
github.com/luxfi/dex/backend/pkg/lx/x_chain_integration.go:345.55,348.4 1 0
github.com/luxfi/dex/backend/pkg/lx/x_chain_integration.go:351.2,351.12 1 0
github.com/luxfi/dex/backend/pkg/lx/x_chain_integration.go:355.111,359.27 3 0
github.com/luxfi/dex/backend/pkg/lx/x_chain_integration.go:359.27,361.3 1 0
github.com/luxfi/dex/backend/pkg/lx/x_chain_integration.go:363.2,374.51 2 0
github.com/luxfi/dex/backend/pkg/lx/x_chain_integration.go:374.51,376.3 1 0
github.com/luxfi/dex/backend/pkg/lx/x_chain_integration.go:378.2,379.21 2 0
github.com/luxfi/dex/backend/pkg/lx/x_chain_integration.go:383.42,396.2 1 0
github.com/luxfi/dex/backend/pkg/lx/x_chain_integration.go:399.103,406.27 4 0
github.com/luxfi/dex/backend/pkg/lx/x_chain_integration.go:406.27,407.40 1 0
github.com/luxfi/dex/backend/pkg/lx/x_chain_integration.go:407.40,409.4 1 0
github.com/luxfi/dex/backend/pkg/lx/x_chain_integration.go:412.2,435.19 4 0
github.com/luxfi/dex/backend/pkg/lx/x_chain_integration.go:439.81,444.13 4 0
github.com/luxfi/dex/backend/pkg/lx/x_chain_integration.go:444.13,446.3 1 0
github.com/luxfi/dex/backend/pkg/lx/x_chain_integration.go:449.2,449.26 1 0
github.com/luxfi/dex/backend/pkg/lx/x_chain_integration.go:449.26,450.69 1 0
github.com/luxfi/dex/backend/pkg/lx/x_chain_integration.go:450.69,453.4 2 0
github.com/luxfi/dex/backend/pkg/lx/x_chain_integration.go:457.2,458.13 2 0
github.com/luxfi/dex/backend/pkg/lx/x_chain_integration.go:458.13,465.3 2 0
github.com/luxfi/dex/backend/pkg/lx/x_chain_integration.go:467.2,479.54 4 0
github.com/luxfi/dex/backend/pkg/lx/x_chain_integration.go:479.54,481.3 1 0
github.com/luxfi/dex/backend/pkg/lx/x_chain_integration.go:483.2,483.12 1 0
github.com/luxfi/dex/backend/pkg/lx/x_chain_integration.go:487.134,492.13 4 0
github.com/luxfi/dex/backend/pkg/lx/x_chain_integration.go:492.13,494.3 1 0
github.com/luxfi/dex/backend/pkg/lx/x_chain_integration.go:497.2,497.43 1 0
github.com/luxfi/dex/backend/pkg/lx/x_chain_integration.go:497.43,499.3 1 0
github.com/luxfi/dex/backend/pkg/lx/x_chain_integration.go:502.2,502.59 1 0
github.com/luxfi/dex/backend/pkg/lx/x_chain_integration.go:502.59,503.33 1 0
github.com/luxfi/dex/backend/pkg/lx/x_chain_integration.go:503.33,505.4 1 0
github.com/luxfi/dex/backend/pkg/lx/x_chain_integration.go:509.2,510.57 2 0
github.com/luxfi/dex/backend/pkg/lx/x_chain_integration.go:510.57,512.3 1 0
github.com/luxfi/dex/backend/pkg/lx/x_chain_integration.go:515.2,526.31 2 0
github.com/luxfi/dex/backend/pkg/lx/x_chain_integration.go:526.31,531.3 3 0
github.com/luxfi/dex/backend/pkg/lx/x_chain_integration.go:531.8,534.3 1 0
github.com/luxfi/dex/backend/pkg/lx/x_chain_integration.go:536.2,536.21 1 0
github.com/luxfi/dex/backend/pkg/lx/x_chain_integration.go:541.31,545.2 3 0
github.com/luxfi/dex/backend/pkg/lx/x_chain_integration.go:547.33,551.2 3 0
github.com/luxfi/dex/backend/pkg/lx/x_chain_integration.go:553.31,557.2 3 0
github.com/luxfi/dex/backend/pkg/lx/x_chain_integration.go:559.33,563.2 3 0
github.com/luxfi/dex/backend/pkg/lx/x_chain_integration.go:565.52,567.31 2 0
github.com/luxfi/dex/backend/pkg/lx/x_chain_integration.go:567.31,570.3 2 0
github.com/luxfi/dex/backend/pkg/lx/x_chain_integration.go:571.2,571.14 1 0
github.com/luxfi/dex/backend/pkg/lx/x_chain_integration.go:574.77,576.31 2 0
github.com/luxfi/dex/backend/pkg/lx/x_chain_integration.go:576.31,577.58 1 0
github.com/luxfi/dex/backend/pkg/lx/x_chain_integration.go:577.58,582.4 1 0
github.com/luxfi/dex/backend/pkg/lx/x_chain_integration.go:583.3,583.59 1 0
github.com/luxfi/dex/backend/pkg/lx/x_chain_integration.go:583.59,588.4 1 0
github.com/luxfi/dex/backend/pkg/lx/x_chain_integration.go:590.2,590.21 1 0
github.com/luxfi/dex/backend/pkg/lx/x_chain_integration.go:595.73,596.28 1 0
github.com/luxfi/dex/backend/pkg/lx/x_chain_integration.go:596.28,598.3 1 0
github.com/luxfi/dex/backend/pkg/lx/x_chain_integration.go:599.2,599.41 1 0
github.com/luxfi/dex/backend/pkg/lx/x_chain_integration.go:599.41,601.3 1 0
github.com/luxfi/dex/backend/pkg/lx/x_chain_integration.go:602.2,602.12 1 0
github.com/luxfi/dex/backend/pkg/lx/x_chain_integration.go:605.83,609.2 1 0
github.com/luxfi/dex/backend/pkg/lx/x_chain_integration.go:611.66,612.60 1 0
github.com/luxfi/dex/backend/pkg/lx/x_chain_integration.go:612.60,614.3 1 0
github.com/luxfi/dex/backend/pkg/lx/x_chain_integration.go:617.101,625.2 1 0
github.com/luxfi/dex/backend/pkg/lx/x_chain_integration.go:627.88,630.2 1 0
github.com/luxfi/dex/backend/pkg/lx/x_chain_integration.go:632.92,635.2 1 0
github.com/luxfi/dex/backend/pkg/lx/x_chain_integration.go:637.94,646.2 1 0
github.com/luxfi/dex/backend/pkg/lx/x_chain_integration.go:648.73,652.2 2 0
github.com/luxfi/dex/backend/pkg/lx/x_chain_integration.go:654.85,657.2 1 0
github.com/luxfi/dex/backend/pkg/lx/x_chain_integration.go:659.69,661.36 1 0
github.com/luxfi/dex/backend/pkg/lx/x_chain_integration.go:661.36,663.3 1 0
github.com/luxfi/dex/backend/pkg/lx/x_chain_integration.go:666.73,669.2 1 0
github.com/luxfi/dex/backend/pkg/lx/x_chain_integration.go:671.67,673.2 1 0
github.com/luxfi/dex/backend/pkg/lx/x_chain_types.go:179.62,181.26 1 0
github.com/luxfi/dex/backend/pkg/lx/x_chain_types.go:181.26,183.32 2 0
github.com/luxfi/dex/backend/pkg/lx/x_chain_types.go:183.32,185.4 1 0
github.com/luxfi/dex/backend/pkg/lx/x_chain_types.go:187.2,187.13 1 0
github.com/luxfi/dex/backend/pkg/lx/x_chain_types.go:576.38,582.2 1 0
github.com/luxfi/dex/backend/pkg/lx/x_chain_types.go:584.52,592.2 1 0
github.com/luxfi/dex/backend/pkg/lx/x_chain_types.go:594.48,598.2 1 0
github.com/luxfi/dex/backend/pkg/lx/x_chain_types.go:600.71,608.31 6 0
github.com/luxfi/dex/backend/pkg/lx/x_chain_types.go:608.31,610.3 1 0
github.com/luxfi/dex/backend/pkg/lx/x_chain_types.go:610.8,612.3 1 0
github.com/luxfi/dex/backend/pkg/lx/x_chain_types.go:615.2,615.80 1 0
github.com/luxfi/dex/backend/pkg/lx/x_chain_types.go:620.48,629.2 1 0
github.com/luxfi/dex/backend/pkg/lx/x_chain_types.go:631.46,645.2 1 0
github.com/luxfi/dex/backend/pkg/lx/x_chain_types.go:647.46,656.2 1 0
github.com/luxfi/dex/backend/pkg/lx/x_chain_types.go:658.34,663.2 1 0
github.com/luxfi/dex/backend/pkg/lx/x_chain_types.go:665.36,672.2 1 0
github.com/luxfi/dex/backend/pkg/lx/x_chain_types.go:674.42,683.2 1 0
github.com/luxfi/dex/backend/pkg/lx/x_chain_types.go:685.38,692.2 1 0
github.com/luxfi/dex/backend/pkg/lx/x_chain_types.go:694.36,701.2 1 0
github.com/luxfi/dex/backend/pkg/lx/x_chain_types.go:703.64,715.44 3 0
github.com/luxfi/dex/backend/pkg/lx/x_chain_types.go:715.44,717.3 1 0
github.com/luxfi/dex/backend/pkg/lx/x_chain_types.go:720.31,722.2 1 0
github.com/luxfi/dex/backend/pkg/lx/x_chain_types.go:726.46,732.2 1 0
github.com/luxfi/dex/backend/pkg/lx/x_chain_types.go:734.40,741.2 1 0
github.com/luxfi/dex/backend/pkg/lx/x_chain_types.go:743.46,750.2 1 0
github.com/luxfi/dex/backend/pkg/lx/x_chain_types.go:752.42,758.2 1 0
github.com/luxfi/dex/backend/pkg/lx/x_chain_types.go:760.40,767.2 1 0
github.com/luxfi/dex/backend/pkg/lx/x_chain_types.go:769.48,774.2 1 0
github.com/luxfi/dex/backend/pkg/lx/x_chain_types.go:776.44,781.2 1 0
